#
# There is insufficient memory for the Java Runtime Environment to continue.
# Native memory allocation (mmap) failed to map 132120576 bytes for G1 virtual space
# Possible reasons:
#   The system is out of physical RAM or swap space
#   The process is running with CompressedOops enabled, and the Java Heap may be blocking the growth of the native heap
# Possible solutions:
#   Reduce memory load on the system
#   Increase physical memory or swap space
#   Check if swap backing store is full
#   Decrease Java heap size (-Xmx/-Xms)
#   Decrease number of Java threads
#   Decrease Java thread stack sizes (-Xss)
#   Set larger code cache with -XX:ReservedCodeCacheSize=
#   JVM is running with Unscaled Compressed Oops mode in which the Java heap is
#     placed in the first 4GB address space. The Java Heap base address is the
#     maximum limit for the native heap growth. Please use -XX:HeapBaseMinAddress
#     to set the Java Heap base and to place the Java Heap above 4GB virtual address.
# This output file may be truncated or incomplete.
#
#  Out of Memory Error (os_windows.cpp:3617), pid=2184, tid=20436
#
# JRE version:  (17.0.8+7) (build )
# Java VM: OpenJDK 64-Bit Server VM (17.0.8+7-LTS, mixed mode, sharing, tiered, compressed oops, compressed class ptrs, g1 gc, windows-amd64)
# No core dump will be written. Minidumps are not enabled by default on client versions of Windows
#

---------------  S U M M A R Y ------------

Command Line: C:\Users\GABRIE~1\AppData\Local\Temp\surefire15603891841010449275\surefirebooter7817968533431042616.jar C:\Users\Gabriel Xavier\AppData\Local\Temp\surefire15603891841010449275 2024-09-28T20-50-08_362-jvmRun1 surefire15217806608369324584tmp surefire_03302110723030717255tmp

Host: Intel(R) Core(TM) i7-8550U CPU @ 1.80GHz, 8 cores, 7G,  Windows 10 , 64 bit Build 19041 (10.0.19041.4842)
Time: Sat Sep 28 20:50:09 2024 Hora oficial do Brasil elapsed time: 0.019152 seconds (0d 0h 0m 0s)

---------------  T H R E A D  ---------------

Current thread (0x000001f24cd633f0):  JavaThread "Unknown thread" [_thread_in_vm, id=20436, stack(0x000000e9c8300000,0x000000e9c8400000)]

Stack: [0x000000e9c8300000,0x000000e9c8400000]
Native frames: (J=compiled Java code, j=interpreted, Vv=VM code, C=native code)
V  [jvm.dll+0x67e01a]
V  [jvm.dll+0x83be54]
V  [jvm.dll+0x83d5fe]
V  [jvm.dll+0x83dc63]
V  [jvm.dll+0x24b18f]
V  [jvm.dll+0x67ad89]
V  [jvm.dll+0x66f61a]
V  [jvm.dll+0x30a85b]
V  [jvm.dll+0x311d06]
V  [jvm.dll+0x36223e]
V  [jvm.dll+0x36246f]
V  [jvm.dll+0x2e17f8]
V  [jvm.dll+0x2e2764]
V  [jvm.dll+0x80dae1]
V  [jvm.dll+0x370001]
V  [jvm.dll+0x7ecddc]
V  [jvm.dll+0x3f2d3f]
V  [jvm.dll+0x3f4951]
C  [jli.dll+0x532f]
C  [ucrtbase.dll+0x21bb2]
C  [KERNEL32.DLL+0x17374]
C  [ntdll.dll+0x4cc91]


---------------  P R O C E S S  ---------------

Threads class SMR info:
_java_thread_list=0x00007ffbbde060d8, length=0, elements={
}

Java Threads: ( => current thread )

Other Threads:
  0x000001f24cdbbda0 GCTaskThread "GC Thread#0" [stack: 0x000000e9c8400000,0x000000e9c8500000] [id=12096]
  0x000001f24cdcc8f0 ConcurrentGCThread "G1 Main Marker" [stack: 0x000000e9c8500000,0x000000e9c8600000] [id=19148]
  0x000001f24cdcd320 ConcurrentGCThread "G1 Conc#0" [stack: 0x000000e9c8600000,0x000000e9c8700000] [id=12580]

[error occurred during error reporting (printing all threads), id 0xc0000005, EXCEPTION_ACCESS_VIOLATION (0xc0000005) at pc=0x00007ffbbd5c2187]

VM state: not at safepoint (not fully initialized)

VM Mutex/Monitor currently owned by a thread:  ([mutex/lock_event])
[0x000001f24cd5dfa0] Heap_lock - owner thread: 0x000001f24cd633f0

Heap address: 0x0000000082000000, size: 2016 MB, Compressed Oops mode: 32-bit

CDS archive(s) mapped at: [0x0000000000000000-0x0000000000000000-0x0000000000000000), size 0, SharedBaseAddress: 0x0000000800000000, ArchiveRelocationMode: 1.
Narrow klass base: 0x0000000000000000, Narrow klass shift: 0, Narrow klass range: 0x0

GC Precious Log:
<Empty>

Heap:
 garbage-first heap   total 0K, used 0K [0x0000000082000000, 0x0000000100000000)
  region size 1024K, 0 young (0K), 0 survivors (0K)

[error occurred during error reporting (printing heap information), id 0xc0000005, EXCEPTION_ACCESS_VIOLATION (0xc0000005) at pc=0x00007ffbbd9a7cd9]

GC Heap History (0 events):
No events

Dll operation events (1 events):
Event: 0.010 Loaded shared library C:\Program Files\Java\zulu17.44.15-ca-jdk17.0.8-win_x64\bin\java.dll

Deoptimization events (0 events):
No events

Classes unloaded (0 events):
No events

Classes redefined (0 events):
No events

Internal exceptions (0 events):
No events

VM Operations (0 events):
No events

Events (0 events):
No events


Dynamic libraries:
0x00007ff6f90e0000 - 0x00007ff6f90ee000 	C:\Program Files\Java\zulu17.44.15-ca-jdk17.0.8-win_x64\bin\java.exe
0x00007ffc0bab0000 - 0x00007ffc0bca8000 	C:\Windows\SYSTEM32\ntdll.dll
0x00007ffc0b850000 - 0x00007ffc0b911000 	C:\Windows\System32\KERNEL32.DLL
0x00007ffc094e0000 - 0x00007ffc097dd000 	C:\Windows\System32\KERNELBASE.dll
0x00007ffc093e0000 - 0x00007ffc094e0000 	C:\Windows\System32\ucrtbase.dll
0x00007ffc02fa0000 - 0x00007ffc02fbb000 	C:\Program Files\Java\zulu17.44.15-ca-jdk17.0.8-win_x64\bin\VCRUNTIME140.dll
0x00007ffc01330000 - 0x00007ffc01349000 	C:\Program Files\Java\zulu17.44.15-ca-jdk17.0.8-win_x64\bin\jli.dll
0x00007ffc09c40000 - 0x00007ffc09ddd000 	C:\Windows\System32\USER32.dll
0x00007ffc09910000 - 0x00007ffc09932000 	C:\Windows\System32\win32u.dll
0x00007ffbfde00000 - 0x00007ffbfe09a000 	C:\Windows\WinSxS\amd64_microsoft.windows.common-controls_6595b64144ccf1df_6.0.19041.4355_none_60b8b9eb71f62e16\COMCTL32.dll
0x00007ffc0a290000 - 0x00007ffc0a2bb000 	C:\Windows\System32\GDI32.dll
0x00007ffc0aec0000 - 0x00007ffc0af5e000 	C:\Windows\System32\msvcrt.dll
0x00007ffc09990000 - 0x00007ffc09aa7000 	C:\Windows\System32\gdi32full.dll
0x00007ffc09870000 - 0x00007ffc0990d000 	C:\Windows\System32\msvcp_win.dll
0x00007ffc0af60000 - 0x00007ffc0af8f000 	C:\Windows\System32\IMM32.DLL
0x00007ffc01150000 - 0x00007ffc0115c000 	C:\Program Files\Java\zulu17.44.15-ca-jdk17.0.8-win_x64\bin\vcruntime140_1.dll
0x00007ffbdd470000 - 0x00007ffbdd4fd000 	C:\Program Files\Java\zulu17.44.15-ca-jdk17.0.8-win_x64\bin\msvcp140.dll
0x00007ffbbd2d0000 - 0x00007ffbbdf38000 	C:\Program Files\Java\zulu17.44.15-ca-jdk17.0.8-win_x64\bin\server\jvm.dll
0x00007ffc0a2d0000 - 0x00007ffc0a380000 	C:\Windows\System32\ADVAPI32.dll
0x00007ffc09de0000 - 0x00007ffc09e80000 	C:\Windows\System32\sechost.dll
0x00007ffc0b940000 - 0x00007ffc0ba63000 	C:\Windows\System32\RPCRT4.dll
0x00007ffc09ab0000 - 0x00007ffc09ad7000 	C:\Windows\System32\bcrypt.dll
0x00007ffc08660000 - 0x00007ffc086ab000 	C:\Windows\SYSTEM32\POWRPROF.dll
0x00007ffbfbdd0000 - 0x00007ffbfbdf7000 	C:\Windows\SYSTEM32\WINMM.dll
0x00007ffbfbcd0000 - 0x00007ffbfbcd9000 	C:\Windows\SYSTEM32\WSOCK32.dll
0x00007ffc01f20000 - 0x00007ffc01f2a000 	C:\Windows\SYSTEM32\VERSION.dll
0x00007ffc0ae40000 - 0x00007ffc0aeab000 	C:\Windows\System32\WS2_32.dll
0x00007ffc08520000 - 0x00007ffc08532000 	C:\Windows\SYSTEM32\UMPDC.dll
0x00007ffc07990000 - 0x00007ffc079a2000 	C:\Windows\SYSTEM32\kernel.appcore.dll
0x00007ffc01140000 - 0x00007ffc0114a000 	C:\Program Files\Java\zulu17.44.15-ca-jdk17.0.8-win_x64\bin\jimage.dll
0x00007ffc06e90000 - 0x00007ffc07074000 	C:\Windows\SYSTEM32\DBGHELP.DLL
0x00007ffbe37f0000 - 0x00007ffbe3824000 	C:\Windows\SYSTEM32\dbgcore.DLL
0x00007ffc097e0000 - 0x00007ffc09862000 	C:\Windows\System32\bcryptPrimitives.dll
0x00007ffc008c0000 - 0x00007ffc008e5000 	C:\Program Files\Java\zulu17.44.15-ca-jdk17.0.8-win_x64\bin\java.dll

dbghelp: loaded successfully - version: 4.0.5 - missing functions: none
symbol engine: initialized successfully - sym options: 0x614 - pdb path: .;C:\Program Files\Java\zulu17.44.15-ca-jdk17.0.8-win_x64\bin;C:\Windows\SYSTEM32;C:\Windows\WinSxS\amd64_microsoft.windows.common-controls_6595b64144ccf1df_6.0.19041.4355_none_60b8b9eb71f62e16;C:\Program Files\Java\zulu17.44.15-ca-jdk17.0.8-win_x64\bin\server

VM Arguments:
java_command: C:\Users\GABRIE~1\AppData\Local\Temp\surefire15603891841010449275\surefirebooter7817968533431042616.jar C:\Users\Gabriel Xavier\AppData\Local\Temp\surefire15603891841010449275 2024-09-28T20-50-08_362-jvmRun1 surefire15217806608369324584tmp surefire_03302110723030717255tmp
java_class_path (initial): C:\Users\GABRIE~1\AppData\Local\Temp\surefire15603891841010449275\surefirebooter7817968533431042616.jar
Launcher Type: SUN_STANDARD

[Global flags]
     intx CICompilerCount                          = 4                                         {product} {ergonomic}
     uint ConcGCThreads                            = 2                                         {product} {ergonomic}
     uint G1ConcRefinementThreads                  = 8                                         {product} {ergonomic}
   size_t G1HeapRegionSize                         = 1048576                                   {product} {ergonomic}
    uintx GCDrainStackTargetSize                   = 64                                        {product} {ergonomic}
   size_t InitialHeapSize                          = 132120576                                 {product} {ergonomic}
   size_t MarkStackSize                            = 4194304                                   {product} {ergonomic}
   size_t MaxHeapSize                              = 2113929216                                {product} {ergonomic}
   size_t MinHeapDeltaBytes                        = 1048576                                   {product} {ergonomic}
   size_t MinHeapSize                              = 8388608                                   {product} {ergonomic}
    uintx NonNMethodCodeHeapSize                   = 5839372                                {pd product} {ergonomic}
    uintx NonProfiledCodeHeapSize                  = 122909434                              {pd product} {ergonomic}
    uintx ProfiledCodeHeapSize                     = 122909434                              {pd product} {ergonomic}
    uintx ReservedCodeCacheSize                    = 251658240                              {pd product} {ergonomic}
     bool SegmentedCodeCache                       = true                                      {product} {ergonomic}
   size_t SoftMaxHeapSize                          = 2113929216                             {manageable} {ergonomic}
     bool UseCompressedClassPointers               = true                           {product lp64_product} {ergonomic}
     bool UseCompressedOops                        = true                           {product lp64_product} {ergonomic}
     bool UseG1GC                                  = true                                      {product} {ergonomic}
     bool UseLargePagesIndividualAllocation        = false                                  {pd product} {ergonomic}

Logging:
Log output configuration:
 #0: stdout all=warning uptime,level,tags
 #1: stderr all=off uptime,level,tags

Environment Variables:
JAVA_HOME=C:\Program Files\Java\zulu17.44.15-ca-jdk17.0.8-win_x64
PATH=C:\Program Files\Java\zulu17.44.15-ca-jdk17.0.8-win_x64\bin;C:\Python311\Scripts\;C:\Python311\;C:\Program Files (x86)\Common Files\Oracle\Java\javapath;C:\Windows\system32;C:\Windows;C:\Windows\System32\Wbem;C:\Windows\System32\WindowsPowerShell\v1.0\;C:\Windows\System32\OpenSSH\;C:\Program Files\Microsoft SQL Server\Client SDK\ODBC\170\Tools\Binn\;E:\Program Files (x86)\Microsoft SQL Server\150\Tools\Binn\;C:\Program Files\Microsoft SQL Server\150\Tools\Binn\;C:\Program Files\Microsoft SQL Server\150\DTS\Binn\;C:\Program Files\Azure Data Studio\bin;C:\ProgramData\chocolatey\bin;C:\Program Files (x86)\Yarn\bin\;E:\nodejs\;E:\Git\cmd;C:\Program Files\Docker\Docker\resources\bin;E:\Ruby32-x64\bin;C:\Ruby32-x64\bin;C:\Program Files\MySQL\MySQL Shell 8.0\bin\;C:\Users\Gabriel Xavier\AppData\Local\Microsoft\WindowsApps;E:\Microsoft VS Code\bin;C:\Program Files\Azure Data Studio\bin;C:\Users\Gabriel Xavier\AppData\Local\Yarn\bin;C:\Users\Gabriel Xavier\AppData\Roaming\npm;C:\Users\Gabriel Xavier\Downloads\apache-maven-3.9.6\bin
USERNAME=Gabriel Xavier
LANG=en_US.UTF-8
OS=Windows_NT
PROCESSOR_IDENTIFIER=Intel64 Family 6 Model 142 Stepping 10, GenuineIntel
TMP=C:\Users\GABRIE~1\AppData\Local\Temp
TEMP=C:\Users\GABRIE~1\AppData\Local\Temp



---------------  S Y S T E M  ---------------

OS:
 Windows 10 , 64 bit Build 19041 (10.0.19041.4842)
OS uptime: 1 days 8:31 hours
Hyper-V role detected

CPU: total 8 (initial active 8) (4 cores per cpu, 2 threads per core) family 6 model 142 stepping 10 microcode 0xd6, cx8, cmov, fxsr, ht, mmx, 3dnowpref, sse, sse2, sse3, ssse3, sse4.1, sse4.2, popcnt, lzcnt, tsc, tscinvbit, avx, avx2, aes, erms, clmul, bmi1, bmi2, adx, fma, vzeroupper, clflush, clflushopt, hv
Processor Information for all 8 processors :
  Max Mhz: 1992, Current Mhz: 1792, Mhz Limit: 1792

Memory: 4k page, system-wide physical 8056M (567M free)
TotalPageFile size 14658M (AvailPageFile size 124M)
current process WorkingSet (physical memory assigned to process): 10M, peak: 10M
current process commit charge ("private bytes"): 60M, peak: 186M

vm_info: OpenJDK 64-Bit Server VM (17.0.8+7-LTS) for windows-amd64 JRE (17.0.8+7-LTS) (Zulu17.44+15-CA), built on Jul  5 2023 07:56:11 by "zulu_re" with MS VC++ 16.10 / 16.11 (VS2019)

END.
