#
# There is insufficient memory for the Java Runtime Environment to continue.
# Native memory allocation (malloc) failed to allocate 164336 bytes. Error detail: Chunk::new
# Possible reasons:
#   The system is out of physical RAM or swap space
#   This process is running with CompressedOops enabled, and the Java Heap may be blocking the growth of the native heap
# Possible solutions:
#   Reduce memory load on the system
#   Increase physical memory or swap space
#   Check if swap backing store is full
#   Decrease Java heap size (-Xmx/-Xms)
#   Decrease number of Java threads
#   Decrease Java thread stack sizes (-Xss)
#   Set larger code cache with -XX:ReservedCodeCacheSize=
#   JVM is running with Unscaled Compressed Oops mode in which the Java heap is
#     placed in the first 4GB address space. The Java Heap base address is the
#     maximum limit for the native heap growth. Please use -XX:HeapBaseMinAddress
#     to set the Java Heap base and to place the Java Heap above 4GB virtual address.
# This output file may be truncated or incomplete.
#
#  Out of Memory Error (arena.cpp:191), pid=15540, tid=22280
#
# JRE version: OpenJDK Runtime Environment Temurin-17.0.12+7 (17.0.12+7) (build 17.0.12+7)
# Java VM: OpenJDK 64-Bit Server VM Temurin-17.0.12+7 (17.0.12+7, mixed mode, tiered, compressed oops, compressed class ptrs, parallel gc, windows-amd64)
# No core dump will be written. Minidumps are not enabled by default on client versions of Windows
#

---------------  S U M M A R Y ------------

Command Line: --add-modules=ALL-SYSTEM --add-opens=java.base/java.util=ALL-UNNAMED --add-opens=java.base/java.lang=ALL-UNNAMED --add-opens=java.base/sun.nio.fs=ALL-UNNAMED -Declipse.application=org.eclipse.jdt.ls.core.id1 -Dosgi.bundles.defaultStartLevel=4 -Declipse.product=org.eclipse.jdt.ls.core.product -Djava.import.generatesMetadataFilesAtProjectRoot=false -DDetectVMInstallationsJob.disabled=true -Dfile.encoding=utf8 -XX:+UseParallelGC -XX:GCTimeRatio=4 -XX:AdaptiveSizePolicyWeight=90 -Dsun.zip.disableMemoryMapping=true -Xmx1G -Xms100m -Xlog:disable -javaagent:c:\Users\Gabriel Xavier\.vscode\extensions\redhat.java-1.34.0-win32-x64\lombok\lombok-1.18.33.jar c:\Users\Gabriel Xavier\.vscode\extensions\redhat.java-1.34.0-win32-x64\server\plugins\org.eclipse.equinox.launcher_1.6.900.v20240613-2009.jar -configuration c:\Users\Gabriel Xavier\AppData\Roaming\Code\User\globalStorage\redhat.java\1.34.0\config_ss_win -data c:\Users\Gabriel Xavier\AppData\Roaming\Code\User\workspaceStorage\e68179cb3c92c60f0e332852b17ad7ea\redhat.java\ss_ws --pipe=\\.\pipe\lsp-8dde03168166aaab5bf3e8c5ccd5fe86-sock

Host: Intel(R) Core(TM) i7-8550U CPU @ 1.80GHz, 8 cores, 7G,  Windows 10 , 64 bit Build 19041 (10.0.19041.4717)
Time: Mon Sep  9 16:20:54 2024 Hora oficial do Brasil elapsed time: 16.517916 seconds (0d 0h 0m 16s)

---------------  T H R E A D  ---------------

Current thread (0x00000177749ee120):  JavaThread "C2 CompilerThread0" daemon [_thread_in_native, id=22280, stack(0x0000005db2a00000,0x0000005db2b00000)]


Current CompileTask:
C2:  16518 3128   !   4       java.io.BufferedReader::readLine (327 bytes)

Stack: [0x0000005db2a00000,0x0000005db2b00000]
Native frames: (J=compiled Java code, j=interpreted, Vv=VM code, C=native code)
V  [jvm.dll+0x67f929]
V  [jvm.dll+0x8371ba]
V  [jvm.dll+0x838c7e]
V  [jvm.dll+0x8392e3]
V  [jvm.dll+0x24834f]
V  [jvm.dll+0xac9d4]
V  [jvm.dll+0xad01c]
V  [jvm.dll+0x2af96f]
V  [jvm.dll+0x5868d7]
V  [jvm.dll+0x2231c2]
V  [jvm.dll+0x2235bf]
V  [jvm.dll+0x21c6e0]
V  [jvm.dll+0x219be1]
V  [jvm.dll+0x1a58bd]
V  [jvm.dll+0x229a2d]
V  [jvm.dll+0x227bdc]
V  [jvm.dll+0x7ec1f7]
V  [jvm.dll+0x7e65dc]
V  [jvm.dll+0x67e7f7]
C  [ucrtbase.dll+0x21bb2]
C  [KERNEL32.DLL+0x17374]
C  [ntdll.dll+0x4cc91]


---------------  P R O C E S S  ---------------

Threads class SMR info:
_java_thread_list=0x0000017776dbd230, length=32, elements={
0x000001775b811de0, 0x000001776f6a26d0, 0x000001776f6a3c20, 0x000001776f6a90b0,
0x000001776f6a9c40, 0x000001776f6ad380, 0x00000177749e8140, 0x00000177749ee120,
0x00000177749f32e0, 0x00000177749f3fe0, 0x0000017774b8ef90, 0x0000017774b8db50,
0x0000017774b903d0, 0x0000017774b8d130, 0x0000017774b8ea80, 0x0000017774b8e060,
0x0000017774b8fec0, 0x00000177759eb8e0, 0x00000177759ea9b0, 0x00000177759ebdf0,
0x00000177759ec300, 0x00000177759ec810, 0x00000177759e9a80, 0x00000177759e9570,
0x00000177759e9f90, 0x00000177759e9060, 0x00000177759ea4a0, 0x00000177759eaec0,
0x00000177759eb3d0, 0x0000017776d164a0, 0x0000017776d1a160, 0x0000017776d1bfc0
}

Java Threads: ( => current thread )
  0x000001775b811de0 JavaThread "main" [_thread_blocked, id=21884, stack(0x0000005db2100000,0x0000005db2200000)]
  0x000001776f6a26d0 JavaThread "Reference Handler" daemon [_thread_blocked, id=8440, stack(0x0000005db2400000,0x0000005db2500000)]
  0x000001776f6a3c20 JavaThread "Finalizer" daemon [_thread_blocked, id=30240, stack(0x0000005db2500000,0x0000005db2600000)]
  0x000001776f6a90b0 JavaThread "Signal Dispatcher" daemon [_thread_blocked, id=16744, stack(0x0000005db2600000,0x0000005db2700000)]
  0x000001776f6a9c40 JavaThread "Attach Listener" daemon [_thread_blocked, id=6864, stack(0x0000005db2700000,0x0000005db2800000)]
  0x000001776f6ad380 JavaThread "Service Thread" daemon [_thread_blocked, id=16284, stack(0x0000005db2800000,0x0000005db2900000)]
  0x00000177749e8140 JavaThread "Monitor Deflation Thread" daemon [_thread_blocked, id=33120, stack(0x0000005db2900000,0x0000005db2a00000)]
=>0x00000177749ee120 JavaThread "C2 CompilerThread0" daemon [_thread_in_native, id=22280, stack(0x0000005db2a00000,0x0000005db2b00000)]
  0x00000177749f32e0 JavaThread "C1 CompilerThread0" daemon [_thread_in_native, id=21580, stack(0x0000005db2b00000,0x0000005db2c00000)]
  0x00000177749f3fe0 JavaThread "Sweeper thread" daemon [_thread_blocked, id=32040, stack(0x0000005db2c00000,0x0000005db2d00000)]
  0x0000017774b8ef90 JavaThread "Common-Cleaner" daemon [_thread_blocked, id=18972, stack(0x0000005db2d00000,0x0000005db2e00000)]
  0x0000017774b8db50 JavaThread "Notification Thread" daemon [_thread_blocked, id=32356, stack(0x0000005db2e00000,0x0000005db2f00000)]
  0x0000017774b903d0 JavaThread "Active Thread: Equinox Container: 77d8848a-3fa8-4975-b4a9-e0a8fdc8079d" [_thread_blocked, id=28804, stack(0x0000005db3700000,0x0000005db3800000)]
  0x0000017774b8d130 JavaThread "Framework Event Dispatcher: Equinox Container: 77d8848a-3fa8-4975-b4a9-e0a8fdc8079d" daemon [_thread_blocked, id=31940, stack(0x0000005db3800000,0x0000005db3900000)]
  0x0000017774b8ea80 JavaThread "Start Level: Equinox Container: 77d8848a-3fa8-4975-b4a9-e0a8fdc8079d" daemon [_thread_blocked, id=13192, stack(0x0000005db3900000,0x0000005db3a00000)]
  0x0000017774b8e060 JavaThread "SCR Component Actor" daemon [_thread_blocked, id=22252, stack(0x0000005db3a00000,0x0000005db3b00000)]
  0x0000017774b8fec0 JavaThread "Worker-JM" [_thread_blocked, id=30328, stack(0x0000005db3c00000,0x0000005db3d00000)]
  0x00000177759eb8e0 JavaThread "JNA Cleaner" daemon [_thread_blocked, id=30640, stack(0x0000005db3600000,0x0000005db3700000)]
  0x00000177759ea9b0 JavaThread "Worker-0" [_thread_blocked, id=26932, stack(0x0000005db3d00000,0x0000005db3e00000)]
  0x00000177759ebdf0 JavaThread "Worker-1" [_thread_blocked, id=5768, stack(0x0000005db3e00000,0x0000005db3f00000)]
  0x00000177759ec300 JavaThread "Thread-3" daemon [_thread_in_native, id=11944, stack(0x0000005db3f00000,0x0000005db4000000)]
  0x00000177759ec810 JavaThread "Thread-4" daemon [_thread_in_native, id=3164, stack(0x0000005db4000000,0x0000005db4100000)]
  0x00000177759e9a80 JavaThread "Thread-5" daemon [_thread_in_native, id=17252, stack(0x0000005db4100000,0x0000005db4200000)]
  0x00000177759e9570 JavaThread "Thread-6" daemon [_thread_in_native, id=4296, stack(0x0000005db4200000,0x0000005db4300000)]
  0x00000177759e9f90 JavaThread "Thread-7" daemon [_thread_in_native, id=22288, stack(0x0000005db4300000,0x0000005db4400000)]
  0x00000177759e9060 JavaThread "Thread-8" daemon [_thread_in_native, id=30604, stack(0x0000005db4400000,0x0000005db4500000)]
  0x00000177759ea4a0 JavaThread "Thread-9" daemon [_thread_in_native, id=1152, stack(0x0000005db4500000,0x0000005db4600000)]
  0x00000177759eaec0 JavaThread "Thread-10" daemon [_thread_in_native, id=9652, stack(0x0000005db4600000,0x0000005db4700000)]
  0x00000177759eb3d0 JavaThread "Thread-11" daemon [_thread_in_native, id=3576, stack(0x0000005db4700000,0x0000005db4800000)]
  0x0000017776d164a0 JavaThread "pool-2-thread-1" [_thread_blocked, id=21144, stack(0x0000005db4800000,0x0000005db4900000)]
  0x0000017776d1a160 JavaThread "WorkspaceEventsHandler" [_thread_blocked, id=23376, stack(0x0000005db4900000,0x0000005db4a00000)]
  0x0000017776d1bfc0 JavaThread "pool-1-thread-1" [_thread_in_Java, id=19484, stack(0x0000005db4a00000,0x0000005db4b00000)]

Other Threads:
  0x000001775b8c91d0 VMThread "VM Thread" [stack: 0x0000005db2300000,0x0000005db2400000] [id=24128]
  0x0000017774d3f6a0 WatcherThread [stack: 0x0000005db2f00000,0x0000005db3000000] [id=20240]
  0x000001775b825d60 GCTaskThread "GC Thread#0" [stack: 0x0000005db2200000,0x0000005db2300000] [id=3200]
  0x0000017775ef0c20 GCTaskThread "GC Thread#1" [stack: 0x0000005db3000000,0x0000005db3100000] [id=22116]
  0x0000017775f831b0 GCTaskThread "GC Thread#2" [stack: 0x0000005db3100000,0x0000005db3200000] [id=7672]
  0x0000017775f70040 GCTaskThread "GC Thread#3" [stack: 0x0000005db3200000,0x0000005db3300000] [id=14508]
  0x0000017775f70300 GCTaskThread "GC Thread#4" [stack: 0x0000005db3300000,0x0000005db3400000] [id=20072]
  0x0000017775f705c0 GCTaskThread "GC Thread#5" [stack: 0x0000005db3400000,0x0000005db3500000] [id=30684]
  0x0000017775f70880 GCTaskThread "GC Thread#6" [stack: 0x0000005db3500000,0x0000005db3600000] [id=9208]
  0x000001777645ff10 GCTaskThread "GC Thread#7" [stack: 0x0000005db3b00000,0x0000005db3c00000] [id=7968]

Threads with active compile tasks:
C2 CompilerThread0    16714 3128   !   4       java.io.BufferedReader::readLine (327 bytes)
C1 CompilerThread0    16714 3194       3       com.google.gson.internal.$Gson$Types::canonicalize (139 bytes)

VM state: not at safepoint (normal execution)

VM Mutex/Monitor currently owned by a thread: None

Heap address: 0x00000000c0000000, size: 1024 MB, Compressed Oops mode: 32-bit

CDS archive(s) not mapped
Compressed class space mapped at: 0x0000000100000000-0x0000000140000000, reserved size: 1073741824
Narrow klass base: 0x0000000000000000, Narrow klass shift: 3, Narrow klass range: 0x140000000

GC Precious Log:
 CPUs: 8 total, 8 available
 Memory: 8056M
 Large Page Support: Disabled
 NUMA Support: Disabled
 Compressed Oops: Enabled (32-bit)
 Alignments: Space 512K, Generation 512K, Heap 2M
 Heap Min Capacity: 100M
 Heap Initial Capacity: 100M
 Heap Max Capacity: 1G
 Pre-touch: Disabled
 Parallel Workers: 8

Heap:
 PSYoungGen      total 28160K, used 10048K [0x00000000eab00000, 0x00000000ecc00000, 0x0000000100000000)
  eden space 23552K, 23% used [0x00000000eab00000,0x00000000eb05d0f8,0x00000000ec200000)
  from space 4608K, 98% used [0x00000000ec780000,0x00000000ecbf3228,0x00000000ecc00000)
  to   space 5120K, 0% used [0x00000000ec200000,0x00000000ec200000,0x00000000ec700000)
 ParOldGen       total 68608K, used 7956K [0x00000000c0000000, 0x00000000c4300000, 0x00000000eab00000)
  object space 68608K, 11% used [0x00000000c0000000,0x00000000c07c51e8,0x00000000c4300000)
 Metaspace       used 34838K, committed 35520K, reserved 1114112K
  class space    used 3479K, committed 3776K, reserved 1048576K

Card table byte_map: [0x000001775b1b0000,0x000001775b3c0000] _byte_map_base: 0x000001775abb0000

Marking Bits: (ParMarkBitMap*) 0x00007ffb0da258b0
 Begin Bits: [0x000001776d4b0000, 0x000001776e4b0000)
 End Bits:   [0x000001776e4b0000, 0x000001776f4b0000)

Polling page: 0x0000017759780000

Metaspace:

Usage:
  Non-class:     30.62 MB used.
      Class:      3.40 MB used.
       Both:     34.02 MB used.

Virtual space:
  Non-class space:       64.00 MB reserved,      31.00 MB ( 48%) committed,  1 nodes.
      Class space:        1.00 GB reserved,       3.69 MB ( <1%) committed,  1 nodes.
             Both:        1.06 GB reserved,      34.69 MB (  3%) committed. 

Chunk freelists:
   Non-Class:  800.00 KB
       Class:  12.30 MB
        Both:  13.08 MB

MaxMetaspaceSize: unlimited
CompressedClassSpaceSize: 1.00 GB
Initial GC threshold: 21.00 MB
Current GC threshold: 35.00 MB
CDS: off
MetaspaceReclaimPolicy: balanced
 - commit_granule_bytes: 65536.
 - commit_granule_words: 8192.
 - virtual_space_node_default_size: 8388608.
 - enlarge_chunks_in_place: 1.
 - new_chunks_are_fully_committed: 0.
 - uncommit_free_chunks: 1.
 - use_allocation_guard: 0.
 - handle_deallocations: 1.


Internal statistics:

num_allocs_failed_limit: 3.
num_arena_births: 342.
num_arena_deaths: 14.
num_vsnodes_births: 2.
num_vsnodes_deaths: 0.
num_space_committed: 555.
num_space_uncommitted: 0.
num_chunks_returned_to_freelist: 17.
num_chunks_taken_from_freelist: 1368.
num_chunk_merges: 9.
num_chunk_splits: 887.
num_chunks_enlarged: 611.
num_inconsistent_stats: 0.

CodeHeap 'non-profiled nmethods': size=120000Kb used=1397Kb max_used=1397Kb free=118602Kb
 bounds [0x0000017765f80000, 0x00000177661f0000, 0x000001776d4b0000]
CodeHeap 'profiled nmethods': size=120000Kb used=6406Kb max_used=6406Kb free=113593Kb
 bounds [0x000001775e4b0000, 0x000001775eb00000, 0x00000177659e0000]
CodeHeap 'non-nmethods': size=5760Kb used=1278Kb max_used=1309Kb free=4481Kb
 bounds [0x00000177659e0000, 0x0000017765c50000, 0x0000017765f80000]
 total_blobs=3791 nmethods=3188 adapters=517
 compilation: enabled
              stopped_count=0, restarted_count=0
 full_count=0

Compilation events (20 events):
Event: 16.481 Thread 0x00000177749f32e0 nmethod 3139 0x000001775ead4110 code [0x000001775ead42a0, 0x000001775ead43d8]
Event: 16.481 Thread 0x00000177749f32e0 3140       1       java.text.DecimalFormatSymbols::getNaN (5 bytes)
Event: 16.481 Thread 0x00000177749f32e0 nmethod 3140 0x00000177660db290 code [0x00000177660db420, 0x00000177660db4f8]
Event: 16.481 Thread 0x00000177749f32e0 3141       1       java.text.DecimalFormatSymbols::getInfinity (5 bytes)
Event: 16.481 Thread 0x00000177749f32e0 nmethod 3141 0x00000177660db590 code [0x00000177660db720, 0x00000177660db7f8]
Event: 16.481 Thread 0x00000177749f32e0 3144       3       java.io.PrintWriter::ensureOpen (18 bytes)
Event: 16.482 Thread 0x00000177749f32e0 nmethod 3144 0x000001775ead4490 code [0x000001775ead4640, 0x000001775ead4848]
Event: 16.482 Thread 0x00000177749f32e0 3142       1       java.text.DecimalFormatSymbols::getZeroDigit (5 bytes)
Event: 16.482 Thread 0x00000177749f32e0 nmethod 3142 0x00000177660db890 code [0x00000177660dba20, 0x00000177660dbaf8]
Event: 16.482 Thread 0x00000177749f32e0 3145       3       java.util.Collections$SingletonList::get (41 bytes)
Event: 16.483 Thread 0x00000177749f32e0 nmethod 3145 0x000001775ead4910 code [0x000001775ead4b60, 0x000001775ead5268]
Event: 16.483 Thread 0x00000177749f32e0 3146       3       java.time.LocalDate::toEpochDay (154 bytes)
Event: 16.484 Thread 0x00000177749f32e0 nmethod 3146 0x000001775ead5590 code [0x000001775ead5760, 0x000001775ead5c88]
Event: 16.484 Thread 0x00000177749f32e0 3149       3       java.time.ZoneRegion::getRules (23 bytes)
Event: 16.485 Thread 0x00000177749f32e0 nmethod 3149 0x000001775ead5e10 code [0x000001775ead6000, 0x000001775ead63c8]
Event: 16.485 Thread 0x00000177749f32e0 3150       3       java.time.format.Parsed::getLong (130 bytes)
Event: 16.488 Thread 0x00000177749f32e0 nmethod 3150 0x000001775ead6590 code [0x000001775ead68e0, 0x000001775ead7cc8]
Event: 16.488 Thread 0x00000177749f32e0 3151       3       java.time.LocalDate::isSupported (6 bytes)
Event: 16.488 Thread 0x00000177749f32e0 nmethod 3151 0x000001775ead8310 code [0x000001775ead84e0, 0x000001775ead8998]
Event: 16.488 Thread 0x00000177749f32e0 3152       3       java.time.chrono.ChronoLocalDate::isSupported (34 bytes)

GC Heap History (18 events):
Event: 2.360 GC heap before
{Heap before GC invocations=1 (full 0):
 PSYoungGen      total 29696K, used 25600K [0x00000000eab00000, 0x00000000ecc00000, 0x0000000100000000)
  eden space 25600K, 100% used [0x00000000eab00000,0x00000000ec400000,0x00000000ec400000)
  from space 4096K, 0% used [0x00000000ec800000,0x00000000ec800000,0x00000000ecc00000)
  to   space 4096K, 0% used [0x00000000ec400000,0x00000000ec400000,0x00000000ec800000)
 ParOldGen       total 68608K, used 0K [0x00000000c0000000, 0x00000000c4300000, 0x00000000eab00000)
  object space 68608K, 0% used [0x00000000c0000000,0x00000000c0000000,0x00000000c4300000)
 Metaspace       used 10981K, committed 11200K, reserved 1114112K
  class space    used 1090K, committed 1216K, reserved 1048576K
}
Event: 2.376 GC heap after
{Heap after GC invocations=1 (full 0):
 PSYoungGen      total 29696K, used 3124K [0x00000000eab00000, 0x00000000ecc00000, 0x0000000100000000)
  eden space 25600K, 0% used [0x00000000eab00000,0x00000000eab00000,0x00000000ec400000)
  from space 4096K, 76% used [0x00000000ec400000,0x00000000ec70d2d0,0x00000000ec800000)
  to   space 4096K, 0% used [0x00000000ec800000,0x00000000ec800000,0x00000000ecc00000)
 ParOldGen       total 68608K, used 16K [0x00000000c0000000, 0x00000000c4300000, 0x00000000eab00000)
  object space 68608K, 0% used [0x00000000c0000000,0x00000000c0004000,0x00000000c4300000)
 Metaspace       used 10981K, committed 11200K, reserved 1114112K
  class space    used 1090K, committed 1216K, reserved 1048576K
}
Event: 4.068 GC heap before
{Heap before GC invocations=2 (full 0):
 PSYoungGen      total 29696K, used 28724K [0x00000000eab00000, 0x00000000ecc00000, 0x0000000100000000)
  eden space 25600K, 100% used [0x00000000eab00000,0x00000000ec400000,0x00000000ec400000)
  from space 4096K, 76% used [0x00000000ec400000,0x00000000ec70d2d0,0x00000000ec800000)
  to   space 4096K, 0% used [0x00000000ec800000,0x00000000ec800000,0x00000000ecc00000)
 ParOldGen       total 68608K, used 16K [0x00000000c0000000, 0x00000000c4300000, 0x00000000eab00000)
  object space 68608K, 0% used [0x00000000c0000000,0x00000000c0004000,0x00000000c4300000)
 Metaspace       used 14705K, committed 14976K, reserved 1114112K
  class space    used 1488K, committed 1600K, reserved 1048576K
}
Event: 4.077 GC heap after
{Heap after GC invocations=2 (full 0):
 PSYoungGen      total 29696K, used 4083K [0x00000000eab00000, 0x00000000ecc00000, 0x0000000100000000)
  eden space 25600K, 0% used [0x00000000eab00000,0x00000000eab00000,0x00000000ec400000)
  from space 4096K, 99% used [0x00000000ec800000,0x00000000ecbfcfa0,0x00000000ecc00000)
  to   space 4096K, 0% used [0x00000000ec400000,0x00000000ec400000,0x00000000ec800000)
 ParOldGen       total 68608K, used 744K [0x00000000c0000000, 0x00000000c4300000, 0x00000000eab00000)
  object space 68608K, 1% used [0x00000000c0000000,0x00000000c00ba350,0x00000000c4300000)
 Metaspace       used 14705K, committed 14976K, reserved 1114112K
  class space    used 1488K, committed 1600K, reserved 1048576K
}
Event: 5.616 GC heap before
{Heap before GC invocations=3 (full 0):
 PSYoungGen      total 29696K, used 29633K [0x00000000eab00000, 0x00000000ecc00000, 0x0000000100000000)
  eden space 25600K, 99% used [0x00000000eab00000,0x00000000ec3f37a0,0x00000000ec400000)
  from space 4096K, 99% used [0x00000000ec800000,0x00000000ecbfcfa0,0x00000000ecc00000)
  to   space 4096K, 0% used [0x00000000ec400000,0x00000000ec400000,0x00000000ec800000)
 ParOldGen       total 68608K, used 744K [0x00000000c0000000, 0x00000000c4300000, 0x00000000eab00000)
  object space 68608K, 1% used [0x00000000c0000000,0x00000000c00ba350,0x00000000c4300000)
 Metaspace       used 19749K, committed 20160K, reserved 1114112K
  class space    used 2017K, committed 2176K, reserved 1048576K
}
Event: 5.623 GC heap after
{Heap after GC invocations=3 (full 0):
 PSYoungGen      total 29696K, used 4068K [0x00000000eab00000, 0x00000000ecc00000, 0x0000000100000000)
  eden space 25600K, 0% used [0x00000000eab00000,0x00000000eab00000,0x00000000ec400000)
  from space 4096K, 99% used [0x00000000ec400000,0x00000000ec7f9028,0x00000000ec800000)
  to   space 4096K, 0% used [0x00000000ec800000,0x00000000ec800000,0x00000000ecc00000)
 ParOldGen       total 68608K, used 2454K [0x00000000c0000000, 0x00000000c4300000, 0x00000000eab00000)
  object space 68608K, 3% used [0x00000000c0000000,0x00000000c0265bb0,0x00000000c4300000)
 Metaspace       used 19749K, committed 20160K, reserved 1114112K
  class space    used 2017K, committed 2176K, reserved 1048576K
}
Event: 6.636 GC heap before
{Heap before GC invocations=4 (full 0):
 PSYoungGen      total 29696K, used 11859K [0x00000000eab00000, 0x00000000ecc00000, 0x0000000100000000)
  eden space 25600K, 30% used [0x00000000eab00000,0x00000000eb29bd40,0x00000000ec400000)
  from space 4096K, 99% used [0x00000000ec400000,0x00000000ec7f9028,0x00000000ec800000)
  to   space 4096K, 0% used [0x00000000ec800000,0x00000000ec800000,0x00000000ecc00000)
 ParOldGen       total 68608K, used 2454K [0x00000000c0000000, 0x00000000c4300000, 0x00000000eab00000)
  object space 68608K, 3% used [0x00000000c0000000,0x00000000c0265bb0,0x00000000c4300000)
 Metaspace       used 21088K, committed 21504K, reserved 1114112K
  class space    used 2149K, committed 2368K, reserved 1048576K
}
Event: 6.642 GC heap after
{Heap after GC invocations=4 (full 0):
 PSYoungGen      total 29696K, used 4078K [0x00000000eab00000, 0x00000000ecc00000, 0x0000000100000000)
  eden space 25600K, 0% used [0x00000000eab00000,0x00000000eab00000,0x00000000ec400000)
  from space 4096K, 99% used [0x00000000ec800000,0x00000000ecbfba00,0x00000000ecc00000)
  to   space 4096K, 0% used [0x00000000ec400000,0x00000000ec400000,0x00000000ec800000)
 ParOldGen       total 68608K, used 3189K [0x00000000c0000000, 0x00000000c4300000, 0x00000000eab00000)
  object space 68608K, 4% used [0x00000000c0000000,0x00000000c031d580,0x00000000c4300000)
 Metaspace       used 21088K, committed 21504K, reserved 1114112K
  class space    used 2149K, committed 2368K, reserved 1048576K
}
Event: 6.642 GC heap before
{Heap before GC invocations=5 (full 1):
 PSYoungGen      total 29696K, used 4078K [0x00000000eab00000, 0x00000000ecc00000, 0x0000000100000000)
  eden space 25600K, 0% used [0x00000000eab00000,0x00000000eab00000,0x00000000ec400000)
  from space 4096K, 99% used [0x00000000ec800000,0x00000000ecbfba00,0x00000000ecc00000)
  to   space 4096K, 0% used [0x00000000ec400000,0x00000000ec400000,0x00000000ec800000)
 ParOldGen       total 68608K, used 3189K [0x00000000c0000000, 0x00000000c4300000, 0x00000000eab00000)
  object space 68608K, 4% used [0x00000000c0000000,0x00000000c031d580,0x00000000c4300000)
 Metaspace       used 21088K, committed 21504K, reserved 1114112K
  class space    used 2149K, committed 2368K, reserved 1048576K
}
Event: 6.693 GC heap after
{Heap after GC invocations=5 (full 1):
 PSYoungGen      total 29696K, used 0K [0x00000000eab00000, 0x00000000ecc00000, 0x0000000100000000)
  eden space 25600K, 0% used [0x00000000eab00000,0x00000000eab00000,0x00000000ec400000)
  from space 4096K, 0% used [0x00000000ec800000,0x00000000ec800000,0x00000000ecc00000)
  to   space 4096K, 0% used [0x00000000ec400000,0x00000000ec400000,0x00000000ec800000)
 ParOldGen       total 68608K, used 7127K [0x00000000c0000000, 0x00000000c4300000, 0x00000000eab00000)
  object space 68608K, 10% used [0x00000000c0000000,0x00000000c06f5cd8,0x00000000c4300000)
 Metaspace       used 21075K, committed 21504K, reserved 1114112K
  class space    used 2146K, committed 2368K, reserved 1048576K
}
Event: 11.171 GC heap before
{Heap before GC invocations=6 (full 1):
 PSYoungGen      total 29696K, used 25591K [0x00000000eab00000, 0x00000000ecc00000, 0x0000000100000000)
  eden space 25600K, 99% used [0x00000000eab00000,0x00000000ec3fde30,0x00000000ec400000)
  from space 4096K, 0% used [0x00000000ec800000,0x00000000ec800000,0x00000000ecc00000)
  to   space 4096K, 0% used [0x00000000ec400000,0x00000000ec400000,0x00000000ec800000)
 ParOldGen       total 68608K, used 7127K [0x00000000c0000000, 0x00000000c4300000, 0x00000000eab00000)
  object space 68608K, 10% used [0x00000000c0000000,0x00000000c06f5cd8,0x00000000c4300000)
 Metaspace       used 24001K, committed 24576K, reserved 1114112K
  class space    used 2447K, committed 2688K, reserved 1048576K
}
Event: 11.174 GC heap after
{Heap after GC invocations=6 (full 1):
 PSYoungGen      total 27136K, used 1935K [0x00000000eab00000, 0x00000000ec980000, 0x0000000100000000)
  eden space 25088K, 0% used [0x00000000eab00000,0x00000000eab00000,0x00000000ec380000)
  from space 2048K, 94% used [0x00000000ec400000,0x00000000ec5e3f40,0x00000000ec600000)
  to   space 3072K, 0% used [0x00000000ec680000,0x00000000ec680000,0x00000000ec980000)
 ParOldGen       total 68608K, used 7135K [0x00000000c0000000, 0x00000000c4300000, 0x00000000eab00000)
  object space 68608K, 10% used [0x00000000c0000000,0x00000000c06f7cd8,0x00000000c4300000)
 Metaspace       used 24001K, committed 24576K, reserved 1114112K
  class space    used 2447K, committed 2688K, reserved 1048576K
}
Event: 12.682 GC heap before
{Heap before GC invocations=7 (full 1):
 PSYoungGen      total 27136K, used 27023K [0x00000000eab00000, 0x00000000ec980000, 0x0000000100000000)
  eden space 25088K, 100% used [0x00000000eab00000,0x00000000ec380000,0x00000000ec380000)
  from space 2048K, 94% used [0x00000000ec400000,0x00000000ec5e3f40,0x00000000ec600000)
  to   space 3072K, 0% used [0x00000000ec680000,0x00000000ec680000,0x00000000ec980000)
 ParOldGen       total 68608K, used 7135K [0x00000000c0000000, 0x00000000c4300000, 0x00000000eab00000)
  object space 68608K, 10% used [0x00000000c0000000,0x00000000c06f7cd8,0x00000000c4300000)
 Metaspace       used 28152K, committed 28736K, reserved 1114112K
  class space    used 2754K, committed 3008K, reserved 1048576K
}
Event: 12.685 GC heap after
{Heap after GC invocations=7 (full 1):
 PSYoungGen      total 27648K, used 2888K [0x00000000eab00000, 0x00000000eca00000, 0x0000000100000000)
  eden space 24576K, 0% used [0x00000000eab00000,0x00000000eab00000,0x00000000ec300000)
  from space 3072K, 94% used [0x00000000ec680000,0x00000000ec952300,0x00000000ec980000)
  to   space 3584K, 0% used [0x00000000ec300000,0x00000000ec300000,0x00000000ec680000)
 ParOldGen       total 68608K, used 7143K [0x00000000c0000000, 0x00000000c4300000, 0x00000000eab00000)
  object space 68608K, 10% used [0x00000000c0000000,0x00000000c06f9cd8,0x00000000c4300000)
 Metaspace       used 28152K, committed 28736K, reserved 1114112K
  class space    used 2754K, committed 3008K, reserved 1048576K
}
Event: 14.536 GC heap before
{Heap before GC invocations=8 (full 1):
 PSYoungGen      total 27648K, used 27464K [0x00000000eab00000, 0x00000000eca00000, 0x0000000100000000)
  eden space 24576K, 100% used [0x00000000eab00000,0x00000000ec300000,0x00000000ec300000)
  from space 3072K, 94% used [0x00000000ec680000,0x00000000ec952300,0x00000000ec980000)
  to   space 3584K, 0% used [0x00000000ec300000,0x00000000ec300000,0x00000000ec680000)
 ParOldGen       total 68608K, used 7143K [0x00000000c0000000, 0x00000000c4300000, 0x00000000eab00000)
  object space 68608K, 10% used [0x00000000c0000000,0x00000000c06f9cd8,0x00000000c4300000)
 Metaspace       used 30474K, committed 31040K, reserved 1114112K
  class space    used 2942K, committed 3200K, reserved 1048576K
}
Event: 14.541 GC heap after
{Heap after GC invocations=8 (full 1):
 PSYoungGen      total 27648K, used 3575K [0x00000000eab00000, 0x00000000ecc80000, 0x0000000100000000)
  eden space 24064K, 0% used [0x00000000eab00000,0x00000000eab00000,0x00000000ec280000)
  from space 3584K, 99% used [0x00000000ec300000,0x00000000ec67ddc0,0x00000000ec680000)
  to   space 5120K, 0% used [0x00000000ec780000,0x00000000ec780000,0x00000000ecc80000)
 ParOldGen       total 68608K, used 7948K [0x00000000c0000000, 0x00000000c4300000, 0x00000000eab00000)
  object space 68608K, 11% used [0x00000000c0000000,0x00000000c07c31e8,0x00000000c4300000)
 Metaspace       used 30474K, committed 31040K, reserved 1114112K
  class space    used 2942K, committed 3200K, reserved 1048576K
}
Event: 16.037 GC heap before
{Heap before GC invocations=9 (full 1):
 PSYoungGen      total 27648K, used 27639K [0x00000000eab00000, 0x00000000ecc80000, 0x0000000100000000)
  eden space 24064K, 100% used [0x00000000eab00000,0x00000000ec280000,0x00000000ec280000)
  from space 3584K, 99% used [0x00000000ec300000,0x00000000ec67ddc0,0x00000000ec680000)
  to   space 5120K, 0% used [0x00000000ec780000,0x00000000ec780000,0x00000000ecc80000)
 ParOldGen       total 68608K, used 7948K [0x00000000c0000000, 0x00000000c4300000, 0x00000000eab00000)
  object space 68608K, 11% used [0x00000000c0000000,0x00000000c07c31e8,0x00000000c4300000)
 Metaspace       used 34102K, committed 34688K, reserved 1114112K
  class space    used 3393K, committed 3648K, reserved 1048576K
}
Event: 16.044 GC heap after
{Heap after GC invocations=9 (full 1):
 PSYoungGen      total 28160K, used 4556K [0x00000000eab00000, 0x00000000ecc00000, 0x0000000100000000)
  eden space 23552K, 0% used [0x00000000eab00000,0x00000000eab00000,0x00000000ec200000)
  from space 4608K, 98% used [0x00000000ec780000,0x00000000ecbf3228,0x00000000ecc00000)
  to   space 5120K, 0% used [0x00000000ec200000,0x00000000ec200000,0x00000000ec700000)
 ParOldGen       total 68608K, used 7956K [0x00000000c0000000, 0x00000000c4300000, 0x00000000eab00000)
  object space 68608K, 11% used [0x00000000c0000000,0x00000000c07c51e8,0x00000000c4300000)
 Metaspace       used 34102K, committed 34688K, reserved 1114112K
  class space    used 3393K, committed 3648K, reserved 1048576K
}

Dll operation events (10 events):
Event: 0.025 Loaded shared library c:\Users\Gabriel Xavier\.vscode\extensions\redhat.java-1.34.0-win32-x64\jre\17.0.12-win32-x86_64\bin\java.dll
Event: 0.348 Loaded shared library c:\Users\Gabriel Xavier\.vscode\extensions\redhat.java-1.34.0-win32-x64\jre\17.0.12-win32-x86_64\bin\zip.dll
Event: 0.356 Loaded shared library C:\Users\Gabriel Xavier\.vscode\extensions\redhat.java-1.34.0-win32-x64\jre\17.0.12-win32-x86_64\bin\instrument.dll
Event: 0.394 Loaded shared library C:\Users\Gabriel Xavier\.vscode\extensions\redhat.java-1.34.0-win32-x64\jre\17.0.12-win32-x86_64\bin\net.dll
Event: 0.398 Loaded shared library C:\Users\Gabriel Xavier\.vscode\extensions\redhat.java-1.34.0-win32-x64\jre\17.0.12-win32-x86_64\bin\nio.dll
Event: 0.411 Loaded shared library C:\Users\Gabriel Xavier\.vscode\extensions\redhat.java-1.34.0-win32-x64\jre\17.0.12-win32-x86_64\bin\zip.dll
Event: 0.446 Loaded shared library C:\Users\Gabriel Xavier\.vscode\extensions\redhat.java-1.34.0-win32-x64\jre\17.0.12-win32-x86_64\bin\jimage.dll
Event: 0.633 Loaded shared library c:\Users\Gabriel Xavier\.vscode\extensions\redhat.java-1.34.0-win32-x64\jre\17.0.12-win32-x86_64\bin\verify.dll
Event: 3.832 Loaded shared library C:\Users\Gabriel Xavier\AppData\Roaming\Code\User\globalStorage\redhat.java\1.34.0\config_ss_win\org.eclipse.equinox.launcher\org.eclipse.equinox.launcher.win32.win32.x86_64_1.2.1100.v20240722-2106\eclipse_11904.dll
Event: 9.954 Loaded shared library C:\Users\Gabriel Xavier\AppData\Local\Temp\jna-10447555\jna7275790624273592291.dll

Deoptimization events (20 events):
Event: 15.325 Thread 0x000001775b811de0 Uncommon trap: trap_request=0xffffff76 fr.pc=0x00000177660b4078 relative=0x0000000000000638
Event: 15.325 Thread 0x000001775b811de0 Uncommon trap: reason=predicate action=maybe_recompile pc=0x00000177660b4078 method=java.util.TreeMap.getEntryUsingComparator(Ljava/lang/Object;)Ljava/util/TreeMap$Entry; @ 19 c2
Event: 15.325 Thread 0x000001775b811de0 DEOPT PACKING pc=0x00000177660b4078 sp=0x0000005db21fe230
Event: 15.326 Thread 0x000001775b811de0 DEOPT UNPACKING pc=0x0000017765a366a3 sp=0x0000005db21fe1e0 mode 2
Event: 16.104 Thread 0x000001775b811de0 Uncommon trap: trap_request=0xffffff45 fr.pc=0x00000177660cf23c relative=0x00000000000050dc
Event: 16.104 Thread 0x000001775b811de0 Uncommon trap: reason=unstable_if action=reinterpret pc=0x00000177660cf23c method=jdk.internal.org.objectweb.asm.Frame.execute(IILjdk/internal/org/objectweb/asm/Symbol;Ljdk/internal/org/objectweb/asm/SymbolTable;)V @ 1 c2
Event: 16.104 Thread 0x000001775b811de0 DEOPT PACKING pc=0x00000177660cf23c sp=0x0000005db21fdc20
Event: 16.104 Thread 0x000001775b811de0 DEOPT UNPACKING pc=0x0000017765a366a3 sp=0x0000005db21fdbc8 mode 2
Event: 16.107 Thread 0x000001775b811de0 Uncommon trap: trap_request=0xffffff45 fr.pc=0x000001776603d034 relative=0x0000000000000114
Event: 16.107 Thread 0x000001775b811de0 Uncommon trap: reason=unstable_if action=reinterpret pc=0x000001776603d034 method=jdk.internal.org.objectweb.asm.SymbolTable.put(Ljdk/internal/org/objectweb/asm/SymbolTable$Entry;)Ljdk/internal/org/objectweb/asm/SymbolTable$Entry; @ 13 c2
Event: 16.107 Thread 0x000001775b811de0 DEOPT PACKING pc=0x000001776603d034 sp=0x0000005db21fdbd0
Event: 16.107 Thread 0x000001775b811de0 DEOPT UNPACKING pc=0x0000017765a366a3 sp=0x0000005db21fdb30 mode 2
Event: 16.184 Thread 0x000001775b811de0 Uncommon trap: trap_request=0xffffff45 fr.pc=0x0000017765faa2b4 relative=0x0000000000000094
Event: 16.184 Thread 0x000001775b811de0 Uncommon trap: reason=unstable_if action=reinterpret pc=0x0000017765faa2b4 method=java.lang.CharacterDataLatin1.digit(II)I @ 7 c2
Event: 16.185 Thread 0x000001775b811de0 DEOPT PACKING pc=0x0000017765faa2b4 sp=0x0000005db21fde90
Event: 16.185 Thread 0x000001775b811de0 DEOPT UNPACKING pc=0x0000017765a366a3 sp=0x0000005db21fde10 mode 2
Event: 16.342 Thread 0x000001775b811de0 Uncommon trap: trap_request=0xffffff45 fr.pc=0x0000017765fa5450 relative=0x00000000000002b0
Event: 16.342 Thread 0x000001775b811de0 Uncommon trap: reason=unstable_if action=reinterpret pc=0x0000017765fa5450 method=java.util.HashMap$HashIterator.<init>(Ljava/util/HashMap;)V @ 45 c2
Event: 16.342 Thread 0x000001775b811de0 DEOPT PACKING pc=0x0000017765fa5450 sp=0x0000005db21fe020
Event: 16.342 Thread 0x000001775b811de0 DEOPT UNPACKING pc=0x0000017765a366a3 sp=0x0000005db21fdfb8 mode 2

Classes loaded (20 events):
Event: 15.990 Loading class java/util/Currency
Event: 15.992 Loading class java/util/Currency done
Event: 16.014 Loading class java/util/concurrent/atomic/AtomicLongArray
Event: 16.015 Loading class java/util/concurrent/atomic/AtomicLongArray done
Event: 16.182 Loading class java/text/ParsePosition
Event: 16.182 Loading class java/text/ParsePosition done
Event: 16.182 Loading class java/text/CalendarBuilder
Event: 16.184 Loading class java/text/CalendarBuilder done
Event: 16.238 Loading class sun/nio/ch/PendingFuture
Event: 16.240 Loading class sun/nio/ch/PendingFuture done
Event: 16.240 Loading class sun/nio/ch/WindowsAsynchronousFileChannelImpl$ReadTask
Event: 16.241 Loading class sun/nio/ch/Iocp$ResultHandler
Event: 16.241 Loading class sun/nio/ch/Iocp$ResultHandler done
Event: 16.241 Loading class sun/nio/ch/WindowsAsynchronousFileChannelImpl$ReadTask done
Event: 16.333 Loading class java/time/format/DateTimeParseContext
Event: 16.334 Loading class java/time/format/DateTimeParseContext done
Event: 16.334 Loading class java/time/format/Parsed
Event: 16.335 Loading class java/time/format/Parsed done
Event: 16.342 Loading class java/time/LocalTime$1
Event: 16.343 Loading class java/time/LocalTime$1 done

Classes unloaded (7 events):
Event: 6.649 Thread 0x000001775b8c91d0 Unloading class 0x000000010021a400 'java/lang/invoke/LambdaForm$MH+0x000000010021a400'
Event: 6.649 Thread 0x000001775b8c91d0 Unloading class 0x000000010021a000 'java/lang/invoke/LambdaForm$MH+0x000000010021a000'
Event: 6.649 Thread 0x000001775b8c91d0 Unloading class 0x0000000100219c00 'java/lang/invoke/LambdaForm$MH+0x0000000100219c00'
Event: 6.649 Thread 0x000001775b8c91d0 Unloading class 0x0000000100219800 'java/lang/invoke/LambdaForm$MH+0x0000000100219800'
Event: 6.649 Thread 0x000001775b8c91d0 Unloading class 0x0000000100219400 'java/lang/invoke/LambdaForm$BMH+0x0000000100219400'
Event: 6.649 Thread 0x000001775b8c91d0 Unloading class 0x0000000100219000 'java/lang/invoke/LambdaForm$DMH+0x0000000100219000'
Event: 6.649 Thread 0x000001775b8c91d0 Unloading class 0x0000000100214400 'java/lang/invoke/LambdaForm$DMH+0x0000000100214400'

Classes redefined (0 events):
No events

Internal exceptions (20 events):
Event: 10.468 Thread 0x0000017774b8ea80 Exception <a 'java/lang/NoSuchMethodError'{0x00000000eb57f5c0}: 'double java.lang.invoke.DirectMethodHandle$Holder.invokeStaticInit(java.lang.Object, java.lang.Object)'> (0x00000000eb57f5c0) 
thrown [s\src\hotspot\share\interpreter\linkResolver.cpp, line 759]
Event: 12.326 Thread 0x0000017774b8ea80 Implicit null exception at 0x000001776607c249 to 0x000001776607c31c
Event: 13.926 Thread 0x0000017774b8ea80 Exception <a 'java/lang/ClassNotFoundException'{0x00000000ebc726e0}: com/sun/org/apache/xerces/internal/impl/msg/spi/DOMMessagesProvider> (0x00000000ebc726e0) 
thrown [s\src\hotspot\share\classfile\systemDictionary.cpp, line 256]
Event: 13.951 Thread 0x0000017774b8ea80 Implicit null exception at 0x000001776604af0d to 0x000001776604bc54
Event: 13.967 Thread 0x0000017774b8ea80 Exception <a 'java/lang/ClassNotFoundException'{0x00000000ebcacee0}: com/sun/org/apache/xerces/internal/impl/msg/spi/XMLSerializerMessagesProvider> (0x00000000ebcacee0) 
thrown [s\src\hotspot\share\classfile\systemDictionary.cpp, line 256]
Event: 13.972 Thread 0x0000017774b8ea80 Exception <a 'java/lang/ClassNotFoundException'{0x00000000ebcc51d8}: com/sun/org/apache/xerces/internal/impl/msg/spi/XMLMessagesProvider> (0x00000000ebcc51d8) 
thrown [s\src\hotspot\share\classfile\systemDictionary.cpp, line 256]
Event: 14.125 Thread 0x0000017774b8ea80 Exception <a 'java/lang/NoSuchMethodError'{0x00000000ebf4dd28}: 'java.lang.Object java.lang.invoke.DirectMethodHandle$Holder.newInvokeSpecial(java.lang.Object, int, java.lang.Object, java.lang.Object)'> (0x00000000ebf4dd28) 
thrown [s\src\hotspot\share\interpreter\linkResolver.cpp, line 759]
Event: 14.350 Thread 0x0000017774b8ea80 Exception <a 'sun/nio/fs/WindowsException'{0x00000000ec158d20}> (0x00000000ec158d20) 
thrown [s\src\hotspot\share\prims\jni.cpp, line 516]
Event: 14.792 Thread 0x0000017774b8ea80 Exception <a 'java/lang/ClassNotFoundException'{0x00000000eaf682f8}: com/sun/org/apache/xml/internal/serializer/spi/XMLEntitiesProvider> (0x00000000eaf682f8) 
thrown [s\src\hotspot\share\classfile\systemDictionary.cpp, line 256]
Event: 15.121 Thread 0x0000017774b8ea80 Exception <a 'java/io/FileNotFoundException'{0x00000000eb2d5f48}> (0x00000000eb2d5f48) 
thrown [s\src\hotspot\share\prims\jni.cpp, line 516]
Event: 15.227 Thread 0x0000017774b8ea80 Exception <a 'java/lang/UnsatisfiedLinkError'{0x00000000eb3d9080}: Não foi possível encontrar o procedimento especificado.
> (0x00000000eb3d9080) 
thrown [s\src\hotspot\share\prims\jni.cpp, line 535]
Event: 15.238 Thread 0x0000017774b8ea80 Exception <a 'java/io/FileNotFoundException'{0x00000000eb3efa08}> (0x00000000eb3efa08) 
thrown [s\src\hotspot\share\prims\jni.cpp, line 516]
Event: 15.259 Thread 0x0000017774b8ea80 Exception <a 'java/io/FileNotFoundException'{0x00000000eb46a688}> (0x00000000eb46a688) 
thrown [s\src\hotspot\share\prims\jni.cpp, line 516]
Event: 15.275 Thread 0x0000017774b8ea80 Exception <a 'java/lang/UnsatisfiedLinkError'{0x00000000eb4976c0}: Não foi possível encontrar o procedimento especificado.
> (0x00000000eb4976c0) 
thrown [s\src\hotspot\share\prims\jni.cpp, line 535]
Event: 15.386 Thread 0x000001775b811de0 Exception <a 'java/lang/NoSuchMethodError'{0x00000000eb6c0000}: 'java.lang.Object java.lang.invoke.DirectMethodHandle$Holder.invokeStatic(java.lang.Object, java.lang.Object, long, java.lang.Object)'> (0x00000000eb6c0000) 
thrown [s\src\hotspot\share\interpreter\linkResolver.cpp, line 759]
Event: 15.387 Thread 0x000001775b811de0 Exception <a 'java/lang/NoSuchMethodError'{0x00000000eb6c3a98}: 'java.lang.Object java.lang.invoke.DirectMethodHandle$Holder.invokeStaticInit(java.lang.Object, java.lang.Object, long, java.lang.Object)'> (0x00000000eb6c3a98) 
thrown [s\src\hotspot\share\interpreter\linkResolver.cpp, line 759]
Event: 15.388 Thread 0x000001775b811de0 Exception <a 'java/lang/NoSuchMethodError'{0x00000000eb6ca0a8}: 'java.lang.Object java.lang.invoke.DirectMethodHandle$Holder.newInvokeSpecial(java.lang.Object, java.lang.Object, long)'> (0x00000000eb6ca0a8) 
thrown [s\src\hotspot\share\interpreter\linkResolver.cpp, line 759]
Event: 15.599 Thread 0x000001775b811de0 Exception <a 'java/lang/NoSuchMethodError'{0x00000000eb9ca248}: 'void java.lang.invoke.DirectMethodHandle$Holder.invokeStatic(java.lang.Object, java.lang.Object, java.lang.Object, java.lang.Object)'> (0x00000000eb9ca248) 
thrown [s\src\hotspot\share\interpreter\linkResolver.cpp, line 759]
Event: 16.050 Thread 0x000001775b811de0 Exception <a 'java/lang/NoSuchMethodError'{0x00000000eab1b700}: 'void java.lang.invoke.DirectMethodHandle$Holder.invokeSpecial(java.lang.Object, java.lang.Object, java.lang.Object, java.lang.Object, java.lang.Object, java.lang.Object)'> (0x00000000eab1b700) 
thrown [s\src\hotspot\share\interpreter\linkResolver.cpp, line 759]
Event: 16.052 Thread 0x000001775b811de0 Exception <a 'java/lang/IncompatibleClassChangeError'{0x00000000eab385a0}: Found class java.lang.Object, but interface was expected> (0x00000000eab385a0) 
thrown [s\src\hotspot\share\interpreter\linkResolver.cpp, line 826]

VM Operations (20 events):
Event: 12.682 Executing VM operation: ParallelGCFailedAllocation
Event: 12.685 Executing VM operation: ParallelGCFailedAllocation done
Event: 13.745 Executing VM operation: HandshakeAllThreads
Event: 13.745 Executing VM operation: HandshakeAllThreads done
Event: 13.745 Executing VM operation: Cleanup
Event: 13.745 Executing VM operation: Cleanup done
Event: 14.283 Executing VM operation: HandshakeAllThreads
Event: 14.284 Executing VM operation: HandshakeAllThreads done
Event: 14.289 Executing VM operation: HandshakeAllThreads
Event: 14.289 Executing VM operation: HandshakeAllThreads done
Event: 14.536 Executing VM operation: ParallelGCFailedAllocation
Event: 14.541 Executing VM operation: ParallelGCFailedAllocation done
Event: 14.556 Executing VM operation: HandshakeAllThreads
Event: 14.556 Executing VM operation: HandshakeAllThreads done
Event: 14.888 Executing VM operation: HandshakeAllThreads
Event: 14.888 Executing VM operation: HandshakeAllThreads done
Event: 15.315 Executing VM operation: HandshakeAllThreads
Event: 15.315 Executing VM operation: HandshakeAllThreads done
Event: 16.037 Executing VM operation: ParallelGCFailedAllocation
Event: 16.044 Executing VM operation: ParallelGCFailedAllocation done

Events (20 events):
Event: 9.628 Thread 0x0000017774b8f9b0 Thread exited: 0x0000017774b8f9b0
Event: 10.036 Thread 0x00000177759eb8e0 Thread added: 0x00000177759eb8e0
Event: 10.139 Thread 0x00000177759ea9b0 Thread added: 0x00000177759ea9b0
Event: 10.305 Thread 0x00000177759ebdf0 Thread added: 0x00000177759ebdf0
Event: 10.305 Thread 0x00000177759eaec0 Thread added: 0x00000177759eaec0
Event: 14.035 Thread 0x00000177759eb3d0 Thread added: 0x00000177759eb3d0
Event: 14.474 Thread 0x00000177759eb3d0 Thread exited: 0x00000177759eb3d0
Event: 15.354 Thread 0x00000177759eaec0 Thread exited: 0x00000177759eaec0
Event: 15.412 Thread 0x00000177759ec300 Thread added: 0x00000177759ec300
Event: 15.413 Thread 0x00000177759ec810 Thread added: 0x00000177759ec810
Event: 15.413 Thread 0x00000177759e9a80 Thread added: 0x00000177759e9a80
Event: 15.413 Thread 0x00000177759e9570 Thread added: 0x00000177759e9570
Event: 15.414 Thread 0x00000177759e9f90 Thread added: 0x00000177759e9f90
Event: 15.414 Thread 0x00000177759e9060 Thread added: 0x00000177759e9060
Event: 15.414 Thread 0x00000177759ea4a0 Thread added: 0x00000177759ea4a0
Event: 15.415 Thread 0x00000177759eaec0 Thread added: 0x00000177759eaec0
Event: 15.415 Thread 0x00000177759eb3d0 Thread added: 0x00000177759eb3d0
Event: 15.479 Thread 0x0000017776d164a0 Thread added: 0x0000017776d164a0
Event: 16.178 Thread 0x0000017776d1a160 Thread added: 0x0000017776d1a160
Event: 16.178 Thread 0x0000017776d1bfc0 Thread added: 0x0000017776d1bfc0


Dynamic libraries:
0x00007ff719860000 - 0x00007ff71986e000 	c:\Users\Gabriel Xavier\.vscode\extensions\redhat.java-1.34.0-win32-x64\jre\17.0.12-win32-x86_64\bin\java.exe
0x00007ffb7a690000 - 0x00007ffb7a888000 	C:\Windows\SYSTEM32\ntdll.dll
0x00007ffb78a40000 - 0x00007ffb78b01000 	C:\Windows\System32\KERNEL32.DLL
0x00007ffb783c0000 - 0x00007ffb786bd000 	C:\Windows\System32\KERNELBASE.dll
0x00007ffb78230000 - 0x00007ffb78330000 	C:\Windows\System32\ucrtbase.dll
0x00007ffb6fb30000 - 0x00007ffb6fb47000 	c:\Users\Gabriel Xavier\.vscode\extensions\redhat.java-1.34.0-win32-x64\jre\17.0.12-win32-x86_64\bin\jli.dll
0x00007ffb79b10000 - 0x00007ffb79cad000 	C:\Windows\System32\USER32.dll
0x00007ffb6c4f0000 - 0x00007ffb6c50b000 	c:\Users\Gabriel Xavier\.vscode\extensions\redhat.java-1.34.0-win32-x64\jre\17.0.12-win32-x86_64\bin\VCRUNTIME140.dll
0x00007ffb78190000 - 0x00007ffb781b2000 	C:\Windows\System32\win32u.dll
0x00007ffb786c0000 - 0x00007ffb786eb000 	C:\Windows\System32\GDI32.dll
0x00007ffb77e40000 - 0x00007ffb77f57000 	C:\Windows\System32\gdi32full.dll
0x00007ffb6d1b0000 - 0x00007ffb6d44a000 	C:\Windows\WinSxS\amd64_microsoft.windows.common-controls_6595b64144ccf1df_6.0.19041.4355_none_60b8b9eb71f62e16\COMCTL32.dll
0x00007ffb77f90000 - 0x00007ffb7802d000 	C:\Windows\System32\msvcp_win.dll
0x00007ffb788d0000 - 0x00007ffb7896e000 	C:\Windows\System32\msvcrt.dll
0x00007ffb79cb0000 - 0x00007ffb79cdf000 	C:\Windows\System32\IMM32.DLL
0x00007ffb719f0000 - 0x00007ffb719fc000 	c:\Users\Gabriel Xavier\.vscode\extensions\redhat.java-1.34.0-win32-x64\jre\17.0.12-win32-x86_64\bin\vcruntime140_1.dll
0x00007ffb3feb0000 - 0x00007ffb3ff3d000 	c:\Users\Gabriel Xavier\.vscode\extensions\redhat.java-1.34.0-win32-x64\jre\17.0.12-win32-x86_64\bin\msvcp140.dll
0x00007ffb0ce80000 - 0x00007ffb0daea000 	c:\Users\Gabriel Xavier\.vscode\extensions\redhat.java-1.34.0-win32-x64\jre\17.0.12-win32-x86_64\bin\server\jvm.dll
0x00007ffb79580000 - 0x00007ffb79630000 	C:\Windows\System32\ADVAPI32.dll
0x00007ffb7a5b0000 - 0x00007ffb7a650000 	C:\Windows\System32\sechost.dll
0x00007ffb786f0000 - 0x00007ffb78813000 	C:\Windows\System32\RPCRT4.dll
0x00007ffb77f60000 - 0x00007ffb77f87000 	C:\Windows\System32\bcrypt.dll
0x00007ffb78970000 - 0x00007ffb789db000 	C:\Windows\System32\WS2_32.dll
0x00007ffb77280000 - 0x00007ffb772cb000 	C:\Windows\SYSTEM32\POWRPROF.dll
0x00007ffb66ac0000 - 0x00007ffb66ae7000 	C:\Windows\SYSTEM32\WINMM.dll
0x00007ffb6d5f0000 - 0x00007ffb6d5fa000 	C:\Windows\SYSTEM32\VERSION.dll
0x00007ffb770f0000 - 0x00007ffb77102000 	C:\Windows\SYSTEM32\UMPDC.dll
0x00007ffb76560000 - 0x00007ffb76572000 	C:\Windows\SYSTEM32\kernel.appcore.dll
0x00007ffb70190000 - 0x00007ffb7019a000 	c:\Users\Gabriel Xavier\.vscode\extensions\redhat.java-1.34.0-win32-x64\jre\17.0.12-win32-x86_64\bin\jimage.dll
0x00007ffb75a70000 - 0x00007ffb75c54000 	C:\Windows\SYSTEM32\DBGHELP.DLL
0x00007ffb706c0000 - 0x00007ffb706f4000 	C:\Windows\SYSTEM32\dbgcore.DLL
0x00007ffb78330000 - 0x00007ffb783b2000 	C:\Windows\System32\bcryptPrimitives.dll
0x00007ffb6f910000 - 0x00007ffb6f91e000 	c:\Users\Gabriel Xavier\.vscode\extensions\redhat.java-1.34.0-win32-x64\jre\17.0.12-win32-x86_64\bin\instrument.dll
0x00007ffb5a280000 - 0x00007ffb5a2a5000 	c:\Users\Gabriel Xavier\.vscode\extensions\redhat.java-1.34.0-win32-x64\jre\17.0.12-win32-x86_64\bin\java.dll
0x00007ffb68a40000 - 0x00007ffb68a58000 	c:\Users\Gabriel Xavier\.vscode\extensions\redhat.java-1.34.0-win32-x64\jre\17.0.12-win32-x86_64\bin\zip.dll
0x00007ffb79ce0000 - 0x00007ffb7a44f000 	C:\Windows\System32\SHELL32.dll
0x00007ffb75c80000 - 0x00007ffb7641f000 	C:\Windows\SYSTEM32\windows.storage.dll
0x00007ffb79220000 - 0x00007ffb79573000 	C:\Windows\System32\combase.dll
0x00007ffb77760000 - 0x00007ffb7778e000 	C:\Windows\SYSTEM32\Wldp.dll
0x00007ffb79710000 - 0x00007ffb797dd000 	C:\Windows\System32\OLEAUT32.dll
0x00007ffb78820000 - 0x00007ffb788cd000 	C:\Windows\System32\SHCORE.dll
0x00007ffb789e0000 - 0x00007ffb78a35000 	C:\Windows\System32\shlwapi.dll
0x00007ffb77c70000 - 0x00007ffb77c94000 	C:\Windows\SYSTEM32\profapi.dll
0x00007ffb58520000 - 0x00007ffb58539000 	C:\Users\Gabriel Xavier\.vscode\extensions\redhat.java-1.34.0-win32-x64\jre\17.0.12-win32-x86_64\bin\net.dll
0x00007ffb70a00000 - 0x00007ffb70b0d000 	C:\Windows\SYSTEM32\WINHTTP.dll
0x00007ffb77460000 - 0x00007ffb774ca000 	C:\Windows\system32\mswsock.dll
0x00007ffb58500000 - 0x00007ffb58516000 	C:\Users\Gabriel Xavier\.vscode\extensions\redhat.java-1.34.0-win32-x64\jre\17.0.12-win32-x86_64\bin\nio.dll
0x00007ffb6df40000 - 0x00007ffb6df50000 	c:\Users\Gabriel Xavier\.vscode\extensions\redhat.java-1.34.0-win32-x64\jre\17.0.12-win32-x86_64\bin\verify.dll
0x00007ffb4d5e0000 - 0x00007ffb4d625000 	C:\Users\Gabriel Xavier\AppData\Roaming\Code\User\globalStorage\redhat.java\1.34.0\config_ss_win\org.eclipse.equinox.launcher\org.eclipse.equinox.launcher.win32.win32.x86_64_1.2.1100.v20240722-2106\eclipse_11904.dll
0x00007ffb79080000 - 0x00007ffb791ab000 	C:\Windows\System32\ole32.dll
0x00007ffb77640000 - 0x00007ffb77658000 	C:\Windows\SYSTEM32\CRYPTSP.dll
0x00007ffb76d30000 - 0x00007ffb76d64000 	C:\Windows\system32\rsaenh.dll
0x00007ffb77be0000 - 0x00007ffb77c0e000 	C:\Windows\SYSTEM32\USERENV.dll
0x00007ffb77600000 - 0x00007ffb7760c000 	C:\Windows\SYSTEM32\CRYPTBASE.dll
0x00007ffb77110000 - 0x00007ffb7714b000 	C:\Windows\SYSTEM32\IPHLPAPI.DLL
0x00007ffb78c00000 - 0x00007ffb78c08000 	C:\Windows\System32\NSI.dll
0x00007ffb71f70000 - 0x00007ffb71f87000 	C:\Windows\SYSTEM32\dhcpcsvc6.DLL
0x00007ffb721e0000 - 0x00007ffb721fd000 	C:\Windows\SYSTEM32\dhcpcsvc.DLL
0x00007ffb77150000 - 0x00007ffb7721a000 	C:\Windows\SYSTEM32\DNSAPI.dll
0x00007ffb49450000 - 0x00007ffb49495000 	C:\Users\Gabriel Xavier\AppData\Local\Temp\jna-10447555\jna7275790624273592291.dll
0x00007ffb796e0000 - 0x00007ffb796e8000 	C:\Windows\System32\PSAPI.DLL

dbghelp: loaded successfully - version: 4.0.5 - missing functions: none
symbol engine: initialized successfully - sym options: 0x614 - pdb path: .;c:\Users\Gabriel Xavier\.vscode\extensions\redhat.java-1.34.0-win32-x64\jre\17.0.12-win32-x86_64\bin;C:\Windows\SYSTEM32;C:\Windows\WinSxS\amd64_microsoft.windows.common-controls_6595b64144ccf1df_6.0.19041.4355_none_60b8b9eb71f62e16;c:\Users\Gabriel Xavier\.vscode\extensions\redhat.java-1.34.0-win32-x64\jre\17.0.12-win32-x86_64\bin\server;C:\Users\Gabriel Xavier\AppData\Roaming\Code\User\globalStorage\redhat.java\1.34.0\config_ss_win\org.eclipse.equinox.launcher\org.eclipse.equinox.launcher.win32.win32.x86_64_1.2.1100.v20240722-2106;C:\Users\Gabriel Xavier\AppData\Local\Temp\jna-10447555

VM Arguments:
jvm_args: --add-modules=ALL-SYSTEM --add-opens=java.base/java.util=ALL-UNNAMED --add-opens=java.base/java.lang=ALL-UNNAMED --add-opens=java.base/sun.nio.fs=ALL-UNNAMED -Declipse.application=org.eclipse.jdt.ls.core.id1 -Dosgi.bundles.defaultStartLevel=4 -Declipse.product=org.eclipse.jdt.ls.core.product -Djava.import.generatesMetadataFilesAtProjectRoot=false -DDetectVMInstallationsJob.disabled=true -Dfile.encoding=utf8 -XX:+UseParallelGC -XX:GCTimeRatio=4 -XX:AdaptiveSizePolicyWeight=90 -Dsun.zip.disableMemoryMapping=true -Xmx1G -Xms100m -Xlog:disable -javaagent:c:\Users\Gabriel Xavier\.vscode\extensions\redhat.java-1.34.0-win32-x64\lombok\lombok-1.18.33.jar 
java_command: c:\Users\Gabriel Xavier\.vscode\extensions\redhat.java-1.34.0-win32-x64\server\plugins\org.eclipse.equinox.launcher_1.6.900.v20240613-2009.jar -configuration c:\Users\Gabriel Xavier\AppData\Roaming\Code\User\globalStorage\redhat.java\1.34.0\config_ss_win -data c:\Users\Gabriel Xavier\AppData\Roaming\Code\User\workspaceStorage\e68179cb3c92c60f0e332852b17ad7ea\redhat.java\ss_ws --pipe=\\.\pipe\lsp-8dde03168166aaab5bf3e8c5ccd5fe86-sock
java_class_path (initial): c:\Users\Gabriel Xavier\.vscode\extensions\redhat.java-1.34.0-win32-x64\server\plugins\org.eclipse.equinox.launcher_1.6.900.v20240613-2009.jar
Launcher Type: SUN_STANDARD

[Global flags]
    uintx AdaptiveSizePolicyWeight                 = 90                                        {product} {command line}
     intx CICompilerCount                          = 4                                         {product} {ergonomic}
    uintx GCTimeRatio                              = 4                                         {product} {command line}
   size_t InitialHeapSize                          = 104857600                                 {product} {command line}
   size_t MaxHeapSize                              = 1073741824                                {product} {command line}
   size_t MaxNewSize                               = 357564416                                 {product} {ergonomic}
   size_t MinHeapDeltaBytes                        = 524288                                    {product} {ergonomic}
   size_t MinHeapSize                              = 104857600                                 {product} {command line}
   size_t NewSize                                  = 34603008                                  {product} {ergonomic}
    uintx NonNMethodCodeHeapSize                   = 5839372                                {pd product} {ergonomic}
    uintx NonProfiledCodeHeapSize                  = 122909434                              {pd product} {ergonomic}
   size_t OldSize                                  = 70254592                                  {product} {ergonomic}
    uintx ProfiledCodeHeapSize                     = 122909434                              {pd product} {ergonomic}
    uintx ReservedCodeCacheSize                    = 251658240                              {pd product} {ergonomic}
     bool SegmentedCodeCache                       = true                                      {product} {ergonomic}
   size_t SoftMaxHeapSize                          = 1073741824                             {manageable} {ergonomic}
     bool UseCompressedClassPointers               = true                           {product lp64_product} {ergonomic}
     bool UseCompressedOops                        = true                           {product lp64_product} {ergonomic}
     bool UseLargePagesIndividualAllocation        = false                                  {pd product} {ergonomic}
     bool UseParallelGC                            = true                                      {product} {command line}

Logging:
Log output configuration:
 #0: stdout all=off uptime,level,tags
 #1: stderr all=off uptime,level,tags

Environment Variables:
JAVA_HOME=C:\Program Files\Java\zulu17.44.15-ca-jdk17.0.8-win_x64
PATH=C:\Users\Gabriel Xavier\bin;E:\Git\mingw64\bin;E:\Git\usr\local\bin;E:\Git\usr\bin;E:\Git\usr\bin;E:\Git\mingw64\bin;E:\Git\usr\bin;C:\Users\Gabriel Xavier\bin;C:\Program Files\Eclipse Adoptium\jdk-17.0.8.101-hotspot\bin;C:\Program Files\Java\zulu17.44.15-ca-jdk17.0.8-win_x64\bin;C:\Python311\Scripts;C:\Python311;C:\Program Files (x86)\Common Files\Oracle\Java\javapath;C:\Windows\system32;C:\Windows;C:\Windows\System32\Wbem;C:\Windows\System32\WindowsPowerShell\v1.0;C:\Windows\System32\OpenSSH;C:\Program Files\Microsoft SQL Server\Client SDK\ODBC\170\Tools\Binn;E:\Program Files (x86)\Microsoft SQL Server\150\Tools\Binn;C:\Program Files\Microsoft SQL Server\150\Tools\Binn;C:\Program Files\Microsoft SQL Server\150\DTS\Binn;C:\Program Files\Azure Data Studio\bin;C:\ProgramData\chocolatey\bin;C:\Program Files (x86)\Yarn\bin;E:\nodejs;E:\Git\cmd;E:\Ruby32-x64\bin;C:\Ruby32-x64\bin;C:\Program Files\MySQL\MySQL Shell 8.0\bin;C:\Users\Gabriel Xavier\AppData\Local\Microsoft\WindowsApps;E:\Microsoft VS Code\bin;C:\Program Files\Azure Data Studio\bin;C:\Users\Gabriel Xavier\AppData\Local\Yarn\bin;C:\Users\Gabriel Xavier\AppData\Roaming\npm;C:\Users\Gabriel Xavier\Downloads\apache-maven-3.9.6\bin;E:\Git\usr\bin\vendor_perl;E:\Git\usr\bin\core_perl
USERNAME=Gabriel Xavier
SHELL=E:\Git\usr\bin\bash.exe
DISPLAY=needs-to-be-defined
LC_CTYPE=pt_BR.UTF-8
TERM=xterm
TMPDIR=C:\Users\GABRIE~1\AppData\Local\Temp
OS=Windows_NT
PROCESSOR_IDENTIFIER=Intel64 Family 6 Model 142 Stepping 10, GenuineIntel
TMP=C:\Users\GABRIE~1\AppData\Local\Temp
TEMP=C:\Users\GABRIE~1\AppData\Local\Temp



Periodic native trim disabled


---------------  S Y S T E M  ---------------

OS:
 Windows 10 , 64 bit Build 19041 (10.0.19041.4717)
OS uptime: 24 days 18:52 hours
Hyper-V role detected

CPU: total 8 (initial active 8) (4 cores per cpu, 2 threads per core) family 6 model 142 stepping 10 microcode 0xd6, cx8, cmov, fxsr, ht, mmx, 3dnowpref, sse, sse2, sse3, ssse3, sse4.1, sse4.2, popcnt, lzcnt, tsc, tscinvbit, avx, avx2, aes, erms, clmul, bmi1, bmi2, adx, fma, vzeroupper, clflush, clflushopt, hv
Processor Information for all 8 processors :
  Max Mhz: 1992, Current Mhz: 1792, Mhz Limit: 1792

Memory: 4k page, system-wide physical 8056M (385M free)
TotalPageFile size 22286M (AvailPageFile size 191M)
current process WorkingSet (physical memory assigned to process): 132M, peak: 149M
current process commit charge ("private bytes"): 237M, peak: 254M

vm_info: OpenJDK 64-Bit Server VM (17.0.12+7) for windows-amd64 JRE (17.0.12+7), built on Jul 16 2024 22:08:24 by "admin" with MS VC++ 16.10 / 16.11 (VS2019)

END.
