#
# There is insufficient memory for the Java Runtime Environment to continue.
# Native memory allocation (malloc) failed to allocate 41296 bytes for Chunk::new
# Possible reasons:
#   The system is out of physical RAM or swap space
#   The process is running with CompressedOops enabled, and the Java Heap may be blocking the growth of the native heap
# Possible solutions:
#   Reduce memory load on the system
#   Increase physical memory or swap space
#   Check if swap backing store is full
#   Decrease Java heap size (-Xmx/-Xms)
#   Decrease number of Java threads
#   Decrease Java thread stack sizes (-Xss)
#   Set larger code cache with -XX:ReservedCodeCacheSize=
#   JVM is running with Unscaled Compressed Oops mode in which the Java heap is
#     placed in the first 4GB address space. The Java Heap base address is the
#     maximum limit for the native heap growth. Please use -XX:HeapBaseMinAddress
#     to set the Java Heap base and to place the Java Heap above 4GB virtual address.
# This output file may be truncated or incomplete.
#
#  Out of Memory Error (arena.cpp:189), pid=23040, tid=3696
#
# JRE version: OpenJDK Runtime Environment Zulu17.44+15-CA (17.0.8+7) (build 17.0.8+7-LTS)
# Java VM: OpenJDK 64-Bit Server VM Zulu17.44+15-CA (17.0.8+7-LTS, mixed mode, sharing, tiered, compressed oops, compressed class ptrs, g1 gc, windows-amd64)
# No core dump will be written. Minidumps are not enabled by default on client versions of Windows
#

---------------  S U M M A R Y ------------

Command Line: -Dclassworlds.conf=C:\Users\Gabriel Xavier\Downloads\apache-maven-3.9.6\bin\m2.conf -Dmaven.home=C:\Users\Gabriel Xavier\Downloads\apache-maven-3.9.6 -Dlibrary.jansi.path=C:\Users\Gabriel Xavier\Downloads\apache-maven-3.9.6\lib\jansi-native -Dmaven.multiModuleProjectDirectory=E:\IFPB\juliana-ifpb\iot org.codehaus.plexus.classworlds.launcher.Launcher clean install

Host: Intel(R) Core(TM) i7-8550U CPU @ 1.80GHz, 8 cores, 7G,  Windows 10 , 64 bit Build 19041 (10.0.19041.4842)
Time: Sat Sep 28 20:52:09 2024 Hora oficial do Brasil elapsed time: 19.355502 seconds (0d 0h 0m 19s)

---------------  T H R E A D  ---------------

Current thread (0x000002c2660106a0):  JavaThread "C2 CompilerThread2" daemon [_thread_in_native, id=3696, stack(0x000000f3d8700000,0x000000f3d8800000)]


Current CompileTask:
C2:  19355 9444       4       sun.nio.cs.UTF_8$Decoder::decodeArrayLoop (688 bytes)

Stack: [0x000000f3d8700000,0x000000f3d8800000]
Native frames: (J=compiled Java code, j=interpreted, Vv=VM code, C=native code)
V  [jvm.dll+0x67e01a]
V  [jvm.dll+0x83be54]
V  [jvm.dll+0x83d5fe]
V  [jvm.dll+0x83dc63]
V  [jvm.dll+0x24b18f]
V  [jvm.dll+0xac3ac]
V  [jvm.dll+0xac97c]
V  [jvm.dll+0x568079]
V  [jvm.dll+0x333cf0]
V  [jvm.dll+0x33316a]
V  [jvm.dll+0x21a141]
V  [jvm.dll+0x219561]
V  [jvm.dll+0x1a576d]
V  [jvm.dll+0x229259]
V  [jvm.dll+0x22729c]
V  [jvm.dll+0x7f1b4c]
V  [jvm.dll+0x7ebf6a]
V  [jvm.dll+0x67ce65]
C  [ucrtbase.dll+0x21bb2]
C  [KERNEL32.DLL+0x17374]
C  [ntdll.dll+0x4cc91]


---------------  P R O C E S S  ---------------

Threads class SMR info:
_java_thread_list=0x000002c2686c09f0, length=14, elements={
0x000002c27efddfd0, 0x000002c21f5d5440, 0x000002c21f5d62c0, 0x000002c21f5eed90,
0x000002c21f5f1670, 0x000002c21f5f3040, 0x000002c21f5f41a0, 0x000002c21f5f9380,
0x000002c21f5fa5d0, 0x000002c21f5ff7c0, 0x000002c21f84b9a0, 0x000002c21f86d730,
0x000002c2688d1250, 0x000002c2660106a0
}

Java Threads: ( => current thread )
  0x000002c27efddfd0 JavaThread "main" [_thread_in_native, id=5812, stack(0x000000f3d6b00000,0x000000f3d6c00000)]
  0x000002c21f5d5440 JavaThread "Reference Handler" daemon [_thread_blocked, id=18628, stack(0x000000f3d7200000,0x000000f3d7300000)]
  0x000002c21f5d62c0 JavaThread "Finalizer" daemon [_thread_blocked, id=19348, stack(0x000000f3d7300000,0x000000f3d7400000)]
  0x000002c21f5eed90 JavaThread "Signal Dispatcher" daemon [_thread_blocked, id=21344, stack(0x000000f3d7400000,0x000000f3d7500000)]
  0x000002c21f5f1670 JavaThread "Attach Listener" daemon [_thread_blocked, id=18908, stack(0x000000f3d7500000,0x000000f3d7600000)]
  0x000002c21f5f3040 JavaThread "Service Thread" daemon [_thread_blocked, id=18948, stack(0x000000f3d7600000,0x000000f3d7700000)]
  0x000002c21f5f41a0 JavaThread "Monitor Deflation Thread" daemon [_thread_blocked, id=5852, stack(0x000000f3d7700000,0x000000f3d7800000)]
  0x000002c21f5f9380 JavaThread "C2 CompilerThread0" daemon [_thread_in_native, id=22392, stack(0x000000f3d7800000,0x000000f3d7900000)]
  0x000002c21f5fa5d0 JavaThread "C1 CompilerThread0" daemon [_thread_blocked, id=19128, stack(0x000000f3d7900000,0x000000f3d7a00000)]
  0x000002c21f5ff7c0 JavaThread "Sweeper thread" daemon [_thread_blocked, id=13828, stack(0x000000f3d7a00000,0x000000f3d7b00000)]
  0x000002c21f84b9a0 JavaThread "Notification Thread" daemon [_thread_blocked, id=21712, stack(0x000000f3d7b00000,0x000000f3d7c00000)]
  0x000002c21f86d730 JavaThread "Common-Cleaner" daemon [_thread_blocked, id=20672, stack(0x000000f3d7d00000,0x000000f3d7e00000)]
  0x000002c2688d1250 JavaThread "C2 CompilerThread1" daemon [_thread_in_native, id=16916, stack(0x000000f3d7f00000,0x000000f3d8000000)]
=>0x000002c2660106a0 JavaThread "C2 CompilerThread2" daemon [_thread_in_native, id=3696, stack(0x000000f3d8700000,0x000000f3d8800000)]

Other Threads:
  0x000002c21f5cd070 VMThread "VM Thread" [stack: 0x000000f3d7100000,0x000000f3d7200000] [id=12388]
  0x000002c21f86c6b0 WatcherThread [stack: 0x000000f3d7c00000,0x000000f3d7d00000] [id=1600]
  0x000002c27fd8bdf0 GCTaskThread "GC Thread#0" [stack: 0x000000f3d6c00000,0x000000f3d6d00000] [id=14012]
  0x000002c265653bc0 GCTaskThread "GC Thread#1" [stack: 0x000000f3d8000000,0x000000f3d8100000] [id=13636]
  0x000002c21f8903d0 GCTaskThread "GC Thread#2" [stack: 0x000000f3d8100000,0x000000f3d8200000] [id=17456]
  0x000002c2657e9440 GCTaskThread "GC Thread#3" [stack: 0x000000f3d8200000,0x000000f3d8300000] [id=15716]
  0x000002c2654741f0 GCTaskThread "GC Thread#4" [stack: 0x000000f3d8300000,0x000000f3d8400000] [id=15744]
  0x000002c2654744b0 GCTaskThread "GC Thread#5" [stack: 0x000000f3d8400000,0x000000f3d8500000] [id=23588]
  0x000002c265651520 GCTaskThread "GC Thread#6" [stack: 0x000000f3d8500000,0x000000f3d8600000] [id=21864]
  0x000002c2656517e0 GCTaskThread "GC Thread#7" [stack: 0x000000f3d8600000,0x000000f3d8700000] [id=13872]
  0x000002c27fd9c940 ConcurrentGCThread "G1 Main Marker" [stack: 0x000000f3d6d00000,0x000000f3d6e00000] [id=13880]
  0x000002c27fd9db00 ConcurrentGCThread "G1 Conc#0" [stack: 0x000000f3d6e00000,0x000000f3d6f00000] [id=2424]
  0x000002c265e2cb50 ConcurrentGCThread "G1 Conc#1" [stack: 0x000000f3d7e00000,0x000000f3d7f00000] [id=17988]
  0x000002c27fdee5e0 ConcurrentGCThread "G1 Refine#0" [stack: 0x000000f3d6f00000,0x000000f3d7000000] [id=11536]
  0x000002c265e60aa0 ConcurrentGCThread "G1 Refine#1" [stack: 0x000000f3d8800000,0x000000f3d8900000] [id=7436]
  0x000002c267ab8010 ConcurrentGCThread "G1 Refine#2" [stack: 0x000000f3d8900000,0x000000f3d8a00000] [id=13956]
  0x000002c21f488250 ConcurrentGCThread "G1 Service" [stack: 0x000000f3d7000000,0x000000f3d7100000] [id=11424]

Threads with active compile tasks:
C2 CompilerThread0    19438 9442 % !   4       java.util.jar.Attributes::read @ 214 (494 bytes)
C2 CompilerThread1    19438 9454       4       java.lang.StringBuilder::append (9 bytes)
C2 CompilerThread2    19438 9444       4       sun.nio.cs.UTF_8$Decoder::decodeArrayLoop (688 bytes)

VM state: not at safepoint (normal execution)

VM Mutex/Monitor currently owned by a thread: None

OutOfMemory and StackOverflow Exception counts:
OutOfMemoryError java_heap_errors=1
LinkageErrors=48

Heap address: 0x0000000082000000, size: 2016 MB, Compressed Oops mode: 32-bit

CDS archive(s) mapped at: [0x000002c220000000-0x000002c220c00000-0x000002c220c00000), size 12582912, SharedBaseAddress: 0x000002c220000000, ArchiveRelocationMode: 1.
Compressed class space mapped at: 0x000002c221000000-0x000002c261000000, reserved size: 1073741824
Narrow klass base: 0x000002c220000000, Narrow klass shift: 0, Narrow klass range: 0x100000000

GC Precious Log:
 CPUs: 8 total, 8 available
 Memory: 8056M
 Large Page Support: Disabled
 NUMA Support: Disabled
 Compressed Oops: Enabled (32-bit)
 Heap Region Size: 1M
 Heap Min Capacity: 8M
 Heap Initial Capacity: 126M
 Heap Max Capacity: 2016M
 Pre-touch: Disabled
 Parallel Workers: 8
 Concurrent Workers: 2
 Concurrent Refinement Workers: 8
 Periodic GC: Disabled

Heap:
 garbage-first heap   total 156672K, used 57618K [0x0000000082000000, 0x0000000100000000)
  region size 1024K, 12 young (12288K), 7 survivors (7168K)
 Metaspace       used 37352K, committed 37760K, reserved 1114112K
  class space    used 4267K, committed 4480K, reserved 1048576K

Heap Regions: E=young(eden), S=young(survivor), O=old, HS=humongous(starts), HC=humongous(continues), CS=collection set, F=free, OA=open archive, CA=closed archive, TAMS=top-at-mark-start (previous, next)
|   0|0x0000000082000000, 0x0000000082100000, 0x0000000082100000|100%| O|  |TAMS 0x0000000082100000, 0x0000000082000000| Untracked 
|   1|0x0000000082100000, 0x0000000082200000, 0x0000000082200000|100%| O|  |TAMS 0x0000000082200000, 0x0000000082100000| Untracked 
|   2|0x0000000082200000, 0x0000000082300000, 0x0000000082300000|100%| O|  |TAMS 0x0000000082300000, 0x0000000082200000| Untracked 
|   3|0x0000000082300000, 0x0000000082400000, 0x0000000082400000|100%| O|  |TAMS 0x0000000082400000, 0x0000000082300000| Untracked 
|   4|0x0000000082400000, 0x0000000082500000, 0x0000000082500000|100%| O|  |TAMS 0x0000000082500000, 0x0000000082400000| Untracked 
|   5|0x0000000082500000, 0x0000000082600000, 0x0000000082600000|100%| O|  |TAMS 0x0000000082600000, 0x0000000082500000| Untracked 
|   6|0x0000000082600000, 0x0000000082700000, 0x0000000082700000|100%| O|  |TAMS 0x0000000082700000, 0x0000000082600000| Untracked 
|   7|0x0000000082700000, 0x0000000082800000, 0x0000000082800000|100%| O|  |TAMS 0x0000000082800000, 0x0000000082700000| Untracked 
|   8|0x0000000082800000, 0x0000000082900000, 0x0000000082900000|100%| O|  |TAMS 0x0000000082900000, 0x0000000082800000| Untracked 
|   9|0x0000000082900000, 0x0000000082a00000, 0x0000000082a00000|100%| O|  |TAMS 0x0000000082a00000, 0x0000000082900000| Untracked 
|  10|0x0000000082a00000, 0x0000000082b00000, 0x0000000082b00000|100%| O|  |TAMS 0x0000000082b00000, 0x0000000082a00000| Untracked 
|  11|0x0000000082b00000, 0x0000000082c00000, 0x0000000082c00000|100%| O|  |TAMS 0x0000000082c00000, 0x0000000082b00000| Untracked 
|  12|0x0000000082c00000, 0x0000000082c00000, 0x0000000082d00000|  0%| F|  |TAMS 0x0000000082c00000, 0x0000000082c00000| Untracked 
|  13|0x0000000082d00000, 0x0000000082e00000, 0x0000000082e00000|100%|HS|  |TAMS 0x0000000082e00000, 0x0000000082d00000| Complete 
|  14|0x0000000082e00000, 0x0000000082f00000, 0x0000000082f00000|100%| O|  |TAMS 0x0000000082f00000, 0x0000000082e00000| Untracked 
|  15|0x0000000082f00000, 0x0000000083000000, 0x0000000083000000|100%| O|  |TAMS 0x0000000083000000, 0x0000000082f00000| Untracked 
|  16|0x0000000083000000, 0x0000000083100000, 0x0000000083100000|100%| O|  |TAMS 0x0000000083100000, 0x0000000083000000| Untracked 
|  17|0x0000000083100000, 0x0000000083200000, 0x0000000083200000|100%| O|  |TAMS 0x0000000083200000, 0x0000000083100000| Untracked 
|  18|0x0000000083200000, 0x0000000083300000, 0x0000000083300000|100%| O|  |TAMS 0x0000000083300000, 0x0000000083200000| Untracked 
|  19|0x0000000083300000, 0x0000000083400000, 0x0000000083400000|100%| O|  |TAMS 0x0000000083400000, 0x0000000083300000| Untracked 
|  20|0x0000000083400000, 0x0000000083500000, 0x0000000083500000|100%| O|  |TAMS 0x0000000083500000, 0x0000000083400000| Untracked 
|  21|0x0000000083500000, 0x0000000083600000, 0x0000000083600000|100%| O|  |TAMS 0x0000000083600000, 0x0000000083500000| Untracked 
|  22|0x0000000083600000, 0x0000000083700000, 0x0000000083700000|100%| O|  |TAMS 0x0000000083700000, 0x0000000083600000| Untracked 
|  23|0x0000000083700000, 0x0000000083800000, 0x0000000083800000|100%| O|  |TAMS 0x0000000083800000, 0x0000000083700000| Untracked 
|  24|0x0000000083800000, 0x0000000083900000, 0x0000000083900000|100%| O|  |TAMS 0x0000000083900000, 0x0000000083800000| Untracked 
|  25|0x0000000083900000, 0x0000000083a00000, 0x0000000083a00000|100%| O|  |TAMS 0x0000000083a00000, 0x0000000083900000| Untracked 
|  26|0x0000000083a00000, 0x0000000083b00000, 0x0000000083b00000|100%| O|  |TAMS 0x0000000083b00000, 0x0000000083a00000| Untracked 
|  27|0x0000000083b00000, 0x0000000083c00000, 0x0000000083c00000|100%| O|  |TAMS 0x0000000083c00000, 0x0000000083b00000| Untracked 
|  28|0x0000000083c00000, 0x0000000083d00000, 0x0000000083d00000|100%| O|  |TAMS 0x0000000083d00000, 0x0000000083c00000| Untracked 
|  29|0x0000000083d00000, 0x0000000083e00000, 0x0000000083e00000|100%| O|  |TAMS 0x0000000083e00000, 0x0000000083d00000| Untracked 
|  30|0x0000000083e00000, 0x0000000083f00000, 0x0000000083f00000|100%| O|  |TAMS 0x0000000083f00000, 0x0000000083e00000| Untracked 
|  31|0x0000000083f00000, 0x0000000084000000, 0x0000000084000000|100%| O|  |TAMS 0x0000000084000000, 0x0000000083f00000| Untracked 
|  32|0x0000000084000000, 0x0000000084000000, 0x0000000084100000|  0%| F|  |TAMS 0x0000000084000000, 0x0000000084000000| Untracked 
|  33|0x0000000084100000, 0x0000000084200000, 0x0000000084200000|100%| O|  |TAMS 0x0000000084200000, 0x0000000084100000| Untracked 
|  34|0x0000000084200000, 0x0000000084300000, 0x0000000084300000|100%| O|  |TAMS 0x0000000084261a00, 0x0000000084200000| Untracked 
|  35|0x0000000084300000, 0x0000000084400000, 0x0000000084400000|100%| O|  |TAMS 0x0000000084300000, 0x0000000084300000| Untracked 
|  36|0x0000000084400000, 0x0000000084500000, 0x0000000084500000|100%| O|  |TAMS 0x0000000084400000, 0x0000000084400000| Untracked 
|  37|0x0000000084500000, 0x0000000084600000, 0x0000000084600000|100%|HS|  |TAMS 0x0000000084500000, 0x0000000084500000| Complete 
|  38|0x0000000084600000, 0x0000000084700000, 0x0000000084700000|100%|HC|  |TAMS 0x0000000084600000, 0x0000000084600000| Complete 
|  39|0x0000000084700000, 0x0000000084800000, 0x0000000084800000|100%|HS|  |TAMS 0x0000000084700000, 0x0000000084700000| Complete 
|  40|0x0000000084800000, 0x0000000084900000, 0x0000000084900000|100%| O|  |TAMS 0x0000000084800000, 0x0000000084800000| Untracked 
|  41|0x0000000084900000, 0x0000000084a00000, 0x0000000084a00000|100%| O|  |TAMS 0x0000000084900000, 0x0000000084900000| Untracked 
|  42|0x0000000084a00000, 0x0000000084a8ce00, 0x0000000084b00000| 55%| O|  |TAMS 0x0000000084a00000, 0x0000000084a00000| Untracked 
|  43|0x0000000084b00000, 0x0000000084b00000, 0x0000000084c00000|  0%| F|  |TAMS 0x0000000084b00000, 0x0000000084b00000| Untracked 
|  44|0x0000000084c00000, 0x0000000084c00000, 0x0000000084d00000|  0%| F|  |TAMS 0x0000000084c00000, 0x0000000084c00000| Untracked 
|  45|0x0000000084d00000, 0x0000000084d00000, 0x0000000084e00000|  0%| F|  |TAMS 0x0000000084d00000, 0x0000000084d00000| Untracked 
|  46|0x0000000084e00000, 0x0000000084e00000, 0x0000000084f00000|  0%| F|  |TAMS 0x0000000084e00000, 0x0000000084e00000| Untracked 
|  47|0x0000000084f00000, 0x0000000084f00000, 0x0000000085000000|  0%| F|  |TAMS 0x0000000084f00000, 0x0000000084f00000| Untracked 
|  48|0x0000000085000000, 0x0000000085000000, 0x0000000085100000|  0%| F|  |TAMS 0x0000000085000000, 0x0000000085000000| Untracked 
|  49|0x0000000085100000, 0x0000000085100000, 0x0000000085200000|  0%| F|  |TAMS 0x0000000085100000, 0x0000000085100000| Untracked 
|  50|0x0000000085200000, 0x0000000085200000, 0x0000000085300000|  0%| F|  |TAMS 0x0000000085200000, 0x0000000085200000| Untracked 
|  51|0x0000000085300000, 0x0000000085300000, 0x0000000085400000|  0%| F|  |TAMS 0x0000000085300000, 0x0000000085300000| Untracked 
|  52|0x0000000085400000, 0x0000000085400000, 0x0000000085500000|  0%| F|  |TAMS 0x0000000085400000, 0x0000000085400000| Untracked 
|  53|0x0000000085500000, 0x0000000085500000, 0x0000000085600000|  0%| F|  |TAMS 0x0000000085500000, 0x0000000085500000| Untracked 
|  54|0x0000000085600000, 0x0000000085600000, 0x0000000085700000|  0%| F|  |TAMS 0x0000000085600000, 0x0000000085600000| Untracked 
|  55|0x0000000085700000, 0x0000000085700000, 0x0000000085800000|  0%| F|  |TAMS 0x0000000085700000, 0x0000000085700000| Untracked 
|  56|0x0000000085800000, 0x0000000085800000, 0x0000000085900000|  0%| F|  |TAMS 0x0000000085800000, 0x0000000085800000| Untracked 
|  57|0x0000000085900000, 0x0000000085900000, 0x0000000085a00000|  0%| F|  |TAMS 0x0000000085900000, 0x0000000085900000| Untracked 
|  58|0x0000000085a00000, 0x0000000085a00000, 0x0000000085b00000|  0%| F|  |TAMS 0x0000000085a00000, 0x0000000085a00000| Untracked 
|  59|0x0000000085b00000, 0x0000000085b00000, 0x0000000085c00000|  0%| F|  |TAMS 0x0000000085b00000, 0x0000000085b00000| Untracked 
|  60|0x0000000085c00000, 0x0000000085c00000, 0x0000000085d00000|  0%| F|  |TAMS 0x0000000085c00000, 0x0000000085c00000| Untracked 
|  61|0x0000000085d00000, 0x0000000085d00000, 0x0000000085e00000|  0%| F|  |TAMS 0x0000000085d00000, 0x0000000085d00000| Untracked 
|  62|0x0000000085e00000, 0x0000000085e00000, 0x0000000085f00000|  0%| F|  |TAMS 0x0000000085e00000, 0x0000000085e00000| Untracked 
|  63|0x0000000085f00000, 0x0000000085f00000, 0x0000000086000000|  0%| F|  |TAMS 0x0000000085f00000, 0x0000000085f00000| Untracked 
|  64|0x0000000086000000, 0x0000000086000000, 0x0000000086100000|  0%| F|  |TAMS 0x0000000086000000, 0x0000000086000000| Untracked 
|  65|0x0000000086100000, 0x0000000086100000, 0x0000000086200000|  0%| F|  |TAMS 0x0000000086100000, 0x0000000086100000| Untracked 
|  66|0x0000000086200000, 0x0000000086200000, 0x0000000086300000|  0%| F|  |TAMS 0x0000000086200000, 0x0000000086200000| Untracked 
|  67|0x0000000086300000, 0x0000000086300000, 0x0000000086400000|  0%| F|  |TAMS 0x0000000086300000, 0x0000000086300000| Untracked 
|  68|0x0000000086400000, 0x0000000086400000, 0x0000000086500000|  0%| F|  |TAMS 0x0000000086400000, 0x0000000086400000| Untracked 
|  69|0x0000000086500000, 0x0000000086500000, 0x0000000086600000|  0%| F|  |TAMS 0x0000000086500000, 0x0000000086500000| Untracked 
|  70|0x0000000086600000, 0x0000000086600000, 0x0000000086700000|  0%| F|  |TAMS 0x0000000086600000, 0x0000000086600000| Untracked 
|  71|0x0000000086700000, 0x00000000867b7b70, 0x0000000086800000| 71%| S|CS|TAMS 0x0000000086700000, 0x0000000086700000| Complete 
|  72|0x0000000086800000, 0x0000000086900000, 0x0000000086900000|100%| S|CS|TAMS 0x0000000086800000, 0x0000000086800000| Complete 
|  73|0x0000000086900000, 0x0000000086a00000, 0x0000000086a00000|100%| S|CS|TAMS 0x0000000086900000, 0x0000000086900000| Complete 
|  74|0x0000000086a00000, 0x0000000086b00000, 0x0000000086b00000|100%| S|CS|TAMS 0x0000000086a00000, 0x0000000086a00000| Complete 
|  75|0x0000000086b00000, 0x0000000086b00000, 0x0000000086c00000|  0%| F|  |TAMS 0x0000000086b00000, 0x0000000086b00000| Untracked 
|  76|0x0000000086c00000, 0x0000000086c00000, 0x0000000086d00000|  0%| F|  |TAMS 0x0000000086c00000, 0x0000000086c00000| Untracked 
|  77|0x0000000086d00000, 0x0000000086d00000, 0x0000000086e00000|  0%| F|  |TAMS 0x0000000086d00000, 0x0000000086d00000| Untracked 
|  78|0x0000000086e00000, 0x0000000086e00000, 0x0000000086f00000|  0%| F|  |TAMS 0x0000000086e00000, 0x0000000086e00000| Untracked 
|  79|0x0000000086f00000, 0x0000000086f00000, 0x0000000087000000|  0%| F|  |TAMS 0x0000000086f00000, 0x0000000086f00000| Untracked 
|  80|0x0000000087000000, 0x0000000087000000, 0x0000000087100000|  0%| F|  |TAMS 0x0000000087000000, 0x0000000087000000| Untracked 
|  81|0x0000000087100000, 0x0000000087100000, 0x0000000087200000|  0%| F|  |TAMS 0x0000000087100000, 0x0000000087100000| Untracked 
|  82|0x0000000087200000, 0x0000000087300000, 0x0000000087300000|100%| S|CS|TAMS 0x0000000087200000, 0x0000000087200000| Complete 
|  83|0x0000000087300000, 0x0000000087400000, 0x0000000087400000|100%| S|CS|TAMS 0x0000000087300000, 0x0000000087300000| Complete 
|  84|0x0000000087400000, 0x0000000087500000, 0x0000000087500000|100%| S|CS|TAMS 0x0000000087400000, 0x0000000087400000| Complete 
|  85|0x0000000087500000, 0x0000000087500000, 0x0000000087600000|  0%| F|  |TAMS 0x0000000087500000, 0x0000000087500000| Untracked 
|  86|0x0000000087600000, 0x0000000087600000, 0x0000000087700000|  0%| F|  |TAMS 0x0000000087600000, 0x0000000087600000| Untracked 
|  87|0x0000000087700000, 0x0000000087700000, 0x0000000087800000|  0%| F|  |TAMS 0x0000000087700000, 0x0000000087700000| Untracked 
|  88|0x0000000087800000, 0x0000000087800000, 0x0000000087900000|  0%| F|  |TAMS 0x0000000087800000, 0x0000000087800000| Untracked 
|  89|0x0000000087900000, 0x0000000087900000, 0x0000000087a00000|  0%| F|  |TAMS 0x0000000087900000, 0x0000000087900000| Untracked 
|  90|0x0000000087a00000, 0x0000000087a00000, 0x0000000087b00000|  0%| F|  |TAMS 0x0000000087a00000, 0x0000000087a00000| Untracked 
|  91|0x0000000087b00000, 0x0000000087b00000, 0x0000000087c00000|  0%| F|  |TAMS 0x0000000087b00000, 0x0000000087b00000| Untracked 
|  92|0x0000000087c00000, 0x0000000087c00000, 0x0000000087d00000|  0%| F|  |TAMS 0x0000000087c00000, 0x0000000087c00000| Untracked 
|  93|0x0000000087d00000, 0x0000000087d00000, 0x0000000087e00000|  0%| F|  |TAMS 0x0000000087d00000, 0x0000000087d00000| Untracked 
|  94|0x0000000087e00000, 0x0000000087e00000, 0x0000000087f00000|  0%| F|  |TAMS 0x0000000087e00000, 0x0000000087e00000| Untracked 
|  95|0x0000000087f00000, 0x0000000087f00000, 0x0000000088000000|  0%| F|  |TAMS 0x0000000087f00000, 0x0000000087f00000| Untracked 
|  96|0x0000000088000000, 0x0000000088000000, 0x0000000088100000|  0%| F|  |TAMS 0x0000000088000000, 0x0000000088000000| Untracked 
|  97|0x0000000088100000, 0x0000000088100000, 0x0000000088200000|  0%| F|  |TAMS 0x0000000088100000, 0x0000000088100000| Untracked 
|  98|0x0000000088200000, 0x0000000088200000, 0x0000000088300000|  0%| F|  |TAMS 0x0000000088200000, 0x0000000088200000| Untracked 
|  99|0x0000000088300000, 0x0000000088300000, 0x0000000088400000|  0%| F|  |TAMS 0x0000000088300000, 0x0000000088300000| Untracked 
| 100|0x0000000088400000, 0x0000000088400000, 0x0000000088500000|  0%| F|  |TAMS 0x0000000088400000, 0x0000000088400000| Untracked 
| 101|0x0000000088500000, 0x0000000088500000, 0x0000000088600000|  0%| F|  |TAMS 0x0000000088500000, 0x0000000088500000| Untracked 
| 102|0x0000000088600000, 0x0000000088600000, 0x0000000088700000|  0%| F|  |TAMS 0x0000000088600000, 0x0000000088600000| Untracked 
| 103|0x0000000088700000, 0x0000000088700000, 0x0000000088800000|  0%| F|  |TAMS 0x0000000088700000, 0x0000000088700000| Untracked 
| 104|0x0000000088800000, 0x0000000088800000, 0x0000000088900000|  0%| F|  |TAMS 0x0000000088800000, 0x0000000088800000| Untracked 
| 105|0x0000000088900000, 0x0000000088900000, 0x0000000088a00000|  0%| F|  |TAMS 0x0000000088900000, 0x0000000088900000| Untracked 
| 106|0x0000000088a00000, 0x0000000088a00000, 0x0000000088b00000|  0%| F|  |TAMS 0x0000000088a00000, 0x0000000088a00000| Untracked 
| 107|0x0000000088b00000, 0x0000000088b00000, 0x0000000088c00000|  0%| F|  |TAMS 0x0000000088b00000, 0x0000000088b00000| Untracked 
| 108|0x0000000088c00000, 0x0000000088c00000, 0x0000000088d00000|  0%| F|  |TAMS 0x0000000088c00000, 0x0000000088c00000| Untracked 
| 109|0x0000000088d00000, 0x0000000088d00000, 0x0000000088e00000|  0%| F|  |TAMS 0x0000000088d00000, 0x0000000088d00000| Untracked 
| 110|0x0000000088e00000, 0x0000000088e00000, 0x0000000088f00000|  0%| F|  |TAMS 0x0000000088e00000, 0x0000000088e00000| Untracked 
| 111|0x0000000088f00000, 0x0000000088f00000, 0x0000000089000000|  0%| F|  |TAMS 0x0000000088f00000, 0x0000000088f00000| Untracked 
| 112|0x0000000089000000, 0x0000000089000000, 0x0000000089100000|  0%| F|  |TAMS 0x0000000089000000, 0x0000000089000000| Untracked 
| 113|0x0000000089100000, 0x0000000089100000, 0x0000000089200000|  0%| F|  |TAMS 0x0000000089100000, 0x0000000089100000| Untracked 
| 114|0x0000000089200000, 0x0000000089200000, 0x0000000089300000|  0%| F|  |TAMS 0x0000000089200000, 0x0000000089200000| Untracked 
| 115|0x0000000089300000, 0x0000000089300000, 0x0000000089400000|  0%| F|  |TAMS 0x0000000089300000, 0x0000000089300000| Untracked 
| 116|0x0000000089400000, 0x0000000089400000, 0x0000000089500000|  0%| F|  |TAMS 0x0000000089400000, 0x0000000089400000| Untracked 
| 117|0x0000000089500000, 0x0000000089500000, 0x0000000089600000|  0%| F|  |TAMS 0x0000000089500000, 0x0000000089500000| Untracked 
| 118|0x0000000089600000, 0x0000000089600000, 0x0000000089700000|  0%| F|  |TAMS 0x0000000089600000, 0x0000000089600000| Untracked 
| 119|0x0000000089700000, 0x0000000089700000, 0x0000000089800000|  0%| F|  |TAMS 0x0000000089700000, 0x0000000089700000| Untracked 
| 120|0x0000000089800000, 0x0000000089800000, 0x0000000089900000|  0%| F|  |TAMS 0x0000000089800000, 0x0000000089800000| Untracked 
| 121|0x0000000089900000, 0x0000000089900000, 0x0000000089a00000|  0%| F|  |TAMS 0x0000000089900000, 0x0000000089900000| Untracked 
| 122|0x0000000089a00000, 0x0000000089a00000, 0x0000000089b00000|  0%| F|  |TAMS 0x0000000089a00000, 0x0000000089a00000| Untracked 
| 123|0x0000000089b00000, 0x0000000089b00000, 0x0000000089c00000|  0%| F|  |TAMS 0x0000000089b00000, 0x0000000089b00000| Untracked 
| 124|0x0000000089c00000, 0x0000000089c00000, 0x0000000089d00000|  0%| F|  |TAMS 0x0000000089c00000, 0x0000000089c00000| Untracked 
| 125|0x0000000089d00000, 0x0000000089d00000, 0x0000000089e00000|  0%| F|  |TAMS 0x0000000089d00000, 0x0000000089d00000| Untracked 
| 126|0x0000000089e00000, 0x0000000089e00000, 0x0000000089f00000|  0%| F|  |TAMS 0x0000000089e00000, 0x0000000089e00000| Untracked 
| 127|0x0000000089f00000, 0x0000000089f00000, 0x000000008a000000|  0%| F|  |TAMS 0x0000000089f00000, 0x0000000089f00000| Untracked 
| 128|0x000000008a000000, 0x000000008a000000, 0x000000008a100000|  0%| F|  |TAMS 0x000000008a000000, 0x000000008a000000| Untracked 
| 129|0x000000008a100000, 0x000000008a100000, 0x000000008a200000|  0%| F|  |TAMS 0x000000008a100000, 0x000000008a100000| Untracked 
| 130|0x000000008a200000, 0x000000008a200000, 0x000000008a300000|  0%| F|  |TAMS 0x000000008a200000, 0x000000008a200000| Untracked 
| 131|0x000000008a300000, 0x000000008a300000, 0x000000008a400000|  0%| F|  |TAMS 0x000000008a300000, 0x000000008a300000| Untracked 
| 132|0x000000008a400000, 0x000000008a400000, 0x000000008a500000|  0%| F|  |TAMS 0x000000008a400000, 0x000000008a400000| Untracked 
| 133|0x000000008a500000, 0x000000008a500000, 0x000000008a600000|  0%| F|  |TAMS 0x000000008a500000, 0x000000008a500000| Untracked 
| 134|0x000000008a600000, 0x000000008a600000, 0x000000008a700000|  0%| F|  |TAMS 0x000000008a600000, 0x000000008a600000| Untracked 
| 135|0x000000008a700000, 0x000000008a700000, 0x000000008a800000|  0%| F|  |TAMS 0x000000008a700000, 0x000000008a700000| Untracked 
| 136|0x000000008a800000, 0x000000008a800000, 0x000000008a900000|  0%| F|  |TAMS 0x000000008a800000, 0x000000008a800000| Untracked 
| 137|0x000000008a900000, 0x000000008a900000, 0x000000008aa00000|  0%| F|  |TAMS 0x000000008a900000, 0x000000008a900000| Untracked 
| 138|0x000000008aa00000, 0x000000008aa00000, 0x000000008ab00000|  0%| F|  |TAMS 0x000000008aa00000, 0x000000008aa00000| Untracked 
| 139|0x000000008ab00000, 0x000000008ab00000, 0x000000008ac00000|  0%| F|  |TAMS 0x000000008ab00000, 0x000000008ab00000| Untracked 
| 140|0x000000008ac00000, 0x000000008ac00000, 0x000000008ad00000|  0%| F|  |TAMS 0x000000008ac00000, 0x000000008ac00000| Untracked 
| 141|0x000000008ad00000, 0x000000008ad00000, 0x000000008ae00000|  0%| F|  |TAMS 0x000000008ad00000, 0x000000008ad00000| Untracked 
| 142|0x000000008ae00000, 0x000000008ae9fc80, 0x000000008af00000| 62%| E|  |TAMS 0x000000008ae00000, 0x000000008ae00000| Complete 
| 143|0x000000008af00000, 0x000000008b000000, 0x000000008b000000|100%| E|  |TAMS 0x000000008af00000, 0x000000008af00000| Complete 
| 144|0x000000008b000000, 0x000000008b100000, 0x000000008b100000|100%| E|CS|TAMS 0x000000008b000000, 0x000000008b000000| Complete 
| 145|0x000000008b100000, 0x000000008b200000, 0x000000008b200000|100%| E|CS|TAMS 0x000000008b100000, 0x000000008b100000| Complete 
| 146|0x000000008b200000, 0x000000008b300000, 0x000000008b300000|100%| E|CS|TAMS 0x000000008b200000, 0x000000008b200000| Complete 
|2010|0x00000000ffa00000, 0x00000000ffb00000, 0x00000000ffb00000|100%| O|  |TAMS 0x00000000ffb00000, 0x00000000ffa00000| Untracked 
|2011|0x00000000ffb00000, 0x00000000ffc00000, 0x00000000ffc00000|100%| O|  |TAMS 0x00000000ffc00000, 0x00000000ffb00000| Untracked 
|2012|0x00000000ffc00000, 0x00000000ffd00000, 0x00000000ffd00000|100%| O|  |TAMS 0x00000000ffd00000, 0x00000000ffc00000| Untracked 
|2013|0x00000000ffd00000, 0x00000000ffe00000, 0x00000000ffe00000|100%| O|  |TAMS 0x00000000ffe00000, 0x00000000ffd00000| Untracked 
|2014|0x00000000ffe00000, 0x00000000fff00000, 0x00000000fff00000|100%| O|  |TAMS 0x00000000fff00000, 0x00000000ffe00000| Untracked 
|2015|0x00000000fff00000, 0x0000000100000000, 0x0000000100000000|100%| O|  |TAMS 0x0000000100000000, 0x00000000fff00000| Untracked 

Card table byte_map: [0x000002c2184f0000,0x000002c2188e0000] _byte_map_base: 0x000002c2180e0000

Marking Bits (Prev, Next): (CMBitMap*) 0x000002c27fd8c410, (CMBitMap*) 0x000002c27fd8c450
 Prev Bits: [0x000002c218cd0000, 0x000002c21ac50000)
 Next Bits: [0x000002c21ac50000, 0x000002c21cbd0000)

Polling page: 0x000002c27f4f0000

Metaspace:

Usage:
  Non-class:     32.31 MB used.
      Class:      4.17 MB used.
       Both:     36.48 MB used.

Virtual space:
  Non-class space:       64.00 MB reserved,      32.50 MB ( 51%) committed,  1 nodes.
      Class space:        1.00 GB reserved,       4.38 MB ( <1%) committed,  1 nodes.
             Both:        1.06 GB reserved,      36.88 MB (  3%) committed. 

Chunk freelists:
   Non-Class:  14.57 MB
       Class:  11.48 MB
        Both:  26.05 MB

MaxMetaspaceSize: unlimited
CompressedClassSpaceSize: 1.00 GB
Initial GC threshold: 21.00 MB
Current GC threshold: 46.06 MB
CDS: on
MetaspaceReclaimPolicy: balanced
 - commit_granule_bytes: 65536.
 - commit_granule_words: 8192.
 - virtual_space_node_default_size: 8388608.
 - enlarge_chunks_in_place: 1.
 - new_chunks_are_fully_committed: 0.
 - uncommit_free_chunks: 1.
 - use_allocation_guard: 0.
 - handle_deallocations: 1.


Internal statistics:

num_allocs_failed_limit: 6.
num_arena_births: 322.
num_arena_deaths: 0.
num_vsnodes_births: 2.
num_vsnodes_deaths: 0.
num_space_committed: 589.
num_space_uncommitted: 0.
num_chunks_returned_to_freelist: 6.
num_chunks_taken_from_freelist: 1688.
num_chunk_merges: 3.
num_chunk_splits: 1171.
num_chunks_enlarged: 878.
num_inconsistent_stats: 0.

CodeHeap 'non-profiled nmethods': size=120000Kb used=4900Kb max_used=5303Kb free=115099Kb
 bounds [0x000002c2109b0000, 0x000002c210ef0000, 0x000002c217ee0000]
CodeHeap 'profiled nmethods': size=120000Kb used=17295Kb max_used=17756Kb free=102704Kb
 bounds [0x000002c208ee0000, 0x000002c20a060000, 0x000002c210410000]
CodeHeap 'non-nmethods': size=5760Kb used=1250Kb max_used=1379Kb free=4509Kb
 bounds [0x000002c210410000, 0x000002c210680000, 0x000002c2109b0000]
 total_blobs=8390 nmethods=7828 adapters=474
 compilation: enabled
              stopped_count=0, restarted_count=0
 full_count=0

Compilation events (20 events):
Event: 19.167 Thread 0x000002c21f5fa5d0 9439       3       java.lang.RuntimeException::<init> (5 bytes)
Event: 19.168 Thread 0x000002c21f5fa5d0 nmethod 9439 0x000002c209b6d590 code [0x000002c209b6d760, 0x000002c209b6db88]
Event: 19.168 Thread 0x000002c2688d1250 nmethod 9428 0x000002c2109e8e10 code [0x000002c2109e8f80, 0x000002c2109e9118]
Event: 19.169 Thread 0x000002c2688d1250 9436       4       com.sun.tools.javac.code.Symbol::flatName (5 bytes)
Event: 19.170 Thread 0x000002c2688d1250 nmethod 9436 0x000002c210e49d90 code [0x000002c210e49f20, 0x000002c210e49fd8]
Event: 19.170 Thread 0x000002c2688d1250 9427 % !   4       sun.nio.fs.WindowsPath::initOffsets @ 50 (153 bytes)
Event: 19.243 Thread 0x000002c21f5f9380 nmethod 9419 0x000002c210ec0310 code [0x000002c210ec0540, 0x000002c210ec3030]
Event: 19.274 Thread 0x000002c21f5f9380 9442 % !   4       java.util.jar.Attributes::read @ 214 (494 bytes)
Event: 19.284 Thread 0x000002c2660106a0 nmethod 9417 0x000002c2109fd890 code [0x000002c2109fdba0, 0x000002c210a01820]
Event: 19.285 Thread 0x000002c2660106a0 9433       4       com.sun.tools.javac.code.Kinds$Kind::matches (9 bytes)
Event: 19.287 Thread 0x000002c2660106a0 nmethod 9433 0x000002c210c1ea90 code [0x000002c210c1ec00, 0x000002c210c1ecb8]
Event: 19.287 Thread 0x000002c2660106a0 9440       4       java.util.EnumMap::put (51 bytes)
Event: 19.291 Thread 0x000002c2688d1250 nmethod 9427% 0x000002c210dbe010 code [0x000002c210dbe200, 0x000002c210dbff38]
Event: 19.292 Thread 0x000002c2688d1250 9441       4       java.util.EnumMap::typeCheck (59 bytes)
Event: 19.294 Thread 0x000002c2660106a0 nmethod 9440 0x000002c210d28910 code [0x000002c210d28aa0, 0x000002c210d28d58]
Event: 19.294 Thread 0x000002c2688d1250 nmethod 9441 0x000002c2109fd590 code [0x000002c2109fd700, 0x000002c2109fd7f8]
Event: 19.300 Thread 0x000002c2688d1250 9443   !   4       java.util.zip.ZipFile$Source::readFullyAt (74 bytes)
Event: 19.301 Thread 0x000002c2660106a0 9444       4       sun.nio.cs.UTF_8$Decoder::decodeArrayLoop (688 bytes)
Event: 19.312 Thread 0x000002c2688d1250 nmethod 9443 0x000002c210ebf890 code [0x000002c210ebfa40, 0x000002c210ebff78]
Event: 19.335 Thread 0x000002c2688d1250 9445       4       java.lang.ref.Cleaner::register (25 bytes)

GC Heap History (20 events):
Event: 7.232 GC heap before
{Heap before GC invocations=4 (full 0):
 garbage-first heap   total 129024K, used 47265K [0x0000000082000000, 0x0000000100000000)
  region size 1024K, 35 young (35840K), 5 survivors (5120K)
 Metaspace       used 21251K, committed 21504K, reserved 1114112K
  class space    used 2467K, committed 2560K, reserved 1048576K
}
Event: 7.239 GC heap after
{Heap after GC invocations=5 (full 0):
 garbage-first heap   total 129024K, used 17856K [0x0000000082000000, 0x0000000100000000)
  region size 1024K, 6 young (6144K), 6 survivors (6144K)
 Metaspace       used 21251K, committed 21504K, reserved 1114112K
  class space    used 2467K, committed 2560K, reserved 1048576K
}
Event: 8.467 GC heap before
{Heap before GC invocations=6 (full 0):
 garbage-first heap   total 65536K, used 52672K [0x0000000082000000, 0x0000000100000000)
  region size 1024K, 38 young (38912K), 6 survivors (6144K)
 Metaspace       used 25907K, committed 26176K, reserved 1114112K
  class space    used 2961K, committed 3072K, reserved 1048576K
}
Event: 8.503 GC heap after
{Heap after GC invocations=7 (full 0):
 garbage-first heap   total 71680K, used 31853K [0x0000000082000000, 0x0000000100000000)
  region size 1024K, 5 young (5120K), 5 survivors (5120K)
 Metaspace       used 25907K, committed 26176K, reserved 1114112K
  class space    used 2961K, committed 3072K, reserved 1048576K
}
Event: 8.545 GC heap before
{Heap before GC invocations=7 (full 0):
 garbage-first heap   total 71680K, used 32877K [0x0000000082000000, 0x0000000100000000)
  region size 1024K, 6 young (6144K), 5 survivors (5120K)
 Metaspace       used 25912K, committed 26240K, reserved 1114112K
  class space    used 2961K, committed 3072K, reserved 1048576K
}
Event: 8.558 GC heap after
{Heap after GC invocations=8 (full 0):
 garbage-first heap   total 71680K, used 33580K [0x0000000082000000, 0x0000000100000000)
  region size 1024K, 1 young (1024K), 1 survivors (1024K)
 Metaspace       used 25912K, committed 26240K, reserved 1114112K
  class space    used 2961K, committed 3072K, reserved 1048576K
}
Event: 9.083 GC heap before
{Heap before GC invocations=8 (full 0):
 garbage-first heap   total 71680K, used 53036K [0x0000000082000000, 0x0000000100000000)
  region size 1024K, 21 young (21504K), 1 survivors (1024K)
 Metaspace       used 26305K, committed 26560K, reserved 1114112K
  class space    used 3006K, committed 3136K, reserved 1048576K
}
Event: 9.096 GC heap after
{Heap after GC invocations=9 (full 0):
 garbage-first heap   total 71680K, used 38400K [0x0000000082000000, 0x0000000100000000)
  region size 1024K, 3 young (3072K), 3 survivors (3072K)
 Metaspace       used 26305K, committed 26560K, reserved 1114112K
  class space    used 3006K, committed 3136K, reserved 1048576K
}
Event: 9.346 GC heap before
{Heap before GC invocations=10 (full 0):
 garbage-first heap   total 71680K, used 46592K [0x0000000082000000, 0x0000000100000000)
  region size 1024K, 12 young (12288K), 3 survivors (3072K)
 Metaspace       used 26537K, committed 26752K, reserved 1114112K
  class space    used 3023K, committed 3136K, reserved 1048576K
}
Event: 9.357 GC heap after
{Heap after GC invocations=11 (full 0):
 garbage-first heap   total 71680K, used 40778K [0x0000000082000000, 0x0000000100000000)
  region size 1024K, 3 young (3072K), 3 survivors (3072K)
 Metaspace       used 26537K, committed 26752K, reserved 1114112K
  class space    used 3023K, committed 3136K, reserved 1048576K
}
Event: 9.767 GC heap before
{Heap before GC invocations=12 (full 0):
 garbage-first heap   total 78848K, used 56138K [0x0000000082000000, 0x0000000100000000)
  region size 1024K, 17 young (17408K), 3 survivors (3072K)
 Metaspace       used 26810K, committed 27072K, reserved 1114112K
  class space    used 3040K, committed 3136K, reserved 1048576K
}
Event: 9.789 GC heap after
{Heap after GC invocations=13 (full 0):
 garbage-first heap   total 78848K, used 43942K [0x0000000082000000, 0x0000000100000000)
  region size 1024K, 3 young (3072K), 3 survivors (3072K)
 Metaspace       used 26810K, committed 27072K, reserved 1114112K
  class space    used 3040K, committed 3136K, reserved 1048576K
}
Event: 10.961 GC heap before
{Heap before GC invocations=13 (full 0):
 garbage-first heap   total 78848K, used 59302K [0x0000000082000000, 0x0000000100000000)
  region size 1024K, 19 young (19456K), 3 survivors (3072K)
 Metaspace       used 27865K, committed 28160K, reserved 1114112K
  class space    used 3160K, committed 3264K, reserved 1048576K
}
Event: 10.973 GC heap after
{Heap after GC invocations=14 (full 0):
 garbage-first heap   total 156672K, used 44970K [0x0000000082000000, 0x0000000100000000)
  region size 1024K, 1 young (1024K), 1 survivors (1024K)
 Metaspace       used 27865K, committed 28160K, reserved 1114112K
  class space    used 3160K, committed 3264K, reserved 1048576K
}
Event: 12.304 GC heap before
{Heap before GC invocations=15 (full 0):
 garbage-first heap   total 156672K, used 109482K [0x0000000082000000, 0x0000000100000000)
  region size 1024K, 62 young (63488K), 1 survivors (1024K)
 Metaspace       used 30639K, committed 30912K, reserved 1114112K
  class space    used 3464K, committed 3584K, reserved 1048576K
}
Event: 12.312 GC heap after
{Heap after GC invocations=16 (full 0):
 garbage-first heap   total 156672K, used 48011K [0x0000000082000000, 0x0000000100000000)
  region size 1024K, 3 young (3072K), 3 survivors (3072K)
 Metaspace       used 30639K, committed 30912K, reserved 1114112K
  class space    used 3464K, committed 3584K, reserved 1048576K
}
Event: 15.215 GC heap before
{Heap before GC invocations=16 (full 0):
 garbage-first heap   total 156672K, used 111499K [0x0000000082000000, 0x0000000100000000)
  region size 1024K, 65 young (66560K), 3 survivors (3072K)
 Metaspace       used 35253K, committed 35584K, reserved 1114112K
  class space    used 4030K, committed 4160K, reserved 1048576K
}
Event: 15.242 GC heap after
{Heap after GC invocations=17 (full 0):
 garbage-first heap   total 156672K, used 51757K [0x0000000082000000, 0x0000000100000000)
  region size 1024K, 7 young (7168K), 7 survivors (7168K)
 Metaspace       used 35253K, committed 35584K, reserved 1114112K
  class space    used 4030K, committed 4160K, reserved 1048576K
}
Event: 19.243 GC heap before
{Heap before GC invocations=17 (full 0):
 garbage-first heap   total 156672K, used 117293K [0x0000000082000000, 0x0000000100000000)
  region size 1024K, 69 young (70656K), 7 survivors (7168K)
 Metaspace       used 37333K, committed 37760K, reserved 1114112K
  class space    used 4265K, committed 4480K, reserved 1048576K
}
Event: 19.273 GC heap after
{Heap after GC invocations=18 (full 0):
 garbage-first heap   total 156672K, used 54546K [0x0000000082000000, 0x0000000100000000)
  region size 1024K, 7 young (7168K), 7 survivors (7168K)
 Metaspace       used 37333K, committed 37760K, reserved 1114112K
  class space    used 4265K, committed 4480K, reserved 1048576K
}

Dll operation events (8 events):
Event: 0.010 Loaded shared library C:\Program Files\Java\zulu17.44.15-ca-jdk17.0.8-win_x64\bin\java.dll
Event: 0.032 Loaded shared library C:\Program Files\Java\zulu17.44.15-ca-jdk17.0.8-win_x64\bin\jsvml.dll
Event: 0.070 Loaded shared library C:\Program Files\Java\zulu17.44.15-ca-jdk17.0.8-win_x64\bin\net.dll
Event: 0.071 Loaded shared library C:\Program Files\Java\zulu17.44.15-ca-jdk17.0.8-win_x64\bin\nio.dll
Event: 0.075 Loaded shared library C:\Program Files\Java\zulu17.44.15-ca-jdk17.0.8-win_x64\bin\zip.dll
Event: 0.200 Loaded shared library C:\Program Files\Java\zulu17.44.15-ca-jdk17.0.8-win_x64\bin\jimage.dll
Event: 0.207 Loaded shared library C:\Users\Gabriel Xavier\Downloads\apache-maven-3.9.6\lib\jansi-native\Windows\x86_64\jansi.dll
Event: 0.220 Loaded shared library C:\Program Files\Java\zulu17.44.15-ca-jdk17.0.8-win_x64\bin\verify.dll

Deoptimization events (20 events):
Event: 19.163 Thread 0x000002c27efddfd0 Uncommon trap: trap_request=0xffffffde fr.pc=0x000002c210cfc3d0 relative=0x0000000000004550
Event: 19.163 Thread 0x000002c27efddfd0 Uncommon trap: reason=class_check action=maybe_recompile pc=0x000002c210cfc3d0 method=com.sun.tools.javac.code.Symtab.lookupPackage(Lcom/sun/tools/javac/code/Symbol$ModuleSymbol;Lcom/sun/tools/javac/util/Name;Z)Lcom/sun/tools/javac/code/Symbol$PackageSymb
Event: 19.163 Thread 0x000002c27efddfd0 DEOPT PACKING pc=0x000002c210cfc3d0 sp=0x000000f3d6bfcc80
Event: 19.163 Thread 0x000002c27efddfd0 DEOPT UNPACKING pc=0x000002c2104669a3 sp=0x000000f3d6bfcba8 mode 2
Event: 19.163 Thread 0x000002c27efddfd0 Uncommon trap: trap_request=0xffffffde fr.pc=0x000002c210cfc3d0 relative=0x0000000000004550
Event: 19.163 Thread 0x000002c27efddfd0 Uncommon trap: reason=class_check action=maybe_recompile pc=0x000002c210cfc3d0 method=com.sun.tools.javac.code.Symtab.lookupPackage(Lcom/sun/tools/javac/code/Symbol$ModuleSymbol;Lcom/sun/tools/javac/util/Name;Z)Lcom/sun/tools/javac/code/Symbol$PackageSymb
Event: 19.163 Thread 0x000002c27efddfd0 DEOPT PACKING pc=0x000002c210cfc3d0 sp=0x000000f3d6bfcc80
Event: 19.163 Thread 0x000002c27efddfd0 DEOPT UNPACKING pc=0x000002c2104669a3 sp=0x000000f3d6bfcba8 mode 2
Event: 19.163 Thread 0x000002c27efddfd0 Uncommon trap: trap_request=0xffffffde fr.pc=0x000002c210cfc3d0 relative=0x0000000000004550
Event: 19.163 Thread 0x000002c27efddfd0 Uncommon trap: reason=class_check action=maybe_recompile pc=0x000002c210cfc3d0 method=com.sun.tools.javac.code.Symtab.lookupPackage(Lcom/sun/tools/javac/code/Symbol$ModuleSymbol;Lcom/sun/tools/javac/util/Name;Z)Lcom/sun/tools/javac/code/Symbol$PackageSymb
Event: 19.163 Thread 0x000002c27efddfd0 DEOPT PACKING pc=0x000002c210cfc3d0 sp=0x000000f3d6bfcc80
Event: 19.163 Thread 0x000002c27efddfd0 DEOPT UNPACKING pc=0x000002c2104669a3 sp=0x000000f3d6bfcba8 mode 2
Event: 19.163 Thread 0x000002c27efddfd0 Uncommon trap: trap_request=0xffffffde fr.pc=0x000002c210ce10e8 relative=0x0000000000003c48
Event: 19.163 Thread 0x000002c27efddfd0 Uncommon trap: reason=class_check action=maybe_recompile pc=0x000002c210ce10e8 method=com.sun.tools.javac.code.Symtab.lookupPackage(Lcom/sun/tools/javac/code/Symbol$ModuleSymbol;Lcom/sun/tools/javac/util/Name;Z)Lcom/sun/tools/javac/code/Symbol$PackageSymb
Event: 19.163 Thread 0x000002c27efddfd0 DEOPT PACKING pc=0x000002c210ce10e8 sp=0x000000f3d6bfcbe0
Event: 19.163 Thread 0x000002c27efddfd0 DEOPT UNPACKING pc=0x000002c2104669a3 sp=0x000000f3d6bfcbc0 mode 2
Event: 19.216 Thread 0x000002c27efddfd0 DEOPT PACKING pc=0x000002c209803bca sp=0x000000f3d6bfc4a0
Event: 19.216 Thread 0x000002c27efddfd0 DEOPT UNPACKING pc=0x000002c210467143 sp=0x000000f3d6bfba20 mode 0
Event: 19.239 Thread 0x000002c27efddfd0 DEOPT PACKING pc=0x000002c209803bca sp=0x000000f3d6bfc4a0
Event: 19.239 Thread 0x000002c27efddfd0 DEOPT UNPACKING pc=0x000002c210467143 sp=0x000000f3d6bfba20 mode 0

Classes unloaded (0 events):
No events

Classes redefined (0 events):
No events

Internal exceptions (20 events):
Event: 18.215 Thread 0x000002c27efddfd0 Exception <a 'sun/nio/fs/WindowsException'{0x0000000088203578}> (0x0000000088203578) 
thrown [s\src\hotspot\share\prims\jni.cpp, line 516]
Event: 18.215 Thread 0x000002c27efddfd0 Exception <a 'sun/nio/fs/WindowsException'{0x0000000088204f78}> (0x0000000088204f78) 
thrown [s\src\hotspot\share\prims\jni.cpp, line 516]
Event: 18.215 Thread 0x000002c27efddfd0 Exception <a 'sun/nio/fs/WindowsException'{0x0000000088205308}> (0x0000000088205308) 
thrown [s\src\hotspot\share\prims\jni.cpp, line 516]
Event: 18.249 Thread 0x000002c27efddfd0 Exception <a 'sun/nio/fs/WindowsException'{0x00000000882be3a8}> (0x00000000882be3a8) 
thrown [s\src\hotspot\share\prims\jni.cpp, line 516]
Event: 18.250 Thread 0x000002c27efddfd0 Exception <a 'sun/nio/fs/WindowsException'{0x00000000882bea60}> (0x00000000882bea60) 
thrown [s\src\hotspot\share\prims\jni.cpp, line 516]
Event: 18.250 Thread 0x000002c27efddfd0 Exception <a 'sun/nio/fs/WindowsException'{0x00000000882bf2f0}> (0x00000000882bf2f0) 
thrown [s\src\hotspot\share\prims\jni.cpp, line 516]
Event: 18.253 Thread 0x000002c27efddfd0 Exception <a 'sun/nio/fs/WindowsException'{0x00000000882c61d8}> (0x00000000882c61d8) 
thrown [s\src\hotspot\share\prims\jni.cpp, line 516]
Event: 18.253 Thread 0x000002c27efddfd0 Exception <a 'sun/nio/fs/WindowsException'{0x00000000882c6890}> (0x00000000882c6890) 
thrown [s\src\hotspot\share\prims\jni.cpp, line 516]
Event: 18.254 Thread 0x000002c27efddfd0 Exception <a 'sun/nio/fs/WindowsException'{0x00000000882c7120}> (0x00000000882c7120) 
thrown [s\src\hotspot\share\prims\jni.cpp, line 516]
Event: 18.268 Thread 0x000002c27efddfd0 Exception <a 'sun/nio/fs/WindowsException'{0x00000000882f6fc8}> (0x00000000882f6fc8) 
thrown [s\src\hotspot\share\prims\jni.cpp, line 516]
Event: 18.268 Thread 0x000002c27efddfd0 Exception <a 'sun/nio/fs/WindowsException'{0x00000000882f7680}> (0x00000000882f7680) 
thrown [s\src\hotspot\share\prims\jni.cpp, line 516]
Event: 18.268 Thread 0x000002c27efddfd0 Exception <a 'sun/nio/fs/WindowsException'{0x00000000882f7f10}> (0x00000000882f7f10) 
thrown [s\src\hotspot\share\prims\jni.cpp, line 516]
Event: 18.292 Thread 0x000002c27efddfd0 Exception <a 'sun/nio/fs/WindowsException'{0x0000000088183140}> (0x0000000088183140) 
thrown [s\src\hotspot\share\prims\jni.cpp, line 516]
Event: 18.293 Thread 0x000002c27efddfd0 Exception <a 'sun/nio/fs/WindowsException'{0x00000000881837d8}> (0x00000000881837d8) 
thrown [s\src\hotspot\share\prims\jni.cpp, line 516]
Event: 18.293 Thread 0x000002c27efddfd0 Exception <a 'sun/nio/fs/WindowsException'{0x0000000088183fb8}> (0x0000000088183fb8) 
thrown [s\src\hotspot\share\prims\jni.cpp, line 516]
Event: 19.159 Thread 0x000002c27efddfd0 Exception <a 'sun/nio/fs/WindowsException'{0x0000000087674058}> (0x0000000087674058) 
thrown [s\src\hotspot\share\prims\jni.cpp, line 516]
Event: 19.159 Thread 0x000002c27efddfd0 Exception <a 'sun/nio/fs/WindowsException'{0x00000000876742b8}> (0x00000000876742b8) 
thrown [s\src\hotspot\share\prims\jni.cpp, line 516]
Event: 19.160 Thread 0x000002c27efddfd0 Implicit null exception at 0x000002c210cd94d3 to 0x000002c210cd9628
Event: 19.166 Thread 0x000002c27efddfd0 Exception <a 'sun/nio/fs/WindowsException'{0x00000000876d6b28}> (0x00000000876d6b28) 
thrown [s\src\hotspot\share\prims\jni.cpp, line 516]
Event: 19.166 Thread 0x000002c27efddfd0 Exception <a 'sun/nio/fs/WindowsException'{0x00000000876d6df8}> (0x00000000876d6df8) 
thrown [s\src\hotspot\share\prims\jni.cpp, line 516]

VM Operations (20 events):
Event: 16.884 Executing VM operation: ICBufferFull
Event: 16.885 Executing VM operation: ICBufferFull done
Event: 17.072 Executing VM operation: ICBufferFull
Event: 17.072 Executing VM operation: ICBufferFull done
Event: 17.131 Executing VM operation: HandshakeAllThreads
Event: 17.131 Executing VM operation: HandshakeAllThreads done
Event: 17.174 Executing VM operation: ICBufferFull
Event: 17.175 Executing VM operation: ICBufferFull done
Event: 17.218 Executing VM operation: HandshakeAllThreads
Event: 17.218 Executing VM operation: HandshakeAllThreads done
Event: 17.285 Executing VM operation: HandshakeAllThreads
Event: 17.285 Executing VM operation: HandshakeAllThreads done
Event: 17.354 Executing VM operation: ICBufferFull
Event: 17.355 Executing VM operation: ICBufferFull done
Event: 17.874 Executing VM operation: ICBufferFull
Event: 17.874 Executing VM operation: ICBufferFull done
Event: 18.234 Executing VM operation: ICBufferFull
Event: 18.234 Executing VM operation: ICBufferFull done
Event: 19.243 Executing VM operation: G1CollectForAllocation
Event: 19.273 Executing VM operation: G1CollectForAllocation done

Events (20 events):
Event: 17.326 Thread 0x000002c21f5ff7c0 flushing nmethod 0x000002c209f6e410
Event: 17.327 Thread 0x000002c21f5ff7c0 flushing nmethod 0x000002c209fbdb10
Event: 18.055 loading class java/util/stream/ReferencePipeline$4
Event: 18.055 loading class java/util/stream/ReferencePipeline$4 done
Event: 18.057 loading class java/util/stream/Nodes$IntFixedNodeBuilder
Event: 18.057 loading class java/util/stream/Node$Builder$OfInt
Event: 18.058 loading class java/util/stream/Node$Builder$OfInt done
Event: 18.058 loading class java/util/stream/Nodes$IntArrayNode
Event: 18.058 loading class java/util/stream/Nodes$IntArrayNode done
Event: 18.058 loading class java/util/stream/Nodes$IntFixedNodeBuilder done
Event: 18.058 loading class java/util/stream/ReferencePipeline$4$1
Event: 18.059 loading class java/util/stream/ReferencePipeline$4$1 done
Event: 18.348 loading class java/util/EnumMap$Values
Event: 18.349 loading class java/util/EnumMap$Values done
Event: 18.349 loading class java/util/EnumMap$ValueIterator
Event: 18.349 loading class java/util/EnumMap$ValueIterator done
Event: 18.355 loading class java/util/WeakHashMap$KeyIterator
Event: 18.355 loading class java/util/WeakHashMap$KeyIterator done
Event: 18.406 loading class java/io/FileOutputStream$1
Event: 18.406 loading class java/io/FileOutputStream$1 done


Dynamic libraries:
0x00007ff6f90e0000 - 0x00007ff6f90ee000 	C:\Program Files\Java\zulu17.44.15-ca-jdk17.0.8-win_x64\bin\java.exe
0x00007ffc0bab0000 - 0x00007ffc0bca8000 	C:\Windows\SYSTEM32\ntdll.dll
0x00007ffc0b850000 - 0x00007ffc0b911000 	C:\Windows\System32\KERNEL32.DLL
0x00007ffc094e0000 - 0x00007ffc097dd000 	C:\Windows\System32\KERNELBASE.dll
0x00007ffc093e0000 - 0x00007ffc094e0000 	C:\Windows\System32\ucrtbase.dll
0x00007ffc02fa0000 - 0x00007ffc02fbb000 	C:\Program Files\Java\zulu17.44.15-ca-jdk17.0.8-win_x64\bin\VCRUNTIME140.dll
0x00007ffc01330000 - 0x00007ffc01349000 	C:\Program Files\Java\zulu17.44.15-ca-jdk17.0.8-win_x64\bin\jli.dll
0x00007ffc09c40000 - 0x00007ffc09ddd000 	C:\Windows\System32\USER32.dll
0x00007ffc09910000 - 0x00007ffc09932000 	C:\Windows\System32\win32u.dll
0x00007ffbfde00000 - 0x00007ffbfe09a000 	C:\Windows\WinSxS\amd64_microsoft.windows.common-controls_6595b64144ccf1df_6.0.19041.4355_none_60b8b9eb71f62e16\COMCTL32.dll
0x00007ffc0a290000 - 0x00007ffc0a2bb000 	C:\Windows\System32\GDI32.dll
0x00007ffc0aec0000 - 0x00007ffc0af5e000 	C:\Windows\System32\msvcrt.dll
0x00007ffc09990000 - 0x00007ffc09aa7000 	C:\Windows\System32\gdi32full.dll
0x00007ffc09870000 - 0x00007ffc0990d000 	C:\Windows\System32\msvcp_win.dll
0x00007ffc0af60000 - 0x00007ffc0af8f000 	C:\Windows\System32\IMM32.DLL
0x00007ffc03c20000 - 0x00007ffc03c2c000 	C:\Program Files\Java\zulu17.44.15-ca-jdk17.0.8-win_x64\bin\vcruntime140_1.dll
0x00007ffbda110000 - 0x00007ffbda19d000 	C:\Program Files\Java\zulu17.44.15-ca-jdk17.0.8-win_x64\bin\msvcp140.dll
0x00007ffbbd2d0000 - 0x00007ffbbdf38000 	C:\Program Files\Java\zulu17.44.15-ca-jdk17.0.8-win_x64\bin\server\jvm.dll
0x00007ffc0a2d0000 - 0x00007ffc0a380000 	C:\Windows\System32\ADVAPI32.dll
0x00007ffc09de0000 - 0x00007ffc09e80000 	C:\Windows\System32\sechost.dll
0x00007ffc0b940000 - 0x00007ffc0ba63000 	C:\Windows\System32\RPCRT4.dll
0x00007ffc09ab0000 - 0x00007ffc09ad7000 	C:\Windows\System32\bcrypt.dll
0x00007ffbfbdd0000 - 0x00007ffbfbdf7000 	C:\Windows\SYSTEM32\WINMM.dll
0x00007ffc08660000 - 0x00007ffc086ab000 	C:\Windows\SYSTEM32\POWRPROF.dll
0x00007ffbfbcd0000 - 0x00007ffbfbcd9000 	C:\Windows\SYSTEM32\WSOCK32.dll
0x00007ffc01f20000 - 0x00007ffc01f2a000 	C:\Windows\SYSTEM32\VERSION.dll
0x00007ffc0ae40000 - 0x00007ffc0aeab000 	C:\Windows\System32\WS2_32.dll
0x00007ffc08520000 - 0x00007ffc08532000 	C:\Windows\SYSTEM32\UMPDC.dll
0x00007ffc07990000 - 0x00007ffc079a2000 	C:\Windows\SYSTEM32\kernel.appcore.dll
0x00007ffc01150000 - 0x00007ffc0115a000 	C:\Program Files\Java\zulu17.44.15-ca-jdk17.0.8-win_x64\bin\jimage.dll
0x00007ffc06e90000 - 0x00007ffc07074000 	C:\Windows\SYSTEM32\DBGHELP.DLL
0x00007ffbe37f0000 - 0x00007ffbe3824000 	C:\Windows\SYSTEM32\dbgcore.DLL
0x00007ffc097e0000 - 0x00007ffc09862000 	C:\Windows\System32\bcryptPrimitives.dll
0x00007ffbfbd10000 - 0x00007ffbfbd35000 	C:\Program Files\Java\zulu17.44.15-ca-jdk17.0.8-win_x64\bin\java.dll
0x00007ffbcf240000 - 0x00007ffbcf317000 	C:\Program Files\Java\zulu17.44.15-ca-jdk17.0.8-win_x64\bin\jsvml.dll
0x00007ffc0a380000 - 0x00007ffc0aaef000 	C:\Windows\System32\SHELL32.dll
0x00007ffc07080000 - 0x00007ffc07823000 	C:\Windows\SYSTEM32\windows.storage.dll
0x00007ffc0b460000 - 0x00007ffc0b7b3000 	C:\Windows\System32\combase.dll
0x00007ffc08b70000 - 0x00007ffc08b9e000 	C:\Windows\SYSTEM32\Wldp.dll
0x00007ffc09fc0000 - 0x00007ffc0a08d000 	C:\Windows\System32\OLEAUT32.dll
0x00007ffc09b90000 - 0x00007ffc09c3d000 	C:\Windows\System32\SHCORE.dll
0x00007ffc0a230000 - 0x00007ffc0a285000 	C:\Windows\System32\shlwapi.dll
0x00007ffc09090000 - 0x00007ffc090b4000 	C:\Windows\SYSTEM32\profapi.dll
0x00007ffbff1c0000 - 0x00007ffbff1d9000 	C:\Program Files\Java\zulu17.44.15-ca-jdk17.0.8-win_x64\bin\net.dll
0x00007ffc01c90000 - 0x00007ffc01d9d000 	C:\Windows\SYSTEM32\WINHTTP.dll
0x00007ffc08890000 - 0x00007ffc088fa000 	C:\Windows\system32\mswsock.dll
0x00007ffbfbcf0000 - 0x00007ffbfbd06000 	C:\Program Files\Java\zulu17.44.15-ca-jdk17.0.8-win_x64\bin\nio.dll
0x00007ffbfa8b0000 - 0x00007ffbfa8c8000 	C:\Program Files\Java\zulu17.44.15-ca-jdk17.0.8-win_x64\bin\zip.dll
0x0000000069ac0000 - 0x0000000069ae4000 	C:\Users\Gabriel Xavier\Downloads\apache-maven-3.9.6\lib\jansi-native\Windows\x86_64\jansi.dll
0x00007ffc01140000 - 0x00007ffc01150000 	C:\Program Files\Java\zulu17.44.15-ca-jdk17.0.8-win_x64\bin\verify.dll

dbghelp: loaded successfully - version: 4.0.5 - missing functions: none
symbol engine: initialized successfully - sym options: 0x614 - pdb path: .;C:\Program Files\Java\zulu17.44.15-ca-jdk17.0.8-win_x64\bin;C:\Windows\SYSTEM32;C:\Windows\WinSxS\amd64_microsoft.windows.common-controls_6595b64144ccf1df_6.0.19041.4355_none_60b8b9eb71f62e16;C:\Program Files\Java\zulu17.44.15-ca-jdk17.0.8-win_x64\bin\server;C:\Users\Gabriel Xavier\Downloads\apache-maven-3.9.6\lib\jansi-native\Windows\x86_64

VM Arguments:
jvm_args: -Dclassworlds.conf=C:\Users\Gabriel Xavier\Downloads\apache-maven-3.9.6\bin\m2.conf -Dmaven.home=C:\Users\Gabriel Xavier\Downloads\apache-maven-3.9.6 -Dlibrary.jansi.path=C:\Users\Gabriel Xavier\Downloads\apache-maven-3.9.6\lib\jansi-native -Dmaven.multiModuleProjectDirectory=E:\IFPB\juliana-ifpb\iot 
java_command: org.codehaus.plexus.classworlds.launcher.Launcher clean install
java_class_path (initial): C:\Users\Gabriel Xavier\Downloads\apache-maven-3.9.6\boot\plexus-classworlds-2.7.0.jar
Launcher Type: SUN_STANDARD

[Global flags]
     intx CICompilerCount                          = 4                                         {product} {ergonomic}
     uint ConcGCThreads                            = 2                                         {product} {ergonomic}
     uint G1ConcRefinementThreads                  = 8                                         {product} {ergonomic}
   size_t G1HeapRegionSize                         = 1048576                                   {product} {ergonomic}
    uintx GCDrainStackTargetSize                   = 64                                        {product} {ergonomic}
   size_t InitialHeapSize                          = 132120576                                 {product} {ergonomic}
   size_t MarkStackSize                            = 4194304                                   {product} {ergonomic}
   size_t MaxHeapSize                              = 2113929216                                {product} {ergonomic}
   size_t MaxNewSize                               = 1267728384                                {product} {ergonomic}
   size_t MinHeapDeltaBytes                        = 1048576                                   {product} {ergonomic}
   size_t MinHeapSize                              = 8388608                                   {product} {ergonomic}
    uintx NonNMethodCodeHeapSize                   = 5839372                                {pd product} {ergonomic}
    uintx NonProfiledCodeHeapSize                  = 122909434                              {pd product} {ergonomic}
    uintx ProfiledCodeHeapSize                     = 122909434                              {pd product} {ergonomic}
    uintx ReservedCodeCacheSize                    = 251658240                              {pd product} {ergonomic}
     bool SegmentedCodeCache                       = true                                      {product} {ergonomic}
   size_t SoftMaxHeapSize                          = 2113929216                             {manageable} {ergonomic}
     bool UseCompressedClassPointers               = true                           {product lp64_product} {ergonomic}
     bool UseCompressedOops                        = true                           {product lp64_product} {ergonomic}
     bool UseG1GC                                  = true                                      {product} {ergonomic}
     bool UseLargePagesIndividualAllocation        = false                                  {pd product} {ergonomic}

Logging:
Log output configuration:
 #0: stdout all=warning uptime,level,tags
 #1: stderr all=off uptime,level,tags

Environment Variables:
JAVA_HOME=C:\Program Files\Java\zulu17.44.15-ca-jdk17.0.8-win_x64
PATH=C:\Program Files\Java\zulu17.44.15-ca-jdk17.0.8-win_x64\bin;C:\Python311\Scripts\;C:\Python311\;C:\Program Files (x86)\Common Files\Oracle\Java\javapath;C:\Windows\system32;C:\Windows;C:\Windows\System32\Wbem;C:\Windows\System32\WindowsPowerShell\v1.0\;C:\Windows\System32\OpenSSH\;C:\Program Files\Microsoft SQL Server\Client SDK\ODBC\170\Tools\Binn\;E:\Program Files (x86)\Microsoft SQL Server\150\Tools\Binn\;C:\Program Files\Microsoft SQL Server\150\Tools\Binn\;C:\Program Files\Microsoft SQL Server\150\DTS\Binn\;C:\Program Files\Azure Data Studio\bin;C:\ProgramData\chocolatey\bin;C:\Program Files (x86)\Yarn\bin\;E:\nodejs\;E:\Git\cmd;C:\Program Files\Docker\Docker\resources\bin;E:\Ruby32-x64\bin;C:\Ruby32-x64\bin;C:\Program Files\MySQL\MySQL Shell 8.0\bin\;C:\Users\Gabriel Xavier\AppData\Local\Microsoft\WindowsApps;E:\Microsoft VS Code\bin;C:\Program Files\Azure Data Studio\bin;C:\Users\Gabriel Xavier\AppData\Local\Yarn\bin;C:\Users\Gabriel Xavier\AppData\Roaming\npm;C:\Users\Gabriel Xavier\Downloads\apache-maven-3.9.6\bin
USERNAME=Gabriel Xavier
LANG=en_US.UTF-8
OS=Windows_NT
PROCESSOR_IDENTIFIER=Intel64 Family 6 Model 142 Stepping 10, GenuineIntel
TMP=C:\Users\GABRIE~1\AppData\Local\Temp
TEMP=C:\Users\GABRIE~1\AppData\Local\Temp



---------------  S Y S T E M  ---------------

OS:
 Windows 10 , 64 bit Build 19041 (10.0.19041.4842)
OS uptime: 1 days 8:33 hours
Hyper-V role detected

CPU: total 8 (initial active 8) (4 cores per cpu, 2 threads per core) family 6 model 142 stepping 10 microcode 0xd6, cx8, cmov, fxsr, ht, mmx, 3dnowpref, sse, sse2, sse3, ssse3, sse4.1, sse4.2, popcnt, lzcnt, tsc, tscinvbit, avx, avx2, aes, erms, clmul, bmi1, bmi2, adx, fma, vzeroupper, clflush, clflushopt, hv
Processor Information for all 8 processors :
  Max Mhz: 1992, Current Mhz: 1792, Mhz Limit: 1792

Memory: 4k page, system-wide physical 8056M (601M free)
TotalPageFile size 14658M (AvailPageFile size 7M)
current process WorkingSet (physical memory assigned to process): 321M, peak: 325M
current process commit charge ("private bytes"): 362M, peak: 373M

vm_info: OpenJDK 64-Bit Server VM (17.0.8+7-LTS) for windows-amd64 JRE (17.0.8+7-LTS) (Zulu17.44+15-CA), built on Jul  5 2023 07:56:11 by "zulu_re" with MS VC++ 16.10 / 16.11 (VS2019)

END.
