#
# There is insufficient memory for the Java Runtime Environment to continue.
# Native memory allocation (malloc) failed to allocate 1048576 bytes. Error detail: AllocateHeap
# Possible reasons:
#   The system is out of physical RAM or swap space
#   This process is running with CompressedOops enabled, and the Java Heap may be blocking the growth of the native heap
# Possible solutions:
#   Reduce memory load on the system
#   Increase physical memory or swap space
#   Check if swap backing store is full
#   Decrease Java heap size (-Xmx/-Xms)
#   Decrease number of Java threads
#   Decrease Java thread stack sizes (-Xss)
#   Set larger code cache with -XX:ReservedCodeCacheSize=
#   JVM is running with Unscaled Compressed Oops mode in which the Java heap is
#     placed in the first 4GB address space. The Java Heap base address is the
#     maximum limit for the native heap growth. Please use -XX:HeapBaseMinAddress
#     to set the Java Heap base and to place the Java Heap above 4GB virtual address.
# This output file may be truncated or incomplete.
#
#  Out of Memory Error (allocation.cpp:44), pid=18056, tid=27056
#
# JRE version: OpenJDK Runtime Environment Temurin-17.0.12+7 (17.0.12+7) (build 17.0.12+7)
# Java VM: OpenJDK 64-Bit Server VM Temurin-17.0.12+7 (17.0.12+7, mixed mode, emulated-client, tiered, compressed oops, compressed class ptrs, g1 gc, windows-amd64)
# No core dump will be written. Minidumps are not enabled by default on client versions of Windows
#

---------------  S U M M A R Y ------------

Command Line: -Xmx1024m -Dsts.lsp.client=vscode -Dsts.log.file=/dev/null -XX:TieredStopAtLevel=1 -Xlog:jni+resolve=off -Dspring.config.location=file:c:\Users\Gabriel Xavier\.vscode\extensions\vmware.vscode-spring-boot-1.56.0\language-server\BOOT-INF\classes\application.properties org.springframework.ide.vscode.boot.app.BootLanguageServerBootApp

Host: Intel(R) Core(TM) i7-8550U CPU @ 1.80GHz, 8 cores, 7G,  Windows 10 , 64 bit Build 19041 (10.0.19041.4717)
Time: Tue Sep 10 13:03:42 2024 Hora oficial do Brasil elapsed time: 2035.154427 seconds (0d 0h 33m 55s)

---------------  T H R E A D  ---------------

Current thread (0x000002a1f877d7c0):  VMThread "VM Thread" [stack: 0x000000d736100000,0x000000d736200000] [id=27056]

Stack: [0x000000d736100000,0x000000d736200000]
Native frames: (J=compiled Java code, j=interpreted, Vv=VM code, C=native code)
V  [jvm.dll+0x67f929]
V  [jvm.dll+0x8371ba]
V  [jvm.dll+0x838c7e]
V  [jvm.dll+0x8392e3]
V  [jvm.dll+0x24834f]
V  [jvm.dll+0xa70d3]
V  [jvm.dll+0x2f9073]
V  [jvm.dll+0x2f4d00]
V  [jvm.dll+0x2dd82f]
V  [jvm.dll+0x3201f7]
V  [jvm.dll+0x83d7dd]
V  [jvm.dll+0x83e522]
V  [jvm.dll+0x83ea4f]
V  [jvm.dll+0x83ee34]
V  [jvm.dll+0x83ef00]
V  [jvm.dll+0x7e65dc]
V  [jvm.dll+0x67e7f7]
C  [ucrtbase.dll+0x21bb2]
C  [KERNEL32.DLL+0x17374]
C  [ntdll.dll+0x4cc91]

VM_Operation (0x000000d7374ff1a0): G1CollectFull, mode: safepoint, requested by thread 0x000002a1fe410ae0


---------------  P R O C E S S  ---------------

Threads class SMR info:
_java_thread_list=0x000002a1fe2df380, length=27, elements={
0x000002a1f8794730, 0x000002a1f87962d0, 0x000002a1f890a010, 0x000002a1f890aba0,
0x000002a1f890c480, 0x000002a1f890cd50, 0x000002a1f890d620, 0x000002a1f8929630,
0x000002a1f8b08ba0, 0x000002a1f8b0bc80, 0x000002a1fe410600, 0x000002a1fe410ae0,
0x000002a1fe28b020, 0x000002a1eb999b20, 0x000002a1fd9fb860, 0x000002a1fe552550,
0x000002a1fe5314b0, 0x000002a1fe530070, 0x000002a1fe5319c0, 0x000002a1fe530580,
0x000002a1fe530fa0, 0x000002a1fe530a90, 0x000002a1fe377470, 0x000002a1fe3741d0,
0x000002a1fe375610, 0x000002a1fe3737b0, 0x000002a1fe376030
}

Java Threads: ( => current thread )
  0x000002a1f8794730 JavaThread "Reference Handler" daemon [_thread_blocked, id=25604, stack(0x000000d736200000,0x000000d736300000)]
  0x000002a1f87962d0 JavaThread "Finalizer" daemon [_thread_blocked, id=22344, stack(0x000000d736300000,0x000000d736400000)]
  0x000002a1f890a010 JavaThread "Signal Dispatcher" daemon [_thread_blocked, id=20884, stack(0x000000d736400000,0x000000d736500000)]
  0x000002a1f890aba0 JavaThread "Attach Listener" daemon [_thread_blocked, id=8560, stack(0x000000d736500000,0x000000d736600000)]
  0x000002a1f890c480 JavaThread "Service Thread" daemon [_thread_blocked, id=17480, stack(0x000000d736600000,0x000000d736700000)]
  0x000002a1f890cd50 JavaThread "Monitor Deflation Thread" daemon [_thread_blocked, id=19524, stack(0x000000d736700000,0x000000d736800000)]
  0x000002a1f890d620 JavaThread "C1 CompilerThread0" daemon [_thread_blocked, id=1360, stack(0x000000d736800000,0x000000d736900000)]
  0x000002a1f8929630 JavaThread "Sweeper thread" daemon [_thread_blocked, id=1412, stack(0x000000d736900000,0x000000d736a00000)]
  0x000002a1f8b08ba0 JavaThread "Notification Thread" daemon [_thread_blocked, id=10636, stack(0x000000d736a00000,0x000000d736b00000)]
  0x000002a1f8b0bc80 JavaThread "Common-Cleaner" daemon [_thread_blocked, id=14076, stack(0x000000d736c00000,0x000000d736d00000)]
  0x000002a1fe410600 JavaThread "boundedElastic-evictor-1" daemon [_thread_blocked, id=9256, stack(0x000000d737300000,0x000000d737400000)]
  0x000002a1fe410ae0 JavaThread "pool-13-thread-1" [_thread_blocked, id=32896, stack(0x000000d737400000,0x000000d737500000)]
  0x000002a1fe28b020 JavaThread "LanguageServerApp-lifecycle" [_thread_blocked, id=1516, stack(0x000000d737500000,0x000000d737600000)]
  0x000002a1eb999b20 JavaThread "DestroyJavaVM" [_thread_blocked, id=28616, stack(0x000000d735b00000,0x000000d735c00000)]
  0x000002a1fd9fb860 JavaThread "pool-14-thread-1" [_thread_in_native, id=24896, stack(0x000000d737900000,0x000000d737a00000)]
  0x000002a1fe552550 JavaThread "Simple-Language-Server main thread" daemon [_thread_blocked, id=30400, stack(0x000000d737a00000,0x000000d737b00000)]
  0x000002a1fe5314b0 JavaThread "pool-8-thread-1" [_thread_blocked, id=17308, stack(0x000000d737b00000,0x000000d737c00000)]
  0x000002a1fe530070 JavaThread "parallel-1" daemon [_thread_blocked, id=32536, stack(0x000000d737c00000,0x000000d737d00000)]
  0x000002a1fe5319c0 JavaThread "parallel-2" daemon [_thread_blocked, id=24560, stack(0x000000d737d00000,0x000000d737e00000)]
  0x000002a1fe530580 JavaThread "parallel-3" daemon [_thread_blocked, id=19296, stack(0x000000d737e00000,0x000000d737f00000)]
  0x000002a1fe530fa0 JavaThread "parallel-4" daemon [_thread_blocked, id=2944, stack(0x000000d737f00000,0x000000d738000000)]
  0x000002a1fe530a90 JavaThread "parallel-5" daemon [_thread_blocked, id=17684, stack(0x000000d738000000,0x000000d738100000)]
  0x000002a1fe377470 JavaThread "parallel-6" daemon [_thread_blocked, id=33372, stack(0x000000d738100000,0x000000d738200000)]
  0x000002a1fe3741d0 JavaThread "parallel-7" daemon [_thread_blocked, id=32760, stack(0x000000d738200000,0x000000d738300000)]
  0x000002a1fe375610 JavaThread "parallel-8" daemon [_thread_blocked, id=29720, stack(0x000000d738300000,0x000000d738400000)]
  0x000002a1fe3737b0 JavaThread "pool-6-thread-1" [_thread_blocked, id=18948, stack(0x000000d738500000,0x000000d738600000)]
  0x000002a1fe376030 JavaThread "Reconciler-1" daemon [_thread_blocked, id=10004, stack(0x000000d738900000,0x000000d738a00000)]

Other Threads:
=>0x000002a1f877d7c0 VMThread "VM Thread" [stack: 0x000000d736100000,0x000000d736200000] [id=27056]
  0x000002a1f8b09080 WatcherThread [stack: 0x000000d736b00000,0x000000d736c00000] [id=30404]
  0x000002a1eb9d73f0 GCTaskThread "GC Thread#0" [stack: 0x000000d735c00000,0x000000d735d00000] [id=23036]
  0x000002a1fd8144b0 GCTaskThread "GC Thread#1" [stack: 0x000000d736e00000,0x000000d736f00000] [id=6320]
  0x000002a1fd814770 GCTaskThread "GC Thread#2" [stack: 0x000000d736f00000,0x000000d737000000] [id=12668]
  0x000002a1fd774c70 GCTaskThread "GC Thread#3" [stack: 0x000000d737000000,0x000000d737100000] [id=13240]
  0x000002a1fd4f7e40 GCTaskThread "GC Thread#4" [stack: 0x000000d737100000,0x000000d737200000] [id=14956]
  0x000002a1fd88fc40 GCTaskThread "GC Thread#5" [stack: 0x000000d737200000,0x000000d737300000] [id=20552]
  0x000002a1fdbb25c0 GCTaskThread "GC Thread#6" [stack: 0x000000d737600000,0x000000d737700000] [id=21828]
  0x000002a1fdbb2880 GCTaskThread "GC Thread#7" [stack: 0x000000d737700000,0x000000d737800000] [id=26336]
  0x000002a1eb9e0340 ConcurrentGCThread "G1 Main Marker" [stack: 0x000000d735d00000,0x000000d735e00000] [id=16924]
  0x000002a1eb9e0d60 ConcurrentGCThread "G1 Conc#0" [stack: 0x000000d735e00000,0x000000d735f00000] [id=24240]
  0x000002a1fd71d5e0 ConcurrentGCThread "G1 Conc#1" [stack: 0x000000d737800000,0x000000d737900000] [id=20720]
  0x000002a1f85f00a0 ConcurrentGCThread "G1 Refine#0" [stack: 0x000000d735f00000,0x000000d736000000] [id=33764]
  0x000002a1f85f0ad0 ConcurrentGCThread "G1 Service" [stack: 0x000000d736000000,0x000000d736100000] [id=30748]

Threads with active compile tasks:

VM state: at safepoint (normal execution)

VM Mutex/Monitor currently owned by a thread:  ([mutex/lock_event])
[0x000002a1eb711f20] Threads_lock - owner thread: 0x000002a1f877d7c0
[0x000002a1eb9991b0] Heap_lock - owner thread: 0x000002a1fe410ae0

Heap address: 0x00000000c0000000, size: 1024 MB, Compressed Oops mode: 32-bit

CDS archive(s) not mapped
Compressed class space mapped at: 0x0000000100000000-0x0000000140000000, reserved size: 1073741824
Narrow klass base: 0x0000000000000000, Narrow klass shift: 3, Narrow klass range: 0x140000000

GC Precious Log:
 CPUs: 8 total, 8 available
 Memory: 8056M
 Large Page Support: Disabled
 NUMA Support: Disabled
 Compressed Oops: Enabled (32-bit)
 Heap Region Size: 1M
 Heap Min Capacity: 8M
 Heap Initial Capacity: 126M
 Heap Max Capacity: 1G
 Pre-touch: Disabled
 Parallel Workers: 8
 Concurrent Workers: 2
 Concurrent Refinement Workers: 8
 Periodic GC: Disabled

Heap:
 garbage-first heap   total 81920K, used 25655K [0x00000000c0000000, 0x0000000100000000)
  region size 1024K, 1 young (1024K), 0 survivors (0K)
 Metaspace       used 41154K, committed 41536K, reserved 1114112K
  class space    used 5280K, committed 5504K, reserved 1048576K

Heap Regions: E=young(eden), S=young(survivor), O=old, HS=humongous(starts), HC=humongous(continues), CS=collection set, F=free, OA=open archive, CA=closed archive, TAMS=top-at-mark-start (previous, next)
|   0|0x00000000c0000000, 0x00000000c0100000, 0x00000000c0100000|100%|HS|  |TAMS 0x00000000c0100000, 0x00000000c0000000| Untracked 
|   1|0x00000000c0100000, 0x00000000c0200000, 0x00000000c0200000|100%|HC|  |TAMS 0x00000000c0200000, 0x00000000c0100000| Untracked 
|   2|0x00000000c0200000, 0x00000000c0300000, 0x00000000c0300000|100%|HC|  |TAMS 0x00000000c0300000, 0x00000000c0200000| Untracked 
|   3|0x00000000c0300000, 0x00000000c0400000, 0x00000000c0400000|100%|HC|  |TAMS 0x00000000c0400000, 0x00000000c0300000| Untracked 
|   4|0x00000000c0400000, 0x00000000c0500000, 0x00000000c0500000|100%|HS|  |TAMS 0x00000000c0500000, 0x00000000c0400000| Untracked 
|   5|0x00000000c0500000, 0x00000000c0600000, 0x00000000c0600000|100%|HC|  |TAMS 0x00000000c0600000, 0x00000000c0500000| Untracked 
|   6|0x00000000c0600000, 0x00000000c0700000, 0x00000000c0700000|100%| O|  |TAMS 0x00000000c0700000, 0x00000000c0600000| Untracked 
|   7|0x00000000c0700000, 0x00000000c07fff60, 0x00000000c0800000| 99%| O|  |TAMS 0x00000000c07fff60, 0x00000000c0700000| Untracked 
|   8|0x00000000c0800000, 0x00000000c0900000, 0x00000000c0900000|100%| O|  |TAMS 0x00000000c0900000, 0x00000000c0800000| Untracked 
|   9|0x00000000c0900000, 0x00000000c09fffd8, 0x00000000c0a00000| 99%| O|  |TAMS 0x00000000c09fffd8, 0x00000000c0900000| Untracked 
|  10|0x00000000c0a00000, 0x00000000c0b00000, 0x00000000c0b00000|100%| O|  |TAMS 0x00000000c0b00000, 0x00000000c0a00000| Untracked 
|  11|0x00000000c0b00000, 0x00000000c0bfffc8, 0x00000000c0c00000| 99%| O|  |TAMS 0x00000000c0bfffc8, 0x00000000c0b00000| Untracked 
|  12|0x00000000c0c00000, 0x00000000c0cfffe0, 0x00000000c0d00000| 99%| O|  |TAMS 0x00000000c0cfffe0, 0x00000000c0c00000| Untracked 
|  13|0x00000000c0d00000, 0x00000000c0df4f88, 0x00000000c0e00000| 95%| O|  |TAMS 0x00000000c0df4f88, 0x00000000c0d00000| Untracked 
|  14|0x00000000c0e00000, 0x00000000c0eff6f0, 0x00000000c0f00000| 99%| O|  |TAMS 0x00000000c0eff6f0, 0x00000000c0e00000| Untracked 
|  15|0x00000000c0f00000, 0x00000000c0fffff8, 0x00000000c1000000| 99%| O|  |TAMS 0x00000000c0fffff8, 0x00000000c0f00000| Untracked 
|  16|0x00000000c1000000, 0x00000000c10ffff8, 0x00000000c1100000| 99%| O|  |TAMS 0x00000000c10ffff8, 0x00000000c1000000| Untracked 
|  17|0x00000000c1100000, 0x00000000c11ffff0, 0x00000000c1200000| 99%| O|  |TAMS 0x00000000c11ffff0, 0x00000000c1100000| Untracked 
|  18|0x00000000c1200000, 0x00000000c1300000, 0x00000000c1300000|100%| O|  |TAMS 0x00000000c1300000, 0x00000000c1200000| Untracked 
|  19|0x00000000c1300000, 0x00000000c1400000, 0x00000000c1400000|100%| O|  |TAMS 0x00000000c1400000, 0x00000000c1300000| Untracked 
|  20|0x00000000c1400000, 0x00000000c14fffe8, 0x00000000c1500000| 99%| O|  |TAMS 0x00000000c14fffe8, 0x00000000c1400000| Untracked 
|  21|0x00000000c1500000, 0x00000000c15ffff0, 0x00000000c1600000| 99%| O|  |TAMS 0x00000000c15ffff0, 0x00000000c1500000| Untracked 
|  22|0x00000000c1600000, 0x00000000c16ffff0, 0x00000000c1700000| 99%| O|  |TAMS 0x00000000c16ffff0, 0x00000000c1600000| Untracked 
|  23|0x00000000c1700000, 0x00000000c17ffd40, 0x00000000c1800000| 99%| O|  |TAMS 0x00000000c17ffd40, 0x00000000c1700000| Untracked 
|  24|0x00000000c1800000, 0x00000000c18fffe8, 0x00000000c1900000| 99%| O|  |TAMS 0x00000000c18fffe8, 0x00000000c1800000| Untracked 
|  25|0x00000000c1900000, 0x00000000c1917a48, 0x00000000c1a00000|  9%| O|  |TAMS 0x00000000c1900000, 0x00000000c1900000| Untracked 
|  26|0x00000000c1a00000, 0x00000000c1a02298, 0x00000000c1b00000|  0%| O|  |TAMS 0x00000000c1a00000, 0x00000000c1a00000| Untracked 
|  27|0x00000000c1b00000, 0x00000000c1b00000, 0x00000000c1c00000|  0%| F|  |TAMS 0x00000000c1b00000, 0x00000000c1b00000| Untracked 
|  28|0x00000000c1c00000, 0x00000000c1c00000, 0x00000000c1d00000|  0%| F|  |TAMS 0x00000000c1c00000, 0x00000000c1c00000| Untracked 
|  29|0x00000000c1d00000, 0x00000000c1d00000, 0x00000000c1e00000|  0%| F|  |TAMS 0x00000000c1d00000, 0x00000000c1d00000| Untracked 
|  30|0x00000000c1e00000, 0x00000000c1e00000, 0x00000000c1f00000|  0%| F|  |TAMS 0x00000000c1e00000, 0x00000000c1e00000| Untracked 
|  31|0x00000000c1f00000, 0x00000000c1f00000, 0x00000000c2000000|  0%| F|  |TAMS 0x00000000c1f00000, 0x00000000c1f00000| Untracked 
|  32|0x00000000c2000000, 0x00000000c2000000, 0x00000000c2100000|  0%| F|  |TAMS 0x00000000c2000000, 0x00000000c2000000| Untracked 
|  33|0x00000000c2100000, 0x00000000c2100000, 0x00000000c2200000|  0%| F|  |TAMS 0x00000000c2100000, 0x00000000c2100000| Untracked 
|  34|0x00000000c2200000, 0x00000000c2200000, 0x00000000c2300000|  0%| F|  |TAMS 0x00000000c2200000, 0x00000000c2200000| Untracked 
|  35|0x00000000c2300000, 0x00000000c2300000, 0x00000000c2400000|  0%| F|  |TAMS 0x00000000c2300000, 0x00000000c2300000| Untracked 
|  36|0x00000000c2400000, 0x00000000c2400000, 0x00000000c2500000|  0%| F|  |TAMS 0x00000000c2400000, 0x00000000c2400000| Untracked 
|  37|0x00000000c2500000, 0x00000000c2500000, 0x00000000c2600000|  0%| F|  |TAMS 0x00000000c2500000, 0x00000000c2500000| Untracked 
|  38|0x00000000c2600000, 0x00000000c2600000, 0x00000000c2700000|  0%| F|  |TAMS 0x00000000c2600000, 0x00000000c2600000| Untracked 
|  39|0x00000000c2700000, 0x00000000c2700000, 0x00000000c2800000|  0%| F|  |TAMS 0x00000000c2700000, 0x00000000c2700000| Untracked 
|  40|0x00000000c2800000, 0x00000000c2800000, 0x00000000c2900000|  0%| F|  |TAMS 0x00000000c2800000, 0x00000000c2800000| Untracked 
|  41|0x00000000c2900000, 0x00000000c2900000, 0x00000000c2a00000|  0%| F|  |TAMS 0x00000000c2900000, 0x00000000c2900000| Untracked 
|  42|0x00000000c2a00000, 0x00000000c2a00000, 0x00000000c2b00000|  0%| F|  |TAMS 0x00000000c2a00000, 0x00000000c2a00000| Untracked 
|  43|0x00000000c2b00000, 0x00000000c2b00000, 0x00000000c2c00000|  0%| F|  |TAMS 0x00000000c2b00000, 0x00000000c2b00000| Untracked 
|  44|0x00000000c2c00000, 0x00000000c2c00000, 0x00000000c2d00000|  0%| F|  |TAMS 0x00000000c2c00000, 0x00000000c2c00000| Untracked 
|  45|0x00000000c2d00000, 0x00000000c2d00000, 0x00000000c2e00000|  0%| F|  |TAMS 0x00000000c2d00000, 0x00000000c2d00000| Untracked 
|  46|0x00000000c2e00000, 0x00000000c2e00000, 0x00000000c2f00000|  0%| F|  |TAMS 0x00000000c2e00000, 0x00000000c2e00000| Untracked 
|  47|0x00000000c2f00000, 0x00000000c2f00000, 0x00000000c3000000|  0%| F|  |TAMS 0x00000000c2f00000, 0x00000000c2f00000| Untracked 
|  48|0x00000000c3000000, 0x00000000c3000000, 0x00000000c3100000|  0%| F|  |TAMS 0x00000000c3000000, 0x00000000c3000000| Untracked 
|  49|0x00000000c3100000, 0x00000000c3100000, 0x00000000c3200000|  0%| F|  |TAMS 0x00000000c3100000, 0x00000000c3100000| Untracked 
|  50|0x00000000c3200000, 0x00000000c3200000, 0x00000000c3300000|  0%| F|  |TAMS 0x00000000c3200000, 0x00000000c3200000| Untracked 
|  51|0x00000000c3300000, 0x00000000c3300000, 0x00000000c3400000|  0%| F|  |TAMS 0x00000000c3300000, 0x00000000c3300000| Untracked 
|  52|0x00000000c3400000, 0x00000000c3400000, 0x00000000c3500000|  0%| F|  |TAMS 0x00000000c3400000, 0x00000000c3400000| Untracked 
|  53|0x00000000c3500000, 0x00000000c3500000, 0x00000000c3600000|  0%| F|  |TAMS 0x00000000c3500000, 0x00000000c3500000| Untracked 
|  54|0x00000000c3600000, 0x00000000c3600000, 0x00000000c3700000|  0%| F|  |TAMS 0x00000000c3600000, 0x00000000c3600000| Untracked 
|  55|0x00000000c3700000, 0x00000000c3700000, 0x00000000c3800000|  0%| F|  |TAMS 0x00000000c3700000, 0x00000000c3700000| Untracked 
|  56|0x00000000c3800000, 0x00000000c3800000, 0x00000000c3900000|  0%| F|  |TAMS 0x00000000c3800000, 0x00000000c3800000| Untracked 
|  57|0x00000000c3900000, 0x00000000c3900000, 0x00000000c3a00000|  0%| F|  |TAMS 0x00000000c3900000, 0x00000000c3900000| Untracked 
|  58|0x00000000c3a00000, 0x00000000c3a00000, 0x00000000c3b00000|  0%| F|  |TAMS 0x00000000c3a00000, 0x00000000c3a00000| Untracked 
|  59|0x00000000c3b00000, 0x00000000c3b00000, 0x00000000c3c00000|  0%| F|  |TAMS 0x00000000c3b00000, 0x00000000c3b00000| Untracked 
|  60|0x00000000c3c00000, 0x00000000c3c00000, 0x00000000c3d00000|  0%| F|  |TAMS 0x00000000c3c00000, 0x00000000c3c00000| Untracked 
|  61|0x00000000c3d00000, 0x00000000c3d00000, 0x00000000c3e00000|  0%| F|  |TAMS 0x00000000c3d00000, 0x00000000c3d00000| Untracked 
|  62|0x00000000c3e00000, 0x00000000c3e00000, 0x00000000c3f00000|  0%| F|  |TAMS 0x00000000c3e00000, 0x00000000c3e00000| Untracked 
|  63|0x00000000c3f00000, 0x00000000c3f00000, 0x00000000c4000000|  0%| F|  |TAMS 0x00000000c3f00000, 0x00000000c3f00000| Untracked 
|  64|0x00000000c4000000, 0x00000000c4000000, 0x00000000c4100000|  0%| F|  |TAMS 0x00000000c4000000, 0x00000000c4000000| Untracked 
|  65|0x00000000c4100000, 0x00000000c4100000, 0x00000000c4200000|  0%| F|  |TAMS 0x00000000c4100000, 0x00000000c4100000| Untracked 
|  66|0x00000000c4200000, 0x00000000c4200000, 0x00000000c4300000|  0%| F|  |TAMS 0x00000000c4200000, 0x00000000c4200000| Untracked 
|  67|0x00000000c4300000, 0x00000000c4300000, 0x00000000c4400000|  0%| F|  |TAMS 0x00000000c4300000, 0x00000000c4300000| Untracked 
|  68|0x00000000c4400000, 0x00000000c4400000, 0x00000000c4500000|  0%| F|  |TAMS 0x00000000c4400000, 0x00000000c4400000| Untracked 
|  69|0x00000000c4500000, 0x00000000c4500000, 0x00000000c4600000|  0%| F|  |TAMS 0x00000000c4500000, 0x00000000c4500000| Untracked 
|  70|0x00000000c4600000, 0x00000000c4600000, 0x00000000c4700000|  0%| F|  |TAMS 0x00000000c4600000, 0x00000000c4600000| Untracked 
|  71|0x00000000c4700000, 0x00000000c4700000, 0x00000000c4800000|  0%| F|  |TAMS 0x00000000c4700000, 0x00000000c4700000| Untracked 
|  84|0x00000000c5400000, 0x00000000c5400000, 0x00000000c5500000|  0%| F|  |TAMS 0x00000000c5400000, 0x00000000c5400000| Untracked 
|  85|0x00000000c5500000, 0x00000000c5500000, 0x00000000c5600000|  0%| F|  |TAMS 0x00000000c5500000, 0x00000000c5500000| Untracked 
|  86|0x00000000c5600000, 0x00000000c5600000, 0x00000000c5700000|  0%| F|  |TAMS 0x00000000c5600000, 0x00000000c5600000| Untracked 
|  87|0x00000000c5700000, 0x00000000c5700000, 0x00000000c5800000|  0%| F|  |TAMS 0x00000000c5700000, 0x00000000c5700000| Untracked 
|  88|0x00000000c5800000, 0x00000000c5800000, 0x00000000c5900000|  0%| F|  |TAMS 0x00000000c5800000, 0x00000000c5800000| Untracked 
| 123|0x00000000c7b00000, 0x00000000c7b00000, 0x00000000c7c00000|  0%| F|  |TAMS 0x00000000c7b00000, 0x00000000c7b00000| Untracked 
| 124|0x00000000c7c00000, 0x00000000c7c00000, 0x00000000c7d00000|  0%| F|  |TAMS 0x00000000c7c00000, 0x00000000c7c00000| Untracked 
| 125|0x00000000c7d00000, 0x00000000c7d09768, 0x00000000c7e00000|  3%| E|  |TAMS 0x00000000c7d00000, 0x00000000c7d00000| Complete 

Card table byte_map: [0x000002a1f38f0000,0x000002a1f3af0000] _byte_map_base: 0x000002a1f32f0000

Marking Bits (Prev, Next): (CMBitMap*) 0x000002a1eb9d7a50, (CMBitMap*) 0x000002a1eb9d7a10
 Prev Bits: [0x000002a1f4cf0000, 0x000002a1f5cf0000)
 Next Bits: [0x000002a1f3cf0000, 0x000002a1f4cf0000)

Polling page: 0x000002a1efde0000

Metaspace:

Usage:
  Non-class:     35.03 MB used.
      Class:      5.16 MB used.
       Both:     40.19 MB used.

Virtual space:
  Non-class space:       64.00 MB reserved,      35.19 MB ( 55%) committed,  1 nodes.
      Class space:        1.00 GB reserved,       5.38 MB ( <1%) committed,  1 nodes.
             Both:        1.06 GB reserved,      40.56 MB (  4%) committed. 

Chunk freelists:
   Non-Class:  12.03 MB
       Class:  10.64 MB
        Both:  22.67 MB

MaxMetaspaceSize: unlimited
CompressedClassSpaceSize: 1.00 GB
Initial GC threshold: 21.00 MB
Current GC threshold: 67.62 MB
CDS: off
MetaspaceReclaimPolicy: balanced
 - commit_granule_bytes: 65536.
 - commit_granule_words: 8192.
 - virtual_space_node_default_size: 8388608.
 - enlarge_chunks_in_place: 1.
 - new_chunks_are_fully_committed: 0.
 - uncommit_free_chunks: 1.
 - use_allocation_guard: 0.
 - handle_deallocations: 1.


Internal statistics:

num_allocs_failed_limit: 10.
num_arena_births: 562.
num_arena_deaths: 164.
num_vsnodes_births: 2.
num_vsnodes_deaths: 0.
num_space_committed: 648.
num_space_uncommitted: 0.
num_chunks_returned_to_freelist: 194.
num_chunks_taken_from_freelist: 1828.
num_chunk_merges: 59.
num_chunk_splits: 1220.
num_chunks_enlarged: 922.
num_inconsistent_stats: 0.

CodeCache: size=49152Kb used=7925Kb max_used=9508Kb free=41227Kb
 bounds [0x000002a1efe00000, 0x000002a1f0770000, 0x000002a1f2e00000]
 total_blobs=4879 nmethods=4332 adapters=474
 compilation: enabled
              stopped_count=0, restarted_count=0
 full_count=0

Compilation events (20 events):
Event: 1347.248 Thread 0x000002a1f890d620 4335   !   1       java.util.concurrent.FutureTask::runAndReset (125 bytes)
Event: 1347.292 Thread 0x000002a1f890d620 nmethod 4335 0x000002a1f0538d90 code [0x000002a1f0539000, 0x000002a1f0539938]
Event: 1347.292 Thread 0x000002a1f890d620 4336       1       java.util.concurrent.ScheduledThreadPoolExecutor$ScheduledFutureTask::setNextRunTime (38 bytes)
Event: 1347.293 Thread 0x000002a1f890d620 nmethod 4336 0x000002a1f0538910 code [0x000002a1f0538ac0, 0x000002a1f0538ca8]
Event: 1347.293 Thread 0x000002a1f890d620 4337       1       java.util.concurrent.ScheduledThreadPoolExecutor::reExecutePeriodic (49 bytes)
Event: 1347.295 Thread 0x000002a1f890d620 nmethod 4337 0x000002a1f0538310 code [0x000002a1f0538500, 0x000002a1f0538748]
Event: 1357.340 Thread 0x000002a1f890d620 4338       1       org.springframework.ide.vscode.commons.languageserver.util.SimpleLanguageServer::getParentProcessId (5 bytes)
Event: 1357.348 Thread 0x000002a1f890d620 nmethod 4338 0x000002a1f0538010 code [0x000002a1f05381a0, 0x000002a1f0538278]
Event: 1572.893 Thread 0x000002a1f890d620 4339       1       java.lang.System::checkKey (34 bytes)
Event: 1573.029 Thread 0x000002a1f890d620 nmethod 4339 0x000002a1f0537b10 code [0x000002a1f0537cc0, 0x000002a1f0537eb8]
Event: 1689.971 Thread 0x000002a1f890d620 4340       1       java.lang.invoke.LambdaForm$MH/0x000000010008c400::invoke (27 bytes)
Event: 1690.094 Thread 0x000002a1f890d620 nmethod 4340 0x000002a1f0537710 code [0x000002a1f05378c0, 0x000002a1f0537a18]
Event: 1700.687 Thread 0x000002a1f890d620 4342       1       java.lang.ProcessImpl::needsEscaping (169 bytes)
Event: 1700.703 Thread 0x000002a1f890d620 nmethod 4342 0x000002a1f0536990 code [0x000002a1f0536be0, 0x000002a1f05372e8]
Event: 1700.703 Thread 0x000002a1f890d620 4343       1       java.lang.ProcessImpl::unQuote (40 bytes)
Event: 1700.704 Thread 0x000002a1f890d620 nmethod 4343 0x000002a1f0536490 code [0x000002a1f0536640, 0x000002a1f0536808]
Event: 1732.940 Thread 0x000002a1f890d620 4344       1       java.lang.System::getProperty (25 bytes)
Event: 1733.025 Thread 0x000002a1f890d620 nmethod 4344 0x000002a1f0535c90 code [0x000002a1f0535e80, 0x000002a1f0536248]
Event: 1941.219 Thread 0x000002a1f890d620 4345       1       java.lang.invoke.DelegatingMethodHandle$Holder::reinvoke_L (20 bytes)
Event: 1941.219 Thread 0x000002a1f890d620 nmethod 4345 0x000002a1f0535890 code [0x000002a1f0535a40, 0x000002a1f0535b78]

GC Heap History (20 events):
Event: 1931.213 GC heap after
{Heap after GC invocations=60 (full 48):
 garbage-first heap   total 81920K, used 25655K [0x00000000c0000000, 0x0000000100000000)
  region size 1024K, 0 young (0K), 0 survivors (0K)
 Metaspace       used 41154K, committed 41536K, reserved 1114112K
  class space    used 5280K, committed 5504K, reserved 1048576K
}
Event: 1941.550 GC heap before
{Heap before GC invocations=60 (full 48):
 garbage-first heap   total 81920K, used 25655K [0x00000000c0000000, 0x0000000100000000)
  region size 1024K, 1 young (1024K), 0 survivors (0K)
 Metaspace       used 41154K, committed 41536K, reserved 1114112K
  class space    used 5280K, committed 5504K, reserved 1048576K
}
Event: 1941.610 GC heap after
{Heap after GC invocations=61 (full 49):
 garbage-first heap   total 81920K, used 25655K [0x00000000c0000000, 0x0000000100000000)
  region size 1024K, 0 young (0K), 0 survivors (0K)
 Metaspace       used 41154K, committed 41536K, reserved 1114112K
  class space    used 5280K, committed 5504K, reserved 1048576K
}
Event: 1951.952 GC heap before
{Heap before GC invocations=61 (full 49):
 garbage-first heap   total 81920K, used 25655K [0x00000000c0000000, 0x0000000100000000)
  region size 1024K, 1 young (1024K), 0 survivors (0K)
 Metaspace       used 41154K, committed 41536K, reserved 1114112K
  class space    used 5280K, committed 5504K, reserved 1048576K
}
Event: 1952.014 GC heap after
{Heap after GC invocations=62 (full 50):
 garbage-first heap   total 81920K, used 25655K [0x00000000c0000000, 0x0000000100000000)
  region size 1024K, 0 young (0K), 0 survivors (0K)
 Metaspace       used 41154K, committed 41536K, reserved 1114112K
  class space    used 5280K, committed 5504K, reserved 1048576K
}
Event: 1962.314 GC heap before
{Heap before GC invocations=62 (full 50):
 garbage-first heap   total 81920K, used 25655K [0x00000000c0000000, 0x0000000100000000)
  region size 1024K, 1 young (1024K), 0 survivors (0K)
 Metaspace       used 41154K, committed 41536K, reserved 1114112K
  class space    used 5280K, committed 5504K, reserved 1048576K
}
Event: 1962.367 GC heap after
{Heap after GC invocations=63 (full 51):
 garbage-first heap   total 81920K, used 25655K [0x00000000c0000000, 0x0000000100000000)
  region size 1024K, 0 young (0K), 0 survivors (0K)
 Metaspace       used 41154K, committed 41536K, reserved 1114112K
  class space    used 5280K, committed 5504K, reserved 1048576K
}
Event: 1972.658 GC heap before
{Heap before GC invocations=63 (full 51):
 garbage-first heap   total 81920K, used 25655K [0x00000000c0000000, 0x0000000100000000)
  region size 1024K, 1 young (1024K), 0 survivors (0K)
 Metaspace       used 41154K, committed 41536K, reserved 1114112K
  class space    used 5280K, committed 5504K, reserved 1048576K
}
Event: 1972.710 GC heap after
{Heap after GC invocations=64 (full 52):
 garbage-first heap   total 81920K, used 25655K [0x00000000c0000000, 0x0000000100000000)
  region size 1024K, 0 young (0K), 0 survivors (0K)
 Metaspace       used 41154K, committed 41536K, reserved 1114112K
  class space    used 5280K, committed 5504K, reserved 1048576K
}
Event: 1982.973 GC heap before
{Heap before GC invocations=64 (full 52):
 garbage-first heap   total 81920K, used 25655K [0x00000000c0000000, 0x0000000100000000)
  region size 1024K, 1 young (1024K), 0 survivors (0K)
 Metaspace       used 41154K, committed 41536K, reserved 1114112K
  class space    used 5280K, committed 5504K, reserved 1048576K
}
Event: 1983.048 GC heap after
{Heap after GC invocations=65 (full 53):
 garbage-first heap   total 81920K, used 25655K [0x00000000c0000000, 0x0000000100000000)
  region size 1024K, 0 young (0K), 0 survivors (0K)
 Metaspace       used 41154K, committed 41536K, reserved 1114112K
  class space    used 5280K, committed 5504K, reserved 1048576K
}
Event: 1993.565 GC heap before
{Heap before GC invocations=65 (full 53):
 garbage-first heap   total 81920K, used 25655K [0x00000000c0000000, 0x0000000100000000)
  region size 1024K, 1 young (1024K), 0 survivors (0K)
 Metaspace       used 41154K, committed 41536K, reserved 1114112K
  class space    used 5280K, committed 5504K, reserved 1048576K
}
Event: 1993.629 GC heap after
{Heap after GC invocations=66 (full 54):
 garbage-first heap   total 81920K, used 25655K [0x00000000c0000000, 0x0000000100000000)
  region size 1024K, 0 young (0K), 0 survivors (0K)
 Metaspace       used 41154K, committed 41536K, reserved 1114112K
  class space    used 5280K, committed 5504K, reserved 1048576K
}
Event: 2003.951 GC heap before
{Heap before GC invocations=66 (full 54):
 garbage-first heap   total 81920K, used 25655K [0x00000000c0000000, 0x0000000100000000)
  region size 1024K, 1 young (1024K), 0 survivors (0K)
 Metaspace       used 41154K, committed 41536K, reserved 1114112K
  class space    used 5280K, committed 5504K, reserved 1048576K
}
Event: 2004.012 GC heap after
{Heap after GC invocations=67 (full 55):
 garbage-first heap   total 81920K, used 25655K [0x00000000c0000000, 0x0000000100000000)
  region size 1024K, 0 young (0K), 0 survivors (0K)
 Metaspace       used 41154K, committed 41536K, reserved 1114112K
  class space    used 5280K, committed 5504K, reserved 1048576K
}
Event: 2014.523 GC heap before
{Heap before GC invocations=67 (full 55):
 garbage-first heap   total 81920K, used 25655K [0x00000000c0000000, 0x0000000100000000)
  region size 1024K, 1 young (1024K), 0 survivors (0K)
 Metaspace       used 41154K, committed 41536K, reserved 1114112K
  class space    used 5280K, committed 5504K, reserved 1048576K
}
Event: 2014.591 GC heap after
{Heap after GC invocations=68 (full 56):
 garbage-first heap   total 81920K, used 25655K [0x00000000c0000000, 0x0000000100000000)
  region size 1024K, 0 young (0K), 0 survivors (0K)
 Metaspace       used 41154K, committed 41536K, reserved 1114112K
  class space    used 5280K, committed 5504K, reserved 1048576K
}
Event: 2024.804 GC heap before
{Heap before GC invocations=68 (full 56):
 garbage-first heap   total 81920K, used 25655K [0x00000000c0000000, 0x0000000100000000)
  region size 1024K, 1 young (1024K), 0 survivors (0K)
 Metaspace       used 41154K, committed 41536K, reserved 1114112K
  class space    used 5280K, committed 5504K, reserved 1048576K
}
Event: 2024.846 GC heap after
{Heap after GC invocations=69 (full 57):
 garbage-first heap   total 81920K, used 25655K [0x00000000c0000000, 0x0000000100000000)
  region size 1024K, 0 young (0K), 0 survivors (0K)
 Metaspace       used 41154K, committed 41536K, reserved 1114112K
  class space    used 5280K, committed 5504K, reserved 1048576K
}
Event: 2035.040 GC heap before
{Heap before GC invocations=69 (full 57):
 garbage-first heap   total 81920K, used 25655K [0x00000000c0000000, 0x0000000100000000)
  region size 1024K, 1 young (1024K), 0 survivors (0K)
 Metaspace       used 41154K, committed 41536K, reserved 1114112K
  class space    used 5280K, committed 5504K, reserved 1048576K
}

Dll operation events (8 events):
Event: 0.068 Loaded shared library c:\Users\Gabriel Xavier\.vscode\extensions\redhat.java-1.34.0-win32-x64\jre\17.0.12-win32-x86_64\bin\java.dll
Event: 4.924 Loaded shared library C:\Users\Gabriel Xavier\.vscode\extensions\redhat.java-1.34.0-win32-x64\jre\17.0.12-win32-x86_64\bin\net.dll
Event: 4.951 Loaded shared library C:\Users\Gabriel Xavier\.vscode\extensions\redhat.java-1.34.0-win32-x64\jre\17.0.12-win32-x86_64\bin\nio.dll
Event: 5.101 Loaded shared library C:\Users\Gabriel Xavier\.vscode\extensions\redhat.java-1.34.0-win32-x64\jre\17.0.12-win32-x86_64\bin\zip.dll
Event: 11.241 Loaded shared library C:\Users\Gabriel Xavier\.vscode\extensions\redhat.java-1.34.0-win32-x64\jre\17.0.12-win32-x86_64\bin\jimage.dll
Event: 30.739 Loaded shared library c:\Users\Gabriel Xavier\.vscode\extensions\redhat.java-1.34.0-win32-x64\jre\17.0.12-win32-x86_64\bin\verify.dll
Event: 53.701 Loaded shared library C:\Users\Gabriel Xavier\.vscode\extensions\redhat.java-1.34.0-win32-x64\jre\17.0.12-win32-x86_64\bin\management.dll
Event: 53.722 Loaded shared library C:\Users\Gabriel Xavier\.vscode\extensions\redhat.java-1.34.0-win32-x64\jre\17.0.12-win32-x86_64\bin\management_ext.dll

Deoptimization events (6 events):
Event: 55.656 Thread 0x000002a1fd9fb860 DEOPT PACKING pc=0x000002a1f011cd01 sp=0x000000d7379fda90
Event: 55.656 Thread 0x000002a1fd9fb860 DEOPT UNPACKING pc=0x000002a1efe57143 sp=0x000000d7379fcf20 mode 3
Event: 55.667 Thread 0x000002a1fe5314b0 DEOPT PACKING pc=0x000002a1f013f617 sp=0x000000d737bfede0
Event: 55.667 Thread 0x000002a1fe5314b0 DEOPT UNPACKING pc=0x000002a1efe57143 sp=0x000000d737bfe238 mode 3
Event: 169.147 Thread 0x000002a1fd9fb860 DEOPT PACKING pc=0x000002a1f0420dd4 sp=0x000000d7379fec70
Event: 169.147 Thread 0x000002a1fd9fb860 DEOPT UNPACKING pc=0x000002a1efe57143 sp=0x000000d7379fe118 mode 0

Classes loaded (20 events):
Event: 57.809 Loading class java/util/concurrent/atomic/AtomicLongFieldUpdater$CASUpdater
Event: 57.816 Loading class java/util/concurrent/atomic/AtomicLongFieldUpdater$CASUpdater done
Event: 57.818 Loading class java/util/concurrent/atomic/AtomicLongFieldUpdater$CASUpdater$1
Event: 57.818 Loading class java/util/concurrent/atomic/AtomicLongFieldUpdater$CASUpdater$1 done
Event: 93.754 Loading class java/lang/ProcessBuilder
Event: 93.757 Loading class java/lang/ProcessBuilder done
Event: 93.758 Loading class java/lang/ProcessImpl
Event: 93.760 Loading class java/lang/ProcessImpl done
Event: 93.849 Loading class java/lang/ProcessImpl$2
Event: 93.849 Loading class java/lang/ProcessImpl$2 done
Event: 93.849 Loading class java/lang/Process$PipeInputStream
Event: 93.849 Loading class java/lang/Process$PipeInputStream done
Event: 93.851 Loading class jdk/internal/event/ProcessStartEvent
Event: 93.851 Loading class jdk/internal/event/ProcessStartEvent done
Event: 95.594 Loading class java/io/FileOutputStream$1
Event: 95.594 Loading class java/io/FileOutputStream$1 done
Event: 170.179 Loading class java/util/concurrent/CompletableFuture$UniCompose
Event: 170.180 Loading class java/util/concurrent/CompletableFuture$UniCompose done
Event: 170.653 Loading class java/util/logging/LogRecord
Event: 170.658 Loading class java/util/logging/LogRecord done

Classes unloaded (20 events):
Event: 123.788 Thread 0x000002a1f877d7c0 Unloading class 0x0000000100095000 'java/lang/invoke/LambdaForm$MH+0x0000000100095000'
Event: 123.788 Thread 0x000002a1f877d7c0 Unloading class 0x0000000100094c00 'java/lang/invoke/LambdaForm$MH+0x0000000100094c00'
Event: 123.788 Thread 0x000002a1f877d7c0 Unloading class 0x0000000100094800 'java/lang/invoke/LambdaForm$MH+0x0000000100094800'
Event: 123.788 Thread 0x000002a1f877d7c0 Unloading class 0x0000000100094400 'java/lang/invoke/LambdaForm$MH+0x0000000100094400'
Event: 123.788 Thread 0x000002a1f877d7c0 Unloading class 0x000000010008e800 'java/lang/invoke/LambdaForm$MH+0x000000010008e800'
Event: 123.788 Thread 0x000002a1f877d7c0 Unloading class 0x000000010008e400 'java/lang/invoke/LambdaForm$MH+0x000000010008e400'
Event: 123.788 Thread 0x000002a1f877d7c0 Unloading class 0x000000010008e000 'java/lang/invoke/LambdaForm$MH+0x000000010008e000'
Event: 123.788 Thread 0x000002a1f877d7c0 Unloading class 0x000000010008dc00 'java/lang/invoke/LambdaForm$MH+0x000000010008dc00'
Event: 123.788 Thread 0x000002a1f877d7c0 Unloading class 0x000000010008d800 'java/lang/invoke/LambdaForm$MH+0x000000010008d800'
Event: 123.788 Thread 0x000002a1f877d7c0 Unloading class 0x000000010008d400 'java/lang/invoke/LambdaForm$MH+0x000000010008d400'
Event: 123.788 Thread 0x000002a1f877d7c0 Unloading class 0x000000010008cc00 'java/lang/invoke/LambdaForm$MH+0x000000010008cc00'
Event: 123.788 Thread 0x000002a1f877d7c0 Unloading class 0x000000010008c800 'java/lang/invoke/LambdaForm$MH+0x000000010008c800'
Event: 123.788 Thread 0x000002a1f877d7c0 Unloading class 0x000000010008c000 'java/lang/invoke/LambdaForm$MH+0x000000010008c000'
Event: 123.789 Thread 0x000002a1f877d7c0 Unloading class 0x000000010008bc00 'java/lang/invoke/LambdaForm$MH+0x000000010008bc00'
Event: 1478.961 Thread 0x000002a1f877d7c0 Unloading class 0x000000010008d400 'java/lang/invoke/LambdaForm$MH+0x000000010008d400'
Event: 1478.962 Thread 0x000002a1f877d7c0 Unloading class 0x000000010008e800 'java/lang/invoke/LambdaForm$MH+0x000000010008e800'
Event: 1478.963 Thread 0x000002a1f877d7c0 Unloading class 0x0000000100094400 'java/lang/invoke/LambdaForm$MH+0x0000000100094400'
Event: 1478.972 Thread 0x000002a1f877d7c0 Unloading class 0x00000001003bc800 'java/lang/invoke/LambdaForm$MH+0x00000001003bc800'
Event: 1478.974 Thread 0x000002a1f877d7c0 Unloading class 0x0000000100494400 'java/lang/invoke/LambdaForm$MH+0x0000000100494400'
Event: 1478.974 Thread 0x000002a1f877d7c0 Unloading class 0x0000000100529800 'java/lang/invoke/LambdaForm$MH+0x0000000100529800'

Classes redefined (0 events):
No events

Internal exceptions (20 events):
Event: 43.556 Thread 0x000002a1eb999b20 Exception <a 'java/lang/NoSuchMethodError'{0x00000000c54f3078}: 'java.lang.Object java.lang.invoke.DirectMethodHandle$Holder.invokeSpecial(java.lang.Object, java.lang.Object, int, java.lang.Object, java.lang.Object)'> (0x00000000c54f3078) 
thrown [s\src\hotspot\share\interpreter\linkResolver.cpp, line 759]
Event: 43.557 Thread 0x000002a1eb999b20 Exception <a 'java/lang/NoSuchMethodError'{0x00000000c54f6d60}: 'java.lang.Object java.lang.invoke.DelegatingMethodHandle$Holder.delegate(java.lang.Object, int, java.lang.Object, java.lang.Object)'> (0x00000000c54f6d60) 
thrown [s\src\hotspot\share\interpreter\linkResolver.cpp, line 759]
Event: 43.565 Thread 0x000002a1eb999b20 Exception <a 'java/lang/NoSuchMethodError'{0x00000000c4707c00}: 'int java.lang.invoke.Invokers$Holder.linkToTargetMethod(java.lang.Object, java.lang.Object, java.lang.Object)'> (0x00000000c4707c00) 
thrown [s\src\hotspot\share\interpreter\linkResolver.cpp, line 759]
Event: 44.777 Thread 0x000002a1eb999b20 Exception <a 'java/lang/NoSuchMethodError'{0x00000000c43cfad8}: 'java.lang.Object java.lang.invoke.DirectMethodHandle$Holder.invokeStaticInit(java.lang.Object, int, int, int, int)'> (0x00000000c43cfad8) 
thrown [s\src\hotspot\share\interpreter\linkResolver.cpp, line 759]
Event: 45.266 Thread 0x000002a1eb999b20 Exception <a 'java/lang/NoSuchMethodError'{0x00000000c43fa1c0}: 'java.lang.Object java.lang.invoke.DirectMethodHandle$Holder.invokeStaticInit(java.lang.Object, java.lang.Object, int, int, int, int)'> (0x00000000c43fa1c0) 
thrown [s\src\hotspot\share\interpreter\linkResolver.cpp, line 759]
Event: 47.971 Thread 0x000002a1eb999b20 Exception <a 'java/lang/NoSuchMethodError'{0x00000000c3a9e590}: 'void java.lang.invoke.DirectMethodHandle$Holder.invokeSpecialIFC(java.lang.Object, java.lang.Object, java.lang.Object)'> (0x00000000c3a9e590) 
thrown [s\src\hotspot\share\interpreter\linkResolver.cpp, line 759]
Event: 51.119 Thread 0x000002a1eb999b20 Exception <a 'java/lang/NoSuchMethodError'{0x00000000c40d8cc8}: 'int java.lang.invoke.DirectMethodHandle$Holder.invokeStaticInit(java.lang.Object, java.lang.Object, int, java.lang.Object)'> (0x00000000c40d8cc8) 
thrown [s\src\hotspot\share\interpreter\linkResolver.cpp, line 759]
Event: 51.303 Thread 0x000002a1eb999b20 Exception <a 'java/lang/NoSuchMethodError'{0x00000000c3e0fe10}: 'void java.lang.invoke.DirectMethodHandle$Holder.invokeSpecial(java.lang.Object, java.lang.Object, java.lang.Object, java.lang.Object, java.lang.Object, java.lang.Object, java.lang.Object)'> (0x00000000c3e0fe10) 
thrown [s\src\hotspot\share\interpreter\linkResolver.cpp, line 759]
Event: 52.520 Thread 0x000002a1eb999b20 Exception <a 'java/lang/NoSuchMethodError'{0x00000000c396bae0}: 'java.lang.Object java.lang.invoke.DirectMethodHandle$Holder.invokeInterface(java.lang.Object, java.lang.Object, int)'> (0x00000000c396bae0) 
thrown [s\src\hotspot\share\interpreter\linkResolver.cpp, line 759]
Event: 52.527 Thread 0x000002a1eb999b20 Exception <a 'java/lang/IncompatibleClassChangeError'{0x00000000c3982a68}: Found class java.lang.Object, but interface was expected> (0x00000000c3982a68) 
thrown [s\src\hotspot\share\interpreter\linkResolver.cpp, line 826]
Event: 53.649 Thread 0x000002a1eb999b20 Exception <a 'java/lang/NoSuchMethodError'{0x00000000c33c4258}: 'java.lang.Object java.lang.invoke.DirectMethodHandle$Holder.newInvokeSpecial(java.lang.Object, java.lang.Object, int, java.lang.Object, java.lang.Object)'> (0x00000000c33c4258) 
thrown [s\src\hotspot\share\interpreter\linkResolver.cpp, line 759]
Event: 53.660 Thread 0x000002a1eb999b20 Exception <a 'java/lang/NoSuchMethodError'{0x00000000c33db338}: 'java.lang.Object java.lang.invoke.DirectMethodHandle$Holder.newInvokeSpecial(java.lang.Object, java.lang.Object, java.lang.Object, int)'> (0x00000000c33db338) 
thrown [s\src\hotspot\share\interpreter\linkResolver.cpp, line 759]
Event: 53.662 Thread 0x000002a1eb999b20 Exception <a 'java/lang/NoSuchMethodError'{0x00000000c33df620}: 'java.lang.Object java.lang.invoke.DirectMethodHandle$Holder.invokeSpecial(java.lang.Object, java.lang.Object, java.lang.Object, java.lang.Object, int)'> (0x00000000c33df620) 
thrown [s\src\hotspot\share\interpreter\linkResolver.cpp, line 759]
Event: 53.663 Thread 0x000002a1eb999b20 Exception <a 'java/lang/NoSuchMethodError'{0x00000000c33e31e8}: 'java.lang.Object java.lang.invoke.Invokers$Holder.linkToTargetMethod(java.lang.Object, java.lang.Object, int, java.lang.Object)'> (0x00000000c33e31e8) 
thrown [s\src\hotspot\share\interpreter\linkResolver.cpp, line 759]
Event: 55.220 Thread 0x000002a1fe552550 Exception <a 'java/lang/NoSuchMethodError'{0x00000000c459a198}: 'java.lang.Object java.lang.invoke.DirectMethodHandle$Holder.invokeStatic(java.lang.Object, int, java.lang.Object)'> (0x00000000c459a198) 
thrown [s\src\hotspot\share\interpreter\linkResolver.cpp, line 759]
Event: 55.222 Thread 0x000002a1fd9fb860 Exception <a 'java/lang/NoSuchMethodError'{0x00000000c4584280}: 'java.lang.Object java.lang.invoke.DirectMethodHandle$Holder.invokeStatic(java.lang.Object, java.lang.Object, java.lang.Object, int, java.lang.Object, java.lang.Object)'> (0x00000000c4584280) 
thrown [s\src\hotspot\share\interpreter\linkResolver.cpp, line 759]
Event: 57.672 Thread 0x000002a1fe376030 Exception <a 'java/lang/NoSuchMethodError'{0x00000000c3b26b20}: 'int java.lang.invoke.DirectMethodHandle$Holder.invokeStatic(java.lang.Object)'> (0x00000000c3b26b20) 
thrown [s\src\hotspot\share\interpreter\linkResolver.cpp, line 759]
Event: 57.674 Thread 0x000002a1fe376030 Exception <a 'java/lang/NoSuchMethodError'{0x00000000c3b29f20}: 'int java.lang.invoke.DirectMethodHandle$Holder.invokeStaticInit(java.lang.Object)'> (0x00000000c3b29f20) 
thrown [s\src\hotspot\share\interpreter\linkResolver.cpp, line 759]
Event: 93.845 Thread 0x000002a1fe410ae0 Exception <a 'java/lang/NoSuchMethodError'{0x00000000c3b8afb0}: 'void java.lang.invoke.DirectMethodHandle$Holder.invokeStatic(java.lang.Object, long)'> (0x00000000c3b8afb0) 
thrown [s\src\hotspot\share\interpreter\linkResolver.cpp, line 759]
Event: 93.848 Thread 0x000002a1fe410ae0 Exception <a 'java/lang/NoSuchMethodError'{0x00000000c3b90358}: 'java.lang.Object java.lang.invoke.DirectMethodHandle$Holder.newInvokeSpecial(java.lang.Object, long)'> (0x00000000c3b90358) 
thrown [s\src\hotspot\share\interpreter\linkResolver.cpp, line 759]

VM Operations (20 events):
Event: 1931.213 Executing VM operation: G1CollectFull done
Event: 1941.550 Executing VM operation: G1CollectFull
Event: 1941.610 Executing VM operation: G1CollectFull done
Event: 1951.952 Executing VM operation: G1CollectFull
Event: 1952.014 Executing VM operation: G1CollectFull done
Event: 1962.314 Executing VM operation: G1CollectFull
Event: 1962.367 Executing VM operation: G1CollectFull done
Event: 1972.657 Executing VM operation: G1CollectFull
Event: 1972.710 Executing VM operation: G1CollectFull done
Event: 1982.973 Executing VM operation: G1CollectFull
Event: 1983.048 Executing VM operation: G1CollectFull done
Event: 1993.565 Executing VM operation: G1CollectFull
Event: 1993.630 Executing VM operation: G1CollectFull done
Event: 2003.951 Executing VM operation: G1CollectFull
Event: 2004.012 Executing VM operation: G1CollectFull done
Event: 2014.523 Executing VM operation: G1CollectFull
Event: 2014.592 Executing VM operation: G1CollectFull done
Event: 2024.804 Executing VM operation: G1CollectFull
Event: 2024.846 Executing VM operation: G1CollectFull done
Event: 2035.040 Executing VM operation: G1CollectFull

Events (20 events):
Event: 512.739 Thread 0x000002a1fe371e60 Thread added: 0x000002a1fe371e60
Event: 662.950 Thread 0x000002a1fe371e60 Thread exited: 0x000002a1fe371e60
Event: 684.447 Thread 0x000002a1fe376a50 Thread added: 0x000002a1fe376a50
Event: 774.047 Thread 0x000002a1fe373cc0 Thread exited: 0x000002a1fe373cc0
Event: 774.122 Thread 0x000002a1fe376a50 Thread exited: 0x000002a1fe376a50
Event: 781.688 Thread 0x000002a1fe375b20 Thread exited: 0x000002a1fe375b20
Event: 869.000 Thread 0x000002a1fe373cc0 Thread added: 0x000002a1fe373cc0
Event: 942.155 Thread 0x000002a1fe377980 Thread added: 0x000002a1fe377980
Event: 942.320 Thread 0x000002a1fe377e90 Thread added: 0x000002a1fe377e90
Event: 1002.166 Thread 0x000002a1fe373cc0 Thread exited: 0x000002a1fe373cc0
Event: 1002.166 Thread 0x000002a1fe374bf0 Thread exited: 0x000002a1fe374bf0
Event: 1027.666 Thread 0x000002a1fe376540 Thread exited: 0x000002a1fe376540
Event: 1131.203 Thread 0x000002a1fe3788b0 Thread added: 0x000002a1fe3788b0
Event: 1211.523 Thread 0x000002a1fe377e90 Thread exited: 0x000002a1fe377e90
Event: 1245.985 Thread 0x000002a1fe377e90 Thread added: 0x000002a1fe377e90
Event: 1312.416 Thread 0x000002a1fe376540 Thread added: 0x000002a1fe376540
Event: 1372.434 Thread 0x000002a1fe377e90 Thread exited: 0x000002a1fe377e90
Event: 1397.930 Thread 0x000002a1fe377980 Thread exited: 0x000002a1fe377980
Event: 1493.353 Thread 0x000002a1fe376540 Thread exited: 0x000002a1fe376540
Event: 1506.920 Thread 0x000002a1fe3788b0 Thread exited: 0x000002a1fe3788b0


Dynamic libraries:
0x00007ff736960000 - 0x00007ff73696e000 	c:\Users\Gabriel Xavier\.vscode\extensions\redhat.java-1.34.0-win32-x64\jre\17.0.12-win32-x86_64\bin\java.exe
0x00007ffb7a690000 - 0x00007ffb7a888000 	C:\Windows\SYSTEM32\ntdll.dll
0x00007ffb78a40000 - 0x00007ffb78b01000 	C:\Windows\System32\KERNEL32.DLL
0x00007ffb783c0000 - 0x00007ffb786bd000 	C:\Windows\System32\KERNELBASE.dll
0x00007ffb78230000 - 0x00007ffb78330000 	C:\Windows\System32\ucrtbase.dll
0x00007ffb4dbe0000 - 0x00007ffb4dbf7000 	c:\Users\Gabriel Xavier\.vscode\extensions\redhat.java-1.34.0-win32-x64\jre\17.0.12-win32-x86_64\bin\jli.dll
0x00007ffb79b10000 - 0x00007ffb79cad000 	C:\Windows\System32\USER32.dll
0x00007ffb78190000 - 0x00007ffb781b2000 	C:\Windows\System32\win32u.dll
0x00007ffb786c0000 - 0x00007ffb786eb000 	C:\Windows\System32\GDI32.dll
0x00007ffb77e40000 - 0x00007ffb77f57000 	C:\Windows\System32\gdi32full.dll
0x00007ffb77f90000 - 0x00007ffb7802d000 	C:\Windows\System32\msvcp_win.dll
0x00007ffb4dda0000 - 0x00007ffb4ddbb000 	c:\Users\Gabriel Xavier\.vscode\extensions\redhat.java-1.34.0-win32-x64\jre\17.0.12-win32-x86_64\bin\VCRUNTIME140.dll
0x00007ffb6d1b0000 - 0x00007ffb6d44a000 	C:\Windows\WinSxS\amd64_microsoft.windows.common-controls_6595b64144ccf1df_6.0.19041.4355_none_60b8b9eb71f62e16\COMCTL32.dll
0x00007ffb788d0000 - 0x00007ffb7896e000 	C:\Windows\System32\msvcrt.dll
0x00007ffb79cb0000 - 0x00007ffb79cdf000 	C:\Windows\System32\IMM32.DLL
0x00007ffb682b0000 - 0x00007ffb682bc000 	c:\Users\Gabriel Xavier\.vscode\extensions\redhat.java-1.34.0-win32-x64\jre\17.0.12-win32-x86_64\bin\vcruntime140_1.dll
0x00007ffb3fed0000 - 0x00007ffb3ff5d000 	c:\Users\Gabriel Xavier\.vscode\extensions\redhat.java-1.34.0-win32-x64\jre\17.0.12-win32-x86_64\bin\msvcp140.dll
0x00007ffb0ce80000 - 0x00007ffb0daea000 	c:\Users\Gabriel Xavier\.vscode\extensions\redhat.java-1.34.0-win32-x64\jre\17.0.12-win32-x86_64\bin\server\jvm.dll
0x00007ffb79580000 - 0x00007ffb79630000 	C:\Windows\System32\ADVAPI32.dll
0x00007ffb7a5b0000 - 0x00007ffb7a650000 	C:\Windows\System32\sechost.dll
0x00007ffb786f0000 - 0x00007ffb78813000 	C:\Windows\System32\RPCRT4.dll
0x00007ffb77f60000 - 0x00007ffb77f87000 	C:\Windows\System32\bcrypt.dll
0x00007ffb78970000 - 0x00007ffb789db000 	C:\Windows\System32\WS2_32.dll
0x00007ffb77280000 - 0x00007ffb772cb000 	C:\Windows\SYSTEM32\POWRPROF.dll
0x00007ffb6d5f0000 - 0x00007ffb6d5fa000 	C:\Windows\SYSTEM32\VERSION.dll
0x00007ffb66ac0000 - 0x00007ffb66ae7000 	C:\Windows\SYSTEM32\WINMM.dll
0x00007ffb770f0000 - 0x00007ffb77102000 	C:\Windows\SYSTEM32\UMPDC.dll
0x00007ffb76560000 - 0x00007ffb76572000 	C:\Windows\SYSTEM32\kernel.appcore.dll
0x00007ffb68280000 - 0x00007ffb6828a000 	c:\Users\Gabriel Xavier\.vscode\extensions\redhat.java-1.34.0-win32-x64\jre\17.0.12-win32-x86_64\bin\jimage.dll
0x00007ffb75a70000 - 0x00007ffb75c54000 	C:\Windows\SYSTEM32\DBGHELP.DLL
0x00007ffb706c0000 - 0x00007ffb706f4000 	C:\Windows\SYSTEM32\dbgcore.DLL
0x00007ffb78330000 - 0x00007ffb783b2000 	C:\Windows\System32\bcryptPrimitives.dll
0x00007ffb4d600000 - 0x00007ffb4d625000 	c:\Users\Gabriel Xavier\.vscode\extensions\redhat.java-1.34.0-win32-x64\jre\17.0.12-win32-x86_64\bin\java.dll
0x00007ffb4d5e0000 - 0x00007ffb4d5f8000 	c:\Users\Gabriel Xavier\.vscode\extensions\redhat.java-1.34.0-win32-x64\jre\17.0.12-win32-x86_64\bin\zip.dll
0x00007ffb79ce0000 - 0x00007ffb7a44f000 	C:\Windows\System32\SHELL32.dll
0x00007ffb75c80000 - 0x00007ffb7641f000 	C:\Windows\SYSTEM32\windows.storage.dll
0x00007ffb79220000 - 0x00007ffb79573000 	C:\Windows\System32\combase.dll
0x00007ffb77760000 - 0x00007ffb7778e000 	C:\Windows\SYSTEM32\Wldp.dll
0x00007ffb79710000 - 0x00007ffb797dd000 	C:\Windows\System32\OLEAUT32.dll
0x00007ffb78820000 - 0x00007ffb788cd000 	C:\Windows\System32\SHCORE.dll
0x00007ffb789e0000 - 0x00007ffb78a35000 	C:\Windows\System32\shlwapi.dll
0x00007ffb77c70000 - 0x00007ffb77c94000 	C:\Windows\SYSTEM32\profapi.dll
0x00007ffb4baf0000 - 0x00007ffb4bb09000 	C:\Users\Gabriel Xavier\.vscode\extensions\redhat.java-1.34.0-win32-x64\jre\17.0.12-win32-x86_64\bin\net.dll
0x00007ffb70a00000 - 0x00007ffb70b0d000 	C:\Windows\SYSTEM32\WINHTTP.dll
0x00007ffb77460000 - 0x00007ffb774ca000 	C:\Windows\system32\mswsock.dll
0x00007ffb49190000 - 0x00007ffb491a6000 	C:\Users\Gabriel Xavier\.vscode\extensions\redhat.java-1.34.0-win32-x64\jre\17.0.12-win32-x86_64\bin\nio.dll
0x00007ffb5ed80000 - 0x00007ffb5ed90000 	c:\Users\Gabriel Xavier\.vscode\extensions\redhat.java-1.34.0-win32-x64\jre\17.0.12-win32-x86_64\bin\verify.dll
0x00007ffb77640000 - 0x00007ffb77658000 	C:\Windows\SYSTEM32\CRYPTSP.dll
0x00007ffb76d30000 - 0x00007ffb76d64000 	C:\Windows\system32\rsaenh.dll
0x00007ffb77be0000 - 0x00007ffb77c0e000 	C:\Windows\SYSTEM32\USERENV.dll
0x00007ffb77600000 - 0x00007ffb7760c000 	C:\Windows\SYSTEM32\CRYPTBASE.dll
0x00007ffb77110000 - 0x00007ffb7714b000 	C:\Windows\SYSTEM32\IPHLPAPI.DLL
0x00007ffb78c00000 - 0x00007ffb78c08000 	C:\Windows\System32\NSI.dll
0x00007ffb71f70000 - 0x00007ffb71f87000 	C:\Windows\SYSTEM32\dhcpcsvc6.DLL
0x00007ffb721e0000 - 0x00007ffb721fd000 	C:\Windows\SYSTEM32\dhcpcsvc.DLL
0x00007ffb77150000 - 0x00007ffb7721a000 	C:\Windows\SYSTEM32\DNSAPI.dll
0x00007ffb748d0000 - 0x00007ffb748d9000 	C:\Users\Gabriel Xavier\.vscode\extensions\redhat.java-1.34.0-win32-x64\jre\17.0.12-win32-x86_64\bin\management.dll
0x00007ffb725a0000 - 0x00007ffb725ab000 	C:\Users\Gabriel Xavier\.vscode\extensions\redhat.java-1.34.0-win32-x64\jre\17.0.12-win32-x86_64\bin\management_ext.dll
0x00007ffb796e0000 - 0x00007ffb796e8000 	C:\Windows\System32\PSAPI.DLL

dbghelp: loaded successfully - version: 4.0.5 - missing functions: none
symbol engine: initialized successfully - sym options: 0x614 - pdb path: .;c:\Users\Gabriel Xavier\.vscode\extensions\redhat.java-1.34.0-win32-x64\jre\17.0.12-win32-x86_64\bin;C:\Windows\SYSTEM32;C:\Windows\WinSxS\amd64_microsoft.windows.common-controls_6595b64144ccf1df_6.0.19041.4355_none_60b8b9eb71f62e16;c:\Users\Gabriel Xavier\.vscode\extensions\redhat.java-1.34.0-win32-x64\jre\17.0.12-win32-x86_64\bin\server

VM Arguments:
jvm_args: -Xmx1024m -Dsts.lsp.client=vscode -Dsts.log.file=/dev/null -XX:TieredStopAtLevel=1 -Xlog:jni+resolve=off -Dspring.config.location=file:c:\Users\Gabriel Xavier\.vscode\extensions\vmware.vscode-spring-boot-1.56.0\language-server\BOOT-INF\classes\application.properties 
java_command: org.springframework.ide.vscode.boot.app.BootLanguageServerBootApp
java_class_path (initial): c:\Users\Gabriel Xavier\.vscode\extensions\vmware.vscode-spring-boot-1.56.0\language-server\BOOT-INF\classes;c:\Users\Gabriel Xavier\.vscode\extensions\vmware.vscode-spring-boot-1.56.0\language-server\BOOT-INF\lib\annotations-24.1.0.jar;c:\Users\Gabriel Xavier\.vscode\extensions\vmware.vscode-spring-boot-1.56.0\language-server\BOOT-INF\lib\antlr4-runtime-4.13.1.jar;c:\Users\Gabriel Xavier\.vscode\extensions\vmware.vscode-spring-boot-1.56.0\language-server\BOOT-INF\lib\asm-9.7.jar;c:\Users\Gabriel Xavier\.vscode\extensions\vmware.vscode-spring-boot-1.56.0\language-server\BOOT-INF\lib\asm-analysis-9.7.jar;c:\Users\Gabriel Xavier\.vscode\extensions\vmware.vscode-spring-boot-1.56.0\language-server\BOOT-INF\lib\asm-tree-9.7.jar;c:\Users\Gabriel Xavier\.vscode\extensions\vmware.vscode-spring-boot-1.56.0\language-server\BOOT-INF\lib\asm-util-9.7.jar;c:\Users\Gabriel Xavier\.vscode\extensions\vmware.vscode-spring-boot-1.56.0\language-server\BOOT-INF\lib\caffeine-3.1.8.jar;c:\Users\Gabriel Xavier\.vscode\extensions\vmware.vscode-spring-boot-1.56.0\language-server\BOOT-INF\lib\checker-qual-3.12.0.jar;c:\Users\Gabriel Xavier\.vscode\extensions\vmware.vscode-spring-boot-1.56.0\language-server\BOOT-INF\lib\classgraph-4.8.149.jar;c:\Users\Gabriel Xavier\.vscode\extensions\vmware.vscode-spring-boot-1.56.0\language-server\BOOT-INF\lib\commons-codec-1.16.1.jar;c:\Users\Gabriel Xavier\.vscode\extensions\vmware.vscode-spring-boot-1.56.0\language-server\BOOT-INF\lib\commons-compress-1.26.2.jar;c:\Users\Gabriel Xavier\.vscode\extensions\vmware.vscode-spring-boot-1.56.0\language-server\BOOT-INF\lib\commons-io-2.16.1.jar;c:\Users\Gabriel Xavier\.vscode\extensions\vmware.vscode-spring-boot-1.56.0\language-server\BOOT-INF\lib\commons-java-1.56.0-SNAPSHOT.jar;c:\Users\Gabriel Xavier\.vscode\extensions\vmware.vscode-spring-boot-1.56.0\language-server\BOOT-INF\lib\commons-lang3-3.14.0.jar;c:\Users\Gabriel Xavier\.vscode\extensions\vmware.vscode-spring-boot-1.56.0\l
Launcher Type: SUN_STANDARD

[Global flags]
     intx CICompilerCount                          = 4                                         {product} {ergonomic}
     uint ConcGCThreads                            = 2                                         {product} {ergonomic}
     uint G1ConcRefinementThreads                  = 8                                         {product} {ergonomic}
   size_t G1HeapRegionSize                         = 1048576                                   {product} {ergonomic}
    uintx GCDrainStackTargetSize                   = 64                                        {product} {ergonomic}
   size_t InitialHeapSize                          = 132120576                                 {product} {ergonomic}
   size_t MarkStackSize                            = 4194304                                   {product} {ergonomic}
   size_t MaxHeapSize                              = 1073741824                                {product} {command line}
   size_t MaxNewSize                               = 643825664                                 {product} {ergonomic}
   size_t MinHeapDeltaBytes                        = 1048576                                   {product} {ergonomic}
   size_t MinHeapSize                              = 8388608                                   {product} {ergonomic}
    uintx NonProfiledCodeHeapSize                  = 0                                      {pd product} {ergonomic}
     bool ProfileInterpreter                       = false                                  {pd product} {command line}
    uintx ProfiledCodeHeapSize                     = 0                                      {pd product} {ergonomic}
   size_t SoftMaxHeapSize                          = 1073741824                             {manageable} {ergonomic}
     intx TieredStopAtLevel                        = 1                                         {product} {command line}
     bool UseCompressedClassPointers               = true                           {product lp64_product} {ergonomic}
     bool UseCompressedOops                        = true                           {product lp64_product} {ergonomic}
     bool UseG1GC                                  = true                                      {product} {ergonomic}
     bool UseLargePagesIndividualAllocation        = false                                  {pd product} {ergonomic}

Logging:
Log output configuration:
 #0: stdout all=warning,jni+resolve=off uptime,level,tags
 #1: stderr all=off uptime,level,tags

Environment Variables:
JAVA_HOME=C:\Program Files\Java\zulu17.44.15-ca-jdk17.0.8-win_x64
PATH=C:\Users\Gabriel Xavier\bin;E:\Git\mingw64\bin;E:\Git\usr\local\bin;E:\Git\usr\bin;E:\Git\usr\bin;E:\Git\mingw64\bin;E:\Git\usr\bin;C:\Users\Gabriel Xavier\bin;C:\Program Files\Eclipse Adoptium\jdk-17.0.8.101-hotspot\bin;C:\Program Files\Java\zulu17.44.15-ca-jdk17.0.8-win_x64\bin;C:\Python311\Scripts;C:\Python311;C:\Program Files (x86)\Common Files\Oracle\Java\javapath;C:\Windows\system32;C:\Windows;C:\Windows\System32\Wbem;C:\Windows\System32\WindowsPowerShell\v1.0;C:\Windows\System32\OpenSSH;C:\Program Files\Microsoft SQL Server\Client SDK\ODBC\170\Tools\Binn;E:\Program Files (x86)\Microsoft SQL Server\150\Tools\Binn;C:\Program Files\Microsoft SQL Server\150\Tools\Binn;C:\Program Files\Microsoft SQL Server\150\DTS\Binn;C:\Program Files\Azure Data Studio\bin;C:\ProgramData\chocolatey\bin;C:\Program Files (x86)\Yarn\bin;E:\nodejs;E:\Git\cmd;E:\Ruby32-x64\bin;C:\Ruby32-x64\bin;C:\Program Files\MySQL\MySQL Shell 8.0\bin;C:\Users\Gabriel Xavier\AppData\Local\Microsoft\WindowsApps;E:\Microsoft VS Code\bin;C:\Program Files\Azure Data Studio\bin;C:\Users\Gabriel Xavier\AppData\Local\Yarn\bin;C:\Users\Gabriel Xavier\AppData\Roaming\npm;C:\Users\Gabriel Xavier\Downloads\apache-maven-3.9.6\bin;E:\Git\usr\bin\vendor_perl;E:\Git\usr\bin\core_perl
USERNAME=Gabriel Xavier
SHELL=E:\Git\usr\bin\bash.exe
DISPLAY=needs-to-be-defined
LC_CTYPE=pt_BR.UTF-8
TERM=xterm
TMPDIR=C:\Users\GABRIE~1\AppData\Local\Temp
OS=Windows_NT
PROCESSOR_IDENTIFIER=Intel64 Family 6 Model 142 Stepping 10, GenuineIntel
TMP=C:\Users\GABRIE~1\AppData\Local\Temp
TEMP=C:\Users\GABRIE~1\AppData\Local\Temp



Periodic native trim disabled


---------------  S Y S T E M  ---------------

OS:
 Windows 10 , 64 bit Build 19041 (10.0.19041.4717)
OS uptime: 25 days 15:35 hours
Hyper-V role detected

CPU: total 8 (initial active 8) (4 cores per cpu, 2 threads per core) family 6 model 142 stepping 10 microcode 0xd6, cx8, cmov, fxsr, ht, mmx, 3dnowpref, sse, sse2, sse3, ssse3, sse4.1, sse4.2, popcnt, lzcnt, tsc, tscinvbit, avx, avx2, aes, erms, clmul, bmi1, bmi2, adx, fma, vzeroupper, clflush, clflushopt, hv
Processor Information for all 8 processors :
  Max Mhz: 1992, Current Mhz: 1792, Mhz Limit: 1792

Memory: 4k page, system-wide physical 8056M (650M free)
TotalPageFile size 22286M (AvailPageFile size 166M)
current process WorkingSet (physical memory assigned to process): 45M, peak: 174M
current process commit charge ("private bytes"): 220M, peak: 232M

vm_info: OpenJDK 64-Bit Server VM (17.0.12+7) for windows-amd64 JRE (17.0.12+7), built on Jul 16 2024 22:08:24 by "admin" with MS VC++ 16.10 / 16.11 (VS2019)

END.
