#
# There is insufficient memory for the Java Runtime Environment to continue.
# Native memory allocation (malloc) failed to allocate 1048576 bytes. Error detail: AllocateHeap
# Possible reasons:
#   The system is out of physical RAM or swap space
#   This process is running with CompressedOops enabled, and the Java Heap may be blocking the growth of the native heap
# Possible solutions:
#   Reduce memory load on the system
#   Increase physical memory or swap space
#   Check if swap backing store is full
#   Decrease Java heap size (-Xmx/-Xms)
#   Decrease number of Java threads
#   Decrease Java thread stack sizes (-Xss)
#   Set larger code cache with -XX:ReservedCodeCacheSize=
#   JVM is running with Unscaled Compressed Oops mode in which the Java heap is
#     placed in the first 4GB address space. The Java Heap base address is the
#     maximum limit for the native heap growth. Please use -XX:HeapBaseMinAddress
#     to set the Java Heap base and to place the Java Heap above 4GB virtual address.
# This output file may be truncated or incomplete.
#
#  Out of Memory Error (allocation.cpp:44), pid=28176, tid=10020
#
# JRE version: OpenJDK Runtime Environment Temurin-17.0.12+7 (17.0.12+7) (build 17.0.12+7)
# Java VM: OpenJDK 64-Bit Server VM Temurin-17.0.12+7 (17.0.12+7, mixed mode, emulated-client, tiered, compressed oops, compressed class ptrs, g1 gc, windows-amd64)
# No core dump will be written. Minidumps are not enabled by default on client versions of Windows
#

---------------  S U M M A R Y ------------

Command Line: -Xmx1024m -Dsts.lsp.client=vscode -Dsts.log.file=/dev/null -XX:TieredStopAtLevel=1 -Xlog:jni+resolve=off -Dspring.config.location=file:c:\Users\Gabriel Xavier\.vscode\extensions\vmware.vscode-spring-boot-1.56.0\language-server\BOOT-INF\classes\application.properties org.springframework.ide.vscode.boot.app.BootLanguageServerBootApp

Host: Intel(R) Core(TM) i7-8550U CPU @ 1.80GHz, 8 cores, 7G,  Windows 10 , 64 bit Build 19041 (10.0.19041.4717)
Time: Tue Sep  3 12:38:03 2024 Hora oficial do Brasil elapsed time: 75495.749079 seconds (0d 20h 58m 15s)

---------------  T H R E A D  ---------------

Current thread (0x00000209f738fdd0):  VMThread "VM Thread" [stack: 0x000000f45fa00000,0x000000f45fb00000] [id=10020]

Stack: [0x000000f45fa00000,0x000000f45fb00000]
Native frames: (J=compiled Java code, j=interpreted, Vv=VM code, C=native code)
V  [jvm.dll+0x67f929]
V  [jvm.dll+0x8371ba]
V  [jvm.dll+0x838c7e]
V  [jvm.dll+0x8392e3]
V  [jvm.dll+0x24834f]
V  [jvm.dll+0xa70d3]
V  [jvm.dll+0x2f9073]
V  [jvm.dll+0x2f4d00]
V  [jvm.dll+0x2dd82f]
V  [jvm.dll+0x3201f7]
V  [jvm.dll+0x83d7dd]
V  [jvm.dll+0x83e522]
V  [jvm.dll+0x83ea4f]
V  [jvm.dll+0x83ee34]
V  [jvm.dll+0x83ef00]
V  [jvm.dll+0x7e65dc]
V  [jvm.dll+0x67e7f7]
C  [ucrtbase.dll+0x21bb2]
C  [KERNEL32.DLL+0x17374]
C  [ntdll.dll+0x4cc91]

VM_Operation (0x000000f460cfe8f0): G1CollectFull, mode: safepoint, requested by thread 0x00000209fd47f4e0


---------------  P R O C E S S  ---------------

Threads class SMR info:
_java_thread_list=0x00000209fd8dfa60, length=27, elements={
0x00000209f73a7740, 0x00000209f73ac2e0, 0x00000209f73ccc10, 0x00000209f73cd7a0,
0x00000209f73cf080, 0x00000209f73d1960, 0x00000209f73d2230, 0x00000209f73db310,
0x00000209f76faad0, 0x00000209f76fd410, 0x00000209fc703460, 0x00000209fd47f4e0,
0x00000209fd1cedc0, 0x00000209ec5aa6f0, 0x00000209fd1a0230, 0x00000209fd550040,
0x00000209fd54e080, 0x00000209fd54f4c0, 0x00000209fd54e590, 0x00000209fc73cfc0,
0x00000209fc73cab0, 0x00000209fc73d4d0, 0x00000209fc73def0, 0x00000209fc73e400,
0x00000209fc73ee20, 0x00000209fc760f80, 0x00000209fc760a70
}

Java Threads: ( => current thread )
  0x00000209f73a7740 JavaThread "Reference Handler" daemon [_thread_blocked, id=24464, stack(0x000000f45fb00000,0x000000f45fc00000)]
  0x00000209f73ac2e0 JavaThread "Finalizer" daemon [_thread_blocked, id=12032, stack(0x000000f45fc00000,0x000000f45fd00000)]
  0x00000209f73ccc10 JavaThread "Signal Dispatcher" daemon [_thread_blocked, id=15684, stack(0x000000f45fd00000,0x000000f45fe00000)]
  0x00000209f73cd7a0 JavaThread "Attach Listener" daemon [_thread_blocked, id=19640, stack(0x000000f45fe00000,0x000000f45ff00000)]
  0x00000209f73cf080 JavaThread "Service Thread" daemon [_thread_blocked, id=31824, stack(0x000000f45ff00000,0x000000f460000000)]
  0x00000209f73d1960 JavaThread "Monitor Deflation Thread" daemon [_thread_blocked, id=29184, stack(0x000000f460000000,0x000000f460100000)]
  0x00000209f73d2230 JavaThread "C1 CompilerThread0" daemon [_thread_blocked, id=8416, stack(0x000000f460100000,0x000000f460200000)]
  0x00000209f73db310 JavaThread "Sweeper thread" daemon [_thread_blocked, id=18056, stack(0x000000f460200000,0x000000f460300000)]
  0x00000209f76faad0 JavaThread "Notification Thread" daemon [_thread_blocked, id=12836, stack(0x000000f460300000,0x000000f460400000)]
  0x00000209f76fd410 JavaThread "Common-Cleaner" daemon [_thread_blocked, id=26040, stack(0x000000f460500000,0x000000f460600000)]
  0x00000209fc703460 JavaThread "boundedElastic-evictor-1" daemon [_thread_blocked, id=13996, stack(0x000000f460600000,0x000000f460700000)]
  0x00000209fd47f4e0 JavaThread "pool-13-thread-1" [_thread_blocked, id=14500, stack(0x000000f460c00000,0x000000f460d00000)]
  0x00000209fd1cedc0 JavaThread "LanguageServerApp-lifecycle" [_thread_blocked, id=17640, stack(0x000000f461000000,0x000000f461100000)]
  0x00000209ec5aa6f0 JavaThread "DestroyJavaVM" [_thread_blocked, id=16948, stack(0x000000f45f400000,0x000000f45f500000)]
  0x00000209fd1a0230 JavaThread "pool-14-thread-1" [_thread_in_native, id=3692, stack(0x000000f461100000,0x000000f461200000)]
  0x00000209fd550040 JavaThread "Simple-Language-Server main thread" daemon [_thread_blocked, id=31540, stack(0x000000f461200000,0x000000f461300000)]
  0x00000209fd54e080 JavaThread "pool-8-thread-1" [_thread_blocked, id=11136, stack(0x000000f461500000,0x000000f461600000)]
  0x00000209fd54f4c0 JavaThread "parallel-1" daemon [_thread_blocked, id=1748, stack(0x000000f461600000,0x000000f461700000)]
  0x00000209fd54e590 JavaThread "parallel-2" daemon [_thread_blocked, id=11824, stack(0x000000f461700000,0x000000f461800000)]
  0x00000209fc73cfc0 JavaThread "Reconciler-1" daemon [_thread_blocked, id=33748, stack(0x000000f461a00000,0x000000f461b00000)]
  0x00000209fc73cab0 JavaThread "parallel-3" daemon [_thread_blocked, id=2216, stack(0x000000f462000000,0x000000f462100000)]
  0x00000209fc73d4d0 JavaThread "pool-6-thread-1" [_thread_blocked, id=30964, stack(0x000000f462100000,0x000000f462200000)]
  0x00000209fc73def0 JavaThread "parallel-4" daemon [_thread_blocked, id=10364, stack(0x000000f462200000,0x000000f462300000)]
  0x00000209fc73e400 JavaThread "parallel-5" daemon [_thread_blocked, id=15884, stack(0x000000f462300000,0x000000f462400000)]
  0x00000209fc73ee20 JavaThread "parallel-6" daemon [_thread_blocked, id=11216, stack(0x000000f462600000,0x000000f462700000)]
  0x00000209fc760f80 JavaThread "parallel-7" daemon [_thread_blocked, id=13612, stack(0x000000f462700000,0x000000f462800000)]
  0x00000209fc760a70 JavaThread "parallel-8" daemon [_thread_blocked, id=19796, stack(0x000000f462800000,0x000000f462900000)]

Other Threads:
=>0x00000209f738fdd0 VMThread "VM Thread" [stack: 0x000000f45fa00000,0x000000f45fb00000] [id=10020]
  0x00000209f76fafb0 WatcherThread [stack: 0x000000f460400000,0x000000f460500000] [id=10376]
  0x00000209ec5e7ed0 GCTaskThread "GC Thread#0" [stack: 0x000000f45f500000,0x000000f45f600000] [id=18260]
  0x00000209fc859fd0 GCTaskThread "GC Thread#1" [stack: 0x000000f460700000,0x000000f460800000] [id=22344]
  0x00000209fc85a290 GCTaskThread "GC Thread#2" [stack: 0x000000f460800000,0x000000f460900000] [id=10136]
  0x00000209fc849c30 GCTaskThread "GC Thread#3" [stack: 0x000000f460900000,0x000000f460a00000] [id=31316]
  0x00000209fcacec60 GCTaskThread "GC Thread#4" [stack: 0x000000f460a00000,0x000000f460b00000] [id=33204]
  0x00000209fcacef20 GCTaskThread "GC Thread#5" [stack: 0x000000f460b00000,0x000000f460c00000] [id=31080]
  0x00000209fccc3790 GCTaskThread "GC Thread#6" [stack: 0x000000f460d00000,0x000000f460e00000] [id=31516]
  0x00000209fccda430 GCTaskThread "GC Thread#7" [stack: 0x000000f460e00000,0x000000f460f00000] [id=29292]
  0x00000209ec5f1e30 ConcurrentGCThread "G1 Main Marker" [stack: 0x000000f45f600000,0x000000f45f700000] [id=3696]
  0x00000209ec5f3860 ConcurrentGCThread "G1 Conc#0" [stack: 0x000000f45f700000,0x000000f45f800000] [id=5324]
  0x00000209f760e850 ConcurrentGCThread "G1 Conc#1" [stack: 0x000000f460f00000,0x000000f461000000] [id=11872]
  0x00000209f72000a0 ConcurrentGCThread "G1 Refine#0" [stack: 0x000000f45f800000,0x000000f45f900000] [id=10472]
  0x00000209f7200ad0 ConcurrentGCThread "G1 Service" [stack: 0x000000f45f900000,0x000000f45fa00000] [id=7968]

Threads with active compile tasks:

VM state: at safepoint (normal execution)

VM Mutex/Monitor currently owned by a thread:  ([mutex/lock_event])
[0x00000209ea313f80] Threads_lock - owner thread: 0x00000209f738fdd0
[0x00000209ec5a8310] Heap_lock - owner thread: 0x00000209fd47f4e0

Heap address: 0x00000000c0000000, size: 1024 MB, Compressed Oops mode: 32-bit

CDS archive(s) not mapped
Compressed class space mapped at: 0x0000000100000000-0x0000000140000000, reserved size: 1073741824
Narrow klass base: 0x0000000000000000, Narrow klass shift: 3, Narrow klass range: 0x140000000

GC Precious Log:
 CPUs: 8 total, 8 available
 Memory: 8056M
 Large Page Support: Disabled
 NUMA Support: Disabled
 Compressed Oops: Enabled (32-bit)
 Heap Region Size: 1M
 Heap Min Capacity: 8M
 Heap Initial Capacity: 126M
 Heap Max Capacity: 1G
 Pre-touch: Disabled
 Parallel Workers: 8
 Concurrent Workers: 2
 Concurrent Refinement Workers: 8
 Periodic GC: Disabled

Heap:
 garbage-first heap   total 99328K, used 39122K [0x00000000c0000000, 0x0000000100000000)
  region size 1024K, 1 young (1024K), 0 survivors (0K)
 Metaspace       used 61552K, committed 62400K, reserved 1114112K
  class space    used 7481K, committed 7808K, reserved 1048576K

Heap Regions: E=young(eden), S=young(survivor), O=old, HS=humongous(starts), HC=humongous(continues), CS=collection set, F=free, OA=open archive, CA=closed archive, TAMS=top-at-mark-start (previous, next)
|   0|0x00000000c0000000, 0x00000000c0100000, 0x00000000c0100000|100%|HS|  |TAMS 0x00000000c0100000, 0x00000000c0000000| Untracked 
|   1|0x00000000c0100000, 0x00000000c0200000, 0x00000000c0200000|100%|HC|  |TAMS 0x00000000c0200000, 0x00000000c0100000| Untracked 
|   2|0x00000000c0200000, 0x00000000c0300000, 0x00000000c0300000|100%|HC|  |TAMS 0x00000000c0300000, 0x00000000c0200000| Untracked 
|   3|0x00000000c0300000, 0x00000000c0400000, 0x00000000c0400000|100%|HC|  |TAMS 0x00000000c0400000, 0x00000000c0300000| Untracked 
|   4|0x00000000c0400000, 0x00000000c0500000, 0x00000000c0500000|100%|HS|  |TAMS 0x00000000c0500000, 0x00000000c0400000| Untracked 
|   5|0x00000000c0500000, 0x00000000c0600000, 0x00000000c0600000|100%|HC|  |TAMS 0x00000000c0600000, 0x00000000c0500000| Untracked 
|   6|0x00000000c0600000, 0x00000000c0700000, 0x00000000c0700000|100%| O|  |TAMS 0x00000000c0700000, 0x00000000c0600000| Untracked 
|   7|0x00000000c0700000, 0x00000000c07fffc8, 0x00000000c0800000| 99%| O|  |TAMS 0x00000000c07fffc8, 0x00000000c0700000| Untracked 
|   8|0x00000000c0800000, 0x00000000c08fffe0, 0x00000000c0900000| 99%| O|  |TAMS 0x00000000c08fffe0, 0x00000000c0800000| Untracked 
|   9|0x00000000c0900000, 0x00000000c09fffc0, 0x00000000c0a00000| 99%| O|  |TAMS 0x00000000c09fffc0, 0x00000000c0900000| Untracked 
|  10|0x00000000c0a00000, 0x00000000c0afffd8, 0x00000000c0b00000| 99%| O|  |TAMS 0x00000000c0afffd8, 0x00000000c0a00000| Untracked 
|  11|0x00000000c0b00000, 0x00000000c0c00000, 0x00000000c0c00000|100%| O|  |TAMS 0x00000000c0c00000, 0x00000000c0b00000| Untracked 
|  12|0x00000000c0c00000, 0x00000000c0cfffc8, 0x00000000c0d00000| 99%| O|  |TAMS 0x00000000c0cfffc8, 0x00000000c0c00000| Untracked 
|  13|0x00000000c0d00000, 0x00000000c0e00000, 0x00000000c0e00000|100%| O|  |TAMS 0x00000000c0e00000, 0x00000000c0d00000| Untracked 
|  14|0x00000000c0e00000, 0x00000000c0f00000, 0x00000000c0f00000|100%| O|  |TAMS 0x00000000c0f00000, 0x00000000c0e00000| Untracked 
|  15|0x00000000c0f00000, 0x00000000c0fff2f8, 0x00000000c1000000| 99%| O|  |TAMS 0x00000000c0fff2f8, 0x00000000c0f00000| Untracked 
|  16|0x00000000c1000000, 0x00000000c10ffff0, 0x00000000c1100000| 99%| O|  |TAMS 0x00000000c10ffff0, 0x00000000c1000000| Untracked 
|  17|0x00000000c1100000, 0x00000000c11fffe8, 0x00000000c1200000| 99%| O|  |TAMS 0x00000000c11fffe8, 0x00000000c1100000| Untracked 
|  18|0x00000000c1200000, 0x00000000c12ffff0, 0x00000000c1300000| 99%| O|  |TAMS 0x00000000c12ffff0, 0x00000000c1200000| Untracked 
|  19|0x00000000c1300000, 0x00000000c13ffff8, 0x00000000c1400000| 99%| O|  |TAMS 0x00000000c13ffff8, 0x00000000c1300000| Untracked 
|  20|0x00000000c1400000, 0x00000000c14fffe8, 0x00000000c1500000| 99%| O|  |TAMS 0x00000000c14fffe8, 0x00000000c1400000| Untracked 
|  21|0x00000000c1500000, 0x00000000c15fffe8, 0x00000000c1600000| 99%| O|  |TAMS 0x00000000c15fffe8, 0x00000000c1500000| Untracked 
|  22|0x00000000c1600000, 0x00000000c16f4630, 0x00000000c1700000| 95%| O|  |TAMS 0x00000000c16f4630, 0x00000000c1600000| Untracked 
|  23|0x00000000c1700000, 0x00000000c17fffd8, 0x00000000c1800000| 99%| O|  |TAMS 0x00000000c17fffd8, 0x00000000c1700000| Untracked 
|  24|0x00000000c1800000, 0x00000000c18ffef8, 0x00000000c1900000| 99%| O|  |TAMS 0x00000000c18ffef8, 0x00000000c1800000| Untracked 
|  25|0x00000000c1900000, 0x00000000c19fffa0, 0x00000000c1a00000| 99%| O|  |TAMS 0x00000000c19fffa0, 0x00000000c1900000| Untracked 
|  26|0x00000000c1a00000, 0x00000000c1afffd8, 0x00000000c1b00000| 99%| O|  |TAMS 0x00000000c1afffd8, 0x00000000c1a00000| Untracked 
|  27|0x00000000c1b00000, 0x00000000c1bfffb0, 0x00000000c1c00000| 99%| O|  |TAMS 0x00000000c1bfffb0, 0x00000000c1b00000| Untracked 
|  28|0x00000000c1c00000, 0x00000000c1cffff0, 0x00000000c1d00000| 99%| O|  |TAMS 0x00000000c1cffff0, 0x00000000c1c00000| Untracked 
|  29|0x00000000c1d00000, 0x00000000c1dffff8, 0x00000000c1e00000| 99%| O|  |TAMS 0x00000000c1dffff8, 0x00000000c1d00000| Untracked 
|  30|0x00000000c1e00000, 0x00000000c1f00000, 0x00000000c1f00000|100%|HS|  |TAMS 0x00000000c1f00000, 0x00000000c1e00000| Untracked 
|  31|0x00000000c1f00000, 0x00000000c2000000, 0x00000000c2000000|100%| O|  |TAMS 0x00000000c2000000, 0x00000000c1f00000| Untracked 
|  32|0x00000000c2000000, 0x00000000c20fffe8, 0x00000000c2100000| 99%| O|  |TAMS 0x00000000c20fffe8, 0x00000000c2000000| Untracked 
|  33|0x00000000c2100000, 0x00000000c21fffe8, 0x00000000c2200000| 99%| O|  |TAMS 0x00000000c21fffe8, 0x00000000c2100000| Untracked 
|  34|0x00000000c2200000, 0x00000000c22ffff0, 0x00000000c2300000| 99%| O|  |TAMS 0x00000000c22ffff0, 0x00000000c2200000| Untracked 
|  35|0x00000000c2300000, 0x00000000c23f8398, 0x00000000c2400000| 96%| O|  |TAMS 0x00000000c23f8398, 0x00000000c2300000| Untracked 
|  36|0x00000000c2400000, 0x00000000c24fff48, 0x00000000c2500000| 99%| O|  |TAMS 0x00000000c24fff48, 0x00000000c2400000| Untracked 
|  37|0x00000000c2500000, 0x00000000c2549020, 0x00000000c2600000| 28%| O|  |TAMS 0x00000000c2500000, 0x00000000c2500000| Untracked 
|  38|0x00000000c2600000, 0x00000000c2600068, 0x00000000c2700000|  0%| O|  |TAMS 0x00000000c2600000, 0x00000000c2600000| Untracked 
|  39|0x00000000c2700000, 0x00000000c27fffe8, 0x00000000c2800000| 99%| O|  |TAMS 0x00000000c27fffe8, 0x00000000c2700000| Untracked 
|  40|0x00000000c2800000, 0x00000000c2800000, 0x00000000c2900000|  0%| F|  |TAMS 0x00000000c2800000, 0x00000000c2800000| Untracked 
|  41|0x00000000c2900000, 0x00000000c2900000, 0x00000000c2a00000|  0%| F|  |TAMS 0x00000000c2900000, 0x00000000c2900000| Untracked 
|  42|0x00000000c2a00000, 0x00000000c2a00000, 0x00000000c2b00000|  0%| F|  |TAMS 0x00000000c2a00000, 0x00000000c2a00000| Untracked 
|  43|0x00000000c2b00000, 0x00000000c2b00000, 0x00000000c2c00000|  0%| F|  |TAMS 0x00000000c2b00000, 0x00000000c2b00000| Untracked 
|  44|0x00000000c2c00000, 0x00000000c2c00000, 0x00000000c2d00000|  0%| F|  |TAMS 0x00000000c2c00000, 0x00000000c2c00000| Untracked 
|  45|0x00000000c2d00000, 0x00000000c2d00000, 0x00000000c2e00000|  0%| F|  |TAMS 0x00000000c2d00000, 0x00000000c2d00000| Untracked 
|  46|0x00000000c2e00000, 0x00000000c2e00000, 0x00000000c2f00000|  0%| F|  |TAMS 0x00000000c2e00000, 0x00000000c2e00000| Untracked 
|  47|0x00000000c2f00000, 0x00000000c2f00000, 0x00000000c3000000|  0%| F|  |TAMS 0x00000000c2f00000, 0x00000000c2f00000| Untracked 
|  48|0x00000000c3000000, 0x00000000c3000000, 0x00000000c3100000|  0%| F|  |TAMS 0x00000000c3000000, 0x00000000c3000000| Untracked 
|  49|0x00000000c3100000, 0x00000000c3100000, 0x00000000c3200000|  0%| F|  |TAMS 0x00000000c3100000, 0x00000000c3100000| Untracked 
|  50|0x00000000c3200000, 0x00000000c3200000, 0x00000000c3300000|  0%| F|  |TAMS 0x00000000c3200000, 0x00000000c3200000| Untracked 
|  51|0x00000000c3300000, 0x00000000c3300000, 0x00000000c3400000|  0%| F|  |TAMS 0x00000000c3300000, 0x00000000c3300000| Untracked 
|  52|0x00000000c3400000, 0x00000000c3400000, 0x00000000c3500000|  0%| F|  |TAMS 0x00000000c3400000, 0x00000000c3400000| Untracked 
|  53|0x00000000c3500000, 0x00000000c3500000, 0x00000000c3600000|  0%| F|  |TAMS 0x00000000c3500000, 0x00000000c3500000| Untracked 
|  54|0x00000000c3600000, 0x00000000c3600000, 0x00000000c3700000|  0%| F|  |TAMS 0x00000000c3600000, 0x00000000c3600000| Untracked 
|  55|0x00000000c3700000, 0x00000000c3700000, 0x00000000c3800000|  0%| F|  |TAMS 0x00000000c3700000, 0x00000000c3700000| Untracked 
|  56|0x00000000c3800000, 0x00000000c3800000, 0x00000000c3900000|  0%| F|  |TAMS 0x00000000c3800000, 0x00000000c3800000| Untracked 
|  57|0x00000000c3900000, 0x00000000c3900000, 0x00000000c3a00000|  0%| F|  |TAMS 0x00000000c3900000, 0x00000000c3900000| Untracked 
|  58|0x00000000c3a00000, 0x00000000c3a00000, 0x00000000c3b00000|  0%| F|  |TAMS 0x00000000c3a00000, 0x00000000c3a00000| Untracked 
|  59|0x00000000c3b00000, 0x00000000c3b00000, 0x00000000c3c00000|  0%| F|  |TAMS 0x00000000c3b00000, 0x00000000c3b00000| Untracked 
|  60|0x00000000c3c00000, 0x00000000c3c00000, 0x00000000c3d00000|  0%| F|  |TAMS 0x00000000c3c00000, 0x00000000c3c00000| Untracked 
|  61|0x00000000c3d00000, 0x00000000c3d00000, 0x00000000c3e00000|  0%| F|  |TAMS 0x00000000c3d00000, 0x00000000c3d00000| Untracked 
|  62|0x00000000c3e00000, 0x00000000c3e00000, 0x00000000c3f00000|  0%| F|  |TAMS 0x00000000c3e00000, 0x00000000c3e00000| Untracked 
|  63|0x00000000c3f00000, 0x00000000c3f00000, 0x00000000c4000000|  0%| F|  |TAMS 0x00000000c3f00000, 0x00000000c3f00000| Untracked 
|  64|0x00000000c4000000, 0x00000000c4000000, 0x00000000c4100000|  0%| F|  |TAMS 0x00000000c4000000, 0x00000000c4000000| Untracked 
|  65|0x00000000c4100000, 0x00000000c4100000, 0x00000000c4200000|  0%| F|  |TAMS 0x00000000c4100000, 0x00000000c4100000| Untracked 
|  66|0x00000000c4200000, 0x00000000c4200000, 0x00000000c4300000|  0%| F|  |TAMS 0x00000000c4200000, 0x00000000c4200000| Untracked 
|  67|0x00000000c4300000, 0x00000000c4300000, 0x00000000c4400000|  0%| F|  |TAMS 0x00000000c4300000, 0x00000000c4300000| Untracked 
|  68|0x00000000c4400000, 0x00000000c4400000, 0x00000000c4500000|  0%| F|  |TAMS 0x00000000c4400000, 0x00000000c4400000| Untracked 
|  69|0x00000000c4500000, 0x00000000c4500000, 0x00000000c4600000|  0%| F|  |TAMS 0x00000000c4500000, 0x00000000c4500000| Untracked 
|  70|0x00000000c4600000, 0x00000000c4600000, 0x00000000c4700000|  0%| F|  |TAMS 0x00000000c4600000, 0x00000000c4600000| Untracked 
|  71|0x00000000c4700000, 0x00000000c4700000, 0x00000000c4800000|  0%| F|  |TAMS 0x00000000c4700000, 0x00000000c4700000| Untracked 
|  72|0x00000000c4800000, 0x00000000c4800000, 0x00000000c4900000|  0%| F|  |TAMS 0x00000000c4800000, 0x00000000c4800000| Untracked 
|  73|0x00000000c4900000, 0x00000000c4900000, 0x00000000c4a00000|  0%| F|  |TAMS 0x00000000c4900000, 0x00000000c4900000| Untracked 
|  74|0x00000000c4a00000, 0x00000000c4a00000, 0x00000000c4b00000|  0%| F|  |TAMS 0x00000000c4a00000, 0x00000000c4a00000| Untracked 
|  75|0x00000000c4b00000, 0x00000000c4b00000, 0x00000000c4c00000|  0%| F|  |TAMS 0x00000000c4b00000, 0x00000000c4b00000| Untracked 
|  76|0x00000000c4c00000, 0x00000000c4c00000, 0x00000000c4d00000|  0%| F|  |TAMS 0x00000000c4c00000, 0x00000000c4c00000| Untracked 
|  77|0x00000000c4d00000, 0x00000000c4d00000, 0x00000000c4e00000|  0%| F|  |TAMS 0x00000000c4d00000, 0x00000000c4d00000| Untracked 
|  78|0x00000000c4e00000, 0x00000000c4e00000, 0x00000000c4f00000|  0%| F|  |TAMS 0x00000000c4e00000, 0x00000000c4e00000| Untracked 
|  79|0x00000000c4f00000, 0x00000000c4f00000, 0x00000000c5000000|  0%| F|  |TAMS 0x00000000c4f00000, 0x00000000c4f00000| Untracked 
|  80|0x00000000c5000000, 0x00000000c5000000, 0x00000000c5100000|  0%| F|  |TAMS 0x00000000c5000000, 0x00000000c5000000| Untracked 
|  81|0x00000000c5100000, 0x00000000c5100000, 0x00000000c5200000|  0%| F|  |TAMS 0x00000000c5100000, 0x00000000c5100000| Untracked 
|  82|0x00000000c5200000, 0x00000000c5200000, 0x00000000c5300000|  0%| F|  |TAMS 0x00000000c5200000, 0x00000000c5200000| Untracked 
|  83|0x00000000c5300000, 0x00000000c5300000, 0x00000000c5400000|  0%| F|  |TAMS 0x00000000c5300000, 0x00000000c5300000| Untracked 
|  84|0x00000000c5400000, 0x00000000c5400000, 0x00000000c5500000|  0%| F|  |TAMS 0x00000000c5400000, 0x00000000c5400000| Untracked 
|  85|0x00000000c5500000, 0x00000000c5500000, 0x00000000c5600000|  0%| F|  |TAMS 0x00000000c5500000, 0x00000000c5500000| Untracked 
|  86|0x00000000c5600000, 0x00000000c5600000, 0x00000000c5700000|  0%| F|  |TAMS 0x00000000c5600000, 0x00000000c5600000| Untracked 
|  87|0x00000000c5700000, 0x00000000c5700000, 0x00000000c5800000|  0%| F|  |TAMS 0x00000000c5700000, 0x00000000c5700000| Untracked 
|  88|0x00000000c5800000, 0x00000000c5800000, 0x00000000c5900000|  0%| F|  |TAMS 0x00000000c5800000, 0x00000000c5800000| Untracked 
|  89|0x00000000c5900000, 0x00000000c5900000, 0x00000000c5a00000|  0%| F|  |TAMS 0x00000000c5900000, 0x00000000c5900000| Untracked 
|  90|0x00000000c5a00000, 0x00000000c5a00000, 0x00000000c5b00000|  0%| F|  |TAMS 0x00000000c5a00000, 0x00000000c5a00000| Untracked 
|  91|0x00000000c5b00000, 0x00000000c5b00000, 0x00000000c5c00000|  0%| F|  |TAMS 0x00000000c5b00000, 0x00000000c5b00000| Untracked 
|  92|0x00000000c5c00000, 0x00000000c5c00000, 0x00000000c5d00000|  0%| F|  |TAMS 0x00000000c5c00000, 0x00000000c5c00000| Untracked 
|  93|0x00000000c5d00000, 0x00000000c5d00000, 0x00000000c5e00000|  0%| F|  |TAMS 0x00000000c5d00000, 0x00000000c5d00000| Untracked 
|  94|0x00000000c5e00000, 0x00000000c5e00000, 0x00000000c5f00000|  0%| F|  |TAMS 0x00000000c5e00000, 0x00000000c5e00000| Untracked 
| 124|0x00000000c7c00000, 0x00000000c7c00000, 0x00000000c7d00000|  0%| F|  |TAMS 0x00000000c7c00000, 0x00000000c7c00000| Untracked 
| 125|0x00000000c7d00000, 0x00000000c7d24c98, 0x00000000c7e00000| 14%| E|  |TAMS 0x00000000c7d00000, 0x00000000c7d00000| Complete 

Card table byte_map: [0x00000209f2550000,0x00000209f2750000] _byte_map_base: 0x00000209f1f50000

Marking Bits (Prev, Next): (CMBitMap*) 0x00000209ec5e84f0, (CMBitMap*) 0x00000209ec5e8530
 Prev Bits: [0x00000209f2950000, 0x00000209f3950000)
 Next Bits: [0x00000209f3950000, 0x00000209f4950000)

Polling page: 0x00000209ea500000

Metaspace:

Usage:
  Non-class:     52.80 MB used.
      Class:      7.31 MB used.
       Both:     60.11 MB used.

Virtual space:
  Non-class space:       64.00 MB reserved,      53.31 MB ( 83%) committed,  1 nodes.
      Class space:        1.00 GB reserved,       7.62 MB ( <1%) committed,  1 nodes.
             Both:        1.06 GB reserved,      60.94 MB (  6%) committed. 

Chunk freelists:
   Non-Class:  10.09 MB
       Class:  8.40 MB
        Both:  18.49 MB

MaxMetaspaceSize: unlimited
CompressedClassSpaceSize: 1.00 GB
Initial GC threshold: 21.00 MB
Current GC threshold: 101.56 MB
CDS: off
MetaspaceReclaimPolicy: balanced
 - commit_granule_bytes: 65536.
 - commit_granule_words: 8192.
 - virtual_space_node_default_size: 8388608.
 - enlarge_chunks_in_place: 1.
 - new_chunks_are_fully_committed: 0.
 - uncommit_free_chunks: 1.
 - use_allocation_guard: 0.
 - handle_deallocations: 1.


Internal statistics:

num_allocs_failed_limit: 6.
num_arena_births: 670.
num_arena_deaths: 224.
num_vsnodes_births: 2.
num_vsnodes_deaths: 0.
num_space_committed: 974.
num_space_uncommitted: 0.
num_chunks_returned_to_freelist: 265.
num_chunks_taken_from_freelist: 2616.
num_chunk_merges: 90.
num_chunk_splits: 1836.
num_chunks_enlarged: 1399.
num_inconsistent_stats: 0.

CodeCache: size=49152Kb used=12864Kb max_used=13244Kb free=36288Kb
 bounds [0x00000209ef240000, 0x00000209eff30000, 0x00000209f2240000]
 total_blobs=7582 nmethods=6902 adapters=607
 compilation: enabled
              stopped_count=0, restarted_count=0
 full_count=0

Compilation events (20 events):
Event: 3008.877 Thread 0x00000209f73d2230 6894   !   1       java.lang.ProcessImpl::start (733 bytes)
Event: 3008.892 Thread 0x00000209f73d2230 nmethod 6894 0x00000209efa6b890 code [0x00000209efa6be60, 0x00000209efa6edb8]
Event: 3008.892 Thread 0x00000209f73d2230 6895       1       java.lang.ProcessEnvironment::toEnvironmentBlock (16 bytes)
Event: 3008.892 Thread 0x00000209f73d2230 nmethod 6895 0x00000209efa6b510 code [0x00000209efa6b6a0, 0x00000209efa6b7c8]
Event: 3008.892 Thread 0x00000209f73d2230 6896   !   1       java.lang.ProcessImpl::<init> (327 bytes)
Event: 3008.919 Thread 0x00000209f73d2230 nmethod 6896 0x00000209efa68d90 code [0x00000209efa691e0, 0x00000209efa6a598]
Event: 3008.972 Thread 0x00000209f73d2230 6901   !   1       java.io.FilterOutputStream::close (183 bytes)
Event: 3009.007 Thread 0x00000209f73d2230 nmethod 6901 0x00000209efa67c10 code [0x00000209efa67e20, 0x00000209efa682f8]
Event: 3009.007 Thread 0x00000209f73d2230 6903       1       java.lang.ProcessImpl$$Lambda$1225/0x00000001006d94c0::run (8 bytes)
Event: 3009.007 Thread 0x00000209f73d2230 nmethod 6903 0x00000209efa67910 code [0x00000209efa67aa0, 0x00000209efa67b88]
Event: 3009.007 Thread 0x00000209f73d2230 6904       1       java.lang.ProcessImpl::lambda$new$0 (6 bytes)
Event: 3009.007 Thread 0x00000209f73d2230 nmethod 6904 0x00000209efa67610 code [0x00000209efa677a0, 0x00000209efa67868]
Event: 3858.533 Thread 0x00000209f73d2230 6906       1       java.util.concurrent.ConcurrentLinkedDeque::toArray (6 bytes)
Event: 3858.537 Thread 0x00000209f73d2230 nmethod 6906 0x00000209efa67310 code [0x00000209efa674a0, 0x00000209efa67588]
Event: 4322.965 Thread 0x00000209f73d2230 6908       1       java.lang.ProcessImpl$2::run (242 bytes)
Event: 4323.135 Thread 0x00000209f73d2230 nmethod 6908 0x00000209efa65490 code [0x00000209efa65740, 0x00000209efa664d8]
Event: 4323.135 Thread 0x00000209f73d2230 6909       1       java.io.BufferedOutputStream::<init> (9 bytes)
Event: 4323.136 Thread 0x00000209f73d2230 nmethod 6909 0x00000209efa64f10 code [0x00000209efa650a0, 0x00000209efa65378]
Event: 4323.136 Thread 0x00000209f73d2230 6910       1       java.lang.ProcessImpl::waitFor (136 bytes)
Event: 4323.147 Thread 0x00000209f73d2230 nmethod 6910 0x00000209efa64690 code [0x00000209efa648a0, 0x00000209efa64cb8]

GC Heap History (20 events):
Event: 75374.620 GC heap after
{Heap after GC invocations=7379 (full 7359):
 garbage-first heap   total 99328K, used 39122K [0x00000000c0000000, 0x0000000100000000)
  region size 1024K, 0 young (0K), 0 survivors (0K)
 Metaspace       used 61552K, committed 62400K, reserved 1114112K
  class space    used 7481K, committed 7808K, reserved 1048576K
}
Event: 75385.134 GC heap before
{Heap before GC invocations=7379 (full 7359):
 garbage-first heap   total 99328K, used 39122K [0x00000000c0000000, 0x0000000100000000)
  region size 1024K, 1 young (1024K), 0 survivors (0K)
 Metaspace       used 61552K, committed 62400K, reserved 1114112K
  class space    used 7481K, committed 7808K, reserved 1048576K
}
Event: 75385.234 GC heap after
{Heap after GC invocations=7380 (full 7360):
 garbage-first heap   total 99328K, used 39122K [0x00000000c0000000, 0x0000000100000000)
  region size 1024K, 0 young (0K), 0 survivors (0K)
 Metaspace       used 61552K, committed 62400K, reserved 1114112K
  class space    used 7481K, committed 7808K, reserved 1048576K
}
Event: 75395.461 GC heap before
{Heap before GC invocations=7380 (full 7360):
 garbage-first heap   total 99328K, used 39122K [0x00000000c0000000, 0x0000000100000000)
  region size 1024K, 1 young (1024K), 0 survivors (0K)
 Metaspace       used 61552K, committed 62400K, reserved 1114112K
  class space    used 7481K, committed 7808K, reserved 1048576K
}
Event: 75395.520 GC heap after
{Heap after GC invocations=7381 (full 7361):
 garbage-first heap   total 99328K, used 39122K [0x00000000c0000000, 0x0000000100000000)
  region size 1024K, 0 young (0K), 0 survivors (0K)
 Metaspace       used 61552K, committed 62400K, reserved 1114112K
  class space    used 7481K, committed 7808K, reserved 1048576K
}
Event: 75406.784 GC heap before
{Heap before GC invocations=7381 (full 7361):
 garbage-first heap   total 99328K, used 39122K [0x00000000c0000000, 0x0000000100000000)
  region size 1024K, 1 young (1024K), 0 survivors (0K)
 Metaspace       used 61552K, committed 62400K, reserved 1114112K
  class space    used 7481K, committed 7808K, reserved 1048576K
}
Event: 75406.895 GC heap after
{Heap after GC invocations=7382 (full 7362):
 garbage-first heap   total 99328K, used 39122K [0x00000000c0000000, 0x0000000100000000)
  region size 1024K, 0 young (0K), 0 survivors (0K)
 Metaspace       used 61552K, committed 62400K, reserved 1114112K
  class space    used 7481K, committed 7808K, reserved 1048576K
}
Event: 75417.451 GC heap before
{Heap before GC invocations=7382 (full 7362):
 garbage-first heap   total 99328K, used 39122K [0x00000000c0000000, 0x0000000100000000)
  region size 1024K, 1 young (1024K), 0 survivors (0K)
 Metaspace       used 61552K, committed 62400K, reserved 1114112K
  class space    used 7481K, committed 7808K, reserved 1048576K
}
Event: 75417.561 GC heap after
{Heap after GC invocations=7383 (full 7363):
 garbage-first heap   total 99328K, used 39122K [0x00000000c0000000, 0x0000000100000000)
  region size 1024K, 0 young (0K), 0 survivors (0K)
 Metaspace       used 61552K, committed 62400K, reserved 1114112K
  class space    used 7481K, committed 7808K, reserved 1048576K
}
Event: 75428.768 GC heap before
{Heap before GC invocations=7383 (full 7363):
 garbage-first heap   total 99328K, used 39122K [0x00000000c0000000, 0x0000000100000000)
  region size 1024K, 1 young (1024K), 0 survivors (0K)
 Metaspace       used 61552K, committed 62400K, reserved 1114112K
  class space    used 7481K, committed 7808K, reserved 1048576K
}
Event: 75428.873 GC heap after
{Heap after GC invocations=7384 (full 7364):
 garbage-first heap   total 99328K, used 39122K [0x00000000c0000000, 0x0000000100000000)
  region size 1024K, 0 young (0K), 0 survivors (0K)
 Metaspace       used 61552K, committed 62400K, reserved 1114112K
  class space    used 7481K, committed 7808K, reserved 1048576K
}
Event: 75439.437 GC heap before
{Heap before GC invocations=7384 (full 7364):
 garbage-first heap   total 99328K, used 39122K [0x00000000c0000000, 0x0000000100000000)
  region size 1024K, 1 young (1024K), 0 survivors (0K)
 Metaspace       used 61552K, committed 62400K, reserved 1114112K
  class space    used 7481K, committed 7808K, reserved 1048576K
}
Event: 75439.526 GC heap after
{Heap after GC invocations=7385 (full 7365):
 garbage-first heap   total 99328K, used 39122K [0x00000000c0000000, 0x0000000100000000)
  region size 1024K, 0 young (0K), 0 survivors (0K)
 Metaspace       used 61552K, committed 62400K, reserved 1114112K
  class space    used 7481K, committed 7808K, reserved 1048576K
}
Event: 75450.168 GC heap before
{Heap before GC invocations=7385 (full 7365):
 garbage-first heap   total 99328K, used 39122K [0x00000000c0000000, 0x0000000100000000)
  region size 1024K, 1 young (1024K), 0 survivors (0K)
 Metaspace       used 61552K, committed 62400K, reserved 1114112K
  class space    used 7481K, committed 7808K, reserved 1048576K
}
Event: 75450.265 GC heap after
{Heap after GC invocations=7386 (full 7366):
 garbage-first heap   total 99328K, used 39122K [0x00000000c0000000, 0x0000000100000000)
  region size 1024K, 0 young (0K), 0 survivors (0K)
 Metaspace       used 61552K, committed 62400K, reserved 1114112K
  class space    used 7481K, committed 7808K, reserved 1048576K
}
Event: 75461.115 GC heap before
{Heap before GC invocations=7386 (full 7366):
 garbage-first heap   total 99328K, used 39122K [0x00000000c0000000, 0x0000000100000000)
  region size 1024K, 1 young (1024K), 0 survivors (0K)
 Metaspace       used 61552K, committed 62400K, reserved 1114112K
  class space    used 7481K, committed 7808K, reserved 1048576K
}
Event: 75461.199 GC heap after
{Heap after GC invocations=7387 (full 7367):
 garbage-first heap   total 99328K, used 39122K [0x00000000c0000000, 0x0000000100000000)
  region size 1024K, 0 young (0K), 0 survivors (0K)
 Metaspace       used 61552K, committed 62400K, reserved 1114112K
  class space    used 7481K, committed 7808K, reserved 1048576K
}
Event: 75474.723 GC heap before
{Heap before GC invocations=7387 (full 7367):
 garbage-first heap   total 99328K, used 39122K [0x00000000c0000000, 0x0000000100000000)
  region size 1024K, 1 young (1024K), 0 survivors (0K)
 Metaspace       used 61552K, committed 62400K, reserved 1114112K
  class space    used 7481K, committed 7808K, reserved 1048576K
}
Event: 75474.833 GC heap after
{Heap after GC invocations=7388 (full 7368):
 garbage-first heap   total 99328K, used 39122K [0x00000000c0000000, 0x0000000100000000)
  region size 1024K, 0 young (0K), 0 survivors (0K)
 Metaspace       used 61552K, committed 62400K, reserved 1114112K
  class space    used 7481K, committed 7808K, reserved 1048576K
}
Event: 75495.410 GC heap before
{Heap before GC invocations=7388 (full 7368):
 garbage-first heap   total 99328K, used 39122K [0x00000000c0000000, 0x0000000100000000)
  region size 1024K, 1 young (1024K), 0 survivors (0K)
 Metaspace       used 61552K, committed 62400K, reserved 1114112K
  class space    used 7481K, committed 7808K, reserved 1048576K
}

Dll operation events (10 events):
Event: 0.062 Loaded shared library c:\Users\Gabriel Xavier\.vscode\extensions\redhat.java-1.34.0-win32-x64\jre\17.0.12-win32-x86_64\bin\java.dll
Event: 1.796 Loaded shared library C:\Users\Gabriel Xavier\.vscode\extensions\redhat.java-1.34.0-win32-x64\jre\17.0.12-win32-x86_64\bin\net.dll
Event: 1.802 Loaded shared library C:\Users\Gabriel Xavier\.vscode\extensions\redhat.java-1.34.0-win32-x64\jre\17.0.12-win32-x86_64\bin\nio.dll
Event: 1.825 Loaded shared library C:\Users\Gabriel Xavier\.vscode\extensions\redhat.java-1.34.0-win32-x64\jre\17.0.12-win32-x86_64\bin\zip.dll
Event: 2.846 Loaded shared library C:\Users\Gabriel Xavier\.vscode\extensions\redhat.java-1.34.0-win32-x64\jre\17.0.12-win32-x86_64\bin\jimage.dll
Event: 7.841 Loaded shared library c:\Users\Gabriel Xavier\.vscode\extensions\redhat.java-1.34.0-win32-x64\jre\17.0.12-win32-x86_64\bin\verify.dll
Event: 19.689 Loaded shared library C:\Users\Gabriel Xavier\.vscode\extensions\redhat.java-1.34.0-win32-x64\jre\17.0.12-win32-x86_64\bin\management.dll
Event: 19.737 Loaded shared library C:\Users\Gabriel Xavier\.vscode\extensions\redhat.java-1.34.0-win32-x64\jre\17.0.12-win32-x86_64\bin\management_ext.dll
Event: 26.173 Loaded shared library C:\Users\Gabriel Xavier\.vscode\extensions\redhat.java-1.34.0-win32-x64\jre\17.0.12-win32-x86_64\bin\sunmscapi.dll
Event: 26.904 Loaded shared library C:\Users\Gabriel Xavier\.vscode\extensions\redhat.java-1.34.0-win32-x64\jre\17.0.12-win32-x86_64\bin\extnet.dll

Deoptimization events (20 events):
Event: 28.780 Thread 0x00000209fc73bb80 DEOPT PACKING pc=0x00000209ef88f1a4 sp=0x000000f461dff330
Event: 28.780 Thread 0x00000209fc73bb80 DEOPT UNPACKING pc=0x00000209ef297143 sp=0x000000f461dfe818 mode 0
Event: 28.979 Thread 0x00000209fc73d4d0 DEOPT PACKING pc=0x00000209ef6b0dd2 sp=0x000000f4621fe410
Event: 28.979 Thread 0x00000209fc73d4d0 DEOPT UNPACKING pc=0x00000209ef297143 sp=0x000000f4621fd918 mode 3
Event: 29.247 Thread 0x00000209fc73d4d0 DEOPT PACKING pc=0x00000209efe65cd6 sp=0x000000f4621fe660
Event: 29.247 Thread 0x00000209fc73d4d0 DEOPT UNPACKING pc=0x00000209ef297143 sp=0x000000f4621fdc10 mode 0
Event: 29.353 Thread 0x00000209fc73d4d0 DEOPT PACKING pc=0x00000209efe0298c sp=0x000000f4621fe580
Event: 29.353 Thread 0x00000209fc73d4d0 DEOPT UNPACKING pc=0x00000209ef297143 sp=0x000000f4621fdae8 mode 0
Event: 29.353 Thread 0x00000209fc73d4d0 DEOPT PACKING pc=0x00000209eff086cc sp=0x000000f4621fe6b0
Event: 29.353 Thread 0x00000209fc73d4d0 DEOPT UNPACKING pc=0x00000209ef297143 sp=0x000000f4621fdb90 mode 0
Event: 29.353 Thread 0x00000209fc73d4d0 DEOPT PACKING pc=0x00000209efe0298c sp=0x000000f4621fe7e0
Event: 29.353 Thread 0x00000209fc73d4d0 DEOPT UNPACKING pc=0x00000209ef297143 sp=0x000000f4621fdd48 mode 0
Event: 29.353 Thread 0x00000209fc73d4d0 DEOPT PACKING pc=0x00000209eff086cc sp=0x000000f4621fe910
Event: 29.353 Thread 0x00000209fc73d4d0 DEOPT UNPACKING pc=0x00000209ef297143 sp=0x000000f4621fde08 mode 0
Event: 29.358 Thread 0x00000209fc73d4d0 DEOPT PACKING pc=0x00000209efe0298c sp=0x000000f4621fec80
Event: 29.358 Thread 0x00000209fc73d4d0 DEOPT UNPACKING pc=0x00000209ef297143 sp=0x000000f4621fe1e8 mode 0
Event: 29.358 Thread 0x00000209fc73d4d0 DEOPT PACKING pc=0x00000209eff086cc sp=0x000000f4621fedb0
Event: 29.358 Thread 0x00000209fc73d4d0 DEOPT UNPACKING pc=0x00000209ef297143 sp=0x000000f4621fe2a8 mode 0
Event: 50.002 Thread 0x00000209fc73e910 DEOPT PACKING pc=0x00000209efe9b2b4 sp=0x000000f4625fe2f0
Event: 50.002 Thread 0x00000209fc73e910 DEOPT UNPACKING pc=0x00000209ef297143 sp=0x000000f4625fd840 mode 0

Classes loaded (20 events):
Event: 327.942 Loading class sun/nio/ch/ExtendedSocketOption$1
Event: 327.942 Loading class sun/nio/ch/ExtendedSocketOption$1 done
Event: 327.942 Loading class sun/security/ssl/Alert
Event: 327.942 Loading class sun/security/ssl/Alert done
Event: 327.942 Loading class sun/security/ssl/Alert$AlertConsumer
Event: 327.942 Loading class sun/security/ssl/Alert$AlertConsumer done
Event: 327.943 Loading class sun/security/ssl/Alert$Level
Event: 327.943 Loading class sun/security/ssl/Alert$Level done
Event: 327.943 Loading class sun/net/ConnectionResetException
Event: 327.943 Loading class sun/net/ConnectionResetException done
Event: 389.449 Loading class java/lang/ProcessBuilder
Event: 389.449 Loading class java/lang/ProcessBuilder done
Event: 389.449 Loading class java/lang/ProcessImpl
Event: 389.450 Loading class java/lang/ProcessImpl done
Event: 389.608 Loading class java/lang/ProcessImpl$2
Event: 389.608 Loading class java/lang/ProcessImpl$2 done
Event: 389.608 Loading class java/lang/Process$PipeInputStream
Event: 389.608 Loading class java/lang/Process$PipeInputStream done
Event: 389.609 Loading class jdk/internal/event/ProcessStartEvent
Event: 389.609 Loading class jdk/internal/event/ProcessStartEvent done

Classes unloaded (20 events):
Event: 389.867 Thread 0x00000209f738fdd0 Unloading class 0x0000000100094800 'java/lang/invoke/LambdaForm$MH+0x0000000100094800'
Event: 389.867 Thread 0x00000209f738fdd0 Unloading class 0x0000000100094400 'java/lang/invoke/LambdaForm$MH+0x0000000100094400'
Event: 389.867 Thread 0x00000209f738fdd0 Unloading class 0x000000010008cc00 'java/lang/invoke/LambdaForm$MH+0x000000010008cc00'
Event: 389.867 Thread 0x00000209f738fdd0 Unloading class 0x000000010008c800 'java/lang/invoke/LambdaForm$MH+0x000000010008c800'
Event: 389.867 Thread 0x00000209f738fdd0 Unloading class 0x000000010008c000 'java/lang/invoke/LambdaForm$MH+0x000000010008c000'
Event: 389.867 Thread 0x00000209f738fdd0 Unloading class 0x000000010008ac00 'java/lang/invoke/LambdaForm$MH+0x000000010008ac00'
Event: 389.867 Thread 0x00000209f738fdd0 Unloading class 0x000000010008a400 'java/lang/invoke/LambdaForm$MH+0x000000010008a400'
Event: 389.867 Thread 0x00000209f738fdd0 Unloading class 0x000000010008a000 'java/lang/invoke/LambdaForm$MH+0x000000010008a000'
Event: 389.867 Thread 0x00000209f738fdd0 Unloading class 0x0000000100089c00 'java/lang/invoke/LambdaForm$MH+0x0000000100089c00'
Event: 389.867 Thread 0x00000209f738fdd0 Unloading class 0x0000000100089800 'java/lang/invoke/LambdaForm$MH+0x0000000100089800'
Event: 389.867 Thread 0x00000209f738fdd0 Unloading class 0x0000000100089400 'java/lang/invoke/LambdaForm$MH+0x0000000100089400'
Event: 389.867 Thread 0x00000209f738fdd0 Unloading class 0x0000000100088c00 'java/lang/invoke/LambdaForm$MH+0x0000000100088c00'
Event: 389.867 Thread 0x00000209f738fdd0 Unloading class 0x0000000100088400 'java/lang/invoke/LambdaForm$MH+0x0000000100088400'
Event: 400.028 Thread 0x00000209f738fdd0 Unloading class 0x000000010008e800 'java/lang/invoke/LambdaForm$MH+0x000000010008e800'
Event: 400.028 Thread 0x00000209f738fdd0 Unloading class 0x000000010008e400 'java/lang/invoke/LambdaForm$MH+0x000000010008e400'
Event: 400.028 Thread 0x00000209f738fdd0 Unloading class 0x000000010008e000 'java/lang/invoke/LambdaForm$MH+0x000000010008e000'
Event: 400.028 Thread 0x00000209f738fdd0 Unloading class 0x000000010008dc00 'java/lang/invoke/LambdaForm$MH+0x000000010008dc00'
Event: 400.028 Thread 0x00000209f738fdd0 Unloading class 0x000000010008d800 'java/lang/invoke/LambdaForm$MH+0x000000010008d800'
Event: 400.028 Thread 0x00000209f738fdd0 Unloading class 0x000000010008d400 'java/lang/invoke/LambdaForm$MH+0x000000010008d400'
Event: 400.028 Thread 0x00000209f738fdd0 Unloading class 0x000000010008bc00 'java/lang/invoke/LambdaForm$MH+0x000000010008bc00'

Classes redefined (0 events):
No events

Internal exceptions (20 events):
Event: 28.635 Thread 0x00000209fc73c090 Exception <a 'java/lang/NoSuchMethodError'{0x00000000c5e1ba38}: 'void java.lang.invoke.DirectMethodHandle$Holder.invokeStatic(java.lang.Object, java.lang.Object, java.lang.Object, java.lang.Object, java.lang.Object, java.lang.Object, java.lang.Object)'> (0x00000000c5e1ba38) 
thrown [s\src\hotspot\share\interpreter\linkResolver.cpp, line 759]
Event: 29.415 Thread 0x00000209fc73d4d0 Exception <a 'sun/nio/fs/WindowsException'{0x00000000c7c244b8}> (0x00000000c7c244b8) 
thrown [s\src\hotspot\share\prims\jni.cpp, line 516]
Event: 29.415 Thread 0x00000209fc73d4d0 Exception <a 'sun/nio/fs/WindowsException'{0x00000000c7c24e28}> (0x00000000c7c24e28) 
thrown [s\src\hotspot\share\prims\jni.cpp, line 516]
Event: 29.415 Thread 0x00000209fc73d4d0 Exception <a 'sun/nio/fs/WindowsException'{0x00000000c7c25748}> (0x00000000c7c25748) 
thrown [s\src\hotspot\share\prims\jni.cpp, line 516]
Event: 29.416 Thread 0x00000209fc73d4d0 Exception <a 'sun/nio/fs/WindowsException'{0x00000000c7c260b8}> (0x00000000c7c260b8) 
thrown [s\src\hotspot\share\prims\jni.cpp, line 516]
Event: 29.416 Thread 0x00000209fc73d4d0 Exception <a 'sun/nio/fs/WindowsException'{0x00000000c7c26af8}> (0x00000000c7c26af8) 
thrown [s\src\hotspot\share\prims\jni.cpp, line 516]
Event: 29.416 Thread 0x00000209fc73d4d0 Exception <a 'sun/nio/fs/WindowsException'{0x00000000c7c275a0}> (0x00000000c7c275a0) 
thrown [s\src\hotspot\share\prims\jni.cpp, line 516]
Event: 29.418 Thread 0x00000209fc73d4d0 Exception <a 'sun/nio/fs/WindowsException'{0x00000000c7c2e878}> (0x00000000c7c2e878) 
thrown [s\src\hotspot\share\prims\jni.cpp, line 516]
Event: 29.418 Thread 0x00000209fc73d4d0 Exception <a 'sun/nio/fs/WindowsException'{0x00000000c7c2f1e8}> (0x00000000c7c2f1e8) 
thrown [s\src\hotspot\share\prims\jni.cpp, line 516]
Event: 29.418 Thread 0x00000209fc73d4d0 Exception <a 'sun/nio/fs/WindowsException'{0x00000000c7c2fb08}> (0x00000000c7c2fb08) 
thrown [s\src\hotspot\share\prims\jni.cpp, line 516]
Event: 29.419 Thread 0x00000209fc73d4d0 Exception <a 'sun/nio/fs/WindowsException'{0x00000000c7c30478}> (0x00000000c7c30478) 
thrown [s\src\hotspot\share\prims\jni.cpp, line 516]
Event: 29.419 Thread 0x00000209fc73d4d0 Exception <a 'sun/nio/fs/WindowsException'{0x00000000c7c30eb8}> (0x00000000c7c30eb8) 
thrown [s\src\hotspot\share\prims\jni.cpp, line 516]
Event: 29.419 Thread 0x00000209fc73d4d0 Exception <a 'sun/nio/fs/WindowsException'{0x00000000c7c31960}> (0x00000000c7c31960) 
thrown [s\src\hotspot\share\prims\jni.cpp, line 516]
Event: 70.095 Thread 0x00000209fc73e910 Exception <a 'java/lang/ClassCastException'{0x00000000c57388d0}> (0x00000000c57388d0) 
thrown [s\src\hotspot\share\runtime\sharedRuntime.cpp, line 631]
Event: 70.111 Thread 0x00000209fc73e910 Exception <a 'java/lang/ClassCastException'{0x00000000c576ba08}> (0x00000000c576ba08) 
thrown [s\src\hotspot\share\runtime\sharedRuntime.cpp, line 631]
Event: 327.943 Thread 0x00000209fc765150 Exception <a 'java/io/IOException'{0x00000000c5a045f8}> (0x00000000c5a045f8) 
thrown [s\src\hotspot\share\prims\jni.cpp, line 516]
Event: 328.524 Thread 0x00000209fc764c40 Exception <a 'java/io/IOException'{0x00000000c5a0c6c8}> (0x00000000c5a0c6c8) 
thrown [s\src\hotspot\share\prims\jni.cpp, line 516]
Event: 329.164 Thread 0x00000209fc765b70 Exception <a 'java/io/IOException'{0x00000000c5a13618}> (0x00000000c5a13618) 
thrown [s\src\hotspot\share\prims\jni.cpp, line 516]
Event: 389.607 Thread 0x00000209fd47f4e0 Exception <a 'java/lang/NoSuchMethodError'{0x00000000c5cfb8c8}: 'void java.lang.invoke.DirectMethodHandle$Holder.invokeStatic(java.lang.Object, long)'> (0x00000000c5cfb8c8) 
thrown [s\src\hotspot\share\interpreter\linkResolver.cpp, line 759]
Event: 389.607 Thread 0x00000209fd47f4e0 Exception <a 'java/lang/NoSuchMethodError'{0x00000000c5a9cc80}: 'java.lang.Object java.lang.invoke.DirectMethodHandle$Holder.newInvokeSpecial(java.lang.Object, long)'> (0x00000000c5a9cc80) 
thrown [s\src\hotspot\share\interpreter\linkResolver.cpp, line 759]

VM Operations (20 events):
Event: 75374.620 Executing VM operation: G1CollectFull done
Event: 75385.134 Executing VM operation: G1CollectFull
Event: 75385.234 Executing VM operation: G1CollectFull done
Event: 75395.461 Executing VM operation: G1CollectFull
Event: 75395.520 Executing VM operation: G1CollectFull done
Event: 75406.784 Executing VM operation: G1CollectFull
Event: 75406.895 Executing VM operation: G1CollectFull done
Event: 75417.451 Executing VM operation: G1CollectFull
Event: 75417.561 Executing VM operation: G1CollectFull done
Event: 75428.768 Executing VM operation: G1CollectFull
Event: 75428.874 Executing VM operation: G1CollectFull done
Event: 75439.437 Executing VM operation: G1CollectFull
Event: 75439.526 Executing VM operation: G1CollectFull done
Event: 75450.168 Executing VM operation: G1CollectFull
Event: 75450.265 Executing VM operation: G1CollectFull done
Event: 75461.115 Executing VM operation: G1CollectFull
Event: 75461.199 Executing VM operation: G1CollectFull done
Event: 75474.723 Executing VM operation: G1CollectFull
Event: 75474.833 Executing VM operation: G1CollectFull done
Event: 75495.410 Executing VM operation: G1CollectFull

Events (20 events):
Event: 271.150 Thread 0x00000209fc7632f0 Thread added: 0x00000209fc7632f0
Event: 271.151 Thread 0x00000209fc761eb0 Thread added: 0x00000209fc761eb0
Event: 271.162 Thread 0x00000209fc75f630 Thread added: 0x00000209fc75f630
Event: 271.180 Thread 0x00000209fc766080 Thread added: 0x00000209fc766080
Event: 313.786 Thread 0x00000209fe3866b0 Thread added: 0x00000209fe3866b0
Event: 318.855 Thread 0x00000209fe3866b0 Thread exited: 0x00000209fe3866b0
Event: 327.941 Thread 0x00000209fc7623c0 Thread added: 0x00000209fc7623c0
Event: 373.615 Thread 0x00000209fc75f630 Thread exited: 0x00000209fc75f630
Event: 373.787 Thread 0x00000209fc761eb0 Thread exited: 0x00000209fc761eb0
Event: 381.738 Thread 0x00000209fc761490 Thread exited: 0x00000209fc761490
Event: 385.159 Thread 0x00000209fc7632f0 Thread exited: 0x00000209fc7632f0
Event: 387.955 Thread 0x00000209fc760050 Thread exited: 0x00000209fc760050
Event: 388.531 Thread 0x00000209fc764c40 Thread exited: 0x00000209fc764c40
Event: 388.531 Thread 0x00000209fc7623c0 Thread exited: 0x00000209fc7623c0
Event: 389.170 Thread 0x00000209fc765b70 Thread exited: 0x00000209fc765b70
Event: 389.170 Thread 0x00000209fc765150 Thread exited: 0x00000209fc765150
Event: 416.522 Thread 0x00000209fd550520 Thread exited: 0x00000209fd550520
Event: 441.746 Thread 0x00000209fc766080 Thread exited: 0x00000209fc766080
Event: 501.761 Thread 0x00000209fc75f120 Thread exited: 0x00000209fc75f120
Event: 561.771 Thread 0x00000209fd54efb0 Thread exited: 0x00000209fd54efb0


Dynamic libraries:
0x00007ff755810000 - 0x00007ff75581e000 	c:\Users\Gabriel Xavier\.vscode\extensions\redhat.java-1.34.0-win32-x64\jre\17.0.12-win32-x86_64\bin\java.exe
0x00007ffb7a690000 - 0x00007ffb7a888000 	C:\Windows\SYSTEM32\ntdll.dll
0x00007ffb78a40000 - 0x00007ffb78b01000 	C:\Windows\System32\KERNEL32.DLL
0x00007ffb783c0000 - 0x00007ffb786bd000 	C:\Windows\System32\KERNELBASE.dll
0x00007ffb78230000 - 0x00007ffb78330000 	C:\Windows\System32\ucrtbase.dll
0x00007ffb51190000 - 0x00007ffb511a7000 	c:\Users\Gabriel Xavier\.vscode\extensions\redhat.java-1.34.0-win32-x64\jre\17.0.12-win32-x86_64\bin\jli.dll
0x00007ffb79b10000 - 0x00007ffb79cad000 	C:\Windows\System32\USER32.dll
0x00007ffb78190000 - 0x00007ffb781b2000 	C:\Windows\System32\win32u.dll
0x00007ffb786c0000 - 0x00007ffb786eb000 	C:\Windows\System32\GDI32.dll
0x00007ffb77e40000 - 0x00007ffb77f57000 	C:\Windows\System32\gdi32full.dll
0x00007ffb77f90000 - 0x00007ffb7802d000 	C:\Windows\System32\msvcp_win.dll
0x00007ffb51170000 - 0x00007ffb5118b000 	c:\Users\Gabriel Xavier\.vscode\extensions\redhat.java-1.34.0-win32-x64\jre\17.0.12-win32-x86_64\bin\VCRUNTIME140.dll
0x00007ffb6d1b0000 - 0x00007ffb6d44a000 	C:\Windows\WinSxS\amd64_microsoft.windows.common-controls_6595b64144ccf1df_6.0.19041.4355_none_60b8b9eb71f62e16\COMCTL32.dll
0x00007ffb788d0000 - 0x00007ffb7896e000 	C:\Windows\System32\msvcrt.dll
0x00007ffb79cb0000 - 0x00007ffb79cdf000 	C:\Windows\System32\IMM32.DLL
0x00007ffb6aab0000 - 0x00007ffb6aabc000 	c:\Users\Gabriel Xavier\.vscode\extensions\redhat.java-1.34.0-win32-x64\jre\17.0.12-win32-x86_64\bin\vcruntime140_1.dll
0x00007ffb45c40000 - 0x00007ffb45ccd000 	c:\Users\Gabriel Xavier\.vscode\extensions\redhat.java-1.34.0-win32-x64\jre\17.0.12-win32-x86_64\bin\msvcp140.dll
0x00007ffb379e0000 - 0x00007ffb3864a000 	c:\Users\Gabriel Xavier\.vscode\extensions\redhat.java-1.34.0-win32-x64\jre\17.0.12-win32-x86_64\bin\server\jvm.dll
0x00007ffb79580000 - 0x00007ffb79630000 	C:\Windows\System32\ADVAPI32.dll
0x00007ffb7a5b0000 - 0x00007ffb7a650000 	C:\Windows\System32\sechost.dll
0x00007ffb786f0000 - 0x00007ffb78813000 	C:\Windows\System32\RPCRT4.dll
0x00007ffb77f60000 - 0x00007ffb77f87000 	C:\Windows\System32\bcrypt.dll
0x00007ffb78970000 - 0x00007ffb789db000 	C:\Windows\System32\WS2_32.dll
0x00007ffb77280000 - 0x00007ffb772cb000 	C:\Windows\SYSTEM32\POWRPROF.dll
0x00007ffb66ac0000 - 0x00007ffb66ae7000 	C:\Windows\SYSTEM32\WINMM.dll
0x00007ffb6d5f0000 - 0x00007ffb6d5fa000 	C:\Windows\SYSTEM32\VERSION.dll
0x00007ffb770f0000 - 0x00007ffb77102000 	C:\Windows\SYSTEM32\UMPDC.dll
0x00007ffb76560000 - 0x00007ffb76572000 	C:\Windows\SYSTEM32\kernel.appcore.dll
0x00007ffb6aa80000 - 0x00007ffb6aa8a000 	c:\Users\Gabriel Xavier\.vscode\extensions\redhat.java-1.34.0-win32-x64\jre\17.0.12-win32-x86_64\bin\jimage.dll
0x00007ffb75a70000 - 0x00007ffb75c54000 	C:\Windows\SYSTEM32\DBGHELP.DLL
0x00007ffb706c0000 - 0x00007ffb706f4000 	C:\Windows\SYSTEM32\dbgcore.DLL
0x00007ffb78330000 - 0x00007ffb783b2000 	C:\Windows\System32\bcryptPrimitives.dll
0x00007ffb4dbb0000 - 0x00007ffb4dbd5000 	c:\Users\Gabriel Xavier\.vscode\extensions\redhat.java-1.34.0-win32-x64\jre\17.0.12-win32-x86_64\bin\java.dll
0x00007ffb4ff70000 - 0x00007ffb4ff88000 	c:\Users\Gabriel Xavier\.vscode\extensions\redhat.java-1.34.0-win32-x64\jre\17.0.12-win32-x86_64\bin\zip.dll
0x00007ffb79ce0000 - 0x00007ffb7a44f000 	C:\Windows\System32\SHELL32.dll
0x00007ffb75c80000 - 0x00007ffb7641f000 	C:\Windows\SYSTEM32\windows.storage.dll
0x00007ffb79220000 - 0x00007ffb79573000 	C:\Windows\System32\combase.dll
0x00007ffb77760000 - 0x00007ffb7778e000 	C:\Windows\SYSTEM32\Wldp.dll
0x00007ffb79710000 - 0x00007ffb797dd000 	C:\Windows\System32\OLEAUT32.dll
0x00007ffb78820000 - 0x00007ffb788cd000 	C:\Windows\System32\SHCORE.dll
0x00007ffb789e0000 - 0x00007ffb78a35000 	C:\Windows\System32\shlwapi.dll
0x00007ffb77c70000 - 0x00007ffb77c94000 	C:\Windows\SYSTEM32\profapi.dll
0x00007ffb4f5d0000 - 0x00007ffb4f5e9000 	C:\Users\Gabriel Xavier\.vscode\extensions\redhat.java-1.34.0-win32-x64\jre\17.0.12-win32-x86_64\bin\net.dll
0x00007ffb70a00000 - 0x00007ffb70b0d000 	C:\Windows\SYSTEM32\WINHTTP.dll
0x00007ffb77460000 - 0x00007ffb774ca000 	C:\Windows\system32\mswsock.dll
0x00007ffb4e8f0000 - 0x00007ffb4e906000 	C:\Users\Gabriel Xavier\.vscode\extensions\redhat.java-1.34.0-win32-x64\jre\17.0.12-win32-x86_64\bin\nio.dll
0x00007ffb68a70000 - 0x00007ffb68a80000 	c:\Users\Gabriel Xavier\.vscode\extensions\redhat.java-1.34.0-win32-x64\jre\17.0.12-win32-x86_64\bin\verify.dll
0x00007ffb77640000 - 0x00007ffb77658000 	C:\Windows\SYSTEM32\CRYPTSP.dll
0x00007ffb76d30000 - 0x00007ffb76d64000 	C:\Windows\system32\rsaenh.dll
0x00007ffb77be0000 - 0x00007ffb77c0e000 	C:\Windows\SYSTEM32\USERENV.dll
0x00007ffb77600000 - 0x00007ffb7760c000 	C:\Windows\SYSTEM32\CRYPTBASE.dll
0x00007ffb77110000 - 0x00007ffb7714b000 	C:\Windows\SYSTEM32\IPHLPAPI.DLL
0x00007ffb78c00000 - 0x00007ffb78c08000 	C:\Windows\System32\NSI.dll
0x00007ffb71f70000 - 0x00007ffb71f87000 	C:\Windows\SYSTEM32\dhcpcsvc6.DLL
0x00007ffb721e0000 - 0x00007ffb721fd000 	C:\Windows\SYSTEM32\dhcpcsvc.DLL
0x00007ffb77150000 - 0x00007ffb7721a000 	C:\Windows\SYSTEM32\DNSAPI.dll
0x00007ffb748d0000 - 0x00007ffb748d9000 	C:\Users\Gabriel Xavier\.vscode\extensions\redhat.java-1.34.0-win32-x64\jre\17.0.12-win32-x86_64\bin\management.dll
0x00007ffb6fb40000 - 0x00007ffb6fb4b000 	C:\Users\Gabriel Xavier\.vscode\extensions\redhat.java-1.34.0-win32-x64\jre\17.0.12-win32-x86_64\bin\management_ext.dll
0x00007ffb796e0000 - 0x00007ffb796e8000 	C:\Windows\System32\PSAPI.DLL
0x00007ffb74f00000 - 0x00007ffb74f0e000 	C:\Users\Gabriel Xavier\.vscode\extensions\redhat.java-1.34.0-win32-x64\jre\17.0.12-win32-x86_64\bin\sunmscapi.dll
0x00007ffb78030000 - 0x00007ffb7818e000 	C:\Windows\System32\CRYPT32.dll
0x00007ffb777d0000 - 0x00007ffb777f9000 	C:\Windows\SYSTEM32\ncrypt.dll
0x00007ffb77790000 - 0x00007ffb777cb000 	C:\Windows\SYSTEM32\NTASN1.dll
0x00007ffb6d5d0000 - 0x00007ffb6d5da000 	C:\Windows\System32\rasadhlp.dll
0x00007ffb6f1b0000 - 0x00007ffb6f230000 	C:\Windows\System32\fwpuclnt.dll
0x00007ffb6fb30000 - 0x00007ffb6fb39000 	C:\Users\Gabriel Xavier\.vscode\extensions\redhat.java-1.34.0-win32-x64\jre\17.0.12-win32-x86_64\bin\extnet.dll

dbghelp: loaded successfully - version: 4.0.5 - missing functions: none
symbol engine: initialized successfully - sym options: 0x614 - pdb path: .;c:\Users\Gabriel Xavier\.vscode\extensions\redhat.java-1.34.0-win32-x64\jre\17.0.12-win32-x86_64\bin;C:\Windows\SYSTEM32;C:\Windows\WinSxS\amd64_microsoft.windows.common-controls_6595b64144ccf1df_6.0.19041.4355_none_60b8b9eb71f62e16;c:\Users\Gabriel Xavier\.vscode\extensions\redhat.java-1.34.0-win32-x64\jre\17.0.12-win32-x86_64\bin\server

VM Arguments:
jvm_args: -Xmx1024m -Dsts.lsp.client=vscode -Dsts.log.file=/dev/null -XX:TieredStopAtLevel=1 -Xlog:jni+resolve=off -Dspring.config.location=file:c:\Users\Gabriel Xavier\.vscode\extensions\vmware.vscode-spring-boot-1.56.0\language-server\BOOT-INF\classes\application.properties 
java_command: org.springframework.ide.vscode.boot.app.BootLanguageServerBootApp
java_class_path (initial): c:\Users\Gabriel Xavier\.vscode\extensions\vmware.vscode-spring-boot-1.56.0\language-server\BOOT-INF\classes;c:\Users\Gabriel Xavier\.vscode\extensions\vmware.vscode-spring-boot-1.56.0\language-server\BOOT-INF\lib\annotations-24.1.0.jar;c:\Users\Gabriel Xavier\.vscode\extensions\vmware.vscode-spring-boot-1.56.0\language-server\BOOT-INF\lib\antlr4-runtime-4.13.1.jar;c:\Users\Gabriel Xavier\.vscode\extensions\vmware.vscode-spring-boot-1.56.0\language-server\BOOT-INF\lib\asm-9.7.jar;c:\Users\Gabriel Xavier\.vscode\extensions\vmware.vscode-spring-boot-1.56.0\language-server\BOOT-INF\lib\asm-analysis-9.7.jar;c:\Users\Gabriel Xavier\.vscode\extensions\vmware.vscode-spring-boot-1.56.0\language-server\BOOT-INF\lib\asm-tree-9.7.jar;c:\Users\Gabriel Xavier\.vscode\extensions\vmware.vscode-spring-boot-1.56.0\language-server\BOOT-INF\lib\asm-util-9.7.jar;c:\Users\Gabriel Xavier\.vscode\extensions\vmware.vscode-spring-boot-1.56.0\language-server\BOOT-INF\lib\caffeine-3.1.8.jar;c:\Users\Gabriel Xavier\.vscode\extensions\vmware.vscode-spring-boot-1.56.0\language-server\BOOT-INF\lib\checker-qual-3.12.0.jar;c:\Users\Gabriel Xavier\.vscode\extensions\vmware.vscode-spring-boot-1.56.0\language-server\BOOT-INF\lib\classgraph-4.8.149.jar;c:\Users\Gabriel Xavier\.vscode\extensions\vmware.vscode-spring-boot-1.56.0\language-server\BOOT-INF\lib\commons-codec-1.16.1.jar;c:\Users\Gabriel Xavier\.vscode\extensions\vmware.vscode-spring-boot-1.56.0\language-server\BOOT-INF\lib\commons-compress-1.26.2.jar;c:\Users\Gabriel Xavier\.vscode\extensions\vmware.vscode-spring-boot-1.56.0\language-server\BOOT-INF\lib\commons-io-2.16.1.jar;c:\Users\Gabriel Xavier\.vscode\extensions\vmware.vscode-spring-boot-1.56.0\language-server\BOOT-INF\lib\commons-java-1.56.0-SNAPSHOT.jar;c:\Users\Gabriel Xavier\.vscode\extensions\vmware.vscode-spring-boot-1.56.0\language-server\BOOT-INF\lib\commons-lang3-3.14.0.jar;c:\Users\Gabriel Xavier\.vscode\extensions\vmware.vscode-spring-boot-1.56.0\l
Launcher Type: SUN_STANDARD

[Global flags]
     intx CICompilerCount                          = 4                                         {product} {ergonomic}
     uint ConcGCThreads                            = 2                                         {product} {ergonomic}
     uint G1ConcRefinementThreads                  = 8                                         {product} {ergonomic}
   size_t G1HeapRegionSize                         = 1048576                                   {product} {ergonomic}
    uintx GCDrainStackTargetSize                   = 64                                        {product} {ergonomic}
   size_t InitialHeapSize                          = 132120576                                 {product} {ergonomic}
   size_t MarkStackSize                            = 4194304                                   {product} {ergonomic}
   size_t MaxHeapSize                              = 1073741824                                {product} {command line}
   size_t MaxNewSize                               = 643825664                                 {product} {ergonomic}
   size_t MinHeapDeltaBytes                        = 1048576                                   {product} {ergonomic}
   size_t MinHeapSize                              = 8388608                                   {product} {ergonomic}
    uintx NonProfiledCodeHeapSize                  = 0                                      {pd product} {ergonomic}
     bool ProfileInterpreter                       = false                                  {pd product} {command line}
    uintx ProfiledCodeHeapSize                     = 0                                      {pd product} {ergonomic}
   size_t SoftMaxHeapSize                          = 1073741824                             {manageable} {ergonomic}
     intx TieredStopAtLevel                        = 1                                         {product} {command line}
     bool UseCompressedClassPointers               = true                           {product lp64_product} {ergonomic}
     bool UseCompressedOops                        = true                           {product lp64_product} {ergonomic}
     bool UseG1GC                                  = true                                      {product} {ergonomic}
     bool UseLargePagesIndividualAllocation        = false                                  {pd product} {ergonomic}

Logging:
Log output configuration:
 #0: stdout all=warning,jni+resolve=off uptime,level,tags
 #1: stderr all=off uptime,level,tags

Environment Variables:
JAVA_HOME=C:\Program Files\Java\zulu17.44.15-ca-jdk17.0.8-win_x64
PATH=C:\Users\Gabriel Xavier\bin;E:\Git\mingw64\bin;E:\Git\usr\local\bin;E:\Git\usr\bin;E:\Git\usr\bin;E:\Git\mingw64\bin;E:\Git\usr\bin;C:\Users\Gabriel Xavier\bin;C:\Program Files\Eclipse Adoptium\jdk-17.0.8.101-hotspot\bin;C:\Program Files\Java\zulu17.44.15-ca-jdk17.0.8-win_x64\bin;C:\Python311\Scripts;C:\Python311;C:\Program Files (x86)\Common Files\Oracle\Java\javapath;C:\Windows\system32;C:\Windows;C:\Windows\System32\Wbem;C:\Windows\System32\WindowsPowerShell\v1.0;C:\Windows\System32\OpenSSH;C:\Program Files\Microsoft SQL Server\Client SDK\ODBC\170\Tools\Binn;E:\Program Files (x86)\Microsoft SQL Server\150\Tools\Binn;C:\Program Files\Microsoft SQL Server\150\Tools\Binn;C:\Program Files\Microsoft SQL Server\150\DTS\Binn;C:\Program Files\Azure Data Studio\bin;C:\ProgramData\chocolatey\bin;C:\Program Files (x86)\Yarn\bin;E:\nodejs;E:\Git\cmd;E:\Ruby32-x64\bin;C:\Ruby32-x64\bin;C:\Program Files\MySQL\MySQL Shell 8.0\bin;C:\Users\Gabriel Xavier\AppData\Local\Microsoft\WindowsApps;E:\Microsoft VS Code\bin;C:\Program Files\Azure Data Studio\bin;C:\Users\Gabriel Xavier\AppData\Local\Yarn\bin;C:\Users\Gabriel Xavier\AppData\Roaming\npm;C:\Users\Gabriel Xavier\Downloads\apache-maven-3.9.6\bin;E:\Git\usr\bin\vendor_perl;E:\Git\usr\bin\core_perl
USERNAME=Gabriel Xavier
SHELL=E:\Git\usr\bin\bash.exe
DISPLAY=needs-to-be-defined
LC_CTYPE=pt_BR.UTF-8
TERM=xterm
TMPDIR=C:\Users\GABRIE~1\AppData\Local\Temp
OS=Windows_NT
PROCESSOR_IDENTIFIER=Intel64 Family 6 Model 142 Stepping 10, GenuineIntel
TMP=C:\Users\GABRIE~1\AppData\Local\Temp
TEMP=C:\Users\GABRIE~1\AppData\Local\Temp



Periodic native trim disabled


---------------  S Y S T E M  ---------------

OS:
 Windows 10 , 64 bit Build 19041 (10.0.19041.4717)
OS uptime: 18 days 15:09 hours
Hyper-V role detected

CPU: total 8 (initial active 8) (4 cores per cpu, 2 threads per core) family 6 model 142 stepping 10 microcode 0xd6, cx8, cmov, fxsr, ht, mmx, 3dnowpref, sse, sse2, sse3, ssse3, sse4.1, sse4.2, popcnt, lzcnt, tsc, tscinvbit, avx, avx2, aes, erms, clmul, bmi1, bmi2, adx, fma, vzeroupper, clflush, clflushopt, hv
Processor Information for all 8 processors :
  Max Mhz: 1992, Current Mhz: 1792, Mhz Limit: 1792

Memory: 4k page, system-wide physical 8056M (354M free)
TotalPageFile size 22285M (AvailPageFile size 16M)
current process WorkingSet (physical memory assigned to process): 70M, peak: 239M
current process commit charge ("private bytes"): 270M, peak: 285M

vm_info: OpenJDK 64-Bit Server VM (17.0.12+7) for windows-amd64 JRE (17.0.12+7), built on Jul 16 2024 22:08:24 by "admin" with MS VC++ 16.10 / 16.11 (VS2019)

END.
