#
# There is insufficient memory for the Java Runtime Environment to continue.
# Native memory allocation (malloc) failed to allocate 2207056 bytes for Chunk::new
# Possible reasons:
#   The system is out of physical RAM or swap space
#   The process is running with CompressedOops enabled, and the Java Heap may be blocking the growth of the native heap
# Possible solutions:
#   Reduce memory load on the system
#   Increase physical memory or swap space
#   Check if swap backing store is full
#   Decrease Java heap size (-Xmx/-Xms)
#   Decrease number of Java threads
#   Decrease Java thread stack sizes (-Xss)
#   Set larger code cache with -XX:ReservedCodeCacheSize=
#   JVM is running with Unscaled Compressed Oops mode in which the Java heap is
#     placed in the first 4GB address space. The Java Heap base address is the
#     maximum limit for the native heap growth. Please use -XX:HeapBaseMinAddress
#     to set the Java Heap base and to place the Java Heap above 4GB virtual address.
# This output file may be truncated or incomplete.
#
#  Out of Memory Error (arena.cpp:189), pid=15892, tid=11324
#
# JRE version: OpenJDK Runtime Environment Zulu17.44+15-CA (17.0.8+7) (build 17.0.8+7-LTS)
# Java VM: OpenJDK 64-Bit Server VM Zulu17.44+15-CA (17.0.8+7-LTS, mixed mode, sharing, tiered, compressed oops, compressed class ptrs, g1 gc, windows-amd64)
# No core dump will be written. Minidumps are not enabled by default on client versions of Windows
#

---------------  S U M M A R Y ------------

Command Line: C:\Users\GABRIE~1\AppData\Local\Temp\surefire17506959053638861564\surefirebooter8215549557980092102.jar C:\Users\Gabriel Xavier\AppData\Local\Temp\surefire17506959053638861564 2024-09-28T20-44-21_034-jvmRun1 surefire2120188304153897793tmp surefire_01903903757770489235tmp

Host: Intel(R) Core(TM) i7-8550U CPU @ 1.80GHz, 8 cores, 7G,  Windows 10 , 64 bit Build 19041 (10.0.19041.4842)
Time: Sat Sep 28 20:44:38 2024 Hora oficial do Brasil elapsed time: 15.915115 seconds (0d 0h 0m 15s)

---------------  T H R E A D  ---------------

Current thread (0x000002b792179630):  JavaThread "C2 CompilerThread1" daemon [_thread_in_native, id=11324, stack(0x000000c55a200000,0x000000c55a300000)]


Current CompileTask:
C2:  15915 5184       4       org.springframework.core.annotation.AnnotationsScanner::getBaseTypeMethods (145 bytes)

Stack: [0x000000c55a200000,0x000000c55a300000]
Native frames: (J=compiled Java code, j=interpreted, Vv=VM code, C=native code)
V  [jvm.dll+0x67e01a]
V  [jvm.dll+0x83be54]
V  [jvm.dll+0x83d5fe]
V  [jvm.dll+0x83dc63]
V  [jvm.dll+0x24b18f]
V  [jvm.dll+0xac3ac]
V  [jvm.dll+0xac97c]
V  [jvm.dll+0x36a1a7]
V  [jvm.dll+0x333cc1]
V  [jvm.dll+0x33316a]
V  [jvm.dll+0x21a141]
V  [jvm.dll+0x219561]
V  [jvm.dll+0x1a576d]
V  [jvm.dll+0x229259]
V  [jvm.dll+0x22729c]
V  [jvm.dll+0x7f1b4c]
V  [jvm.dll+0x7ebf6a]
V  [jvm.dll+0x67ce65]
C  [ucrtbase.dll+0x21bb2]
C  [KERNEL32.DLL+0x17374]
C  [ntdll.dll+0x4cc91]


---------------  P R O C E S S  ---------------

Threads class SMR info:
_java_thread_list=0x000002b793a2b960, length=18, elements={
0x000002b72ca91640, 0x000002b74ae33f40, 0x000002b74ae34dc0, 0x000002b74ae4b8c0,
0x000002b74ae4e390, 0x000002b74ae4ed50, 0x000002b74ae4f710, 0x000002b74ae55bb0,
0x000002b74ae5f4e0, 0x000002b74ae6a5d0, 0x000002b790130740, 0x000002b790136ee0,
0x000002b790154ef0, 0x000002b79027f820, 0x000002b792731240, 0x000002b792fa0540,
0x000002b792fa0020, 0x000002b792179630
}

Java Threads: ( => current thread )
  0x000002b72ca91640 JavaThread "main" [_thread_in_vm, id=6400, stack(0x000000c558000000,0x000000c558100000)]
  0x000002b74ae33f40 JavaThread "Reference Handler" daemon [_thread_blocked, id=276, stack(0x000000c558700000,0x000000c558800000)]
  0x000002b74ae34dc0 JavaThread "Finalizer" daemon [_thread_blocked, id=22104, stack(0x000000c558800000,0x000000c558900000)]
  0x000002b74ae4b8c0 JavaThread "Signal Dispatcher" daemon [_thread_blocked, id=5856, stack(0x000000c558900000,0x000000c558a00000)]
  0x000002b74ae4e390 JavaThread "Attach Listener" daemon [_thread_blocked, id=17544, stack(0x000000c558a00000,0x000000c558b00000)]
  0x000002b74ae4ed50 JavaThread "Service Thread" daemon [_thread_blocked, id=16488, stack(0x000000c558b00000,0x000000c558c00000)]
  0x000002b74ae4f710 JavaThread "Monitor Deflation Thread" daemon [_thread_blocked, id=18476, stack(0x000000c558c00000,0x000000c558d00000)]
  0x000002b74ae55bb0 JavaThread "C2 CompilerThread0" daemon [_thread_in_native, id=17064, stack(0x000000c558d00000,0x000000c558e00000)]
  0x000002b74ae5f4e0 JavaThread "C1 CompilerThread0" daemon [_thread_blocked, id=13608, stack(0x000000c558e00000,0x000000c558f00000)]
  0x000002b74ae6a5d0 JavaThread "Sweeper thread" daemon [_thread_blocked, id=15960, stack(0x000000c558f00000,0x000000c559000000)]
  0x000002b790130740 JavaThread "Notification Thread" daemon [_thread_blocked, id=17332, stack(0x000000c559000000,0x000000c559100000)]
  0x000002b790136ee0 JavaThread "Common-Cleaner" daemon [_thread_blocked, id=17360, stack(0x000000c559200000,0x000000c559300000)]
  0x000002b790154ef0 JavaThread "surefire-forkedjvm-command-thread" daemon [_thread_in_native, id=8008, stack(0x000000c559300000,0x000000c559400000)]
  0x000002b79027f820 JavaThread "surefire-forkedjvm-ping-30s" daemon [_thread_blocked, id=19412, stack(0x000000c559500000,0x000000c559600000)]
  0x000002b792731240 JavaThread "lettuce-timer-3-1" daemon [_thread_blocked, id=21640, stack(0x000000c559e00000,0x000000c559f00000)]
  0x000002b792fa0540 JavaThread "HikariPool-1 housekeeper" daemon [_thread_blocked, id=4092, stack(0x000000c55a100000,0x000000c55a200000)]
  0x000002b792fa0020 JavaThread "HikariPool-1 connection adder" daemon [_thread_blocked, id=22128, stack(0x000000c559400000,0x000000c559500000)]
=>0x000002b792179630 JavaThread "C2 CompilerThread1" daemon [_thread_in_native, id=11324, stack(0x000000c55a200000,0x000000c55a300000)]

Other Threads:
  0x000002b74ae2bf00 VMThread "VM Thread" [stack: 0x000000c558600000,0x000000c558700000] [id=14424]
  0x000002b790130c20 WatcherThread [stack: 0x000000c559100000,0x000000c559200000] [id=8248]
  0x000002b72caeb270 GCTaskThread "GC Thread#0" [stack: 0x000000c558100000,0x000000c558200000] [id=25344]
  0x000002b79061d360 GCTaskThread "GC Thread#1" [stack: 0x000000c559600000,0x000000c559700000] [id=12272]
  0x000002b790f08140 GCTaskThread "GC Thread#2" [stack: 0x000000c559700000,0x000000c559800000] [id=16812]
  0x000002b790e33e80 GCTaskThread "GC Thread#3" [stack: 0x000000c559800000,0x000000c559900000] [id=23564]
  0x000002b79093ed10 GCTaskThread "GC Thread#4" [stack: 0x000000c559900000,0x000000c559a00000] [id=4716]
  0x000002b7910b1e20 GCTaskThread "GC Thread#5" [stack: 0x000000c559a00000,0x000000c559b00000] [id=12792]
  0x000002b790d2e210 GCTaskThread "GC Thread#6" [stack: 0x000000c559b00000,0x000000c559c00000] [id=20256]
  0x000002b791506870 GCTaskThread "GC Thread#7" [stack: 0x000000c559d00000,0x000000c559e00000] [id=5252]
  0x000002b72cafbdc0 ConcurrentGCThread "G1 Main Marker" [stack: 0x000000c558200000,0x000000c558300000] [id=2788]
  0x000002b72cafcf80 ConcurrentGCThread "G1 Conc#0" [stack: 0x000000c558300000,0x000000c558400000] [id=14996]
  0x000002b79125a7a0 ConcurrentGCThread "G1 Conc#1" [stack: 0x000000c559f00000,0x000000c55a000000] [id=20988]
  0x000002b72cb4e7c0 ConcurrentGCThread "G1 Refine#0" [stack: 0x000000c558400000,0x000000c558500000] [id=21572]
  0x000002b790dbe700 ConcurrentGCThread "G1 Refine#1" [stack: 0x000000c559c00000,0x000000c559d00000] [id=20588]
  0x000002b74ace6340 ConcurrentGCThread "G1 Service" [stack: 0x000000c558500000,0x000000c558600000] [id=5488]

Threads with active compile tasks:
C2 CompilerThread0    16005 5096       4       org.springframework.core.annotation.TypeMappedAnnotations$MergedAnnotationFinder::doWithAnnotations (75 bytes)
C2 CompilerThread1    16005 5184       4       org.springframework.core.annotation.AnnotationsScanner::getBaseTypeMethods (145 bytes)

VM state: not at safepoint (normal execution)

VM Mutex/Monitor currently owned by a thread: None

Heap address: 0x0000000082000000, size: 2016 MB, Compressed Oops mode: 32-bit

CDS archive(s) mapped at: [0x000002b74b000000-0x000002b74bc00000-0x000002b74bc00000), size 12582912, SharedBaseAddress: 0x000002b74b000000, ArchiveRelocationMode: 1.
Compressed class space mapped at: 0x000002b74c000000-0x000002b78c000000, reserved size: 1073741824
Narrow klass base: 0x000002b74b000000, Narrow klass shift: 0, Narrow klass range: 0x100000000

GC Precious Log:
 CPUs: 8 total, 8 available
 Memory: 8056M
 Large Page Support: Disabled
 NUMA Support: Disabled
 Compressed Oops: Enabled (32-bit)
 Heap Region Size: 1M
 Heap Min Capacity: 8M
 Heap Initial Capacity: 126M
 Heap Max Capacity: 2016M
 Pre-touch: Disabled
 Parallel Workers: 8
 Concurrent Workers: 2
 Concurrent Refinement Workers: 8
 Periodic GC: Disabled

Heap:
 garbage-first heap   total 101376K, used 65280K [0x0000000082000000, 0x0000000100000000)
  region size 1024K, 45 young (46080K), 6 survivors (6144K)
 Metaspace       used 57867K, committed 58240K, reserved 1114112K
  class space    used 7948K, committed 8128K, reserved 1048576K

Heap Regions: E=young(eden), S=young(survivor), O=old, HS=humongous(starts), HC=humongous(continues), CS=collection set, F=free, OA=open archive, CA=closed archive, TAMS=top-at-mark-start (previous, next)
|   0|0x0000000082000000, 0x0000000082100000, 0x0000000082100000|100%|HS|  |TAMS 0x0000000082100000, 0x0000000082000000| Complete 
|   1|0x0000000082100000, 0x0000000082200000, 0x0000000082200000|100%| O|  |TAMS 0x0000000082200000, 0x0000000082100000| Untracked 
|   2|0x0000000082200000, 0x0000000082300000, 0x0000000082300000|100%| O|  |TAMS 0x0000000082300000, 0x0000000082200000| Untracked 
|   3|0x0000000082300000, 0x0000000082400000, 0x0000000082400000|100%| O|  |TAMS 0x0000000082400000, 0x0000000082300000| Untracked 
|   4|0x0000000082400000, 0x0000000082500000, 0x0000000082500000|100%| O|  |TAMS 0x0000000082500000, 0x0000000082400000| Untracked 
|   5|0x0000000082500000, 0x0000000082600000, 0x0000000082600000|100%| O|  |TAMS 0x0000000082600000, 0x0000000082500000| Untracked 
|   6|0x0000000082600000, 0x0000000082700000, 0x0000000082700000|100%| O|  |TAMS 0x0000000082700000, 0x0000000082600000| Untracked 
|   7|0x0000000082700000, 0x0000000082800000, 0x0000000082800000|100%| O|  |TAMS 0x0000000082800000, 0x0000000082700000| Untracked 
|   8|0x0000000082800000, 0x0000000082900000, 0x0000000082900000|100%| O|  |TAMS 0x0000000082900000, 0x0000000082800000| Untracked 
|   9|0x0000000082900000, 0x0000000082a00000, 0x0000000082a00000|100%| O|  |TAMS 0x0000000082a00000, 0x0000000082900000| Untracked 
|  10|0x0000000082a00000, 0x0000000082b00000, 0x0000000082b00000|100%| O|  |TAMS 0x0000000082b00000, 0x0000000082a00000| Untracked 
|  11|0x0000000082b00000, 0x0000000082c00000, 0x0000000082c00000|100%| O|  |TAMS 0x0000000082c00000, 0x0000000082b00000| Untracked 
|  12|0x0000000082c00000, 0x0000000082d00000, 0x0000000082d00000|100%| O|  |TAMS 0x0000000082d00000, 0x0000000082c00000| Untracked 
|  13|0x0000000082d00000, 0x0000000082e00000, 0x0000000082e00000|100%| O|  |TAMS 0x0000000082e00000, 0x0000000082d00000| Untracked 
|  14|0x0000000082e00000, 0x0000000082f00000, 0x0000000082f00000|100%| O|  |TAMS 0x0000000082f00000, 0x0000000082e00000| Untracked 
|  15|0x0000000082f00000, 0x0000000082f00000, 0x0000000083000000|  0%| F|  |TAMS 0x0000000082f00000, 0x0000000082f00000| Untracked 
|  16|0x0000000083000000, 0x0000000083100000, 0x0000000083100000|100%| O|  |TAMS 0x0000000083100000, 0x0000000083000000| Untracked 
|  17|0x0000000083100000, 0x0000000083200000, 0x0000000083200000|100%| O|  |TAMS 0x000000008311b000, 0x0000000083100000| Untracked 
|  18|0x0000000083200000, 0x0000000083300000, 0x0000000083300000|100%| O|  |TAMS 0x0000000083200000, 0x0000000083200000| Untracked 
|  19|0x0000000083300000, 0x0000000083400000, 0x0000000083400000|100%| O|  |TAMS 0x0000000083300000, 0x0000000083300000| Untracked 
|  20|0x0000000083400000, 0x0000000083500000, 0x0000000083500000|100%| O|  |TAMS 0x0000000083400000, 0x0000000083400000| Untracked 
|  21|0x0000000083500000, 0x000000008359a400, 0x0000000083600000| 60%| O|  |TAMS 0x0000000083500000, 0x0000000083500000| Untracked 
|  22|0x0000000083600000, 0x0000000083600000, 0x0000000083700000|  0%| F|  |TAMS 0x0000000083600000, 0x0000000083600000| Untracked 
|  23|0x0000000083700000, 0x0000000083700000, 0x0000000083800000|  0%| F|  |TAMS 0x0000000083700000, 0x0000000083700000| Untracked 
|  24|0x0000000083800000, 0x0000000083800000, 0x0000000083900000|  0%| F|  |TAMS 0x0000000083800000, 0x0000000083800000| Untracked 
|  25|0x0000000083900000, 0x0000000083900000, 0x0000000083a00000|  0%| F|  |TAMS 0x0000000083900000, 0x0000000083900000| Untracked 
|  26|0x0000000083a00000, 0x0000000083a00000, 0x0000000083b00000|  0%| F|  |TAMS 0x0000000083a00000, 0x0000000083a00000| Untracked 
|  27|0x0000000083b00000, 0x0000000083b00000, 0x0000000083c00000|  0%| F|  |TAMS 0x0000000083b00000, 0x0000000083b00000| Untracked 
|  28|0x0000000083c00000, 0x0000000083c00000, 0x0000000083d00000|  0%| F|  |TAMS 0x0000000083c00000, 0x0000000083c00000| Untracked 
|  29|0x0000000083d00000, 0x0000000083d00000, 0x0000000083e00000|  0%| F|  |TAMS 0x0000000083d00000, 0x0000000083d00000| Untracked 
|  30|0x0000000083e00000, 0x0000000083e00000, 0x0000000083f00000|  0%| F|  |TAMS 0x0000000083e00000, 0x0000000083e00000| Untracked 
|  31|0x0000000083f00000, 0x0000000083f00000, 0x0000000084000000|  0%| F|  |TAMS 0x0000000083f00000, 0x0000000083f00000| Untracked 
|  32|0x0000000084000000, 0x0000000084000000, 0x0000000084100000|  0%| F|  |TAMS 0x0000000084000000, 0x0000000084000000| Untracked 
|  33|0x0000000084100000, 0x0000000084100000, 0x0000000084200000|  0%| F|  |TAMS 0x0000000084100000, 0x0000000084100000| Untracked 
|  34|0x0000000084200000, 0x0000000084200000, 0x0000000084300000|  0%| F|  |TAMS 0x0000000084200000, 0x0000000084200000| Untracked 
|  35|0x0000000084300000, 0x0000000084300000, 0x0000000084400000|  0%| F|  |TAMS 0x0000000084300000, 0x0000000084300000| Untracked 
|  36|0x0000000084400000, 0x0000000084400000, 0x0000000084500000|  0%| F|  |TAMS 0x0000000084400000, 0x0000000084400000| Untracked 
|  37|0x0000000084500000, 0x0000000084500000, 0x0000000084600000|  0%| F|  |TAMS 0x0000000084500000, 0x0000000084500000| Untracked 
|  38|0x0000000084600000, 0x0000000084600000, 0x0000000084700000|  0%| F|  |TAMS 0x0000000084600000, 0x0000000084600000| Untracked 
|  39|0x0000000084700000, 0x0000000084725d10, 0x0000000084800000| 14%| S|CS|TAMS 0x0000000084700000, 0x0000000084700000| Complete 
|  40|0x0000000084800000, 0x0000000084900000, 0x0000000084900000|100%| S|CS|TAMS 0x0000000084800000, 0x0000000084800000| Complete 
|  41|0x0000000084900000, 0x0000000084a00000, 0x0000000084a00000|100%| S|CS|TAMS 0x0000000084900000, 0x0000000084900000| Complete 
|  42|0x0000000084a00000, 0x0000000084b00000, 0x0000000084b00000|100%| S|CS|TAMS 0x0000000084a00000, 0x0000000084a00000| Complete 
|  43|0x0000000084b00000, 0x0000000084c00000, 0x0000000084c00000|100%| S|CS|TAMS 0x0000000084b00000, 0x0000000084b00000| Complete 
|  44|0x0000000084c00000, 0x0000000084d00000, 0x0000000084d00000|100%| S|CS|TAMS 0x0000000084c00000, 0x0000000084c00000| Complete 
|  45|0x0000000084d00000, 0x0000000084d00000, 0x0000000084e00000|  0%| F|  |TAMS 0x0000000084d00000, 0x0000000084d00000| Untracked 
|  46|0x0000000084e00000, 0x0000000084e00000, 0x0000000084f00000|  0%| F|  |TAMS 0x0000000084e00000, 0x0000000084e00000| Untracked 
|  47|0x0000000084f00000, 0x0000000084f00000, 0x0000000085000000|  0%| F|  |TAMS 0x0000000084f00000, 0x0000000084f00000| Untracked 
|  48|0x0000000085000000, 0x0000000085000000, 0x0000000085100000|  0%| F|  |TAMS 0x0000000085000000, 0x0000000085000000| Untracked 
|  49|0x0000000085100000, 0x0000000085100000, 0x0000000085200000|  0%| F|  |TAMS 0x0000000085100000, 0x0000000085100000| Untracked 
|  50|0x0000000085200000, 0x0000000085200000, 0x0000000085300000|  0%| F|  |TAMS 0x0000000085200000, 0x0000000085200000| Untracked 
|  51|0x0000000085300000, 0x0000000085300000, 0x0000000085400000|  0%| F|  |TAMS 0x0000000085300000, 0x0000000085300000| Untracked 
|  52|0x0000000085400000, 0x0000000085400000, 0x0000000085500000|  0%| F|  |TAMS 0x0000000085400000, 0x0000000085400000| Untracked 
|  53|0x0000000085500000, 0x0000000085500000, 0x0000000085600000|  0%| F|  |TAMS 0x0000000085500000, 0x0000000085500000| Untracked 
|  54|0x0000000085600000, 0x0000000085600000, 0x0000000085700000|  0%| F|  |TAMS 0x0000000085600000, 0x0000000085600000| Untracked 
|  55|0x0000000085700000, 0x0000000085700000, 0x0000000085800000|  0%| F|  |TAMS 0x0000000085700000, 0x0000000085700000| Untracked 
|  56|0x0000000085800000, 0x0000000085800000, 0x0000000085900000|  0%| F|  |TAMS 0x0000000085800000, 0x0000000085800000| Untracked 
|  57|0x0000000085900000, 0x0000000085900000, 0x0000000085a00000|  0%| F|  |TAMS 0x0000000085900000, 0x0000000085900000| Untracked 
|  58|0x0000000085a00000, 0x0000000085a00000, 0x0000000085b00000|  0%| F|  |TAMS 0x0000000085a00000, 0x0000000085a00000| Untracked 
|  59|0x0000000085b00000, 0x0000000085b00000, 0x0000000085c00000|  0%| F|  |TAMS 0x0000000085b00000, 0x0000000085b00000| Untracked 
|  60|0x0000000085c00000, 0x0000000085c82220, 0x0000000085d00000| 50%| E|  |TAMS 0x0000000085c00000, 0x0000000085c00000| Complete 
|  61|0x0000000085d00000, 0x0000000085e00000, 0x0000000085e00000|100%| E|CS|TAMS 0x0000000085d00000, 0x0000000085d00000| Complete 
|  62|0x0000000085e00000, 0x0000000085f00000, 0x0000000085f00000|100%| E|CS|TAMS 0x0000000085e00000, 0x0000000085e00000| Complete 
|  63|0x0000000085f00000, 0x0000000086000000, 0x0000000086000000|100%| E|CS|TAMS 0x0000000085f00000, 0x0000000085f00000| Complete 
|  64|0x0000000086000000, 0x0000000086100000, 0x0000000086100000|100%| E|CS|TAMS 0x0000000086000000, 0x0000000086000000| Complete 
|  65|0x0000000086100000, 0x0000000086200000, 0x0000000086200000|100%| E|CS|TAMS 0x0000000086100000, 0x0000000086100000| Complete 
|  66|0x0000000086200000, 0x0000000086300000, 0x0000000086300000|100%| E|CS|TAMS 0x0000000086200000, 0x0000000086200000| Complete 
|  67|0x0000000086300000, 0x0000000086400000, 0x0000000086400000|100%| E|CS|TAMS 0x0000000086300000, 0x0000000086300000| Complete 
|  68|0x0000000086400000, 0x0000000086500000, 0x0000000086500000|100%| E|CS|TAMS 0x0000000086400000, 0x0000000086400000| Complete 
|  69|0x0000000086500000, 0x0000000086600000, 0x0000000086600000|100%| E|CS|TAMS 0x0000000086500000, 0x0000000086500000| Complete 
|  70|0x0000000086600000, 0x0000000086700000, 0x0000000086700000|100%| E|CS|TAMS 0x0000000086600000, 0x0000000086600000| Complete 
|  71|0x0000000086700000, 0x0000000086800000, 0x0000000086800000|100%| E|CS|TAMS 0x0000000086700000, 0x0000000086700000| Complete 
|  72|0x0000000086800000, 0x0000000086900000, 0x0000000086900000|100%| E|CS|TAMS 0x0000000086800000, 0x0000000086800000| Complete 
|  73|0x0000000086900000, 0x0000000086a00000, 0x0000000086a00000|100%| E|CS|TAMS 0x0000000086900000, 0x0000000086900000| Complete 
|  74|0x0000000086a00000, 0x0000000086b00000, 0x0000000086b00000|100%| E|CS|TAMS 0x0000000086a00000, 0x0000000086a00000| Complete 
|  75|0x0000000086b00000, 0x0000000086c00000, 0x0000000086c00000|100%| E|CS|TAMS 0x0000000086b00000, 0x0000000086b00000| Complete 
|  76|0x0000000086c00000, 0x0000000086d00000, 0x0000000086d00000|100%| E|CS|TAMS 0x0000000086c00000, 0x0000000086c00000| Complete 
|  77|0x0000000086d00000, 0x0000000086e00000, 0x0000000086e00000|100%| E|CS|TAMS 0x0000000086d00000, 0x0000000086d00000| Complete 
|  78|0x0000000086e00000, 0x0000000086f00000, 0x0000000086f00000|100%| E|CS|TAMS 0x0000000086e00000, 0x0000000086e00000| Complete 
|  79|0x0000000086f00000, 0x0000000087000000, 0x0000000087000000|100%| E|CS|TAMS 0x0000000086f00000, 0x0000000086f00000| Complete 
|  80|0x0000000087000000, 0x0000000087100000, 0x0000000087100000|100%| E|CS|TAMS 0x0000000087000000, 0x0000000087000000| Complete 
|  81|0x0000000087100000, 0x0000000087200000, 0x0000000087200000|100%| E|CS|TAMS 0x0000000087100000, 0x0000000087100000| Complete 
|  82|0x0000000087200000, 0x0000000087300000, 0x0000000087300000|100%| E|CS|TAMS 0x0000000087200000, 0x0000000087200000| Complete 
|  83|0x0000000087300000, 0x0000000087400000, 0x0000000087400000|100%| E|CS|TAMS 0x0000000087300000, 0x0000000087300000| Complete 
|  84|0x0000000087400000, 0x0000000087500000, 0x0000000087500000|100%| E|CS|TAMS 0x0000000087400000, 0x0000000087400000| Complete 
|  85|0x0000000087500000, 0x0000000087600000, 0x0000000087600000|100%| E|CS|TAMS 0x0000000087500000, 0x0000000087500000| Complete 
|  86|0x0000000087600000, 0x0000000087700000, 0x0000000087700000|100%| E|CS|TAMS 0x0000000087600000, 0x0000000087600000| Complete 
|  87|0x0000000087700000, 0x0000000087800000, 0x0000000087800000|100%| E|CS|TAMS 0x0000000087700000, 0x0000000087700000| Complete 
|  88|0x0000000087800000, 0x0000000087900000, 0x0000000087900000|100%| E|CS|TAMS 0x0000000087800000, 0x0000000087800000| Complete 
|  89|0x0000000087900000, 0x0000000087a00000, 0x0000000087a00000|100%| E|CS|TAMS 0x0000000087900000, 0x0000000087900000| Complete 
|  90|0x0000000087a00000, 0x0000000087b00000, 0x0000000087b00000|100%| E|CS|TAMS 0x0000000087a00000, 0x0000000087a00000| Complete 
|  91|0x0000000087b00000, 0x0000000087c00000, 0x0000000087c00000|100%| E|CS|TAMS 0x0000000087b00000, 0x0000000087b00000| Complete 
|  92|0x0000000087c00000, 0x0000000087d00000, 0x0000000087d00000|100%| E|CS|TAMS 0x0000000087c00000, 0x0000000087c00000| Complete 
| 118|0x0000000089600000, 0x0000000089700000, 0x0000000089700000|100%| E|CS|TAMS 0x0000000089600000, 0x0000000089600000| Complete 
| 119|0x0000000089700000, 0x0000000089800000, 0x0000000089800000|100%| E|CS|TAMS 0x0000000089700000, 0x0000000089700000| Complete 
| 120|0x0000000089800000, 0x0000000089900000, 0x0000000089900000|100%| E|CS|TAMS 0x0000000089800000, 0x0000000089800000| Complete 
| 121|0x0000000089900000, 0x0000000089a00000, 0x0000000089a00000|100%| E|CS|TAMS 0x0000000089900000, 0x0000000089900000| Complete 
| 122|0x0000000089a00000, 0x0000000089b00000, 0x0000000089b00000|100%| E|CS|TAMS 0x0000000089a00000, 0x0000000089a00000| Complete 
| 125|0x0000000089d00000, 0x0000000089e00000, 0x0000000089e00000|100%| E|CS|TAMS 0x0000000089d00000, 0x0000000089d00000| Complete 

Card table byte_map: [0x000002b743d50000,0x000002b744140000] _byte_map_base: 0x000002b743940000

Marking Bits (Prev, Next): (CMBitMap*) 0x000002b72caeb890, (CMBitMap*) 0x000002b72caeb8d0
 Prev Bits: [0x000002b744530000, 0x000002b7464b0000)
 Next Bits: [0x000002b7464b0000, 0x000002b748430000)

Polling page: 0x000002b72aa20000

Metaspace:

Usage:
  Non-class:     48.75 MB used.
      Class:      7.76 MB used.
       Both:     56.51 MB used.

Virtual space:
  Non-class space:       64.00 MB reserved,      48.94 MB ( 76%) committed,  1 nodes.
      Class space:        1.00 GB reserved,       7.94 MB ( <1%) committed,  1 nodes.
             Both:        1.06 GB reserved,      56.88 MB (  5%) committed. 

Chunk freelists:
   Non-Class:  15.11 MB
       Class:  7.92 MB
        Both:  23.03 MB

MaxMetaspaceSize: unlimited
CompressedClassSpaceSize: 1.00 GB
Initial GC threshold: 21.00 MB
Current GC threshold: 58.88 MB
CDS: on
MetaspaceReclaimPolicy: balanced
 - commit_granule_bytes: 65536.
 - commit_granule_words: 8192.
 - virtual_space_node_default_size: 8388608.
 - enlarge_chunks_in_place: 1.
 - new_chunks_are_fully_committed: 0.
 - uncommit_free_chunks: 1.
 - use_allocation_guard: 0.
 - handle_deallocations: 1.


Internal statistics:

num_allocs_failed_limit: 6.
num_arena_births: 472.
num_arena_deaths: 0.
num_vsnodes_births: 2.
num_vsnodes_deaths: 0.
num_space_committed: 910.
num_space_uncommitted: 0.
num_chunks_returned_to_freelist: 6.
num_chunks_taken_from_freelist: 2575.
num_chunk_merges: 3.
num_chunk_splits: 1847.
num_chunks_enlarged: 1475.
num_inconsistent_stats: 0.

CodeHeap 'non-profiled nmethods': size=120000Kb used=3021Kb max_used=3167Kb free=116979Kb
 bounds [0x000002b73c0f0000, 0x000002b73c430000, 0x000002b743620000]
CodeHeap 'profiled nmethods': size=120000Kb used=9580Kb max_used=10070Kb free=110419Kb
 bounds [0x000002b734620000, 0x000002b735000000, 0x000002b73bb50000]
CodeHeap 'non-nmethods': size=5760Kb used=1284Kb max_used=1371Kb free=4476Kb
 bounds [0x000002b73bb50000, 0x000002b73bdc0000, 0x000002b73c0f0000]
 total_blobs=5462 nmethods=4860 adapters=514
 compilation: enabled
              stopped_count=0, restarted_count=0
 full_count=0

Compilation events (20 events):
Event: 15.797 Thread 0x000002b74ae5f4e0 5585  s    2       java.util.Hashtable::isEmpty (13 bytes)
Event: 15.798 Thread 0x000002b74ae5f4e0 nmethod 5585 0x000002b734f5bc10 code [0x000002b734f5bda0, 0x000002b734f5bf58]
Event: 15.798 Thread 0x000002b74ae5f4e0 5587       2       java.util.Hashtable$EntrySet::<init> (10 bytes)
Event: 15.798 Thread 0x000002b74ae5f4e0 nmethod 5587 0x000002b734f5b890 code [0x000002b734f5ba20, 0x000002b734f5bb78]
Event: 15.806 Thread 0x000002b74ae5f4e0 5588   !   2       org.springframework.boot.context.properties.bind.Binder::bind (74 bytes)
Event: 15.806 Thread 0x000002b74ae5f4e0 nmethod 5588 0x000002b734bfa610 code [0x000002b734bfa7e0, 0x000002b734bfab28]
Event: 15.806 Thread 0x000002b74ae5f4e0 5589   !   2       org.springframework.boot.context.properties.bind.Binder::bindObject (117 bytes)
Event: 15.807 Thread 0x000002b74ae5f4e0 nmethod 5589 0x000002b734bf9e10 code [0x000002b734bfa020, 0x000002b734bfa408]
Event: 15.807 Thread 0x000002b74ae5f4e0 5590       2       org.springframework.web.context.support.ServletContextPropertySource::getProperty (6 bytes)
Event: 15.808 Thread 0x000002b74ae5f4e0 nmethod 5590 0x000002b734bf9790 code [0x000002b734bf9960, 0x000002b734bf9c38]
Event: 15.808 Thread 0x000002b74ae5f4e0 5591       2       org.springframework.web.context.support.ServletContextPropertySource::getProperty (14 bytes)
Event: 15.808 Thread 0x000002b74ae5f4e0 nmethod 5591 0x000002b734bf9110 code [0x000002b734bf92e0, 0x000002b734bf95b8]
Event: 15.893 Thread 0x000002b74ae5f4e0 5592       2       java.beans.Introspector::getTargetEventInfo (529 bytes)
Event: 15.897 Thread 0x000002b74ae5f4e0 nmethod 5592 0x000002b734bf6410 code [0x000002b734bf6920, 0x000002b734bf81c8]
Event: 15.897 Thread 0x000002b74ae5f4e0 5593       2       java.beans.Introspector::getTargetPropertyInfo (293 bytes)
Event: 15.899 Thread 0x000002b74ae5f4e0 nmethod 5593 0x000002b734bf4d90 code [0x000002b734bf50e0, 0x000002b734bf5d18]
Event: 15.899 Thread 0x000002b74ae5f4e0 5594       2       java.beans.GenericBeanInfo::<init> (60 bytes)
Event: 15.900 Thread 0x000002b74ae5f4e0 nmethod 5594 0x000002b734bf4690 code [0x000002b734bf4840, 0x000002b734bf4c98]
Event: 15.904 Thread 0x000002b74ae5f4e0 5595       2       java.lang.ThreadLocal$ThreadLocalMap::getEntryAfterMiss (59 bytes)
Event: 15.905 Thread 0x000002b74ae5f4e0 nmethod 5595 0x000002b734d17110 code [0x000002b734d172e0, 0x000002b734d175a8]

GC Heap History (20 events):
Event: 5.051 GC heap before
{Heap before GC invocations=5 (full 0):
 garbage-first heap   total 51200K, used 37547K [0x0000000082000000, 0x0000000100000000)
  region size 1024K, 29 young (29696K), 5 survivors (5120K)
 Metaspace       used 24620K, committed 24960K, reserved 1114112K
  class space    used 3195K, committed 3392K, reserved 1048576K
}
Event: 5.067 GC heap after
{Heap after GC invocations=6 (full 0):
 garbage-first heap   total 51200K, used 14814K [0x0000000082000000, 0x0000000100000000)
  region size 1024K, 2 young (2048K), 2 survivors (2048K)
 Metaspace       used 24620K, committed 24960K, reserved 1114112K
  class space    used 3195K, committed 3392K, reserved 1048576K
}
Event: 5.118 GC heap before
{Heap before GC invocations=6 (full 0):
 garbage-first heap   total 51200K, used 15838K [0x0000000082000000, 0x0000000100000000)
  region size 1024K, 3 young (3072K), 2 survivors (2048K)
 Metaspace       used 24822K, committed 25152K, reserved 1114112K
  class space    used 3222K, committed 3392K, reserved 1048576K
}
Event: 5.126 GC heap after
{Heap after GC invocations=7 (full 0):
 garbage-first heap   total 51200K, used 15064K [0x0000000082000000, 0x0000000100000000)
  region size 1024K, 1 young (1024K), 1 survivors (1024K)
 Metaspace       used 24822K, committed 25152K, reserved 1114112K
  class space    used 3222K, committed 3392K, reserved 1048576K
}
Event: 6.468 GC heap before
{Heap before GC invocations=7 (full 0):
 garbage-first heap   total 51200K, used 35544K [0x0000000082000000, 0x0000000100000000)
  region size 1024K, 21 young (21504K), 1 survivors (1024K)
 Metaspace       used 28149K, committed 28480K, reserved 1114112K
  class space    used 3748K, committed 3904K, reserved 1048576K
}
Event: 6.479 GC heap after
{Heap after GC invocations=8 (full 0):
 garbage-first heap   total 51200K, used 15840K [0x0000000082000000, 0x0000000100000000)
  region size 1024K, 2 young (2048K), 2 survivors (2048K)
 Metaspace       used 28149K, committed 28480K, reserved 1114112K
  class space    used 3748K, committed 3904K, reserved 1048576K
}
Event: 7.763 GC heap before
{Heap before GC invocations=8 (full 0):
 garbage-first heap   total 51200K, used 36320K [0x0000000082000000, 0x0000000100000000)
  region size 1024K, 22 young (22528K), 2 survivors (2048K)
 Metaspace       used 31080K, committed 31360K, reserved 1114112K
  class space    used 4152K, committed 4288K, reserved 1048576K
}
Event: 7.772 GC heap after
{Heap after GC invocations=9 (full 0):
 garbage-first heap   total 51200K, used 17692K [0x0000000082000000, 0x0000000100000000)
  region size 1024K, 3 young (3072K), 3 survivors (3072K)
 Metaspace       used 31080K, committed 31360K, reserved 1114112K
  class space    used 4152K, committed 4288K, reserved 1048576K
}
Event: 9.262 GC heap before
{Heap before GC invocations=9 (full 0):
 garbage-first heap   total 51200K, used 38172K [0x0000000082000000, 0x0000000100000000)
  region size 1024K, 23 young (23552K), 3 survivors (3072K)
 Metaspace       used 35091K, committed 35328K, reserved 1114112K
  class space    used 4709K, committed 4800K, reserved 1048576K
}
Event: 9.279 GC heap after
{Heap after GC invocations=10 (full 0):
 garbage-first heap   total 51200K, used 19510K [0x0000000082000000, 0x0000000100000000)
  region size 1024K, 2 young (2048K), 2 survivors (2048K)
 Metaspace       used 35091K, committed 35328K, reserved 1114112K
  class space    used 4709K, committed 4800K, reserved 1048576K
}
Event: 9.639 GC heap before
{Heap before GC invocations=10 (full 0):
 garbage-first heap   total 51200K, used 27702K [0x0000000082000000, 0x0000000100000000)
  region size 1024K, 11 young (11264K), 2 survivors (2048K)
 Metaspace       used 35714K, committed 36096K, reserved 1114112K
  class space    used 4782K, committed 4992K, reserved 1048576K
}
Event: 9.651 GC heap after
{Heap after GC invocations=11 (full 0):
 garbage-first heap   total 51200K, used 20221K [0x0000000082000000, 0x0000000100000000)
  region size 1024K, 1 young (1024K), 1 survivors (1024K)
 Metaspace       used 35714K, committed 36096K, reserved 1114112K
  class space    used 4782K, committed 4992K, reserved 1048576K
}
Event: 10.692 GC heap before
{Heap before GC invocations=12 (full 0):
 garbage-first heap   total 51200K, used 39677K [0x0000000082000000, 0x0000000100000000)
  region size 1024K, 20 young (20480K), 1 survivors (1024K)
 Metaspace       used 40806K, committed 41152K, reserved 1114112K
  class space    used 5617K, committed 5824K, reserved 1048576K
}
Event: 10.702 GC heap after
{Heap after GC invocations=13 (full 0):
 garbage-first heap   total 51200K, used 21504K [0x0000000082000000, 0x0000000100000000)
  region size 1024K, 2 young (2048K), 2 survivors (2048K)
 Metaspace       used 40806K, committed 41152K, reserved 1114112K
  class space    used 5617K, committed 5824K, reserved 1048576K
}
Event: 10.768 GC heap before
{Heap before GC invocations=13 (full 0):
 garbage-first heap   total 51200K, used 22528K [0x0000000082000000, 0x0000000100000000)
  region size 1024K, 3 young (3072K), 2 survivors (2048K)
 Metaspace       used 41217K, committed 41600K, reserved 1114112K
  class space    used 5654K, committed 5824K, reserved 1048576K
}
Event: 10.781 GC heap after
{Heap after GC invocations=14 (full 0):
 garbage-first heap   total 51200K, used 21413K [0x0000000082000000, 0x0000000100000000)
  region size 1024K, 1 young (1024K), 1 survivors (1024K)
 Metaspace       used 41217K, committed 41600K, reserved 1114112K
  class space    used 5654K, committed 5824K, reserved 1048576K
}
Event: 12.588 GC heap before
{Heap before GC invocations=14 (full 0):
 garbage-first heap   total 51200K, used 39845K [0x0000000082000000, 0x0000000100000000)
  region size 1024K, 19 young (19456K), 1 survivors (1024K)
 Metaspace       used 46029K, committed 46400K, reserved 1114112K
  class space    used 6264K, committed 6464K, reserved 1048576K
}
Event: 12.597 GC heap after
{Heap after GC invocations=15 (full 0):
 garbage-first heap   total 101376K, used 23131K [0x0000000082000000, 0x0000000100000000)
  region size 1024K, 2 young (2048K), 2 survivors (2048K)
 Metaspace       used 46029K, committed 46400K, reserved 1114112K
  class space    used 6264K, committed 6464K, reserved 1048576K
}
Event: 15.004 GC heap before
{Heap before GC invocations=15 (full 0):
 garbage-first heap   total 101376K, used 78427K [0x0000000082000000, 0x0000000100000000)
  region size 1024K, 56 young (57344K), 2 survivors (2048K)
 Metaspace       used 55825K, committed 56192K, reserved 1114112K
  class space    used 7686K, committed 7872K, reserved 1048576K
}
Event: 15.021 GC heap after
{Heap after GC invocations=16 (full 0):
 garbage-first heap   total 101376K, used 26368K [0x0000000082000000, 0x0000000100000000)
  region size 1024K, 6 young (6144K), 6 survivors (6144K)
 Metaspace       used 55825K, committed 56192K, reserved 1114112K
  class space    used 7686K, committed 7872K, reserved 1048576K
}

Dll operation events (9 events):
Event: 0.012 Loaded shared library C:\Program Files\Java\zulu17.44.15-ca-jdk17.0.8-win_x64\bin\java.dll
Event: 0.042 Loaded shared library C:\Program Files\Java\zulu17.44.15-ca-jdk17.0.8-win_x64\bin\jsvml.dll
Event: 0.087 Loaded shared library C:\Program Files\Java\zulu17.44.15-ca-jdk17.0.8-win_x64\bin\net.dll
Event: 0.090 Loaded shared library C:\Program Files\Java\zulu17.44.15-ca-jdk17.0.8-win_x64\bin\nio.dll
Event: 0.095 Loaded shared library C:\Program Files\Java\zulu17.44.15-ca-jdk17.0.8-win_x64\bin\zip.dll
Event: 0.154 Loaded shared library C:\Program Files\Java\zulu17.44.15-ca-jdk17.0.8-win_x64\bin\management.dll
Event: 0.160 Loaded shared library C:\Program Files\Java\zulu17.44.15-ca-jdk17.0.8-win_x64\bin\management_ext.dll
Event: 0.222 Loaded shared library C:\Program Files\Java\zulu17.44.15-ca-jdk17.0.8-win_x64\bin\jimage.dll
Event: 0.315 Loaded shared library C:\Program Files\Java\zulu17.44.15-ca-jdk17.0.8-win_x64\bin\verify.dll

Deoptimization events (20 events):
Event: 15.427 Thread 0x000002b72ca91640 DEOPT PACKING pc=0x000002b734a9c331 sp=0x000000c5580fa250
Event: 15.427 Thread 0x000002b72ca91640 DEOPT UNPACKING pc=0x000002b73bba7143 sp=0x000000c5580f9748 mode 0
Event: 15.427 Thread 0x000002b72ca91640 Uncommon trap: trap_request=0xffffff45 fr.pc=0x000002b73c21d6a0 relative=0x00000000000000a0
Event: 15.427 Thread 0x000002b72ca91640 Uncommon trap: reason=unstable_if action=reinterpret pc=0x000002b73c21d6a0 method=java.nio.Buffer.position(I)Ljava/nio/Buffer; @ 37 c2
Event: 15.427 Thread 0x000002b72ca91640 DEOPT PACKING pc=0x000002b73c21d6a0 sp=0x000000c5580f9ec0
Event: 15.427 Thread 0x000002b72ca91640 DEOPT UNPACKING pc=0x000002b73bba69a3 sp=0x000000c5580f9e58 mode 2
Event: 15.427 Thread 0x000002b72ca91640 DEOPT PACKING pc=0x000002b734a9c331 sp=0x000000c5580fa230
Event: 15.427 Thread 0x000002b72ca91640 DEOPT UNPACKING pc=0x000002b73bba7143 sp=0x000000c5580f9720 mode 0
Event: 15.614 Thread 0x000002b72ca91640 Uncommon trap: trap_request=0xffffffde fr.pc=0x000002b73c1c4ffc relative=0x00000000000001dc
Event: 15.614 Thread 0x000002b72ca91640 Uncommon trap: reason=class_check action=maybe_recompile pc=0x000002b73c1c4ffc method=java.lang.reflect.Array.newInstance(Ljava/lang/Class;I)Ljava/lang/Object; @ 2 c2
Event: 15.614 Thread 0x000002b72ca91640 DEOPT PACKING pc=0x000002b73c1c4ffc sp=0x000000c5580f8bd0
Event: 15.614 Thread 0x000002b72ca91640 DEOPT UNPACKING pc=0x000002b73bba69a3 sp=0x000000c5580f8b88 mode 2
Event: 15.614 Thread 0x000002b72ca91640 Uncommon trap: trap_request=0xffffffde fr.pc=0x000002b73c1c4ffc relative=0x00000000000001dc
Event: 15.614 Thread 0x000002b72ca91640 Uncommon trap: reason=class_check action=maybe_recompile pc=0x000002b73c1c4ffc method=java.lang.reflect.Array.newInstance(Ljava/lang/Class;I)Ljava/lang/Object; @ 2 c2
Event: 15.614 Thread 0x000002b72ca91640 DEOPT PACKING pc=0x000002b73c1c4ffc sp=0x000000c5580f8bd0
Event: 15.614 Thread 0x000002b72ca91640 DEOPT UNPACKING pc=0x000002b73bba69a3 sp=0x000000c5580f8b88 mode 2
Event: 15.615 Thread 0x000002b72ca91640 Uncommon trap: trap_request=0xffffffde fr.pc=0x000002b73c1c4ffc relative=0x00000000000001dc
Event: 15.615 Thread 0x000002b72ca91640 Uncommon trap: reason=class_check action=maybe_recompile pc=0x000002b73c1c4ffc method=java.lang.reflect.Array.newInstance(Ljava/lang/Class;I)Ljava/lang/Object; @ 2 c2
Event: 15.615 Thread 0x000002b72ca91640 DEOPT PACKING pc=0x000002b73c1c4ffc sp=0x000000c5580f8bd0
Event: 15.615 Thread 0x000002b72ca91640 DEOPT UNPACKING pc=0x000002b73bba69a3 sp=0x000000c5580f8b88 mode 2

Classes unloaded (0 events):
No events

Classes redefined (0 events):
No events

Internal exceptions (20 events):
Event: 15.786 Thread 0x000002b72ca91640 Exception <a 'java/lang/ClassNotFoundException'{0x000000008616b920}: org/springframework/beans/factory/AwareCustomizer> (0x000000008616b920) 
thrown [s\src\hotspot\share\classfile\systemDictionary.cpp, line 259]
Event: 15.796 Thread 0x000002b72ca91640 Exception <a 'java/lang/ClassNotFoundException'{0x00000000861acfd8}: java/lang/ObjectCustomizer> (0x00000000861acfd8) 
thrown [s\src\hotspot\share\classfile\systemDictionary.cpp, line 259]
Event: 15.797 Thread 0x000002b72ca91640 Exception <a 'java/lang/ClassNotFoundException'{0x00000000861b5a98}: org/springframework/boot/autoconfigure/web/WebProperties$ResourcesCustomizer> (0x00000000861b5a98) 
thrown [s\src\hotspot\share\classfile\systemDictionary.cpp, line 259]
Event: 15.797 Thread 0x000002b72ca91640 Exception <a 'java/lang/ClassNotFoundException'{0x00000000861c0dd8}: org/springframework/boot/autoconfigure/web/ResourcePropertiesCustomizer> (0x00000000861c0dd8) 
thrown [s\src\hotspot\share\classfile\systemDictionary.cpp, line 259]
Event: 15.803 Thread 0x000002b72ca91640 Exception <a 'java/lang/ClassNotFoundException'{0x0000000086010d48}: java/lang/ObjectCustomizer> (0x0000000086010d48) 
thrown [s\src\hotspot\share\classfile\systemDictionary.cpp, line 259]
Event: 15.804 Thread 0x000002b72ca91640 Exception <a 'java/lang/ClassNotFoundException'{0x0000000086019618}: org/springframework/boot/autoconfigure/web/WebPropertiesCustomizer> (0x0000000086019618) 
thrown [s\src\hotspot\share\classfile\systemDictionary.cpp, line 259]
Event: 15.808 Thread 0x000002b72ca91640 Exception <a 'java/lang/ClassNotFoundException'{0x00000000860410c8}: java/lang/ObjectCustomizer> (0x00000000860410c8) 
thrown [s\src\hotspot\share\classfile\systemDictionary.cpp, line 259]
Event: 15.810 Thread 0x000002b72ca91640 Exception <a 'java/lang/ClassNotFoundException'{0x000000008604a738}: org/springframework/boot/autoconfigure/web/servlet/error/ErrorMvcAutoConfiguration$DefaultErrorViewResolverConfigurationCustomizer> (0x000000008604a738) 
thrown [s\src\hotspot\share\classfile\systemDictionary.cpp, line 259]
Event: 15.890 Thread 0x000002b72ca91640 Exception <a 'java/lang/ClassNotFoundException'{0x0000000086060e70}: java/lang/ObjectCustomizer> (0x0000000086060e70) 
thrown [s\src\hotspot\share\classfile\systemDictionary.cpp, line 259]
Event: 15.891 Thread 0x000002b72ca91640 Exception <a 'java/lang/ClassNotFoundException'{0x0000000086069d10}: org/springframework/boot/autoconfigure/web/servlet/error/DefaultErrorViewResolverCustomizer> (0x0000000086069d10) 
thrown [s\src\hotspot\share\classfile\systemDictionary.cpp, line 259]
Event: 15.892 Thread 0x000002b72ca91640 Exception <a 'java/lang/ClassNotFoundException'{0x0000000086074658}: org/springframework/boot/autoconfigure/web/servlet/error/ErrorViewResolverCustomizer> (0x0000000086074658) 
thrown [s\src\hotspot\share\classfile\systemDictionary.cpp, line 259]
Event: 15.893 Thread 0x000002b72ca91640 Exception <a 'java/lang/ClassNotFoundException'{0x000000008607b2f8}: org/springframework/core/OrderedCustomizer> (0x000000008607b2f8) 
thrown [s\src\hotspot\share\classfile\systemDictionary.cpp, line 259]
Event: 15.897 Thread 0x000002b72ca91640 Exception <a 'java/lang/ClassNotFoundException'{0x00000000860904a0}: java/lang/ObjectCustomizer> (0x00000000860904a0) 
thrown [s\src\hotspot\share\classfile\systemDictionary.cpp, line 259]
Event: 15.898 Thread 0x000002b72ca91640 Exception <a 'java/lang/ClassNotFoundException'{0x0000000086098f60}: org/springframework/boot/web/servlet/error/DefaultErrorAttributesCustomizer> (0x0000000086098f60) 
thrown [s\src\hotspot\share\classfile\systemDictionary.cpp, line 259]
Event: 15.899 Thread 0x000002b72ca91640 Exception <a 'java/lang/ClassNotFoundException'{0x00000000860a3cf0}: org/springframework/boot/web/servlet/error/ErrorAttributesCustomizer> (0x00000000860a3cf0) 
thrown [s\src\hotspot\share\classfile\systemDictionary.cpp, line 259]
Event: 15.900 Thread 0x000002b72ca91640 Exception <a 'java/lang/ClassNotFoundException'{0x00000000860ab148}: org/springframework/web/servlet/HandlerExceptionResolverCustomizer> (0x00000000860ab148) 
thrown [s\src\hotspot\share\classfile\systemDictionary.cpp, line 259]
Event: 15.901 Thread 0x000002b72ca91640 Exception <a 'java/lang/ClassNotFoundException'{0x00000000860b0d70}: org/springframework/core/OrderedCustomizer> (0x00000000860b0d70) 
thrown [s\src\hotspot\share\classfile\systemDictionary.cpp, line 259]
Event: 15.908 Thread 0x000002b72ca91640 Exception <a 'java/lang/ClassNotFoundException'{0x00000000860d5470}: java/lang/ObjectCustomizer> (0x00000000860d5470) 
thrown [s\src\hotspot\share\classfile\systemDictionary.cpp, line 259]
Event: 15.910 Thread 0x000002b72ca91640 Exception <a 'java/lang/ClassNotFoundException'{0x00000000860de2c0}: org/springframework/boot/autoconfigure/web/servlet/error/AbstractErrorControllerCustomizer> (0x00000000860de2c0) 
thrown [s\src\hotspot\share\classfile\systemDictionary.cpp, line 259]
Event: 15.911 Thread 0x000002b72ca91640 Exception <a 'java/lang/ClassNotFoundException'{0x00000000860e4d98}: org/springframework/boot/autoconfigure/web/servlet/error/BasicErrorControllerCustomizer> (0x00000000860e4d98) 
thrown [s\src\hotspot\share\classfile\systemDictionary.cpp, line 259]

VM Operations (20 events):
Event: 13.143 Executing VM operation: HandshakeAllThreads
Event: 13.143 Executing VM operation: HandshakeAllThreads done
Event: 13.700 Executing VM operation: ICBufferFull
Event: 13.700 Executing VM operation: ICBufferFull done
Event: 14.256 Executing VM operation: HandshakeAllThreads
Event: 14.256 Executing VM operation: HandshakeAllThreads done
Event: 14.433 Executing VM operation: ICBufferFull
Event: 14.433 Executing VM operation: ICBufferFull done
Event: 14.467 Executing VM operation: HandshakeAllThreads
Event: 14.467 Executing VM operation: HandshakeAllThreads done
Event: 14.868 Executing VM operation: HandshakeAllThreads
Event: 14.868 Executing VM operation: HandshakeAllThreads done
Event: 14.956 Executing VM operation: HandshakeAllThreads
Event: 14.956 Executing VM operation: HandshakeAllThreads done
Event: 15.004 Executing VM operation: G1CollectForAllocation
Event: 15.021 Executing VM operation: G1CollectForAllocation done
Event: 15.293 Executing VM operation: HandshakeAllThreads
Event: 15.293 Executing VM operation: HandshakeAllThreads done
Event: 15.671 Executing VM operation: HandshakeAllThreads
Event: 15.671 Executing VM operation: HandshakeAllThreads done

Events (20 events):
Event: 15.803 loading class java/lang/ObjectCustomizer
Event: 15.803 loading class java/lang/ObjectCustomizer done
Event: 15.808 loading class java/lang/ObjectCustomizer
Event: 15.808 loading class java/lang/ObjectCustomizer done
Event: 15.808 loading class java/lang/ObjectCustomizer
Event: 15.808 loading class java/lang/ObjectCustomizer done
Event: 15.890 loading class java/lang/ObjectCustomizer
Event: 15.890 loading class java/lang/ObjectCustomizer done
Event: 15.890 loading class java/lang/ObjectCustomizer
Event: 15.890 loading class java/lang/ObjectCustomizer done
Event: 15.895 loading class java/io/StringWriter
Event: 15.895 loading class java/io/StringWriter done
Event: 15.897 loading class java/lang/ObjectCustomizer
Event: 15.897 loading class java/lang/ObjectCustomizer done
Event: 15.897 loading class java/lang/ObjectCustomizer
Event: 15.897 loading class java/lang/ObjectCustomizer done
Event: 15.908 loading class java/lang/ObjectCustomizer
Event: 15.908 loading class java/lang/ObjectCustomizer done
Event: 15.908 loading class java/lang/ObjectCustomizer
Event: 15.908 loading class java/lang/ObjectCustomizer done


Dynamic libraries:
0x00007ff6f90e0000 - 0x00007ff6f90ee000 	C:\Program Files\Java\zulu17.44.15-ca-jdk17.0.8-win_x64\bin\java.exe
0x00007ffc0bab0000 - 0x00007ffc0bca8000 	C:\Windows\SYSTEM32\ntdll.dll
0x00007ffc0b850000 - 0x00007ffc0b911000 	C:\Windows\System32\KERNEL32.DLL
0x00007ffc094e0000 - 0x00007ffc097dd000 	C:\Windows\System32\KERNELBASE.dll
0x00007ffc093e0000 - 0x00007ffc094e0000 	C:\Windows\System32\ucrtbase.dll
0x00007ffc01140000 - 0x00007ffc0115b000 	C:\Program Files\Java\zulu17.44.15-ca-jdk17.0.8-win_x64\bin\VCRUNTIME140.dll
0x00007ffbff210000 - 0x00007ffbff229000 	C:\Program Files\Java\zulu17.44.15-ca-jdk17.0.8-win_x64\bin\jli.dll
0x00007ffc09c40000 - 0x00007ffc09ddd000 	C:\Windows\System32\USER32.dll
0x00007ffc09910000 - 0x00007ffc09932000 	C:\Windows\System32\win32u.dll
0x00007ffbfde00000 - 0x00007ffbfe09a000 	C:\Windows\WinSxS\amd64_microsoft.windows.common-controls_6595b64144ccf1df_6.0.19041.4355_none_60b8b9eb71f62e16\COMCTL32.dll
0x00007ffc0a290000 - 0x00007ffc0a2bb000 	C:\Windows\System32\GDI32.dll
0x00007ffc0aec0000 - 0x00007ffc0af5e000 	C:\Windows\System32\msvcrt.dll
0x00007ffc09990000 - 0x00007ffc09aa7000 	C:\Windows\System32\gdi32full.dll
0x00007ffc09870000 - 0x00007ffc0990d000 	C:\Windows\System32\msvcp_win.dll
0x00007ffc0af60000 - 0x00007ffc0af8f000 	C:\Windows\System32\IMM32.DLL
0x00007ffbff200000 - 0x00007ffbff20c000 	C:\Program Files\Java\zulu17.44.15-ca-jdk17.0.8-win_x64\bin\vcruntime140_1.dll
0x00007ffbda110000 - 0x00007ffbda19d000 	C:\Program Files\Java\zulu17.44.15-ca-jdk17.0.8-win_x64\bin\msvcp140.dll
0x00007ffbbd2d0000 - 0x00007ffbbdf38000 	C:\Program Files\Java\zulu17.44.15-ca-jdk17.0.8-win_x64\bin\server\jvm.dll
0x00007ffc0a2d0000 - 0x00007ffc0a380000 	C:\Windows\System32\ADVAPI32.dll
0x00007ffc09de0000 - 0x00007ffc09e80000 	C:\Windows\System32\sechost.dll
0x00007ffc0b940000 - 0x00007ffc0ba63000 	C:\Windows\System32\RPCRT4.dll
0x00007ffc09ab0000 - 0x00007ffc09ad7000 	C:\Windows\System32\bcrypt.dll
0x00007ffc08660000 - 0x00007ffc086ab000 	C:\Windows\SYSTEM32\POWRPROF.dll
0x00007ffbfbcd0000 - 0x00007ffbfbcd9000 	C:\Windows\SYSTEM32\WSOCK32.dll
0x00007ffbfbdd0000 - 0x00007ffbfbdf7000 	C:\Windows\SYSTEM32\WINMM.dll
0x00007ffc01f20000 - 0x00007ffc01f2a000 	C:\Windows\SYSTEM32\VERSION.dll
0x00007ffc0ae40000 - 0x00007ffc0aeab000 	C:\Windows\System32\WS2_32.dll
0x00007ffc08520000 - 0x00007ffc08532000 	C:\Windows\SYSTEM32\UMPDC.dll
0x00007ffc07990000 - 0x00007ffc079a2000 	C:\Windows\SYSTEM32\kernel.appcore.dll
0x00007ffbfcf60000 - 0x00007ffbfcf6a000 	C:\Program Files\Java\zulu17.44.15-ca-jdk17.0.8-win_x64\bin\jimage.dll
0x00007ffc06e90000 - 0x00007ffc07074000 	C:\Windows\SYSTEM32\DBGHELP.DLL
0x00007ffbe37f0000 - 0x00007ffbe3824000 	C:\Windows\SYSTEM32\dbgcore.DLL
0x00007ffc097e0000 - 0x00007ffc09862000 	C:\Windows\System32\bcryptPrimitives.dll
0x00007ffbfbd10000 - 0x00007ffbfbd35000 	C:\Program Files\Java\zulu17.44.15-ca-jdk17.0.8-win_x64\bin\java.dll
0x00007ffbcf240000 - 0x00007ffbcf317000 	C:\Program Files\Java\zulu17.44.15-ca-jdk17.0.8-win_x64\bin\jsvml.dll
0x00007ffc0a380000 - 0x00007ffc0aaef000 	C:\Windows\System32\SHELL32.dll
0x00007ffc07080000 - 0x00007ffc07823000 	C:\Windows\SYSTEM32\windows.storage.dll
0x00007ffc0b460000 - 0x00007ffc0b7b3000 	C:\Windows\System32\combase.dll
0x00007ffc08b70000 - 0x00007ffc08b9e000 	C:\Windows\SYSTEM32\Wldp.dll
0x00007ffc09fc0000 - 0x00007ffc0a08d000 	C:\Windows\System32\OLEAUT32.dll
0x00007ffc09b90000 - 0x00007ffc09c3d000 	C:\Windows\System32\SHCORE.dll
0x00007ffc0a230000 - 0x00007ffc0a285000 	C:\Windows\System32\shlwapi.dll
0x00007ffc09090000 - 0x00007ffc090b4000 	C:\Windows\SYSTEM32\profapi.dll
0x00007ffbfbcf0000 - 0x00007ffbfbd09000 	C:\Program Files\Java\zulu17.44.15-ca-jdk17.0.8-win_x64\bin\net.dll
0x00007ffc01c90000 - 0x00007ffc01d9d000 	C:\Windows\SYSTEM32\WINHTTP.dll
0x00007ffc08890000 - 0x00007ffc088fa000 	C:\Windows\system32\mswsock.dll
0x00007ffbfa8b0000 - 0x00007ffbfa8c6000 	C:\Program Files\Java\zulu17.44.15-ca-jdk17.0.8-win_x64\bin\nio.dll
0x00007ffbf8550000 - 0x00007ffbf8568000 	C:\Program Files\Java\zulu17.44.15-ca-jdk17.0.8-win_x64\bin\zip.dll
0x00007ffc06170000 - 0x00007ffc06179000 	C:\Program Files\Java\zulu17.44.15-ca-jdk17.0.8-win_x64\bin\management.dll
0x00007ffc02fb0000 - 0x00007ffc02fbb000 	C:\Program Files\Java\zulu17.44.15-ca-jdk17.0.8-win_x64\bin\management_ext.dll
0x00007ffc09fb0000 - 0x00007ffc09fb8000 	C:\Windows\System32\PSAPI.DLL
0x00007ffbfc270000 - 0x00007ffbfc280000 	C:\Program Files\Java\zulu17.44.15-ca-jdk17.0.8-win_x64\bin\verify.dll
0x00007ffbd8e00000 - 0x00007ffbd8e17000 	C:\Windows\system32\napinsp.dll
0x00007ffbd8cd0000 - 0x00007ffbd8ceb000 	C:\Windows\system32\pnrpnsp.dll
0x00007ffbddbb0000 - 0x00007ffbddbc5000 	C:\Windows\system32\wshbth.dll
0x00007ffc04a40000 - 0x00007ffc04a5d000 	C:\Windows\system32\NLAapi.dll
0x00007ffc08540000 - 0x00007ffc0857b000 	C:\Windows\SYSTEM32\IPHLPAPI.DLL
0x00007ffc08580000 - 0x00007ffc0864a000 	C:\Windows\SYSTEM32\DNSAPI.dll
0x00007ffc0a2c0000 - 0x00007ffc0a2c8000 	C:\Windows\System32\NSI.dll
0x00007ffbd87a0000 - 0x00007ffbd87b2000 	C:\Windows\System32\winrnr.dll
0x00007ffc00f00000 - 0x00007ffc00f0a000 	C:\Windows\System32\rasadhlp.dll
0x00007ffc00c80000 - 0x00007ffc00d00000 	C:\Windows\System32\fwpuclnt.dll
0x00007ffc08ac0000 - 0x00007ffc08ad8000 	C:\Windows\SYSTEM32\CRYPTSP.dll
0x00007ffc08160000 - 0x00007ffc08194000 	C:\Windows\system32\rsaenh.dll
0x00007ffc09010000 - 0x00007ffc0903e000 	C:\Windows\SYSTEM32\USERENV.dll
0x00007ffc08a20000 - 0x00007ffc08a2c000 	C:\Windows\SYSTEM32\CRYPTBASE.dll
0x00007ffc02750000 - 0x00007ffc02767000 	C:\Windows\SYSTEM32\dhcpcsvc6.DLL
0x00007ffc026c0000 - 0x00007ffc026dd000 	C:\Windows\SYSTEM32\dhcpcsvc.DLL

dbghelp: loaded successfully - version: 4.0.5 - missing functions: none
symbol engine: initialized successfully - sym options: 0x614 - pdb path: .;C:\Program Files\Java\zulu17.44.15-ca-jdk17.0.8-win_x64\bin;C:\Windows\SYSTEM32;C:\Windows\WinSxS\amd64_microsoft.windows.common-controls_6595b64144ccf1df_6.0.19041.4355_none_60b8b9eb71f62e16;C:\Program Files\Java\zulu17.44.15-ca-jdk17.0.8-win_x64\bin\server

VM Arguments:
java_command: C:\Users\GABRIE~1\AppData\Local\Temp\surefire17506959053638861564\surefirebooter8215549557980092102.jar C:\Users\Gabriel Xavier\AppData\Local\Temp\surefire17506959053638861564 2024-09-28T20-44-21_034-jvmRun1 surefire2120188304153897793tmp surefire_01903903757770489235tmp
java_class_path (initial): C:\Users\GABRIE~1\AppData\Local\Temp\surefire17506959053638861564\surefirebooter8215549557980092102.jar
Launcher Type: SUN_STANDARD

[Global flags]
     intx CICompilerCount                          = 4                                         {product} {ergonomic}
     uint ConcGCThreads                            = 2                                         {product} {ergonomic}
     uint G1ConcRefinementThreads                  = 8                                         {product} {ergonomic}
   size_t G1HeapRegionSize                         = 1048576                                   {product} {ergonomic}
    uintx GCDrainStackTargetSize                   = 64                                        {product} {ergonomic}
   size_t InitialHeapSize                          = 132120576                                 {product} {ergonomic}
   size_t MarkStackSize                            = 4194304                                   {product} {ergonomic}
   size_t MaxHeapSize                              = 2113929216                                {product} {ergonomic}
   size_t MaxNewSize                               = 1267728384                                {product} {ergonomic}
   size_t MinHeapDeltaBytes                        = 1048576                                   {product} {ergonomic}
   size_t MinHeapSize                              = 8388608                                   {product} {ergonomic}
    uintx NonNMethodCodeHeapSize                   = 5839372                                {pd product} {ergonomic}
    uintx NonProfiledCodeHeapSize                  = 122909434                              {pd product} {ergonomic}
    uintx ProfiledCodeHeapSize                     = 122909434                              {pd product} {ergonomic}
    uintx ReservedCodeCacheSize                    = 251658240                              {pd product} {ergonomic}
     bool SegmentedCodeCache                       = true                                      {product} {ergonomic}
   size_t SoftMaxHeapSize                          = 2113929216                             {manageable} {ergonomic}
     bool UseCompressedClassPointers               = true                           {product lp64_product} {ergonomic}
     bool UseCompressedOops                        = true                           {product lp64_product} {ergonomic}
     bool UseG1GC                                  = true                                      {product} {ergonomic}
     bool UseLargePagesIndividualAllocation        = false                                  {pd product} {ergonomic}

Logging:
Log output configuration:
 #0: stdout all=warning uptime,level,tags
 #1: stderr all=off uptime,level,tags

Environment Variables:
JAVA_HOME=C:\Program Files\Java\zulu17.44.15-ca-jdk17.0.8-win_x64
PATH=C:\Program Files\Java\zulu17.44.15-ca-jdk17.0.8-win_x64\bin;C:\Python311\Scripts\;C:\Python311\;C:\Program Files (x86)\Common Files\Oracle\Java\javapath;C:\Windows\system32;C:\Windows;C:\Windows\System32\Wbem;C:\Windows\System32\WindowsPowerShell\v1.0\;C:\Windows\System32\OpenSSH\;C:\Program Files\Microsoft SQL Server\Client SDK\ODBC\170\Tools\Binn\;E:\Program Files (x86)\Microsoft SQL Server\150\Tools\Binn\;C:\Program Files\Microsoft SQL Server\150\Tools\Binn\;C:\Program Files\Microsoft SQL Server\150\DTS\Binn\;C:\Program Files\Azure Data Studio\bin;C:\ProgramData\chocolatey\bin;C:\Program Files (x86)\Yarn\bin\;E:\nodejs\;E:\Git\cmd;C:\Program Files\Docker\Docker\resources\bin;E:\Ruby32-x64\bin;C:\Ruby32-x64\bin;C:\Program Files\MySQL\MySQL Shell 8.0\bin\;C:\Users\Gabriel Xavier\AppData\Local\Microsoft\WindowsApps;E:\Microsoft VS Code\bin;C:\Program Files\Azure Data Studio\bin;C:\Users\Gabriel Xavier\AppData\Local\Yarn\bin;C:\Users\Gabriel Xavier\AppData\Roaming\npm;C:\Users\Gabriel Xavier\Downloads\apache-maven-3.9.6\bin
USERNAME=Gabriel Xavier
LANG=en_US.UTF-8
OS=Windows_NT
PROCESSOR_IDENTIFIER=Intel64 Family 6 Model 142 Stepping 10, GenuineIntel
TMP=C:\Users\GABRIE~1\AppData\Local\Temp
TEMP=C:\Users\GABRIE~1\AppData\Local\Temp



---------------  S Y S T E M  ---------------

OS:
 Windows 10 , 64 bit Build 19041 (10.0.19041.4842)
OS uptime: 1 days 8:25 hours
Hyper-V role detected

CPU: total 8 (initial active 8) (4 cores per cpu, 2 threads per core) family 6 model 142 stepping 10 microcode 0xd6, cx8, cmov, fxsr, ht, mmx, 3dnowpref, sse, sse2, sse3, ssse3, sse4.1, sse4.2, popcnt, lzcnt, tsc, tscinvbit, avx, avx2, aes, erms, clmul, bmi1, bmi2, adx, fma, vzeroupper, clflush, clflushopt, hv
Processor Information for all 8 processors :
  Max Mhz: 1992, Current Mhz: 1792, Mhz Limit: 1792

Memory: 4k page, system-wide physical 8056M (438M free)
TotalPageFile size 14658M (AvailPageFile size 3M)
current process WorkingSet (physical memory assigned to process): 283M, peak: 288M
current process commit charge ("private bytes"): 326M, peak: 330M

vm_info: OpenJDK 64-Bit Server VM (17.0.8+7-LTS) for windows-amd64 JRE (17.0.8+7-LTS) (Zulu17.44+15-CA), built on Jul  5 2023 07:56:11 by "zulu_re" with MS VC++ 16.10 / 16.11 (VS2019)

END.
