#
# There is insufficient memory for the Java Runtime Environment to continue.
# Native memory allocation (malloc) failed to allocate 2250576 bytes. Error detail: Chunk::new
# Possible reasons:
#   The system is out of physical RAM or swap space
#   This process is running with CompressedOops enabled, and the Java Heap may be blocking the growth of the native heap
# Possible solutions:
#   Reduce memory load on the system
#   Increase physical memory or swap space
#   Check if swap backing store is full
#   Decrease Java heap size (-Xmx/-Xms)
#   Decrease number of Java threads
#   Decrease Java thread stack sizes (-Xss)
#   Set larger code cache with -XX:ReservedCodeCacheSize=
#   JVM is running with Unscaled Compressed Oops mode in which the Java heap is
#     placed in the first 4GB address space. The Java Heap base address is the
#     maximum limit for the native heap growth. Please use -XX:HeapBaseMinAddress
#     to set the Java Heap base and to place the Java Heap above 4GB virtual address.
# This output file may be truncated or incomplete.
#
#  Out of Memory Error (arena.cpp:191), pid=20392, tid=25228
#
# JRE version: OpenJDK Runtime Environment Temurin-17.0.12+7 (17.0.12+7) (build 17.0.12+7)
# Java VM: OpenJDK 64-Bit Server VM Temurin-17.0.12+7 (17.0.12+7, mixed mode, tiered, compressed oops, compressed class ptrs, parallel gc, windows-amd64)
# No core dump will be written. Minidumps are not enabled by default on client versions of Windows
#

---------------  S U M M A R Y ------------

Command Line: --add-modules=ALL-SYSTEM --add-opens=java.base/java.util=ALL-UNNAMED --add-opens=java.base/java.lang=ALL-UNNAMED --add-opens=java.base/sun.nio.fs=ALL-UNNAMED -Declipse.application=org.eclipse.jdt.ls.core.id1 -Dosgi.bundles.defaultStartLevel=4 -Declipse.product=org.eclipse.jdt.ls.core.product -Djava.import.generatesMetadataFilesAtProjectRoot=false -DDetectVMInstallationsJob.disabled=true -Dfile.encoding=utf8 -XX:+UseParallelGC -XX:GCTimeRatio=4 -XX:AdaptiveSizePolicyWeight=90 -Dsun.zip.disableMemoryMapping=true -Xmx1G -Xms100m -Xlog:disable -javaagent:c:\Users\Gabriel Xavier\.vscode\extensions\redhat.java-1.35.0-win32-x64\lombok\lombok-1.18.33.jar -XX:+HeapDumpOnOutOfMemoryError -XX:HeapDumpPath=c:\Users\Gabriel Xavier\AppData\Roaming\Code\User\workspaceStorage\e68179cb3c92c60f0e332852b17ad7ea\redhat.java -Daether.dependencyCollector.impl=bf c:\Users\Gabriel Xavier\.vscode\extensions\redhat.java-1.35.0-win32-x64\server\plugins\org.eclipse.equinox.launcher_1.6.900.v20240613-2009.jar -configuration c:\Users\Gabriel Xavier\AppData\Roaming\Code\User\globalStorage\redhat.java\1.35.0\config_win -data c:\Users\Gabriel Xavier\AppData\Roaming\Code\User\workspaceStorage\e68179cb3c92c60f0e332852b17ad7ea\redhat.java\jdt_ws --pipe=\\.\pipe\lsp-70f4105fad7b329071e203ab4ac61eba-sock

Host: Intel(R) Core(TM) i7-8550U CPU @ 1.80GHz, 8 cores, 7G,  Windows 10 , 64 bit Build 19041 (10.0.19041.4842)
Time: Sat Sep 28 20:20:05 2024 Hora oficial do Brasil elapsed time: 9888.968158 seconds (0d 2h 44m 48s)

---------------  T H R E A D  ---------------

Current thread (0x000001eeb916e930):  JavaThread "C2 CompilerThread0" daemon [_thread_in_native, id=25228, stack(0x0000005a3cb00000,0x0000005a3cc00000)]


Current CompileTask:
C2:9888968 14106   !   4       org.eclipse.jdt.internal.compiler.classfmt.ClassFileReader::<init> (2151 bytes)

Stack: [0x0000005a3cb00000,0x0000005a3cc00000]
Native frames: (J=compiled Java code, j=interpreted, Vv=VM code, C=native code)
V  [jvm.dll+0x67f929]
V  [jvm.dll+0x8371ba]
V  [jvm.dll+0x838c7e]
V  [jvm.dll+0x8392e3]
V  [jvm.dll+0x24834f]
V  [jvm.dll+0xac9d4]
V  [jvm.dll+0xad01c]
V  [jvm.dll+0x367452]
V  [jvm.dll+0x1bd376]
V  [jvm.dll+0x21aa09]
V  [jvm.dll+0x219cf1]
V  [jvm.dll+0x1a58bd]
V  [jvm.dll+0x229a2d]
V  [jvm.dll+0x227bdc]
V  [jvm.dll+0x7ec1f7]
V  [jvm.dll+0x7e65dc]
V  [jvm.dll+0x67e7f7]
C  [ucrtbase.dll+0x21bb2]
C  [KERNEL32.DLL+0x17374]
C  [ntdll.dll+0x4cc91]


---------------  P R O C E S S  ---------------

Threads class SMR info:
_java_thread_list=0x000001eebd87acd0, length=43, elements={
0x000001ee9ff85ca0, 0x000001eeb3e1b3d0, 0x000001eeb3e1cb80, 0x000001eea003df80,
0x000001eeb9166ba0, 0x000001eeb91695e0, 0x000001eeb916ced0, 0x000001eeb916e930,
0x000001eeb9173270, 0x000001eeb91910e0, 0x000001ee9ffeae40, 0x000001eeb93515a0,
0x000001eeba738e70, 0x000001eebab3d5a0, 0x000001eebaa38100, 0x000001eebb246e30,
0x000001eebaa33690, 0x000001eebb0cf4e0, 0x000001eebb0cc750, 0x000001eebb0ccc60,
0x000001eebb0ceac0, 0x000001eebb0cd680, 0x000001eebb0cefd0, 0x000001eebb0ce0a0,
0x000001eebd8c85b0, 0x000001eebd8c6750, 0x000001eebd8c48f0, 0x000001eebd8c4e00,
0x000001eebd8c3ed0, 0x000001eebd8c6240, 0x000001eebd8c5d30, 0x000001eebd8c1140,
0x000001eebd8c5820, 0x000001eebd8c8ac0, 0x000001eebd8c80a0, 0x000001eebd8c7b90,
0x000001eebdce88b0, 0x000001eebdce6540, 0x000001eebdcea710, 0x000001eebdce7980,
0x000001eebdce7e90, 0x000001eebdcec570, 0x000001eebea8f160
}

Java Threads: ( => current thread )
  0x000001ee9ff85ca0 JavaThread "main" [_thread_blocked, id=18768, stack(0x0000005a3c200000,0x0000005a3c300000)]
  0x000001eeb3e1b3d0 JavaThread "Reference Handler" daemon [_thread_blocked, id=24052, stack(0x0000005a3c500000,0x0000005a3c600000)]
  0x000001eeb3e1cb80 JavaThread "Finalizer" daemon [_thread_blocked, id=17968, stack(0x0000005a3c600000,0x0000005a3c700000)]
  0x000001eea003df80 JavaThread "Signal Dispatcher" daemon [_thread_blocked, id=12112, stack(0x0000005a3c700000,0x0000005a3c800000)]
  0x000001eeb9166ba0 JavaThread "Attach Listener" daemon [_thread_blocked, id=22928, stack(0x0000005a3c800000,0x0000005a3c900000)]
  0x000001eeb91695e0 JavaThread "Service Thread" daemon [_thread_blocked, id=21244, stack(0x0000005a3c900000,0x0000005a3ca00000)]
  0x000001eeb916ced0 JavaThread "Monitor Deflation Thread" daemon [_thread_blocked, id=22456, stack(0x0000005a3ca00000,0x0000005a3cb00000)]
=>0x000001eeb916e930 JavaThread "C2 CompilerThread0" daemon [_thread_in_native, id=25228, stack(0x0000005a3cb00000,0x0000005a3cc00000)]
  0x000001eeb9173270 JavaThread "C1 CompilerThread0" daemon [_thread_blocked, id=16880, stack(0x0000005a3cc00000,0x0000005a3cd00000)]
  0x000001eeb91910e0 JavaThread "Sweeper thread" daemon [_thread_blocked, id=20648, stack(0x0000005a3cd00000,0x0000005a3ce00000)]
  0x000001ee9ffeae40 JavaThread "Common-Cleaner" daemon [_thread_blocked, id=17000, stack(0x0000005a3ce00000,0x0000005a3cf00000)]
  0x000001eeb93515a0 JavaThread "Notification Thread" daemon [_thread_blocked, id=15740, stack(0x0000005a3cf00000,0x0000005a3d000000)]
  0x000001eeba738e70 JavaThread "Active Thread: Equinox Container: 44b4664d-7588-4ee3-89a9-a72cf08e9bff" [_thread_blocked, id=23480, stack(0x0000005a3d800000,0x0000005a3d900000)]
  0x000001eebab3d5a0 JavaThread "Framework Event Dispatcher: Equinox Container: 44b4664d-7588-4ee3-89a9-a72cf08e9bff" daemon [_thread_blocked, id=8356, stack(0x0000005a3d900000,0x0000005a3da00000)]
  0x000001eebaa38100 JavaThread "Start Level: Equinox Container: 44b4664d-7588-4ee3-89a9-a72cf08e9bff" daemon [_thread_blocked, id=22880, stack(0x0000005a3da00000,0x0000005a3db00000)]
  0x000001eebb246e30 JavaThread "Bundle File Closer" daemon [_thread_blocked, id=15696, stack(0x0000005a3dc00000,0x0000005a3dd00000)]
  0x000001eebaa33690 JavaThread "SCR Component Actor" daemon [_thread_blocked, id=20172, stack(0x0000005a3dd00000,0x0000005a3de00000)]
  0x000001eebb0cf4e0 JavaThread "Worker-JM" [_thread_blocked, id=11852, stack(0x0000005a3d700000,0x0000005a3d800000)]
  0x000001eebb0cc750 JavaThread "JNA Cleaner" daemon [_thread_blocked, id=24608, stack(0x0000005a3df00000,0x0000005a3e000000)]
  0x000001eebb0ccc60 JavaThread "Java indexing" daemon [_thread_blocked, id=18668, stack(0x0000005a3e500000,0x0000005a3e600000)]
  0x000001eebb0ceac0 JavaThread "Thread-2" daemon [_thread_in_native, id=15540, stack(0x0000005a3e600000,0x0000005a3e700000)]
  0x000001eebb0cd680 JavaThread "Thread-3" daemon [_thread_in_native, id=17944, stack(0x0000005a3e700000,0x0000005a3e800000)]
  0x000001eebb0cefd0 JavaThread "Thread-4" daemon [_thread_in_native, id=17644, stack(0x0000005a3e800000,0x0000005a3e900000)]
  0x000001eebb0ce0a0 JavaThread "Thread-5" daemon [_thread_in_native, id=18436, stack(0x0000005a3e900000,0x0000005a3ea00000)]
  0x000001eebd8c85b0 JavaThread "Thread-6" daemon [_thread_in_native, id=4092, stack(0x0000005a3ea00000,0x0000005a3eb00000)]
  0x000001eebd8c6750 JavaThread "Thread-7" daemon [_thread_in_native, id=20852, stack(0x0000005a3eb00000,0x0000005a3ec00000)]
  0x000001eebd8c48f0 JavaThread "Thread-8" daemon [_thread_in_native, id=17416, stack(0x0000005a3ec00000,0x0000005a3ed00000)]
  0x000001eebd8c4e00 JavaThread "Thread-9" daemon [_thread_in_native, id=6504, stack(0x0000005a3ed00000,0x0000005a3ee00000)]
  0x000001eebd8c3ed0 JavaThread "Thread-10" daemon [_thread_in_native, id=8168, stack(0x0000005a3ee00000,0x0000005a3ef00000)]
  0x000001eebd8c6240 JavaThread "pool-2-thread-1" [_thread_blocked, id=21448, stack(0x0000005a3ef00000,0x0000005a3f000000)]
  0x000001eebd8c5d30 JavaThread "WorkspaceEventsHandler" [_thread_blocked, id=23440, stack(0x0000005a3f000000,0x0000005a3f100000)]
  0x000001eebd8c1140 JavaThread "pool-1-thread-1" [_thread_blocked, id=22228, stack(0x0000005a3f100000,0x0000005a3f200000)]
  0x000001eebd8c5820 JavaThread "Worker-5" [_thread_blocked, id=23304, stack(0x0000005a3f400000,0x0000005a3f500000)]
  0x000001eebd8c8ac0 JavaThread "Compiler Source File Reader" daemon [_thread_blocked, id=24440, stack(0x0000005a3f500000,0x0000005a3f600000)]
  0x000001eebd8c80a0 JavaThread "Compiler Source File Reader" daemon [_thread_blocked, id=18812, stack(0x0000005a3f600000,0x0000005a3f700000)]
  0x000001eebd8c7b90 JavaThread "Compiler Source File Reader" daemon [_thread_blocked, id=9004, stack(0x0000005a3f700000,0x0000005a3f800000)]
  0x000001eebdce88b0 JavaThread "Compiler Source File Reader" daemon [_thread_blocked, id=18404, stack(0x0000005a3fa00000,0x0000005a3fb00000)]
  0x000001eebdce6540 JavaThread "Compiler Source File Reader" daemon [_thread_blocked, id=19596, stack(0x0000005a3fd00000,0x0000005a3fe00000)]
  0x000001eebdcea710 JavaThread "Compiler Source File Reader" daemon [_thread_blocked, id=24780, stack(0x0000005a3fe00000,0x0000005a3ff00000)]
  0x000001eebdce7980 JavaThread "Worker-6" [_thread_blocked, id=18316, stack(0x0000005a3c100000,0x0000005a3c200000)]
  0x000001eebdce7e90 JavaThread "ForkJoinPool.commonPool-worker-8" daemon [_thread_blocked, id=24700, stack(0x0000005a3bf00000,0x0000005a3c000000)]
  0x000001eebdcec570 JavaThread "ForkJoinPool.commonPool-worker-9" daemon [_thread_in_native, id=23992, stack(0x0000005a3c000000,0x0000005a3c100000)]
  0x000001eebea8f160 JavaThread "C2 CompilerThread1" daemon [_thread_blocked, id=20416, stack(0x0000005a3de00000,0x0000005a3df00000)]

Other Threads:
  0x000001eeb3e19870 VMThread "VM Thread" [stack: 0x0000005a3c400000,0x0000005a3c500000] [id=18564]
  0x000001eeb9351a80 WatcherThread [stack: 0x0000005a3d000000,0x0000005a3d100000] [id=23588]
  0x000001ee9ff9d800 GCTaskThread "GC Thread#0" [stack: 0x0000005a3c300000,0x0000005a3c400000] [id=22216]
  0x000001eeba94b200 GCTaskThread "GC Thread#1" [stack: 0x0000005a3d100000,0x0000005a3d200000] [id=5884]
  0x000001eeba94aa30 GCTaskThread "GC Thread#2" [stack: 0x0000005a3d200000,0x0000005a3d300000] [id=23048]
  0x000001eeba3e4810 GCTaskThread "GC Thread#3" [stack: 0x0000005a3d300000,0x0000005a3d400000] [id=20456]
  0x000001eeba3e4ad0 GCTaskThread "GC Thread#4" [stack: 0x0000005a3d400000,0x0000005a3d500000] [id=23204]
  0x000001eeba847030 GCTaskThread "GC Thread#5" [stack: 0x0000005a3d500000,0x0000005a3d600000] [id=16184]
  0x000001eeba8472f0 GCTaskThread "GC Thread#6" [stack: 0x0000005a3d600000,0x0000005a3d700000] [id=18388]
  0x000001ee9de26500 GCTaskThread "GC Thread#7" [stack: 0x0000005a3db00000,0x0000005a3dc00000] [id=19552]

Threads with active compile tasks:
C2 CompilerThread0  9889082 14106   !   4       org.eclipse.jdt.internal.compiler.classfmt.ClassFileReader::<init> (2151 bytes)

VM state: not at safepoint (normal execution)

VM Mutex/Monitor currently owned by a thread: None

Heap address: 0x00000000c0000000, size: 1024 MB, Compressed Oops mode: 32-bit

CDS archive(s) not mapped
Compressed class space mapped at: 0x0000000100000000-0x0000000140000000, reserved size: 1073741824
Narrow klass base: 0x0000000000000000, Narrow klass shift: 3, Narrow klass range: 0x140000000

GC Precious Log:
 CPUs: 8 total, 8 available
 Memory: 8056M
 Large Page Support: Disabled
 NUMA Support: Disabled
 Compressed Oops: Enabled (32-bit)
 Alignments: Space 512K, Generation 512K, Heap 2M
 Heap Min Capacity: 100M
 Heap Initial Capacity: 100M
 Heap Max Capacity: 1G
 Pre-touch: Disabled
 Parallel Workers: 8

Heap:
 PSYoungGen      total 5632K, used 4188K [0x00000000eab00000, 0x00000000eb580000, 0x0000000100000000)
  eden space 5120K, 72% used [0x00000000eab00000,0x00000000eae9a0a8,0x00000000eb000000)
  from space 512K, 97% used [0x00000000eb480000,0x00000000eb4fd220,0x00000000eb500000)
  to   space 512K, 0% used [0x00000000eb500000,0x00000000eb500000,0x00000000eb580000)
 ParOldGen       total 122368K, used 108710K [0x00000000c0000000, 0x00000000c7780000, 0x00000000eab00000)
  object space 122368K, 88% used [0x00000000c0000000,0x00000000c6a29bd0,0x00000000c7780000)
 Metaspace       used 81669K, committed 83008K, reserved 1179648K
  class space    used 8525K, committed 9152K, reserved 1048576K

Card table byte_map: [0x000001ee9f920000,0x000001ee9fb30000] _byte_map_base: 0x000001ee9f320000

Marking Bits: (ParMarkBitMap*) 0x00007ffb9a1958b0
 Begin Bits: [0x000001eeb1c20000, 0x000001eeb2c20000)
 End Bits:   [0x000001eeb2c20000, 0x000001eeb3c20000)

Polling page: 0x000001ee9df00000

Metaspace:

Usage:
  Non-class:     71.43 MB used.
      Class:      8.33 MB used.
       Both:     79.76 MB used.

Virtual space:
  Non-class space:      128.00 MB reserved,      72.12 MB ( 56%) committed,  2 nodes.
      Class space:        1.00 GB reserved,       8.94 MB ( <1%) committed,  1 nodes.
             Both:        1.12 GB reserved,      81.06 MB (  7%) committed. 

Chunk freelists:
   Non-Class:  7.14 MB
       Class:  7.10 MB
        Both:  14.24 MB

MaxMetaspaceSize: unlimited
CompressedClassSpaceSize: 1.00 GB
Initial GC threshold: 21.00 MB
Current GC threshold: 133.75 MB
CDS: off
MetaspaceReclaimPolicy: balanced
 - commit_granule_bytes: 65536.
 - commit_granule_words: 8192.
 - virtual_space_node_default_size: 8388608.
 - enlarge_chunks_in_place: 1.
 - new_chunks_are_fully_committed: 0.
 - uncommit_free_chunks: 1.
 - use_allocation_guard: 0.
 - handle_deallocations: 1.


Internal statistics:

num_allocs_failed_limit: 9.
num_arena_births: 1054.
num_arena_deaths: 28.
num_vsnodes_births: 3.
num_vsnodes_deaths: 0.
num_space_committed: 1297.
num_space_uncommitted: 0.
num_chunks_returned_to_freelist: 43.
num_chunks_taken_from_freelist: 4560.
num_chunk_merges: 18.
num_chunk_splits: 2698.
num_chunks_enlarged: 1414.
num_inconsistent_stats: 0.

CodeHeap 'non-profiled nmethods': size=120000Kb used=8123Kb max_used=8400Kb free=111876Kb
 bounds [0x000001eeaa6f0000, 0x000001eeaaf40000, 0x000001eeb1c20000]
CodeHeap 'profiled nmethods': size=120000Kb used=25054Kb max_used=26432Kb free=94945Kb
 bounds [0x000001eea2c20000, 0x000001eea4600000, 0x000001eeaa150000]
CodeHeap 'non-nmethods': size=5760Kb used=1425Kb max_used=1539Kb free=4334Kb
 bounds [0x000001eeaa150000, 0x000001eeaa3c0000, 0x000001eeaa6f0000]
 total_blobs=12432 nmethods=11652 adapters=688
 compilation: enabled
              stopped_count=0, restarted_count=0
 full_count=0

Compilation events (20 events):
Event: 9888.546 Thread 0x000001eeb9173270 14163       3       org.eclipse.jdt.internal.core.index.DiskIndex::readStreamDocumentArray (267 bytes)
Event: 9888.548 Thread 0x000001eeb9173270 nmethod 14163 0x000001eea3642790 code [0x000001eea36429c0, 0x000001eea3643468]
Event: 9888.592 Thread 0x000001eeb9173270 14168   !   3       org.eclipse.jdt.internal.core.PackageFragmentRoot::fullExclusionPatternChars (39 bytes)
Event: 9888.593 Thread 0x000001eeb9173270 nmethod 14168 0x000001eea3c2ea90 code [0x000001eea3c2eca0, 0x000001eea3c2f378]
Event: 9888.593 Thread 0x000001eeb9173270 14169       3       org.eclipse.jdt.internal.core.search.matching.JavaSearchNameEnvironment::indexPackageNames (117 bytes)
Event: 9888.593 Thread 0x000001eebea8f160 14164       4       org.eclipse.jdt.internal.compiler.util.SimpleLookupTable::get (59 bytes)
Event: 9888.595 Thread 0x000001eeb9173270 nmethod 14169 0x000001eea3417090 code [0x000001eea3417300, 0x000001eea3417ea8]
Event: 9888.596 Thread 0x000001eeb9173270 14171       3       org.eclipse.jdt.internal.core.BinaryModule::getModuleInfo (28 bytes)
Event: 9888.597 Thread 0x000001eeb9173270 nmethod 14171 0x000001eea3cdc890 code [0x000001eea3cdca40, 0x000001eea3cdcd88]
Event: 9888.597 Thread 0x000001eeb9173270 14172       1       org.eclipse.jdt.internal.core.builder.ClasspathLocation::setModule (6 bytes)
Event: 9888.597 Thread 0x000001eeb9173270 nmethod 14172 0x000001eeaabaae90 code [0x000001eeaabab020, 0x000001eeaabab0f8]
Event: 9888.605 Thread 0x000001eebea8f160 nmethod 14164 0x000001eeaabaa790 code [0x000001eeaabaa920, 0x000001eeaabaabb8]
Event: 9888.605 Thread 0x000001eebea8f160 14167   !   4       jdk.internal.jrtfs.JrtPath::toUri (169 bytes)
Event: 9888.771 Thread 0x000001eebea8f160 nmethod 14167 0x000001eeaaea2d10 code [0x000001eeaaea2fa0, 0x000001eeaaea4c90]
Event: 9888.772 Thread 0x000001eebea8f160 14170       4       org.eclipse.jdt.internal.core.builder.ClasspathJrt::hashCode (22 bytes)
Event: 9888.785 Thread 0x000001eebea8f160 nmethod 14170 0x000001eeaaea2810 code [0x000001eeaaea29a0, 0x000001eeaaea2b88]
Event: 9888.785 Thread 0x000001eebea8f160 14166       4       java.io.File::getName (42 bytes)
Event: 9888.810 Thread 0x000001eebea8f160 nmethod 14166 0x000001eeaaea1d10 code [0x000001eeaaea1ec0, 0x000001eeaaea2448]
Event: 9888.810 Thread 0x000001eebea8f160 14165       4       org.eclipse.jdt.internal.core.PackageFragmentRoot::getPath (5 bytes)
Event: 9888.811 Thread 0x000001eebea8f160 nmethod 14165 0x000001eeaaea1a10 code [0x000001eeaaea1b80, 0x000001eeaaea1c18]

GC Heap History (20 events):
Event: 60.177 GC heap before
{Heap before GC invocations=245 (full 8):
 PSYoungGen      total 10240K, used 10004K [0x00000000eab00000, 0x00000000eba00000, 0x0000000100000000)
  eden space 6144K, 100% used [0x00000000eab00000,0x00000000eb100000,0x00000000eb100000)
  from space 4096K, 94% used [0x00000000eb100000,0x00000000eb4c5220,0x00000000eb500000)
  to   space 4096K, 0% used [0x00000000eb600000,0x00000000eb600000,0x00000000eba00000)
 ParOldGen       total 122368K, used 91942K [0x00000000c0000000, 0x00000000c7780000, 0x00000000eab00000)
  object space 122368K, 75% used [0x00000000c0000000,0x00000000c59c9988,0x00000000c7780000)
 Metaspace       used 81050K, committed 82368K, reserved 1179648K
  class space    used 8478K, committed 9088K, reserved 1048576K
}
Event: 60.188 GC heap after
{Heap after GC invocations=245 (full 8):
 PSYoungGen      total 7168K, used 4084K [0x00000000eab00000, 0x00000000ec200000, 0x0000000100000000)
  eden space 3072K, 0% used [0x00000000eab00000,0x00000000eab00000,0x00000000eae00000)
  from space 4096K, 99% used [0x00000000eb600000,0x00000000eb9fd220,0x00000000eba00000)
  to   space 8192K, 0% used [0x00000000eae00000,0x00000000eae00000,0x00000000eb600000)
 ParOldGen       total 122368K, used 95174K [0x00000000c0000000, 0x00000000c7780000, 0x00000000eab00000)
  object space 122368K, 77% used [0x00000000c0000000,0x00000000c5cf1988,0x00000000c7780000)
 Metaspace       used 81050K, committed 82368K, reserved 1179648K
  class space    used 8478K, committed 9088K, reserved 1048576K
}
Event: 60.241 GC heap before
{Heap before GC invocations=246 (full 8):
 PSYoungGen      total 7168K, used 7156K [0x00000000eab00000, 0x00000000ec200000, 0x0000000100000000)
  eden space 3072K, 100% used [0x00000000eab00000,0x00000000eae00000,0x00000000eae00000)
  from space 4096K, 99% used [0x00000000eb600000,0x00000000eb9fd220,0x00000000eba00000)
  to   space 8192K, 0% used [0x00000000eae00000,0x00000000eae00000,0x00000000eb600000)
 ParOldGen       total 122368K, used 95174K [0x00000000c0000000, 0x00000000c7780000, 0x00000000eab00000)
  object space 122368K, 77% used [0x00000000c0000000,0x00000000c5cf1988,0x00000000c7780000)
 Metaspace       used 81080K, committed 82432K, reserved 1179648K
  class space    used 8483K, committed 9088K, reserved 1048576K
}
Event: 60.249 GC heap after
{Heap after GC invocations=246 (full 8):
 PSYoungGen      total 5632K, used 2144K [0x00000000eab00000, 0x00000000eb680000, 0x0000000100000000)
  eden space 3072K, 0% used [0x00000000eab00000,0x00000000eab00000,0x00000000eae00000)
  from space 2560K, 83% used [0x00000000eae00000,0x00000000eb018000,0x00000000eb080000)
  to   space 4096K, 0% used [0x00000000eb280000,0x00000000eb280000,0x00000000eb680000)
 ParOldGen       total 122368K, used 99242K [0x00000000c0000000, 0x00000000c7780000, 0x00000000eab00000)
  object space 122368K, 81% used [0x00000000c0000000,0x00000000c60eaba8,0x00000000c7780000)
 Metaspace       used 81080K, committed 82432K, reserved 1179648K
  class space    used 8483K, committed 9088K, reserved 1048576K
}
Event: 60.274 GC heap before
{Heap before GC invocations=247 (full 8):
 PSYoungGen      total 5632K, used 5216K [0x00000000eab00000, 0x00000000eb680000, 0x0000000100000000)
  eden space 3072K, 100% used [0x00000000eab00000,0x00000000eae00000,0x00000000eae00000)
  from space 2560K, 83% used [0x00000000eae00000,0x00000000eb018000,0x00000000eb080000)
  to   space 4096K, 0% used [0x00000000eb280000,0x00000000eb280000,0x00000000eb680000)
 ParOldGen       total 122368K, used 99242K [0x00000000c0000000, 0x00000000c7780000, 0x00000000eab00000)
  object space 122368K, 81% used [0x00000000c0000000,0x00000000c60eaba8,0x00000000c7780000)
 Metaspace       used 81080K, committed 82432K, reserved 1179648K
  class space    used 8483K, committed 9088K, reserved 1048576K
}
Event: 60.280 GC heap after
{Heap after GC invocations=247 (full 8):
 PSYoungGen      total 7168K, used 3936K [0x00000000eab00000, 0x00000000eb780000, 0x0000000100000000)
  eden space 3072K, 0% used [0x00000000eab00000,0x00000000eab00000,0x00000000eae00000)
  from space 4096K, 96% used [0x00000000eb280000,0x00000000eb658000,0x00000000eb680000)
  to   space 4608K, 0% used [0x00000000eae00000,0x00000000eae00000,0x00000000eb280000)
 ParOldGen       total 122368K, used 99242K [0x00000000c0000000, 0x00000000c7780000, 0x00000000eab00000)
  object space 122368K, 81% used [0x00000000c0000000,0x00000000c60eaba8,0x00000000c7780000)
 Metaspace       used 81080K, committed 82432K, reserved 1179648K
  class space    used 8483K, committed 9088K, reserved 1048576K
}
Event: 60.330 GC heap before
{Heap before GC invocations=248 (full 8):
 PSYoungGen      total 7168K, used 7008K [0x00000000eab00000, 0x00000000eb780000, 0x0000000100000000)
  eden space 3072K, 100% used [0x00000000eab00000,0x00000000eae00000,0x00000000eae00000)
  from space 4096K, 96% used [0x00000000eb280000,0x00000000eb658000,0x00000000eb680000)
  to   space 4608K, 0% used [0x00000000eae00000,0x00000000eae00000,0x00000000eb280000)
 ParOldGen       total 122368K, used 99242K [0x00000000c0000000, 0x00000000c7780000, 0x00000000eab00000)
  object space 122368K, 81% used [0x00000000c0000000,0x00000000c60eaba8,0x00000000c7780000)
 Metaspace       used 81090K, committed 82432K, reserved 1179648K
  class space    used 8483K, committed 9088K, reserved 1048576K
}
Event: 60.338 GC heap after
{Heap after GC invocations=248 (full 8):
 PSYoungGen      total 7680K, used 4608K [0x00000000eab00000, 0x00000000eb880000, 0x0000000100000000)
  eden space 3072K, 0% used [0x00000000eab00000,0x00000000eab00000,0x00000000eae00000)
  from space 4608K, 100% used [0x00000000eae00000,0x00000000eb280000,0x00000000eb280000)
  to   space 5120K, 0% used [0x00000000eb380000,0x00000000eb380000,0x00000000eb880000)
 ParOldGen       total 122368K, used 99474K [0x00000000c0000000, 0x00000000c7780000, 0x00000000eab00000)
  object space 122368K, 81% used [0x00000000c0000000,0x00000000c6124ba8,0x00000000c7780000)
 Metaspace       used 81090K, committed 82432K, reserved 1179648K
  class space    used 8483K, committed 9088K, reserved 1048576K
}
Event: 60.365 GC heap before
{Heap before GC invocations=249 (full 8):
 PSYoungGen      total 7680K, used 7680K [0x00000000eab00000, 0x00000000eb880000, 0x0000000100000000)
  eden space 3072K, 100% used [0x00000000eab00000,0x00000000eae00000,0x00000000eae00000)
  from space 4608K, 100% used [0x00000000eae00000,0x00000000eb280000,0x00000000eb280000)
  to   space 5120K, 0% used [0x00000000eb380000,0x00000000eb380000,0x00000000eb880000)
 ParOldGen       total 122368K, used 99474K [0x00000000c0000000, 0x00000000c7780000, 0x00000000eab00000)
  object space 122368K, 81% used [0x00000000c0000000,0x00000000c6124ba8,0x00000000c7780000)
 Metaspace       used 81093K, committed 82432K, reserved 1179648K
  class space    used 8483K, committed 9088K, reserved 1048576K
}
Event: 60.376 GC heap after
{Heap after GC invocations=249 (full 8):
 PSYoungGen      total 7680K, used 3264K [0x00000000eab00000, 0x00000000eb700000, 0x0000000100000000)
  eden space 4096K, 0% used [0x00000000eab00000,0x00000000eab00000,0x00000000eaf00000)
  from space 3584K, 91% used [0x00000000eb380000,0x00000000eb6b0000,0x00000000eb700000)
  to   space 4096K, 0% used [0x00000000eaf00000,0x00000000eaf00000,0x00000000eb300000)
 ParOldGen       total 122368K, used 103182K [0x00000000c0000000, 0x00000000c7780000, 0x00000000eab00000)
  object space 122368K, 84% used [0x00000000c0000000,0x00000000c64c3bd0,0x00000000c7780000)
 Metaspace       used 81093K, committed 82432K, reserved 1179648K
  class space    used 8483K, committed 9088K, reserved 1048576K
}
Event: 60.656 GC heap before
{Heap before GC invocations=250 (full 8):
 PSYoungGen      total 7680K, used 7360K [0x00000000eab00000, 0x00000000eb700000, 0x0000000100000000)
  eden space 4096K, 100% used [0x00000000eab00000,0x00000000eaf00000,0x00000000eaf00000)
  from space 3584K, 91% used [0x00000000eb380000,0x00000000eb6b0000,0x00000000eb700000)
  to   space 4096K, 0% used [0x00000000eaf00000,0x00000000eaf00000,0x00000000eb300000)
 ParOldGen       total 122368K, used 103182K [0x00000000c0000000, 0x00000000c7780000, 0x00000000eab00000)
  object space 122368K, 84% used [0x00000000c0000000,0x00000000c64c3bd0,0x00000000c7780000)
 Metaspace       used 81095K, committed 82432K, reserved 1179648K
  class space    used 8483K, committed 9088K, reserved 1048576K
}
Event: 60.663 GC heap after
{Heap after GC invocations=250 (full 8):
 PSYoungGen      total 8192K, used 4096K [0x00000000eab00000, 0x00000000ebb80000, 0x0000000100000000)
  eden space 4096K, 0% used [0x00000000eab00000,0x00000000eab00000,0x00000000eaf00000)
  from space 4096K, 100% used [0x00000000eaf00000,0x00000000eb300000,0x00000000eb300000)
  to   space 6144K, 0% used [0x00000000eb580000,0x00000000eb580000,0x00000000ebb80000)
 ParOldGen       total 122368K, used 104646K [0x00000000c0000000, 0x00000000c7780000, 0x00000000eab00000)
  object space 122368K, 85% used [0x00000000c0000000,0x00000000c6631bd0,0x00000000c7780000)
 Metaspace       used 81095K, committed 82432K, reserved 1179648K
  class space    used 8483K, committed 9088K, reserved 1048576K
}
Event: 61.465 GC heap before
{Heap before GC invocations=251 (full 8):
 PSYoungGen      total 8192K, used 8191K [0x00000000eab00000, 0x00000000ebb80000, 0x0000000100000000)
  eden space 4096K, 99% used [0x00000000eab00000,0x00000000eaefffd8,0x00000000eaf00000)
  from space 4096K, 100% used [0x00000000eaf00000,0x00000000eb300000,0x00000000eb300000)
  to   space 6144K, 0% used [0x00000000eb580000,0x00000000eb580000,0x00000000ebb80000)
 ParOldGen       total 122368K, used 104646K [0x00000000c0000000, 0x00000000c7780000, 0x00000000eab00000)
  object space 122368K, 85% used [0x00000000c0000000,0x00000000c6631bd0,0x00000000c7780000)
 Metaspace       used 81122K, committed 82496K, reserved 1179648K
  class space    used 8483K, committed 9088K, reserved 1048576K
}
Event: 61.473 GC heap after
{Heap after GC invocations=251 (full 8):
 PSYoungGen      total 5632K, used 692K [0x00000000eab00000, 0x00000000eb680000, 0x0000000100000000)
  eden space 4608K, 0% used [0x00000000eab00000,0x00000000eab00000,0x00000000eaf80000)
  from space 1024K, 67% used [0x00000000eb580000,0x00000000eb62d220,0x00000000eb680000)
  to   space 2560K, 0% used [0x00000000eb180000,0x00000000eb180000,0x00000000eb400000)
 ParOldGen       total 122368K, used 108678K [0x00000000c0000000, 0x00000000c7780000, 0x00000000eab00000)
  object space 122368K, 88% used [0x00000000c0000000,0x00000000c6a21bd0,0x00000000c7780000)
 Metaspace       used 81122K, committed 82496K, reserved 1179648K
  class space    used 8483K, committed 9088K, reserved 1048576K
}
Event: 61.567 GC heap before
{Heap before GC invocations=252 (full 8):
 PSYoungGen      total 5632K, used 5300K [0x00000000eab00000, 0x00000000eb680000, 0x0000000100000000)
  eden space 4608K, 100% used [0x00000000eab00000,0x00000000eaf80000,0x00000000eaf80000)
  from space 1024K, 67% used [0x00000000eb580000,0x00000000eb62d220,0x00000000eb680000)
  to   space 2560K, 0% used [0x00000000eb180000,0x00000000eb180000,0x00000000eb400000)
 ParOldGen       total 122368K, used 108678K [0x00000000c0000000, 0x00000000c7780000, 0x00000000eab00000)
  object space 122368K, 88% used [0x00000000c0000000,0x00000000c6a21bd0,0x00000000c7780000)
 Metaspace       used 81225K, committed 82560K, reserved 1179648K
  class space    used 8491K, committed 9088K, reserved 1048576K
}
Event: 61.570 GC heap after
{Heap after GC invocations=252 (full 8):
 PSYoungGen      total 7680K, used 660K [0x00000000eab00000, 0x00000000eb600000, 0x0000000100000000)
  eden space 5120K, 0% used [0x00000000eab00000,0x00000000eab00000,0x00000000eb000000)
  from space 2560K, 25% used [0x00000000eb180000,0x00000000eb225220,0x00000000eb400000)
  to   space 1024K, 0% used [0x00000000eb500000,0x00000000eb500000,0x00000000eb600000)
 ParOldGen       total 122368K, used 108678K [0x00000000c0000000, 0x00000000c7780000, 0x00000000eab00000)
  object space 122368K, 88% used [0x00000000c0000000,0x00000000c6a21bd0,0x00000000c7780000)
 Metaspace       used 81225K, committed 82560K, reserved 1179648K
  class space    used 8491K, committed 9088K, reserved 1048576K
}
Event: 9886.708 GC heap before
{Heap before GC invocations=253 (full 8):
 PSYoungGen      total 7680K, used 5780K [0x00000000eab00000, 0x00000000eb600000, 0x0000000100000000)
  eden space 5120K, 100% used [0x00000000eab00000,0x00000000eb000000,0x00000000eb000000)
  from space 2560K, 25% used [0x00000000eb180000,0x00000000eb225220,0x00000000eb400000)
  to   space 1024K, 0% used [0x00000000eb500000,0x00000000eb500000,0x00000000eb600000)
 ParOldGen       total 122368K, used 108678K [0x00000000c0000000, 0x00000000c7780000, 0x00000000eab00000)
  object space 122368K, 88% used [0x00000000c0000000,0x00000000c6a21bd0,0x00000000c7780000)
 Metaspace       used 81554K, committed 82880K, reserved 1179648K
  class space    used 8517K, committed 9152K, reserved 1048576K
}
Event: 9887.193 GC heap after
{Heap after GC invocations=253 (full 8):
 PSYoungGen      total 5632K, used 346K [0x00000000eab00000, 0x00000000eb580000, 0x0000000100000000)
  eden space 5120K, 0% used [0x00000000eab00000,0x00000000eab00000,0x00000000eb000000)
  from space 512K, 67% used [0x00000000eb500000,0x00000000eb556920,0x00000000eb580000)
  to   space 512K, 0% used [0x00000000eb480000,0x00000000eb480000,0x00000000eb500000)
 ParOldGen       total 122368K, used 108686K [0x00000000c0000000, 0x00000000c7780000, 0x00000000eab00000)
  object space 122368K, 88% used [0x00000000c0000000,0x00000000c6a23bd0,0x00000000c7780000)
 Metaspace       used 81554K, committed 82880K, reserved 1179648K
  class space    used 8517K, committed 9152K, reserved 1048576K
}
Event: 9888.564 GC heap before
{Heap before GC invocations=254 (full 8):
 PSYoungGen      total 5632K, used 5466K [0x00000000eab00000, 0x00000000eb580000, 0x0000000100000000)
  eden space 5120K, 100% used [0x00000000eab00000,0x00000000eb000000,0x00000000eb000000)
  from space 512K, 67% used [0x00000000eb500000,0x00000000eb556920,0x00000000eb580000)
  to   space 512K, 0% used [0x00000000eb480000,0x00000000eb480000,0x00000000eb500000)
 ParOldGen       total 122368K, used 108686K [0x00000000c0000000, 0x00000000c7780000, 0x00000000eab00000)
  object space 122368K, 88% used [0x00000000c0000000,0x00000000c6a23bd0,0x00000000c7780000)
 Metaspace       used 81662K, committed 83008K, reserved 1179648K
  class space    used 8525K, committed 9152K, reserved 1048576K
}
Event: 9888.581 GC heap after
{Heap after GC invocations=254 (full 8):
 PSYoungGen      total 5632K, used 500K [0x00000000eab00000, 0x00000000eb580000, 0x0000000100000000)
  eden space 5120K, 0% used [0x00000000eab00000,0x00000000eab00000,0x00000000eb000000)
  from space 512K, 97% used [0x00000000eb480000,0x00000000eb4fd220,0x00000000eb500000)
  to   space 512K, 0% used [0x00000000eb500000,0x00000000eb500000,0x00000000eb580000)
 ParOldGen       total 122368K, used 108710K [0x00000000c0000000, 0x00000000c7780000, 0x00000000eab00000)
  object space 122368K, 88% used [0x00000000c0000000,0x00000000c6a29bd0,0x00000000c7780000)
 Metaspace       used 81662K, committed 83008K, reserved 1179648K
  class space    used 8525K, committed 9152K, reserved 1048576K
}

Dll operation events (12 events):
Event: 0.014 Loaded shared library c:\Users\Gabriel Xavier\.vscode\extensions\redhat.java-1.35.0-win32-x64\jre\17.0.12-win32-x86_64\bin\java.dll
Event: 0.280 Loaded shared library c:\Users\Gabriel Xavier\.vscode\extensions\redhat.java-1.35.0-win32-x64\jre\17.0.12-win32-x86_64\bin\zip.dll
Event: 0.284 Loaded shared library C:\Users\Gabriel Xavier\.vscode\extensions\redhat.java-1.35.0-win32-x64\jre\17.0.12-win32-x86_64\bin\instrument.dll
Event: 0.305 Loaded shared library C:\Users\Gabriel Xavier\.vscode\extensions\redhat.java-1.35.0-win32-x64\jre\17.0.12-win32-x86_64\bin\net.dll
Event: 0.309 Loaded shared library C:\Users\Gabriel Xavier\.vscode\extensions\redhat.java-1.35.0-win32-x64\jre\17.0.12-win32-x86_64\bin\nio.dll
Event: 0.320 Loaded shared library C:\Users\Gabriel Xavier\.vscode\extensions\redhat.java-1.35.0-win32-x64\jre\17.0.12-win32-x86_64\bin\zip.dll
Event: 0.345 Loaded shared library C:\Users\Gabriel Xavier\.vscode\extensions\redhat.java-1.35.0-win32-x64\jre\17.0.12-win32-x86_64\bin\jimage.dll
Event: 0.604 Loaded shared library c:\Users\Gabriel Xavier\.vscode\extensions\redhat.java-1.35.0-win32-x64\jre\17.0.12-win32-x86_64\bin\verify.dll
Event: 3.194 Loaded shared library C:\Users\Gabriel Xavier\AppData\Roaming\Code\User\globalStorage\redhat.java\1.35.0\config_win\org.eclipse.equinox.launcher\org.eclipse.equinox.launcher.win32.win32.x86_64_1.2.1100.v20240722-2106\eclipse_11904.dll
Event: 6.538 Loaded shared library C:\Users\Gabriel Xavier\AppData\Local\Temp\jna-10447555\jna7917773375715856626.dll
Event: 11.067 Loaded shared library C:\Users\Gabriel Xavier\.vscode\extensions\redhat.java-1.35.0-win32-x64\jre\17.0.12-win32-x86_64\bin\sunmscapi.dll
Event: 11.545 Loaded shared library C:\Users\Gabriel Xavier\.vscode\extensions\redhat.java-1.35.0-win32-x64\jre\17.0.12-win32-x86_64\bin\extnet.dll

Deoptimization events (20 events):
Event: 314.994 Thread 0x000001eebb0cd170 Uncommon trap: trap_request=0xffffffc6 fr.pc=0x000001eeaae33a9c relative=0x000000000000181c
Event: 314.994 Thread 0x000001eebb0cd170 Uncommon trap: reason=bimorphic_or_optimized_type_check action=maybe_recompile pc=0x000001eeaae33a9c method=java.io.DataOutputStream.write([BII)V @ 7 c2
Event: 314.994 Thread 0x000001eebb0cd170 DEOPT PACKING pc=0x000001eeaae33a9c sp=0x0000005a3e1fef90
Event: 314.994 Thread 0x000001eebb0cd170 DEOPT UNPACKING pc=0x000001eeaa1a66a3 sp=0x0000005a3e1feef0 mode 2
Event: 314.994 Thread 0x000001eebb0cd170 Uncommon trap: trap_request=0xffffffc6 fr.pc=0x000001eeaae33a9c relative=0x000000000000181c
Event: 314.994 Thread 0x000001eebb0cd170 Uncommon trap: reason=bimorphic_or_optimized_type_check action=maybe_recompile pc=0x000001eeaae33a9c method=java.io.DataOutputStream.write([BII)V @ 7 c2
Event: 314.994 Thread 0x000001eebb0cd170 DEOPT PACKING pc=0x000001eeaae33a9c sp=0x0000005a3e1feed0
Event: 314.994 Thread 0x000001eebb0cd170 DEOPT UNPACKING pc=0x000001eeaa1a66a3 sp=0x0000005a3e1fee30 mode 2
Event: 314.994 Thread 0x000001eebb0cd170 Uncommon trap: trap_request=0xffffffc6 fr.pc=0x000001eeaae33a9c relative=0x000000000000181c
Event: 314.994 Thread 0x000001eebb0cd170 Uncommon trap: reason=bimorphic_or_optimized_type_check action=maybe_recompile pc=0x000001eeaae33a9c method=java.io.DataOutputStream.write([BII)V @ 7 c2
Event: 314.994 Thread 0x000001eebb0cd170 DEOPT PACKING pc=0x000001eeaae33a9c sp=0x0000005a3e1feed0
Event: 314.994 Thread 0x000001eebb0cd170 DEOPT UNPACKING pc=0x000001eeaa1a66a3 sp=0x0000005a3e1fee30 mode 2
Event: 9886.655 Thread 0x000001eebdcec570 DEOPT PACKING pc=0x000001eea38f3c95 sp=0x0000005a3c0fdf70
Event: 9886.655 Thread 0x000001eebdcec570 DEOPT UNPACKING pc=0x000001eeaa1a6e43 sp=0x0000005a3c0fd500 mode 0
Event: 9888.544 Thread 0x000001eebdcec570 Uncommon trap: trap_request=0xffffff45 fr.pc=0x000001eeaa7877b0 relative=0x00000000000002f0
Event: 9888.544 Thread 0x000001eebdcec570 Uncommon trap: reason=unstable_if action=reinterpret pc=0x000001eeaa7877b0 method=org.eclipse.jdt.core.compiler.CharOperation.equals([C[CZ)Z @ 1 c2
Event: 9888.544 Thread 0x000001eebdcec570 DEOPT PACKING pc=0x000001eeaa7877b0 sp=0x0000005a3c0fe050
Event: 9888.544 Thread 0x000001eebdcec570 DEOPT UNPACKING pc=0x000001eeaa1a66a3 sp=0x0000005a3c0fe008 mode 2
Event: 9888.590 Thread 0x000001eebdcec570 DEOPT PACKING pc=0x000001eea38f3c95 sp=0x0000005a3c0fdb30
Event: 9888.590 Thread 0x000001eebdcec570 DEOPT UNPACKING pc=0x000001eeaa1a6e43 sp=0x0000005a3c0fd0c0 mode 0

Classes loaded (20 events):
Event: 57.945 Loading class java/util/stream/ReduceOps$1ReducingSink
Event: 57.946 Loading class java/util/stream/ReduceOps$1ReducingSink done
Event: 58.260 Loading class jdk/internal/event/SecurityPropertyModificationEvent
Event: 58.261 Loading class jdk/internal/event/SecurityPropertyModificationEvent done
Event: 58.462 Loading class java/util/regex/Pattern$1
Event: 58.462 Loading class java/util/regex/Pattern$1 done
Event: 58.912 Loading class java/util/zip/GZIPInputStream$1
Event: 58.912 Loading class java/util/zip/GZIPInputStream$1 done
Event: 314.957 Loading class java/util/stream/Nodes$CollectorTask$OfRef
Event: 314.972 Loading class java/util/stream/Nodes$CollectorTask
Event: 314.972 Loading class java/util/stream/AbstractTask
Event: 314.973 Loading class java/util/stream/AbstractTask done
Event: 314.973 Loading class java/util/stream/Nodes$CollectorTask done
Event: 314.973 Loading class java/util/stream/Nodes$CollectorTask$OfRef done
Event: 314.973 Loading class java/util/function/LongFunction
Event: 314.973 Loading class java/util/function/LongFunction done
Event: 314.973 Loading class java/util/stream/Nodes$ConcNode
Event: 314.973 Loading class java/util/stream/Nodes$AbstractConcNode
Event: 314.973 Loading class java/util/stream/Nodes$AbstractConcNode done
Event: 314.973 Loading class java/util/stream/Nodes$ConcNode done

Classes unloaded (14 events):
Event: 8.986 Thread 0x000001eeb3e19870 Unloading class 0x000000010024a400 'java/lang/invoke/LambdaForm$MH+0x000000010024a400'
Event: 8.986 Thread 0x000001eeb3e19870 Unloading class 0x000000010024a000 'java/lang/invoke/LambdaForm$MH+0x000000010024a000'
Event: 8.986 Thread 0x000001eeb3e19870 Unloading class 0x0000000100249c00 'java/lang/invoke/LambdaForm$MH+0x0000000100249c00'
Event: 8.986 Thread 0x000001eeb3e19870 Unloading class 0x0000000100249800 'java/lang/invoke/LambdaForm$MH+0x0000000100249800'
Event: 8.987 Thread 0x000001eeb3e19870 Unloading class 0x0000000100249400 'java/lang/invoke/LambdaForm$BMH+0x0000000100249400'
Event: 8.987 Thread 0x000001eeb3e19870 Unloading class 0x0000000100249000 'java/lang/invoke/LambdaForm$DMH+0x0000000100249000'
Event: 8.987 Thread 0x000001eeb3e19870 Unloading class 0x0000000100244400 'java/lang/invoke/LambdaForm$DMH+0x0000000100244400'
Event: 31.318 Thread 0x000001eeb3e19870 Unloading class 0x00000001007e1400 'java/lang/invoke/LambdaForm$MH+0x00000001007e1400'
Event: 31.318 Thread 0x000001eeb3e19870 Unloading class 0x00000001007e1000 'java/lang/invoke/LambdaForm$MH+0x00000001007e1000'
Event: 31.318 Thread 0x000001eeb3e19870 Unloading class 0x00000001007e0c00 'java/lang/invoke/LambdaForm$MH+0x00000001007e0c00'
Event: 31.318 Thread 0x000001eeb3e19870 Unloading class 0x00000001007e0400 'java/lang/invoke/LambdaForm$DMH+0x00000001007e0400'
Event: 31.318 Thread 0x000001eeb3e19870 Unloading class 0x00000001007e0000 'java/lang/invoke/LambdaForm$DMH+0x00000001007e0000'
Event: 31.318 Thread 0x000001eeb3e19870 Unloading class 0x00000001007d9c00 'java/lang/invoke/LambdaForm$DMH+0x00000001007d9c00'
Event: 31.318 Thread 0x000001eeb3e19870 Unloading class 0x00000001007d9800 'java/lang/invoke/LambdaForm$DMH+0x00000001007d9800'

Classes redefined (0 events):
No events

Internal exceptions (20 events):
Event: 55.591 Thread 0x000001eebd8c1b60 Exception <a 'java/lang/NoSuchMethodError'{0x00000000eac4f768}: 'java.lang.Object java.lang.invoke.DirectMethodHandle$Holder.invokeSpecial(java.lang.Object, java.lang.Object, java.lang.Object, int, java.lang.Object, java.lang.Object, java.lang.Object)'> (0x00000000eac4f768) 
thrown [s\src\hotspot\share\interpreter\linkResolver.cpp, line 759]
Event: 55.652 Thread 0x000001eebd8c1b60 Exception <a 'java/io/FileNotFoundException'{0x00000000eac500e0}> (0x00000000eac500e0) 
thrown [s\src\hotspot\share\prims\jni.cpp, line 516]
Event: 55.652 Thread 0x000001eebd8c1b60 Exception <a 'java/io/FileNotFoundException'{0x00000000eac513f0}> (0x00000000eac513f0) 
thrown [s\src\hotspot\share\prims\jni.cpp, line 516]
Event: 55.652 Thread 0x000001eebd8c1b60 Exception <a 'java/io/FileNotFoundException'{0x00000000eac52450}> (0x00000000eac52450) 
thrown [s\src\hotspot\share\prims\jni.cpp, line 516]
Event: 55.662 Thread 0x000001eebd8c1b60 Exception <a 'java/lang/NoSuchMethodError'{0x00000000eacba0d0}: 'int java.lang.invoke.DirectMethodHandle$Holder.invokeStatic(java.lang.Object, java.lang.Object, java.lang.Object, java.lang.Object, java.lang.Object, java.lang.Object)'> (0x00000000eacba0d0) 
thrown [s\src\hotspot\share\interpreter\linkResolver.cpp, line 759]
Event: 56.863 Thread 0x000001eebd8c1b60 Exception <a 'sun/nio/fs/WindowsException'{0x00000000eaca6408}> (0x00000000eaca6408) 
thrown [s\src\hotspot\share\prims\jni.cpp, line 516]
Event: 56.863 Thread 0x000001eebd8c1b60 Exception <a 'sun/nio/fs/WindowsException'{0x00000000eaca6dd0}> (0x00000000eaca6dd0) 
thrown [s\src\hotspot\share\prims\jni.cpp, line 516]
Event: 57.170 Thread 0x000001eebd8c5820 Exception <a 'java/lang/NoSuchMethodError'{0x00000000eac48ea0}: 'java.lang.Object java.lang.invoke.DirectMethodHandle$Holder.invokeSpecial(java.lang.Object, java.lang.Object, int, long)'> (0x00000000eac48ea0) 
thrown [s\src\hotspot\share\interpreter\linkResolver.cpp, line 759]
Event: 57.464 Thread 0x000001eebb0cd170 Exception <a 'sun/nio/fs/WindowsException'{0x00000000eab955a8}> (0x00000000eab955a8) 
thrown [s\src\hotspot\share\prims\jni.cpp, line 516]
Event: 57.465 Thread 0x000001eebb0cd170 Exception <a 'sun/nio/fs/WindowsException'{0x00000000eab95f40}> (0x00000000eab95f40) 
thrown [s\src\hotspot\share\prims\jni.cpp, line 516]
Event: 57.889 Thread 0x000001eebdce9cf0 Exception <a 'java/lang/NoSuchMethodError'{0x00000000eac5f570}: 'int java.lang.invoke.DirectMethodHandle$Holder.invokeStatic(java.lang.Object, java.lang.Object, java.lang.Object, int)'> (0x00000000eac5f570) 
thrown [s\src\hotspot\share\interpreter\linkResolver.cpp, line 759]
Event: 59.170 Thread 0x000001eebdceb640 Exception <a 'sun/nio/fs/WindowsException'{0x00000000eab04200}> (0x00000000eab04200) 
thrown [s\src\hotspot\share\prims\jni.cpp, line 516]
Event: 59.172 Thread 0x000001eebdceb640 Exception <a 'sun/nio/fs/WindowsException'{0x00000000eab4e2f8}> (0x00000000eab4e2f8) 
thrown [s\src\hotspot\share\prims\jni.cpp, line 516]
Event: 59.173 Thread 0x000001eebdceb640 Exception <a 'sun/nio/fs/WindowsException'{0x00000000eab5c540}> (0x00000000eab5c540) 
thrown [s\src\hotspot\share\prims\jni.cpp, line 516]
Event: 59.174 Thread 0x000001eebdceb640 Exception <a 'sun/nio/fs/WindowsException'{0x00000000eab81b90}> (0x00000000eab81b90) 
thrown [s\src\hotspot\share\prims\jni.cpp, line 516]
Event: 59.175 Thread 0x000001eebdceb640 Exception <a 'sun/nio/fs/WindowsException'{0x00000000eab99288}> (0x00000000eab99288) 
thrown [s\src\hotspot\share\prims\jni.cpp, line 516]
Event: 59.175 Thread 0x000001eebdceb640 Exception <a 'sun/nio/fs/WindowsException'{0x00000000eaba06a8}> (0x00000000eaba06a8) 
thrown [s\src\hotspot\share\prims\jni.cpp, line 516]
Event: 59.186 Thread 0x000001eebdceb640 Exception <a 'sun/nio/fs/WindowsException'{0x00000000eac34ac0}> (0x00000000eac34ac0) 
thrown [s\src\hotspot\share\prims\jni.cpp, line 516]
Event: 59.186 Thread 0x000001eebdceb640 Exception <a 'sun/nio/fs/WindowsException'{0x00000000eac3bed0}> (0x00000000eac3bed0) 
thrown [s\src\hotspot\share\prims\jni.cpp, line 516]
Event: 314.991 Thread 0x000001eebb0cd170 Exception <a 'java/lang/NoSuchMethodError'{0x00000000ead6ed50}: static [J.<clinit>()V> (0x00000000ead6ed50) 
thrown [s\src\hotspot\share\prims\jni.cpp, line 1112]

VM Operations (20 events):
Event: 9078.759 Executing VM operation: HandshakeAllThreads
Event: 9078.759 Executing VM operation: HandshakeAllThreads done
Event: 9258.957 Executing VM operation: HandshakeAllThreads
Event: 9258.957 Executing VM operation: HandshakeAllThreads done
Event: 9319.090 Executing VM operation: HandshakeAllThreads
Event: 9319.090 Executing VM operation: HandshakeAllThreads done
Event: 9740.152 Executing VM operation: HandshakeAllThreads
Event: 9740.152 Executing VM operation: HandshakeAllThreads done
Event: 9860.429 Executing VM operation: HandshakeAllThreads
Event: 9860.430 Executing VM operation: HandshakeAllThreads done
Event: 9867.502 Executing VM operation: Cleanup
Event: 9867.503 Executing VM operation: Cleanup done
Event: 9886.617 Executing VM operation: Cleanup
Event: 9886.649 Executing VM operation: Cleanup done
Event: 9886.708 Executing VM operation: ParallelGCFailedAllocation
Event: 9887.193 Executing VM operation: ParallelGCFailedAllocation done
Event: 9888.194 Executing VM operation: Cleanup
Event: 9888.210 Executing VM operation: Cleanup done
Event: 9888.564 Executing VM operation: ParallelGCFailedAllocation
Event: 9888.581 Executing VM operation: ParallelGCFailedAllocation done

Events (20 events):
Event: 124.549 Thread 0x000001eebb0cf9f0 Thread exited: 0x000001eebb0cf9f0
Event: 181.591 Thread 0x000001eebdcebb50 Thread exited: 0x000001eebdcebb50
Event: 241.601 Thread 0x000001eebdce9cf0 Thread exited: 0x000001eebdce9cf0
Event: 301.602 Thread 0x000001eebb0ce5b0 Thread exited: 0x000001eebb0ce5b0
Event: 314.949 Thread 0x000001eebdce7980 Thread added: 0x000001eebdce7980
Event: 314.956 Thread 0x000001eebdceb640 Thread added: 0x000001eebdceb640
Event: 314.974 Thread 0x000001eebdceb640 Thread exited: 0x000001eebdceb640
Event: 314.994 Thread 0x000001eebea8cc30 Thread added: 0x000001eebea8cc30
Event: 320.122 Thread 0x000001eebea8cc30 Thread exited: 0x000001eebea8cc30
Event: 361.602 Thread 0x000001eebd8c34b0 Thread exited: 0x000001eebd8c34b0
Event: 375.120 Thread 0x000001eebb0cd170 Thread exited: 0x000001eebb0cd170
Event: 421.609 Thread 0x000001eebd8c39c0 Thread exited: 0x000001eebd8c39c0
Event: 481.622 Thread 0x000001eebdceca80 Thread exited: 0x000001eebdceca80
Event: 9865.993 Thread 0x000001eebdce7e90 Thread added: 0x000001eebdce7e90
Event: 9885.812 Thread 0x000001eebdcec570 Thread added: 0x000001eebdcec570
Event: 9887.246 Thread 0x000001eebea91140 Thread added: 0x000001eebea91140
Event: 9887.924 Thread 0x000001eebea91be0 Thread added: 0x000001eebea91be0
Event: 9888.546 Thread 0x000001eebea91140 Thread exited: 0x000001eebea91140
Event: 9888.546 Thread 0x000001eebea91be0 Thread exited: 0x000001eebea91be0
Event: 9888.593 Thread 0x000001eebea8f160 Thread added: 0x000001eebea8f160


Dynamic libraries:
0x00007ff608840000 - 0x00007ff60884e000 	c:\Users\Gabriel Xavier\.vscode\extensions\redhat.java-1.35.0-win32-x64\jre\17.0.12-win32-x86_64\bin\java.exe
0x00007ffc0bab0000 - 0x00007ffc0bca8000 	C:\Windows\SYSTEM32\ntdll.dll
0x00007ffc0b850000 - 0x00007ffc0b911000 	C:\Windows\System32\KERNEL32.DLL
0x00007ffc094e0000 - 0x00007ffc097dd000 	C:\Windows\System32\KERNELBASE.dll
0x00007ffc093e0000 - 0x00007ffc094e0000 	C:\Windows\System32\ucrtbase.dll
0x00007ffbe6690000 - 0x00007ffbe66a7000 	c:\Users\Gabriel Xavier\.vscode\extensions\redhat.java-1.35.0-win32-x64\jre\17.0.12-win32-x86_64\bin\jli.dll
0x00007ffbe5fe0000 - 0x00007ffbe5ffb000 	c:\Users\Gabriel Xavier\.vscode\extensions\redhat.java-1.35.0-win32-x64\jre\17.0.12-win32-x86_64\bin\VCRUNTIME140.dll
0x00007ffc09c40000 - 0x00007ffc09ddd000 	C:\Windows\System32\USER32.dll
0x00007ffc09910000 - 0x00007ffc09932000 	C:\Windows\System32\win32u.dll
0x00007ffc0a290000 - 0x00007ffc0a2bb000 	C:\Windows\System32\GDI32.dll
0x00007ffbfde00000 - 0x00007ffbfe09a000 	C:\Windows\WinSxS\amd64_microsoft.windows.common-controls_6595b64144ccf1df_6.0.19041.4355_none_60b8b9eb71f62e16\COMCTL32.dll
0x00007ffc09990000 - 0x00007ffc09aa7000 	C:\Windows\System32\gdi32full.dll
0x00007ffc0aec0000 - 0x00007ffc0af5e000 	C:\Windows\System32\msvcrt.dll
0x00007ffc09870000 - 0x00007ffc0990d000 	C:\Windows\System32\msvcp_win.dll
0x00007ffc0af60000 - 0x00007ffc0af8f000 	C:\Windows\System32\IMM32.DLL
0x00007ffc00ef0000 - 0x00007ffc00efc000 	c:\Users\Gabriel Xavier\.vscode\extensions\redhat.java-1.35.0-win32-x64\jre\17.0.12-win32-x86_64\bin\vcruntime140_1.dll
0x00007ffbcc770000 - 0x00007ffbcc7fd000 	c:\Users\Gabriel Xavier\.vscode\extensions\redhat.java-1.35.0-win32-x64\jre\17.0.12-win32-x86_64\bin\msvcp140.dll
0x00007ffb995f0000 - 0x00007ffb9a25a000 	c:\Users\Gabriel Xavier\.vscode\extensions\redhat.java-1.35.0-win32-x64\jre\17.0.12-win32-x86_64\bin\server\jvm.dll
0x00007ffc0a2d0000 - 0x00007ffc0a380000 	C:\Windows\System32\ADVAPI32.dll
0x00007ffc09de0000 - 0x00007ffc09e80000 	C:\Windows\System32\sechost.dll
0x00007ffc0b940000 - 0x00007ffc0ba63000 	C:\Windows\System32\RPCRT4.dll
0x00007ffc09ab0000 - 0x00007ffc09ad7000 	C:\Windows\System32\bcrypt.dll
0x00007ffc0ae40000 - 0x00007ffc0aeab000 	C:\Windows\System32\WS2_32.dll
0x00007ffc08660000 - 0x00007ffc086ab000 	C:\Windows\SYSTEM32\POWRPROF.dll
0x00007ffc01f20000 - 0x00007ffc01f2a000 	C:\Windows\SYSTEM32\VERSION.dll
0x00007ffbfbdd0000 - 0x00007ffbfbdf7000 	C:\Windows\SYSTEM32\WINMM.dll
0x00007ffc08520000 - 0x00007ffc08532000 	C:\Windows\SYSTEM32\UMPDC.dll
0x00007ffc07990000 - 0x00007ffc079a2000 	C:\Windows\SYSTEM32\kernel.appcore.dll
0x00007ffc00690000 - 0x00007ffc0069a000 	c:\Users\Gabriel Xavier\.vscode\extensions\redhat.java-1.35.0-win32-x64\jre\17.0.12-win32-x86_64\bin\jimage.dll
0x00007ffc06e90000 - 0x00007ffc07074000 	C:\Windows\SYSTEM32\DBGHELP.DLL
0x00007ffbe37f0000 - 0x00007ffbe3824000 	C:\Windows\SYSTEM32\dbgcore.DLL
0x00007ffc097e0000 - 0x00007ffc09862000 	C:\Windows\System32\bcryptPrimitives.dll
0x00007ffbfcf60000 - 0x00007ffbfcf6e000 	c:\Users\Gabriel Xavier\.vscode\extensions\redhat.java-1.35.0-win32-x64\jre\17.0.12-win32-x86_64\bin\instrument.dll
0x00007ffbda270000 - 0x00007ffbda295000 	c:\Users\Gabriel Xavier\.vscode\extensions\redhat.java-1.35.0-win32-x64\jre\17.0.12-win32-x86_64\bin\java.dll
0x00007ffbe5480000 - 0x00007ffbe5498000 	c:\Users\Gabriel Xavier\.vscode\extensions\redhat.java-1.35.0-win32-x64\jre\17.0.12-win32-x86_64\bin\zip.dll
0x00007ffc0a380000 - 0x00007ffc0aaef000 	C:\Windows\System32\SHELL32.dll
0x00007ffc07080000 - 0x00007ffc07823000 	C:\Windows\SYSTEM32\windows.storage.dll
0x00007ffc0b460000 - 0x00007ffc0b7b3000 	C:\Windows\System32\combase.dll
0x00007ffc08b70000 - 0x00007ffc08b9e000 	C:\Windows\SYSTEM32\Wldp.dll
0x00007ffc09fc0000 - 0x00007ffc0a08d000 	C:\Windows\System32\OLEAUT32.dll
0x00007ffc09b90000 - 0x00007ffc09c3d000 	C:\Windows\System32\SHCORE.dll
0x00007ffc0a230000 - 0x00007ffc0a285000 	C:\Windows\System32\shlwapi.dll
0x00007ffc09090000 - 0x00007ffc090b4000 	C:\Windows\SYSTEM32\profapi.dll
0x00007ffbe4fa0000 - 0x00007ffbe4fb9000 	C:\Users\Gabriel Xavier\.vscode\extensions\redhat.java-1.35.0-win32-x64\jre\17.0.12-win32-x86_64\bin\net.dll
0x00007ffc01c90000 - 0x00007ffc01d9d000 	C:\Windows\SYSTEM32\WINHTTP.dll
0x00007ffc08890000 - 0x00007ffc088fa000 	C:\Windows\system32\mswsock.dll
0x00007ffbe4420000 - 0x00007ffbe4436000 	C:\Users\Gabriel Xavier\.vscode\extensions\redhat.java-1.35.0-win32-x64\jre\17.0.12-win32-x86_64\bin\nio.dll
0x00007ffbfc240000 - 0x00007ffbfc250000 	c:\Users\Gabriel Xavier\.vscode\extensions\redhat.java-1.35.0-win32-x64\jre\17.0.12-win32-x86_64\bin\verify.dll
0x00007ffbcf6d0000 - 0x00007ffbcf715000 	C:\Users\Gabriel Xavier\AppData\Roaming\Code\User\globalStorage\redhat.java\1.35.0\config_win\org.eclipse.equinox.launcher\org.eclipse.equinox.launcher.win32.win32.x86_64_1.2.1100.v20240722-2106\eclipse_11904.dll
0x00007ffc09e80000 - 0x00007ffc09fab000 	C:\Windows\System32\ole32.dll
0x00007ffc08ac0000 - 0x00007ffc08ad8000 	C:\Windows\SYSTEM32\CRYPTSP.dll
0x00007ffc08160000 - 0x00007ffc08194000 	C:\Windows\system32\rsaenh.dll
0x00007ffc09010000 - 0x00007ffc0903e000 	C:\Windows\SYSTEM32\USERENV.dll
0x00007ffc08a20000 - 0x00007ffc08a2c000 	C:\Windows\SYSTEM32\CRYPTBASE.dll
0x00007ffc08540000 - 0x00007ffc0857b000 	C:\Windows\SYSTEM32\IPHLPAPI.DLL
0x00007ffc0a2c0000 - 0x00007ffc0a2c8000 	C:\Windows\System32\NSI.dll
0x00007ffc02750000 - 0x00007ffc02767000 	C:\Windows\SYSTEM32\dhcpcsvc6.DLL
0x00007ffc026c0000 - 0x00007ffc026dd000 	C:\Windows\SYSTEM32\dhcpcsvc.DLL
0x00007ffc08580000 - 0x00007ffc0864a000 	C:\Windows\SYSTEM32\DNSAPI.dll
0x00007ffbcf7b0000 - 0x00007ffbcf7f9000 	C:\Users\Gabriel Xavier\AppData\Local\Temp\jna-10447555\jna7917773375715856626.dll
0x00007ffc09fb0000 - 0x00007ffc09fb8000 	C:\Windows\System32\PSAPI.DLL
0x00007ffbf6500000 - 0x00007ffbf650e000 	C:\Users\Gabriel Xavier\.vscode\extensions\redhat.java-1.35.0-win32-x64\jre\17.0.12-win32-x86_64\bin\sunmscapi.dll
0x00007ffc09210000 - 0x00007ffc0936c000 	C:\Windows\System32\CRYPT32.dll
0x00007ffc08c00000 - 0x00007ffc08c29000 	C:\Windows\SYSTEM32\ncrypt.dll
0x00007ffc08bc0000 - 0x00007ffc08bfb000 	C:\Windows\SYSTEM32\NTASN1.dll
0x00007ffc00f00000 - 0x00007ffc00f0a000 	C:\Windows\System32\rasadhlp.dll
0x00007ffc00c80000 - 0x00007ffc00d00000 	C:\Windows\System32\fwpuclnt.dll
0x00007ffbe0830000 - 0x00007ffbe0839000 	C:\Users\Gabriel Xavier\.vscode\extensions\redhat.java-1.35.0-win32-x64\jre\17.0.12-win32-x86_64\bin\extnet.dll

dbghelp: loaded successfully - version: 4.0.5 - missing functions: none
symbol engine: initialized successfully - sym options: 0x614 - pdb path: .;c:\Users\Gabriel Xavier\.vscode\extensions\redhat.java-1.35.0-win32-x64\jre\17.0.12-win32-x86_64\bin;C:\Windows\SYSTEM32;C:\Windows\WinSxS\amd64_microsoft.windows.common-controls_6595b64144ccf1df_6.0.19041.4355_none_60b8b9eb71f62e16;c:\Users\Gabriel Xavier\.vscode\extensions\redhat.java-1.35.0-win32-x64\jre\17.0.12-win32-x86_64\bin\server;C:\Users\Gabriel Xavier\AppData\Roaming\Code\User\globalStorage\redhat.java\1.35.0\config_win\org.eclipse.equinox.launcher\org.eclipse.equinox.launcher.win32.win32.x86_64_1.2.1100.v20240722-2106;C:\Users\Gabriel Xavier\AppData\Local\Temp\jna-10447555

VM Arguments:
jvm_args: --add-modules=ALL-SYSTEM --add-opens=java.base/java.util=ALL-UNNAMED --add-opens=java.base/java.lang=ALL-UNNAMED --add-opens=java.base/sun.nio.fs=ALL-UNNAMED -Declipse.application=org.eclipse.jdt.ls.core.id1 -Dosgi.bundles.defaultStartLevel=4 -Declipse.product=org.eclipse.jdt.ls.core.product -Djava.import.generatesMetadataFilesAtProjectRoot=false -DDetectVMInstallationsJob.disabled=true -Dfile.encoding=utf8 -XX:+UseParallelGC -XX:GCTimeRatio=4 -XX:AdaptiveSizePolicyWeight=90 -Dsun.zip.disableMemoryMapping=true -Xmx1G -Xms100m -Xlog:disable -javaagent:c:\Users\Gabriel Xavier\.vscode\extensions\redhat.java-1.35.0-win32-x64\lombok\lombok-1.18.33.jar -XX:+HeapDumpOnOutOfMemoryError -XX:HeapDumpPath=c:\Users\Gabriel Xavier\AppData\Roaming\Code\User\workspaceStorage\e68179cb3c92c60f0e332852b17ad7ea\redhat.java -Daether.dependencyCollector.impl=bf 
java_command: c:\Users\Gabriel Xavier\.vscode\extensions\redhat.java-1.35.0-win32-x64\server\plugins\org.eclipse.equinox.launcher_1.6.900.v20240613-2009.jar -configuration c:\Users\Gabriel Xavier\AppData\Roaming\Code\User\globalStorage\redhat.java\1.35.0\config_win -data c:\Users\Gabriel Xavier\AppData\Roaming\Code\User\workspaceStorage\e68179cb3c92c60f0e332852b17ad7ea\redhat.java\jdt_ws --pipe=\\.\pipe\lsp-70f4105fad7b329071e203ab4ac61eba-sock
java_class_path (initial): c:\Users\Gabriel Xavier\.vscode\extensions\redhat.java-1.35.0-win32-x64\server\plugins\org.eclipse.equinox.launcher_1.6.900.v20240613-2009.jar
Launcher Type: SUN_STANDARD

[Global flags]
    uintx AdaptiveSizePolicyWeight                 = 90                                        {product} {command line}
     intx CICompilerCount                          = 4                                         {product} {ergonomic}
    uintx GCTimeRatio                              = 4                                         {product} {command line}
     bool HeapDumpOnOutOfMemoryError               = true                                   {manageable} {command line}
    ccstr HeapDumpPath                             = c:\Users\Gabriel Xavier\AppData\Roaming\Code\User\workspaceStorage\e68179cb3c92c60f0e332852b17ad7ea\redhat.java         {manageable} {command line}
   size_t InitialHeapSize                          = 104857600                                 {product} {command line}
   size_t MaxHeapSize                              = 1073741824                                {product} {command line}
   size_t MaxNewSize                               = 357564416                                 {product} {ergonomic}
   size_t MinHeapDeltaBytes                        = 524288                                    {product} {ergonomic}
   size_t MinHeapSize                              = 104857600                                 {product} {command line}
   size_t NewSize                                  = 34603008                                  {product} {ergonomic}
    uintx NonNMethodCodeHeapSize                   = 5839372                                {pd product} {ergonomic}
    uintx NonProfiledCodeHeapSize                  = 122909434                              {pd product} {ergonomic}
   size_t OldSize                                  = 70254592                                  {product} {ergonomic}
    uintx ProfiledCodeHeapSize                     = 122909434                              {pd product} {ergonomic}
    uintx ReservedCodeCacheSize                    = 251658240                              {pd product} {ergonomic}
     bool SegmentedCodeCache                       = true                                      {product} {ergonomic}
   size_t SoftMaxHeapSize                          = 1073741824                             {manageable} {ergonomic}
     bool UseCompressedClassPointers               = true                           {product lp64_product} {ergonomic}
     bool UseCompressedOops                        = true                           {product lp64_product} {ergonomic}
     bool UseLargePagesIndividualAllocation        = false                                  {pd product} {ergonomic}
     bool UseParallelGC                            = true                                      {product} {command line}

Logging:
Log output configuration:
 #0: stdout all=off uptime,level,tags
 #1: stderr all=off uptime,level,tags

Environment Variables:
JAVA_HOME=C:\Program Files\Java\zulu17.44.15-ca-jdk17.0.8-win_x64
PATH=C:\Users\Gabriel Xavier\bin;E:\Git\mingw64\bin;E:\Git\usr\local\bin;E:\Git\usr\bin;E:\Git\usr\bin;E:\Git\mingw64\bin;E:\Git\usr\bin;C:\Users\Gabriel Xavier\bin;C:\Program Files\Java\zulu17.44.15-ca-jdk17.0.8-win_x64\bin;C:\Python311\Scripts;C:\Python311;C:\Program Files (x86)\Common Files\Oracle\Java\javapath;C:\Windows\system32;C:\Windows;C:\Windows\System32\Wbem;C:\Windows\System32\WindowsPowerShell\v1.0;C:\Windows\System32\OpenSSH;C:\Program Files\Microsoft SQL Server\Client SDK\ODBC\170\Tools\Binn;E:\Program Files (x86)\Microsoft SQL Server\150\Tools\Binn;C:\Program Files\Microsoft SQL Server\150\Tools\Binn;C:\Program Files\Microsoft SQL Server\150\DTS\Binn;C:\Program Files\Azure Data Studio\bin;C:\ProgramData\chocolatey\bin;C:\Program Files (x86)\Yarn\bin;E:\nodejs;E:\Git\cmd;C:\Program Files\Docker\Docker\resources\bin;E:\Ruby32-x64\bin;C:\Ruby32-x64\bin;C:\Program Files\MySQL\MySQL Shell 8.0\bin;C:\Users\Gabriel Xavier\AppData\Local\Microsoft\WindowsApps;E:\Microsoft VS Code\bin;C:\Program Files\Azure Data Studio\bin;C:\Users\Gabriel Xavier\AppData\Local\Yarn\bin;C:\Users\Gabriel Xavier\AppData\Roaming\npm;C:\Users\Gabriel Xavier\Downloads\apache-maven-3.9.6\bin;E:\Git\usr\bin\vendor_perl;E:\Git\usr\bin\core_perl
USERNAME=Gabriel Xavier
SHELL=E:\Git\usr\bin\bash.exe
DISPLAY=needs-to-be-defined
LC_CTYPE=pt_BR.UTF-8
TERM=xterm
TMPDIR=C:\Users\GABRIE~1\AppData\Local\Temp
OS=Windows_NT
PROCESSOR_IDENTIFIER=Intel64 Family 6 Model 142 Stepping 10, GenuineIntel
TMP=C:\Users\GABRIE~1\AppData\Local\Temp
TEMP=C:\Users\GABRIE~1\AppData\Local\Temp



Periodic native trim disabled


---------------  S Y S T E M  ---------------

OS:
 Windows 10 , 64 bit Build 19041 (10.0.19041.4842)
OS uptime: 1 days 8:01 hours
Hyper-V role detected

CPU: total 8 (initial active 8) (4 cores per cpu, 2 threads per core) family 6 model 142 stepping 10 microcode 0xd6, cx8, cmov, fxsr, ht, mmx, 3dnowpref, sse, sse2, sse3, ssse3, sse4.1, sse4.2, popcnt, lzcnt, tsc, tscinvbit, avx, avx2, aes, erms, clmul, bmi1, bmi2, adx, fma, vzeroupper, clflush, clflushopt, hv
Processor Information for all 8 processors :
  Max Mhz: 1992, Current Mhz: 1792, Mhz Limit: 1792

Memory: 4k page, system-wide physical 8056M (838M free)
TotalPageFile size 14854M (AvailPageFile size 55M)
current process WorkingSet (physical memory assigned to process): 281M, peak: 394M
current process commit charge ("private bytes"): 406M, peak: 442M

vm_info: OpenJDK 64-Bit Server VM (17.0.12+7) for windows-amd64 JRE (17.0.12+7), built on Jul 16 2024 22:08:24 by "admin" with MS VC++ 16.10 / 16.11 (VS2019)

END.
